19:12:07.237 [HikariPool-2 housekeeper] DEBUG com.zaxxer.hikari.pool.HikariPool -- HikariPool-2 - Pool stats (total=10, active=0, idle=10, waiting=0)
19:12:07.264 [HikariPool-2 housekeeper] DEBUG com.zaxxer.hikari.pool.HikariPool -- HikariPool-2 - Fill pool skipped, pool has sufficient level or currently being filled.
19:12:15.373 [http-nio-8080-exec-7] DEBUG o.s.web.servlet.DispatcherServlet -- GET "/insttn/pltad", parameters={}
19:12:15.379 [http-nio-8080-exec-7] DEBUG o.s.w.s.m.m.a.RequestMappingHandlerMapping -- Mapped to com.learn.bbs.pltad.crsinf.web.CrsInfController#showAllCourses(Model)
19:12:15.387 [http-nio-8080-exec-7] DEBUG o.s.j.support.JdbcTransactionManager -- Creating new transaction with name [com.learn.bbs.pltad.crsinf.service.impl.CrsInfServiceImpl.selectAllCourseForPltad]: PROPAGATION_REQUIRED,ISOLATION_DEFAULT,readOnly
19:12:15.436 [http-nio-8080-exec-7] DEBUG o.s.j.support.JdbcTransactionManager -- Acquired Connection [HikariProxyConnection@1267858073 wrapping oracle.jdbc.driver.T4CConnection@4ba68a9d] for JDBC transaction
19:12:15.436 [http-nio-8080-exec-7] DEBUG o.s.jdbc.datasource.DataSourceUtils -- Setting JDBC Connection [HikariProxyConnection@1267858073 wrapping oracle.jdbc.driver.T4CConnection@4ba68a9d] read-only
19:12:15.436 [http-nio-8080-exec-7] DEBUG o.s.j.support.JdbcTransactionManager -- Switching JDBC Connection [HikariProxyConnection@1267858073 wrapping oracle.jdbc.driver.T4CConnection@4ba68a9d] to manual commit
19:12:15.437 [http-nio-8080-exec-7] DEBUG org.mybatis.spring.SqlSessionUtils -- Creating a new SqlSession
19:12:15.437 [http-nio-8080-exec-7] DEBUG org.mybatis.spring.SqlSessionUtils -- Registering transaction synchronization for SqlSession [org.apache.ibatis.session.defaults.DefaultSqlSession@3bf8d439]
19:12:15.439 [http-nio-8080-exec-7] DEBUG o.m.s.t.SpringManagedTransaction -- JDBC Connection [HikariProxyConnection@1267858073 wrapping oracle.jdbc.driver.T4CConnection@4ba68a9d] will be managed by Spring
19:12:15.439 [http-nio-8080-exec-7] DEBUG c.l.b.p.c.d.i.C.selectAllCourseForPltad -- ==>  Preparing: SELECT C.CRS_INF_ID , C.CRS_INF_NM , C.CRS_INF_ST_DT , C.CRS_INF_END_DT , C.CRS_INF_DDLN_DT , C.CRS_INF_PRS_CNT , COUNT(A.APP_HSTR_ID) AS CRS_CUR_PRS_CNT FROM CRS_INF C LEFT JOIN APP_HSTR A ON C.CRS_INF_ID = A.CRS_INF_ID LEFT JOIN CNCL_HSTR CN ON A.APP_HSTR_ID = CN.APP_HSTR_ID WHERE C.CRS_INF_DEL_YN = 'N' AND C.CRS_INF_DDLN_YN = 'N' AND CN.CNCL_HSTR_ID IS NULL GROUP BY C.CRS_INF_ID , C.CRS_INF_NM , C.CRS_INF_ST_DT , C.CRS_INF_END_DT , C.CRS_INF_DDLN_DT , C.CRS_INF_PRS_CNT ORDER BY C.CRS_INF_ST_DT DESC
19:12:15.446 [http-nio-8080-exec-7] DEBUG c.l.b.p.c.d.i.C.selectAllCourseForPltad -- ==> Parameters: 
19:12:15.533 [http-nio-8080-exec-7] DEBUG c.l.b.p.c.d.i.C.selectAllCourseForPltad -- <==      Total: 39
19:12:15.534 [http-nio-8080-exec-7] DEBUG org.mybatis.spring.SqlSessionUtils -- Releasing transactional SqlSession [org.apache.ibatis.session.defaults.DefaultSqlSession@3bf8d439]
19:12:15.534 [http-nio-8080-exec-7] DEBUG org.mybatis.spring.SqlSessionUtils -- Transaction synchronization committing SqlSession [org.apache.ibatis.session.defaults.DefaultSqlSession@3bf8d439]
19:12:15.534 [http-nio-8080-exec-7] DEBUG org.mybatis.spring.SqlSessionUtils -- Transaction synchronization deregistering SqlSession [org.apache.ibatis.session.defaults.DefaultSqlSession@3bf8d439]
19:12:15.534 [http-nio-8080-exec-7] DEBUG org.mybatis.spring.SqlSessionUtils -- Transaction synchronization closing SqlSession [org.apache.ibatis.session.defaults.DefaultSqlSession@3bf8d439]
19:12:15.534 [http-nio-8080-exec-7] DEBUG o.s.j.support.JdbcTransactionManager -- Initiating transaction commit
19:12:15.534 [http-nio-8080-exec-7] DEBUG o.s.j.support.JdbcTransactionManager -- Committing JDBC transaction on Connection [HikariProxyConnection@1267858073 wrapping oracle.jdbc.driver.T4CConnection@4ba68a9d]
19:12:15.534 [http-nio-8080-exec-7] DEBUG o.s.jdbc.datasource.DataSourceUtils -- Resetting read-only flag of JDBC Connection [HikariProxyConnection@1267858073 wrapping oracle.jdbc.driver.T4CConnection@4ba68a9d]
19:12:15.534 [http-nio-8080-exec-7] DEBUG o.s.j.support.JdbcTransactionManager -- Releasing JDBC Connection [HikariProxyConnection@1267858073 wrapping oracle.jdbc.driver.T4CConnection@4ba68a9d] after transaction
19:12:15.535 [http-nio-8080-exec-7] DEBUG o.s.j.support.JdbcTransactionManager -- Creating new transaction with name [com.learn.bbs.pltad.crsinf.service.impl.CrsInfServiceImpl.selectAllFinishedCourseForPltad]: PROPAGATION_REQUIRED,ISOLATION_DEFAULT,readOnly
19:12:15.535 [http-nio-8080-exec-7] DEBUG o.s.j.support.JdbcTransactionManager -- Acquired Connection [HikariProxyConnection@534593513 wrapping oracle.jdbc.driver.T4CConnection@4ba68a9d] for JDBC transaction
19:12:15.535 [http-nio-8080-exec-7] DEBUG o.s.jdbc.datasource.DataSourceUtils -- Setting JDBC Connection [HikariProxyConnection@534593513 wrapping oracle.jdbc.driver.T4CConnection@4ba68a9d] read-only
19:12:15.535 [http-nio-8080-exec-7] DEBUG o.s.j.support.JdbcTransactionManager -- Switching JDBC Connection [HikariProxyConnection@534593513 wrapping oracle.jdbc.driver.T4CConnection@4ba68a9d] to manual commit
19:12:15.535 [http-nio-8080-exec-7] DEBUG org.mybatis.spring.SqlSessionUtils -- Creating a new SqlSession
19:12:15.535 [http-nio-8080-exec-7] DEBUG org.mybatis.spring.SqlSessionUtils -- Registering transaction synchronization for SqlSession [org.apache.ibatis.session.defaults.DefaultSqlSession@7cd09117]
19:12:15.535 [http-nio-8080-exec-7] DEBUG o.m.s.t.SpringManagedTransaction -- JDBC Connection [HikariProxyConnection@534593513 wrapping oracle.jdbc.driver.T4CConnection@4ba68a9d] will be managed by Spring
19:12:15.535 [http-nio-8080-exec-7] DEBUG c.l.b.p.c.d.i.C.selectAllFinishedCourseForPltad -- ==>  Preparing: SELECT C.CRS_INF_ID , C.CRS_INF_NM , C.CRS_INF_ST_DT , C.CRS_INF_END_DT FROM CRS_INF C WHERE C.CRS_INF_DEL_YN = 'N' AND C.CRS_INF_DDLN_YN = 'Y' GROUP BY C.CRS_INF_ID , C.CRS_INF_NM , C.CRS_INF_ST_DT , C.CRS_INF_END_DT , C.CRS_INF_PRS_CNT ORDER BY C.CRS_INF_ST_DT DESC
19:12:15.535 [http-nio-8080-exec-7] DEBUG c.l.b.p.c.d.i.C.selectAllFinishedCourseForPltad -- ==> Parameters: 
19:12:15.548 [http-nio-8080-exec-7] DEBUG c.l.b.p.c.d.i.C.selectAllFinishedCourseForPltad -- <==      Total: 2
19:12:15.548 [http-nio-8080-exec-7] DEBUG org.mybatis.spring.SqlSessionUtils -- Releasing transactional SqlSession [org.apache.ibatis.session.defaults.DefaultSqlSession@7cd09117]
19:12:15.548 [http-nio-8080-exec-7] DEBUG org.mybatis.spring.SqlSessionUtils -- Transaction synchronization committing SqlSession [org.apache.ibatis.session.defaults.DefaultSqlSession@7cd09117]
19:12:15.549 [http-nio-8080-exec-7] DEBUG org.mybatis.spring.SqlSessionUtils -- Transaction synchronization deregistering SqlSession [org.apache.ibatis.session.defaults.DefaultSqlSession@7cd09117]
19:12:15.549 [http-nio-8080-exec-7] DEBUG org.mybatis.spring.SqlSessionUtils -- Transaction synchronization closing SqlSession [org.apache.ibatis.session.defaults.DefaultSqlSession@7cd09117]
19:12:15.549 [http-nio-8080-exec-7] DEBUG o.s.j.support.JdbcTransactionManager -- Initiating transaction commit
19:12:15.549 [http-nio-8080-exec-7] DEBUG o.s.j.support.JdbcTransactionManager -- Committing JDBC transaction on Connection [HikariProxyConnection@534593513 wrapping oracle.jdbc.driver.T4CConnection@4ba68a9d]
19:12:15.549 [http-nio-8080-exec-7] DEBUG o.s.jdbc.datasource.DataSourceUtils -- Resetting read-only flag of JDBC Connection [HikariProxyConnection@534593513 wrapping oracle.jdbc.driver.T4CConnection@4ba68a9d]
19:12:15.549 [http-nio-8080-exec-7] DEBUG o.s.j.support.JdbcTransactionManager -- Releasing JDBC Connection [HikariProxyConnection@534593513 wrapping oracle.jdbc.driver.T4CConnection@4ba68a9d] after transaction
19:12:15.551 [http-nio-8080-exec-7] DEBUG o.s.web.servlet.view.JstlView -- View name [/insttn/coursemanage], model {activeCourses=[com.learn.bbs.pltad.crsinf.vo.CrsInfPltadReadResponseVO@45eea115, com.learn.bbs.pltad.crsinf.vo.CrsInfPltadReadResponseVO@b07a7d6, com.learn.bbs.pltad.crsinf.vo.CrsInfPltadReadResponseVO@6e0663d3, com.learn.bbs.pltad.crsinf.vo.CrsInfPltadReadResponseVO@6007896c, com.learn.bbs.pltad.crsinf.vo.CrsInfPltadReadResponseVO@50d17a70, com.learn.bbs.pltad.crsinf.vo.CrsInfPltadReadResponseVO@665e4eab, com.learn.bbs.pltad.crsinf.vo.CrsInfPltadReadResponseVO@3b1ba148, com.learn.bbs.pltad.crsinf.vo.CrsInfPltadReadResponseVO@678b03ae, com.learn.bbs.pltad.crsinf.vo.CrsInfPltadReadResponseVO@3cd2e7d5, com.learn.bbs.pltad.crsinf.vo.CrsInfPltadReadResponseVO@286dcdf2, com.learn.bbs.pltad.crsinf.vo.CrsInfPltadReadResponseVO@4e9a3856, com.learn.bbs.pltad.crsinf.vo.CrsInfPltadReadResponseVO@71b3c458, com.learn.bbs.pltad.crsinf.vo.CrsInfPltadReadResponseVO@5a7469f4, com.learn.bbs.pltad.crsinf.vo.CrsInfPltadReadResponseVO@1c303d15, com.learn.bbs.pltad.crsinf.vo.CrsInfPltadReadResponseVO@377ee4d, com.learn.bbs.pltad.crsinf.vo.CrsInfPltadReadResponseVO@6c097b7f, com.learn.bbs.pltad.crsinf.vo.CrsInfPltadReadResponseVO@15cb94c3, com.learn.bbs.pltad.crsinf.vo.CrsInfPltadReadResponseVO@88edbfa, com.learn.bbs.pltad.crsinf.vo.CrsInfPltadReadResponseVO@34374920, com.learn.bbs.pltad.crsinf.vo.CrsInfPltadReadResponseVO@13421e5a, com.learn.bbs.pltad.crsinf.vo.CrsInfPltadReadResponseVO@5a66ed7d, com.learn.bbs.pltad.crsinf.vo.CrsInfPltadReadResponseVO@24c9acc0, com.learn.bbs.pltad.crsinf.vo.CrsInfPltadReadResponseVO@2a399f30, com.learn.bbs.pltad.crsinf.vo.CrsInfPltadReadResponseVO@290af4e3, com.learn.bbs.pltad.crsinf.vo.CrsInfPltadReadResponseVO@44eaf9ba, com.learn.bbs.pltad.crsinf.vo.CrsInfPltadReadResponseVO@2d2ce24b, com.learn.bbs.pltad.crsinf.vo.CrsInfPltadReadResponseVO@4b8a28c1, com.learn.bbs.pltad.crsinf.vo.CrsInfPltadReadResponseVO@355970bf, com.learn.bbs.pltad.crsinf.vo.CrsInfPltadReadResponseVO@26ed6887, com.learn.bbs.pltad.crsinf.vo.CrsInfPltadReadResponseVO@6c19e8ab, com.learn.bbs.pltad.crsinf.vo.CrsInfPltadReadResponseVO@764f19c9, com.learn.bbs.pltad.crsinf.vo.CrsInfPltadReadResponseVO@8ed4337, com.learn.bbs.pltad.crsinf.vo.CrsInfPltadReadResponseVO@4509bbfd, com.learn.bbs.pltad.crsinf.vo.CrsInfPltadReadResponseVO@66765f47, com.learn.bbs.pltad.crsinf.vo.CrsInfPltadReadResponseVO@68f98311, com.learn.bbs.pltad.crsinf.vo.CrsInfPltadReadResponseVO@a6f81c2, com.learn.bbs.pltad.crsinf.vo.CrsInfPltadReadResponseVO@2b10521, com.learn.bbs.pltad.crsinf.vo.CrsInfPltadReadResponseVO@56e9ee57, com.learn.bbs.pltad.crsinf.vo.CrsInfPltadReadResponseVO@72ac1e90], inactiveCourses=[com.learn.bbs.pltad.crsinf.vo.CrsInfPltadFinishedReadResponseVO@4bbe096, com.learn.bbs.pltad.crsinf.vo.CrsInfPltadFinishedReadResponseVO@ea9752d]}
19:12:15.552 [http-nio-8080-exec-7] DEBUG o.s.web.servlet.view.JstlView -- Forwarding to [/WEB-INF/views//insttn/coursemanage.jsp]
19:12:15.564 [http-nio-8080-exec-7] DEBUG o.s.web.servlet.DispatcherServlet -- Completed 200 OK
19:12:15.660 [http-nio-8080-exec-10] DEBUG o.s.web.servlet.DispatcherServlet -- GET "/js/common.js", parameters={}
19:12:15.670 [http-nio-8080-exec-10] DEBUG o.s.w.s.h.SimpleUrlHandlerMapping -- Mapped to ResourceHttpRequestHandler [classpath [static/]]
19:12:15.684 [http-nio-8080-exec-10] DEBUG o.s.web.servlet.DispatcherServlet -- Completed 200 OK
19:12:17.466 [http-nio-8080-exec-2] DEBUG o.s.web.servlet.DispatcherServlet -- POST "/insttn/pltad/delete/CRS_INF-20250416-000008", parameters={}
19:12:17.479 [http-nio-8080-exec-2] DEBUG o.s.w.s.m.m.a.RequestMappingHandlerMapping -- Mapped to com.learn.bbs.pltad.crsinf.web.CrsInfController#doDeleteCourse(String)
19:12:17.562 [http-nio-8080-exec-2] DEBUG o.s.j.support.JdbcTransactionManager -- Creating new transaction with name [com.learn.bbs.pltad.crsinf.service.impl.CrsInfServiceImpl.deleteOneCourse]: PROPAGATION_REQUIRED,ISOLATION_DEFAULT
19:12:17.590 [http-nio-8080-exec-2] DEBUG o.s.j.support.JdbcTransactionManager -- Acquired Connection [HikariProxyConnection@552272601 wrapping oracle.jdbc.driver.T4CConnection@4ba68a9d] for JDBC transaction
19:12:17.590 [http-nio-8080-exec-2] DEBUG o.s.j.support.JdbcTransactionManager -- Switching JDBC Connection [HikariProxyConnection@552272601 wrapping oracle.jdbc.driver.T4CConnection@4ba68a9d] to manual commit
19:12:17.591 [http-nio-8080-exec-2] DEBUG org.mybatis.spring.SqlSessionUtils -- Creating a new SqlSession
19:12:17.592 [http-nio-8080-exec-2] DEBUG org.mybatis.spring.SqlSessionUtils -- Registering transaction synchronization for SqlSession [org.apache.ibatis.session.defaults.DefaultSqlSession@5c821632]
19:12:17.594 [http-nio-8080-exec-2] DEBUG o.m.s.t.SpringManagedTransaction -- JDBC Connection [HikariProxyConnection@552272601 wrapping oracle.jdbc.driver.T4CConnection@4ba68a9d] will be managed by Spring
19:12:17.595 [http-nio-8080-exec-2] DEBUG c.l.b.p.c.d.i.C.deleteOneCourse -- ==>  Preparing: UPDATE CRS_INF SET CRS_INF_DEL_YN = 'Y' , CRS_INF_DEL_DT = SYSDATE WHERE CRS_INF_ID = ?
19:12:17.605 [http-nio-8080-exec-2] DEBUG c.l.b.p.c.d.i.C.deleteOneCourse -- ==> Parameters: CRS_INF-20250416-000008(String)
19:12:17.706 [http-nio-8080-exec-2] DEBUG c.l.b.p.c.d.i.C.deleteOneCourse -- <==    Updates: 1
19:12:17.706 [http-nio-8080-exec-2] DEBUG org.mybatis.spring.SqlSessionUtils -- Releasing transactional SqlSession [org.apache.ibatis.session.defaults.DefaultSqlSession@5c821632]
19:12:17.706 [http-nio-8080-exec-2] DEBUG org.mybatis.spring.SqlSessionUtils -- Transaction synchronization committing SqlSession [org.apache.ibatis.session.defaults.DefaultSqlSession@5c821632]
19:12:17.706 [http-nio-8080-exec-2] DEBUG org.mybatis.spring.SqlSessionUtils -- Transaction synchronization deregistering SqlSession [org.apache.ibatis.session.defaults.DefaultSqlSession@5c821632]
19:12:17.706 [http-nio-8080-exec-2] DEBUG org.mybatis.spring.SqlSessionUtils -- Transaction synchronization closing SqlSession [org.apache.ibatis.session.defaults.DefaultSqlSession@5c821632]
19:12:17.706 [http-nio-8080-exec-2] DEBUG o.s.j.support.JdbcTransactionManager -- Initiating transaction commit
19:12:17.706 [http-nio-8080-exec-2] DEBUG o.s.j.support.JdbcTransactionManager -- Committing JDBC transaction on Connection [HikariProxyConnection@552272601 wrapping oracle.jdbc.driver.T4CConnection@4ba68a9d]
19:12:17.741 [http-nio-8080-exec-2] DEBUG o.s.j.support.JdbcTransactionManager -- Releasing JDBC Connection [HikariProxyConnection@552272601 wrapping oracle.jdbc.driver.T4CConnection@4ba68a9d] after transaction
19:12:17.742 [http-nio-8080-exec-2] DEBUG o.s.web.servlet.view.RedirectView -- View name [redirect:], model {}
19:12:17.745 [http-nio-8080-exec-2] DEBUG o.s.web.servlet.DispatcherServlet -- Completed 302 FOUND
19:12:17.757 [http-nio-8080-exec-1] DEBUG o.s.web.servlet.DispatcherServlet -- GET "/insttn/pltad", parameters={}
19:12:17.757 [http-nio-8080-exec-1] DEBUG o.s.w.s.m.m.a.RequestMappingHandlerMapping -- Mapped to com.learn.bbs.pltad.crsinf.web.CrsInfController#showAllCourses(Model)
19:12:17.757 [http-nio-8080-exec-1] DEBUG o.s.j.support.JdbcTransactionManager -- Creating new transaction with name [com.learn.bbs.pltad.crsinf.service.impl.CrsInfServiceImpl.selectAllCourseForPltad]: PROPAGATION_REQUIRED,ISOLATION_DEFAULT,readOnly
19:12:17.757 [http-nio-8080-exec-1] DEBUG o.s.j.support.JdbcTransactionManager -- Acquired Connection [HikariProxyConnection@570999728 wrapping oracle.jdbc.driver.T4CConnection@4ba68a9d] for JDBC transaction
19:12:17.757 [http-nio-8080-exec-1] DEBUG o.s.jdbc.datasource.DataSourceUtils -- Setting JDBC Connection [HikariProxyConnection@570999728 wrapping oracle.jdbc.driver.T4CConnection@4ba68a9d] read-only
19:12:17.757 [http-nio-8080-exec-1] DEBUG o.s.j.support.JdbcTransactionManager -- Switching JDBC Connection [HikariProxyConnection@570999728 wrapping oracle.jdbc.driver.T4CConnection@4ba68a9d] to manual commit
19:12:17.758 [http-nio-8080-exec-1] DEBUG org.mybatis.spring.SqlSessionUtils -- Creating a new SqlSession
19:12:17.758 [http-nio-8080-exec-1] DEBUG org.mybatis.spring.SqlSessionUtils -- Registering transaction synchronization for SqlSession [org.apache.ibatis.session.defaults.DefaultSqlSession@ed31fe9]
19:12:17.758 [http-nio-8080-exec-1] DEBUG o.m.s.t.SpringManagedTransaction -- JDBC Connection [HikariProxyConnection@570999728 wrapping oracle.jdbc.driver.T4CConnection@4ba68a9d] will be managed by Spring
19:12:17.758 [http-nio-8080-exec-1] DEBUG c.l.b.p.c.d.i.C.selectAllCourseForPltad -- ==>  Preparing: SELECT C.CRS_INF_ID , C.CRS_INF_NM , C.CRS_INF_ST_DT , C.CRS_INF_END_DT , C.CRS_INF_DDLN_DT , C.CRS_INF_PRS_CNT , COUNT(A.APP_HSTR_ID) AS CRS_CUR_PRS_CNT FROM CRS_INF C LEFT JOIN APP_HSTR A ON C.CRS_INF_ID = A.CRS_INF_ID LEFT JOIN CNCL_HSTR CN ON A.APP_HSTR_ID = CN.APP_HSTR_ID WHERE C.CRS_INF_DEL_YN = 'N' AND C.CRS_INF_DDLN_YN = 'N' AND CN.CNCL_HSTR_ID IS NULL GROUP BY C.CRS_INF_ID , C.CRS_INF_NM , C.CRS_INF_ST_DT , C.CRS_INF_END_DT , C.CRS_INF_DDLN_DT , C.CRS_INF_PRS_CNT ORDER BY C.CRS_INF_ST_DT DESC
19:12:17.759 [http-nio-8080-exec-1] DEBUG c.l.b.p.c.d.i.C.selectAllCourseForPltad -- ==> Parameters: 
19:12:17.832 [http-nio-8080-exec-1] DEBUG c.l.b.p.c.d.i.C.selectAllCourseForPltad -- <==      Total: 38
19:12:17.832 [http-nio-8080-exec-1] DEBUG org.mybatis.spring.SqlSessionUtils -- Releasing transactional SqlSession [org.apache.ibatis.session.defaults.DefaultSqlSession@ed31fe9]
19:12:17.832 [http-nio-8080-exec-1] DEBUG org.mybatis.spring.SqlSessionUtils -- Transaction synchronization committing SqlSession [org.apache.ibatis.session.defaults.DefaultSqlSession@ed31fe9]
19:12:17.832 [http-nio-8080-exec-1] DEBUG org.mybatis.spring.SqlSessionUtils -- Transaction synchronization deregistering SqlSession [org.apache.ibatis.session.defaults.DefaultSqlSession@ed31fe9]
19:12:17.832 [http-nio-8080-exec-1] DEBUG org.mybatis.spring.SqlSessionUtils -- Transaction synchronization closing SqlSession [org.apache.ibatis.session.defaults.DefaultSqlSession@ed31fe9]
19:12:17.832 [http-nio-8080-exec-1] DEBUG o.s.j.support.JdbcTransactionManager -- Initiating transaction commit
19:12:17.832 [http-nio-8080-exec-1] DEBUG o.s.j.support.JdbcTransactionManager -- Committing JDBC transaction on Connection [HikariProxyConnection@570999728 wrapping oracle.jdbc.driver.T4CConnection@4ba68a9d]
19:12:17.832 [http-nio-8080-exec-1] DEBUG o.s.jdbc.datasource.DataSourceUtils -- Resetting read-only flag of JDBC Connection [HikariProxyConnection@570999728 wrapping oracle.jdbc.driver.T4CConnection@4ba68a9d]
19:12:17.832 [http-nio-8080-exec-1] DEBUG o.s.j.support.JdbcTransactionManager -- Releasing JDBC Connection [HikariProxyConnection@570999728 wrapping oracle.jdbc.driver.T4CConnection@4ba68a9d] after transaction
19:12:17.833 [http-nio-8080-exec-1] DEBUG o.s.j.support.JdbcTransactionManager -- Creating new transaction with name [com.learn.bbs.pltad.crsinf.service.impl.CrsInfServiceImpl.selectAllFinishedCourseForPltad]: PROPAGATION_REQUIRED,ISOLATION_DEFAULT,readOnly
19:12:17.833 [http-nio-8080-exec-1] DEBUG o.s.j.support.JdbcTransactionManager -- Acquired Connection [HikariProxyConnection@725302853 wrapping oracle.jdbc.driver.T4CConnection@4ba68a9d] for JDBC transaction
19:12:17.833 [http-nio-8080-exec-1] DEBUG o.s.jdbc.datasource.DataSourceUtils -- Setting JDBC Connection [HikariProxyConnection@725302853 wrapping oracle.jdbc.driver.T4CConnection@4ba68a9d] read-only
19:12:17.833 [http-nio-8080-exec-1] DEBUG o.s.j.support.JdbcTransactionManager -- Switching JDBC Connection [HikariProxyConnection@725302853 wrapping oracle.jdbc.driver.T4CConnection@4ba68a9d] to manual commit
19:12:17.833 [http-nio-8080-exec-1] DEBUG org.mybatis.spring.SqlSessionUtils -- Creating a new SqlSession
19:12:17.833 [http-nio-8080-exec-1] DEBUG org.mybatis.spring.SqlSessionUtils -- Registering transaction synchronization for SqlSession [org.apache.ibatis.session.defaults.DefaultSqlSession@61004054]
19:12:17.833 [http-nio-8080-exec-1] DEBUG o.m.s.t.SpringManagedTransaction -- JDBC Connection [HikariProxyConnection@725302853 wrapping oracle.jdbc.driver.T4CConnection@4ba68a9d] will be managed by Spring
19:12:17.833 [http-nio-8080-exec-1] DEBUG c.l.b.p.c.d.i.C.selectAllFinishedCourseForPltad -- ==>  Preparing: SELECT C.CRS_INF_ID , C.CRS_INF_NM , C.CRS_INF_ST_DT , C.CRS_INF_END_DT FROM CRS_INF C WHERE C.CRS_INF_DEL_YN = 'N' AND C.CRS_INF_DDLN_YN = 'Y' GROUP BY C.CRS_INF_ID , C.CRS_INF_NM , C.CRS_INF_ST_DT , C.CRS_INF_END_DT , C.CRS_INF_PRS_CNT ORDER BY C.CRS_INF_ST_DT DESC
19:12:17.833 [http-nio-8080-exec-1] DEBUG c.l.b.p.c.d.i.C.selectAllFinishedCourseForPltad -- ==> Parameters: 
19:12:17.844 [http-nio-8080-exec-1] DEBUG c.l.b.p.c.d.i.C.selectAllFinishedCourseForPltad -- <==      Total: 2
19:12:17.844 [http-nio-8080-exec-1] DEBUG org.mybatis.spring.SqlSessionUtils -- Releasing transactional SqlSession [org.apache.ibatis.session.defaults.DefaultSqlSession@61004054]
19:12:17.844 [http-nio-8080-exec-1] DEBUG org.mybatis.spring.SqlSessionUtils -- Transaction synchronization committing SqlSession [org.apache.ibatis.session.defaults.DefaultSqlSession@61004054]
19:12:17.844 [http-nio-8080-exec-1] DEBUG org.mybatis.spring.SqlSessionUtils -- Transaction synchronization deregistering SqlSession [org.apache.ibatis.session.defaults.DefaultSqlSession@61004054]
19:12:17.844 [http-nio-8080-exec-1] DEBUG org.mybatis.spring.SqlSessionUtils -- Transaction synchronization closing SqlSession [org.apache.ibatis.session.defaults.DefaultSqlSession@61004054]
19:12:17.844 [http-nio-8080-exec-1] DEBUG o.s.j.support.JdbcTransactionManager -- Initiating transaction commit
19:12:17.844 [http-nio-8080-exec-1] DEBUG o.s.j.support.JdbcTransactionManager -- Committing JDBC transaction on Connection [HikariProxyConnection@725302853 wrapping oracle.jdbc.driver.T4CConnection@4ba68a9d]
19:12:17.844 [http-nio-8080-exec-1] DEBUG o.s.jdbc.datasource.DataSourceUtils -- Resetting read-only flag of JDBC Connection [HikariProxyConnection@725302853 wrapping oracle.jdbc.driver.T4CConnection@4ba68a9d]
19:12:17.844 [http-nio-8080-exec-1] DEBUG o.s.j.support.JdbcTransactionManager -- Releasing JDBC Connection [HikariProxyConnection@725302853 wrapping oracle.jdbc.driver.T4CConnection@4ba68a9d] after transaction
19:12:17.846 [http-nio-8080-exec-1] DEBUG o.s.web.servlet.view.JstlView -- View name [/insttn/coursemanage], model {activeCourses=[com.learn.bbs.pltad.crsinf.vo.CrsInfPltadReadResponseVO@ddeeee6, com.learn.bbs.pltad.crsinf.vo.CrsInfPltadReadResponseVO@6efa9eaa, com.learn.bbs.pltad.crsinf.vo.CrsInfPltadReadResponseVO@2d557ffd, com.learn.bbs.pltad.crsinf.vo.CrsInfPltadReadResponseVO@556cf24f, com.learn.bbs.pltad.crsinf.vo.CrsInfPltadReadResponseVO@2f3f8fda, com.learn.bbs.pltad.crsinf.vo.CrsInfPltadReadResponseVO@150a5b59, com.learn.bbs.pltad.crsinf.vo.CrsInfPltadReadResponseVO@13267492, com.learn.bbs.pltad.crsinf.vo.CrsInfPltadReadResponseVO@21ea0233, com.learn.bbs.pltad.crsinf.vo.CrsInfPltadReadResponseVO@72f8188b, com.learn.bbs.pltad.crsinf.vo.CrsInfPltadReadResponseVO@35ef551e, com.learn.bbs.pltad.crsinf.vo.CrsInfPltadReadResponseVO@154d25d5, com.learn.bbs.pltad.crsinf.vo.CrsInfPltadReadResponseVO@64c756d5, com.learn.bbs.pltad.crsinf.vo.CrsInfPltadReadResponseVO@56493686, com.learn.bbs.pltad.crsinf.vo.CrsInfPltadReadResponseVO@19c1def4, com.learn.bbs.pltad.crsinf.vo.CrsInfPltadReadResponseVO@655e2394, com.learn.bbs.pltad.crsinf.vo.CrsInfPltadReadResponseVO@3bf1a014, com.learn.bbs.pltad.crsinf.vo.CrsInfPltadReadResponseVO@24134cea, com.learn.bbs.pltad.crsinf.vo.CrsInfPltadReadResponseVO@33b210e2, com.learn.bbs.pltad.crsinf.vo.CrsInfPltadReadResponseVO@2764d783, com.learn.bbs.pltad.crsinf.vo.CrsInfPltadReadResponseVO@11a3327b, com.learn.bbs.pltad.crsinf.vo.CrsInfPltadReadResponseVO@2fe948b9, com.learn.bbs.pltad.crsinf.vo.CrsInfPltadReadResponseVO@c7f68a6, com.learn.bbs.pltad.crsinf.vo.CrsInfPltadReadResponseVO@d267e65, com.learn.bbs.pltad.crsinf.vo.CrsInfPltadReadResponseVO@59eb550, com.learn.bbs.pltad.crsinf.vo.CrsInfPltadReadResponseVO@60d799da, com.learn.bbs.pltad.crsinf.vo.CrsInfPltadReadResponseVO@171ae73e, com.learn.bbs.pltad.crsinf.vo.CrsInfPltadReadResponseVO@297166ee, com.learn.bbs.pltad.crsinf.vo.CrsInfPltadReadResponseVO@59b572a5, com.learn.bbs.pltad.crsinf.vo.CrsInfPltadReadResponseVO@5f02900, com.learn.bbs.pltad.crsinf.vo.CrsInfPltadReadResponseVO@45131d97, com.learn.bbs.pltad.crsinf.vo.CrsInfPltadReadResponseVO@677755cd, com.learn.bbs.pltad.crsinf.vo.CrsInfPltadReadResponseVO@15a533dc, com.learn.bbs.pltad.crsinf.vo.CrsInfPltadReadResponseVO@1199a041, com.learn.bbs.pltad.crsinf.vo.CrsInfPltadReadResponseVO@4c3be840, com.learn.bbs.pltad.crsinf.vo.CrsInfPltadReadResponseVO@11bf1537, com.learn.bbs.pltad.crsinf.vo.CrsInfPltadReadResponseVO@2db8ef0f, com.learn.bbs.pltad.crsinf.vo.CrsInfPltadReadResponseVO@717fc951, com.learn.bbs.pltad.crsinf.vo.CrsInfPltadReadResponseVO@621546d6], inactiveCourses=[com.learn.bbs.pltad.crsinf.vo.CrsInfPltadFinishedReadResponseVO@b6ae10e, com.learn.bbs.pltad.crsinf.vo.CrsInfPltadFinishedReadResponseVO@61c0a7fb]}
19:12:17.848 [http-nio-8080-exec-1] DEBUG o.s.web.servlet.view.JstlView -- Forwarding to [/WEB-INF/views//insttn/coursemanage.jsp]
19:12:17.857 [http-nio-8080-exec-1] DEBUG o.s.web.servlet.DispatcherServlet -- Completed 200 OK
19:12:18.750 [http-nio-8080-exec-4] DEBUG o.s.web.servlet.DispatcherServlet -- GET "/insttn/pltad", parameters={}
19:12:18.752 [http-nio-8080-exec-4] DEBUG o.s.w.s.m.m.a.RequestMappingHandlerMapping -- Mapped to com.learn.bbs.pltad.crsinf.web.CrsInfController#showAllCourses(Model)
19:12:18.753 [http-nio-8080-exec-4] DEBUG o.s.j.support.JdbcTransactionManager -- Creating new transaction with name [com.learn.bbs.pltad.crsinf.service.impl.CrsInfServiceImpl.selectAllCourseForPltad]: PROPAGATION_REQUIRED,ISOLATION_DEFAULT,readOnly
19:12:18.774 [http-nio-8080-exec-4] DEBUG o.s.j.support.JdbcTransactionManager -- Acquired Connection [HikariProxyConnection@2051012881 wrapping oracle.jdbc.driver.T4CConnection@4ba68a9d] for JDBC transaction
19:12:18.775 [http-nio-8080-exec-4] DEBUG o.s.jdbc.datasource.DataSourceUtils -- Setting JDBC Connection [HikariProxyConnection@2051012881 wrapping oracle.jdbc.driver.T4CConnection@4ba68a9d] read-only
19:12:18.775 [http-nio-8080-exec-4] DEBUG o.s.j.support.JdbcTransactionManager -- Switching JDBC Connection [HikariProxyConnection@2051012881 wrapping oracle.jdbc.driver.T4CConnection@4ba68a9d] to manual commit
19:12:18.775 [http-nio-8080-exec-4] DEBUG org.mybatis.spring.SqlSessionUtils -- Creating a new SqlSession
19:12:18.775 [http-nio-8080-exec-4] DEBUG org.mybatis.spring.SqlSessionUtils -- Registering transaction synchronization for SqlSession [org.apache.ibatis.session.defaults.DefaultSqlSession@921cd8b]
19:12:18.775 [http-nio-8080-exec-4] DEBUG o.m.s.t.SpringManagedTransaction -- JDBC Connection [HikariProxyConnection@2051012881 wrapping oracle.jdbc.driver.T4CConnection@4ba68a9d] will be managed by Spring
19:12:18.775 [http-nio-8080-exec-4] DEBUG c.l.b.p.c.d.i.C.selectAllCourseForPltad -- ==>  Preparing: SELECT C.CRS_INF_ID , C.CRS_INF_NM , C.CRS_INF_ST_DT , C.CRS_INF_END_DT , C.CRS_INF_DDLN_DT , C.CRS_INF_PRS_CNT , COUNT(A.APP_HSTR_ID) AS CRS_CUR_PRS_CNT FROM CRS_INF C LEFT JOIN APP_HSTR A ON C.CRS_INF_ID = A.CRS_INF_ID LEFT JOIN CNCL_HSTR CN ON A.APP_HSTR_ID = CN.APP_HSTR_ID WHERE C.CRS_INF_DEL_YN = 'N' AND C.CRS_INF_DDLN_YN = 'N' AND CN.CNCL_HSTR_ID IS NULL GROUP BY C.CRS_INF_ID , C.CRS_INF_NM , C.CRS_INF_ST_DT , C.CRS_INF_END_DT , C.CRS_INF_DDLN_DT , C.CRS_INF_PRS_CNT ORDER BY C.CRS_INF_ST_DT DESC
19:12:18.776 [http-nio-8080-exec-4] DEBUG c.l.b.p.c.d.i.C.selectAllCourseForPltad -- ==> Parameters: 
19:12:18.837 [http-nio-8080-exec-4] DEBUG c.l.b.p.c.d.i.C.selectAllCourseForPltad -- <==      Total: 38
19:12:18.838 [http-nio-8080-exec-4] DEBUG org.mybatis.spring.SqlSessionUtils -- Releasing transactional SqlSession [org.apache.ibatis.session.defaults.DefaultSqlSession@921cd8b]
19:12:18.838 [http-nio-8080-exec-4] DEBUG org.mybatis.spring.SqlSessionUtils -- Transaction synchronization committing SqlSession [org.apache.ibatis.session.defaults.DefaultSqlSession@921cd8b]
19:12:18.838 [http-nio-8080-exec-4] DEBUG org.mybatis.spring.SqlSessionUtils -- Transaction synchronization deregistering SqlSession [org.apache.ibatis.session.defaults.DefaultSqlSession@921cd8b]
19:12:18.838 [http-nio-8080-exec-4] DEBUG org.mybatis.spring.SqlSessionUtils -- Transaction synchronization closing SqlSession [org.apache.ibatis.session.defaults.DefaultSqlSession@921cd8b]
19:12:18.838 [http-nio-8080-exec-4] DEBUG o.s.j.support.JdbcTransactionManager -- Initiating transaction commit
19:12:18.838 [http-nio-8080-exec-4] DEBUG o.s.j.support.JdbcTransactionManager -- Committing JDBC transaction on Connection [HikariProxyConnection@2051012881 wrapping oracle.jdbc.driver.T4CConnection@4ba68a9d]
19:12:18.838 [http-nio-8080-exec-4] DEBUG o.s.jdbc.datasource.DataSourceUtils -- Resetting read-only flag of JDBC Connection [HikariProxyConnection@2051012881 wrapping oracle.jdbc.driver.T4CConnection@4ba68a9d]
19:12:18.838 [http-nio-8080-exec-4] DEBUG o.s.j.support.JdbcTransactionManager -- Releasing JDBC Connection [HikariProxyConnection@2051012881 wrapping oracle.jdbc.driver.T4CConnection@4ba68a9d] after transaction
19:12:18.839 [http-nio-8080-exec-4] DEBUG o.s.j.support.JdbcTransactionManager -- Creating new transaction with name [com.learn.bbs.pltad.crsinf.service.impl.CrsInfServiceImpl.selectAllFinishedCourseForPltad]: PROPAGATION_REQUIRED,ISOLATION_DEFAULT,readOnly
19:12:18.839 [http-nio-8080-exec-4] DEBUG o.s.j.support.JdbcTransactionManager -- Acquired Connection [HikariProxyConnection@1741936101 wrapping oracle.jdbc.driver.T4CConnection@4ba68a9d] for JDBC transaction
19:12:18.840 [http-nio-8080-exec-4] DEBUG o.s.jdbc.datasource.DataSourceUtils -- Setting JDBC Connection [HikariProxyConnection@1741936101 wrapping oracle.jdbc.driver.T4CConnection@4ba68a9d] read-only
19:12:18.840 [http-nio-8080-exec-4] DEBUG o.s.j.support.JdbcTransactionManager -- Switching JDBC Connection [HikariProxyConnection@1741936101 wrapping oracle.jdbc.driver.T4CConnection@4ba68a9d] to manual commit
19:12:18.841 [http-nio-8080-exec-4] DEBUG org.mybatis.spring.SqlSessionUtils -- Creating a new SqlSession
19:12:18.841 [http-nio-8080-exec-4] DEBUG org.mybatis.spring.SqlSessionUtils -- Registering transaction synchronization for SqlSession [org.apache.ibatis.session.defaults.DefaultSqlSession@2f219df0]
19:12:18.842 [http-nio-8080-exec-4] DEBUG o.m.s.t.SpringManagedTransaction -- JDBC Connection [HikariProxyConnection@1741936101 wrapping oracle.jdbc.driver.T4CConnection@4ba68a9d] will be managed by Spring
19:12:18.842 [http-nio-8080-exec-4] DEBUG c.l.b.p.c.d.i.C.selectAllFinishedCourseForPltad -- ==>  Preparing: SELECT C.CRS_INF_ID , C.CRS_INF_NM , C.CRS_INF_ST_DT , C.CRS_INF_END_DT FROM CRS_INF C WHERE C.CRS_INF_DEL_YN = 'N' AND C.CRS_INF_DDLN_YN = 'Y' GROUP BY C.CRS_INF_ID , C.CRS_INF_NM , C.CRS_INF_ST_DT , C.CRS_INF_END_DT , C.CRS_INF_PRS_CNT ORDER BY C.CRS_INF_ST_DT DESC
19:12:18.846 [http-nio-8080-exec-4] DEBUG c.l.b.p.c.d.i.C.selectAllFinishedCourseForPltad -- ==> Parameters: 
19:12:18.866 [http-nio-8080-exec-4] DEBUG c.l.b.p.c.d.i.C.selectAllFinishedCourseForPltad -- <==      Total: 2
19:12:18.868 [http-nio-8080-exec-4] DEBUG org.mybatis.spring.SqlSessionUtils -- Releasing transactional SqlSession [org.apache.ibatis.session.defaults.DefaultSqlSession@2f219df0]
19:12:18.868 [http-nio-8080-exec-4] DEBUG org.mybatis.spring.SqlSessionUtils -- Transaction synchronization committing SqlSession [org.apache.ibatis.session.defaults.DefaultSqlSession@2f219df0]
19:12:18.868 [http-nio-8080-exec-4] DEBUG org.mybatis.spring.SqlSessionUtils -- Transaction synchronization deregistering SqlSession [org.apache.ibatis.session.defaults.DefaultSqlSession@2f219df0]
19:12:18.868 [http-nio-8080-exec-4] DEBUG org.mybatis.spring.SqlSessionUtils -- Transaction synchronization closing SqlSession [org.apache.ibatis.session.defaults.DefaultSqlSession@2f219df0]
19:12:18.868 [http-nio-8080-exec-4] DEBUG o.s.j.support.JdbcTransactionManager -- Initiating transaction commit
19:12:18.868 [http-nio-8080-exec-4] DEBUG o.s.j.support.JdbcTransactionManager -- Committing JDBC transaction on Connection [HikariProxyConnection@1741936101 wrapping oracle.jdbc.driver.T4CConnection@4ba68a9d]
19:12:18.868 [http-nio-8080-exec-4] DEBUG o.s.jdbc.datasource.DataSourceUtils -- Resetting read-only flag of JDBC Connection [HikariProxyConnection@1741936101 wrapping oracle.jdbc.driver.T4CConnection@4ba68a9d]
19:12:18.868 [http-nio-8080-exec-4] DEBUG o.s.j.support.JdbcTransactionManager -- Releasing JDBC Connection [HikariProxyConnection@1741936101 wrapping oracle.jdbc.driver.T4CConnection@4ba68a9d] after transaction
19:12:18.869 [http-nio-8080-exec-4] DEBUG o.s.web.servlet.view.JstlView -- View name [/insttn/coursemanage], model {activeCourses=[com.learn.bbs.pltad.crsinf.vo.CrsInfPltadReadResponseVO@7ef092a6, com.learn.bbs.pltad.crsinf.vo.CrsInfPltadReadResponseVO@2dad7d8b, com.learn.bbs.pltad.crsinf.vo.CrsInfPltadReadResponseVO@856d32d, com.learn.bbs.pltad.crsinf.vo.CrsInfPltadReadResponseVO@7a886577, com.learn.bbs.pltad.crsinf.vo.CrsInfPltadReadResponseVO@97ad22, com.learn.bbs.pltad.crsinf.vo.CrsInfPltadReadResponseVO@4690c99e, com.learn.bbs.pltad.crsinf.vo.CrsInfPltadReadResponseVO@7861b5da, com.learn.bbs.pltad.crsinf.vo.CrsInfPltadReadResponseVO@41fbc47c, com.learn.bbs.pltad.crsinf.vo.CrsInfPltadReadResponseVO@7cb88fdc, com.learn.bbs.pltad.crsinf.vo.CrsInfPltadReadResponseVO@3ca475ec, com.learn.bbs.pltad.crsinf.vo.CrsInfPltadReadResponseVO@491ed8c7, com.learn.bbs.pltad.crsinf.vo.CrsInfPltadReadResponseVO@56592dbc, com.learn.bbs.pltad.crsinf.vo.CrsInfPltadReadResponseVO@6ea79ec4, com.learn.bbs.pltad.crsinf.vo.CrsInfPltadReadResponseVO@71b39de9, com.learn.bbs.pltad.crsinf.vo.CrsInfPltadReadResponseVO@4ed4bbf8, com.learn.bbs.pltad.crsinf.vo.CrsInfPltadReadResponseVO@51ff4b53, com.learn.bbs.pltad.crsinf.vo.CrsInfPltadReadResponseVO@37cae16, com.learn.bbs.pltad.crsinf.vo.CrsInfPltadReadResponseVO@6e4d3745, com.learn.bbs.pltad.crsinf.vo.CrsInfPltadReadResponseVO@5ad5a0f, com.learn.bbs.pltad.crsinf.vo.CrsInfPltadReadResponseVO@2ea32c3a, com.learn.bbs.pltad.crsinf.vo.CrsInfPltadReadResponseVO@48c92be6, com.learn.bbs.pltad.crsinf.vo.CrsInfPltadReadResponseVO@4fb9daa5, com.learn.bbs.pltad.crsinf.vo.CrsInfPltadReadResponseVO@20ab8c7f, com.learn.bbs.pltad.crsinf.vo.CrsInfPltadReadResponseVO@17deb6ac, com.learn.bbs.pltad.crsinf.vo.CrsInfPltadReadResponseVO@16c929aa, com.learn.bbs.pltad.crsinf.vo.CrsInfPltadReadResponseVO@1724b524, com.learn.bbs.pltad.crsinf.vo.CrsInfPltadReadResponseVO@6b901bcb, com.learn.bbs.pltad.crsinf.vo.CrsInfPltadReadResponseVO@999bbc3, com.learn.bbs.pltad.crsinf.vo.CrsInfPltadReadResponseVO@56425723, com.learn.bbs.pltad.crsinf.vo.CrsInfPltadReadResponseVO@647d555a, com.learn.bbs.pltad.crsinf.vo.CrsInfPltadReadResponseVO@f58545d, com.learn.bbs.pltad.crsinf.vo.CrsInfPltadReadResponseVO@4b5bb1d6, com.learn.bbs.pltad.crsinf.vo.CrsInfPltadReadResponseVO@f640cd1, com.learn.bbs.pltad.crsinf.vo.CrsInfPltadReadResponseVO@13d4fe2, com.learn.bbs.pltad.crsinf.vo.CrsInfPltadReadResponseVO@4c0a0924, com.learn.bbs.pltad.crsinf.vo.CrsInfPltadReadResponseVO@5a49c472, com.learn.bbs.pltad.crsinf.vo.CrsInfPltadReadResponseVO@75e4496e, com.learn.bbs.pltad.crsinf.vo.CrsInfPltadReadResponseVO@1e4d4a6f], inactiveCourses=[com.learn.bbs.pltad.crsinf.vo.CrsInfPltadFinishedReadResponseVO@29223ab, com.learn.bbs.pltad.crsinf.vo.CrsInfPltadFinishedReadResponseVO@16ec0ddf]}
19:12:18.869 [http-nio-8080-exec-4] DEBUG o.s.web.servlet.view.JstlView -- Forwarding to [/WEB-INF/views//insttn/coursemanage.jsp]
19:12:18.872 [http-nio-8080-exec-4] DEBUG o.s.web.servlet.DispatcherServlet -- Completed 200 OK
19:12:18.919 [http-nio-8080-exec-8] DEBUG o.s.web.servlet.DispatcherServlet -- GET "/js/common.js", parameters={}
19:12:18.931 [http-nio-8080-exec-8] DEBUG o.s.w.s.h.SimpleUrlHandlerMapping -- Mapped to ResourceHttpRequestHandler [classpath [static/]]
19:12:18.965 [http-nio-8080-exec-8] DEBUG o.s.web.servlet.DispatcherServlet -- Completed 304 NOT_MODIFIED
19:12:37.268 [HikariPool-2 housekeeper] DEBUG com.zaxxer.hikari.pool.HikariPool -- HikariPool-2 - Pool stats (total=10, active=0, idle=10, waiting=0)
19:12:37.274 [HikariPool-2 housekeeper] DEBUG com.zaxxer.hikari.pool.HikariPool -- HikariPool-2 - Fill pool skipped, pool has sufficient level or currently being filled.
