19:01:06.613 [HikariPool-2 housekeeper] DEBUG com.zaxxer.hikari.pool.HikariPool -- HikariPool-2 - Pool stats (total=10, active=0, idle=10, waiting=0)
19:01:06.638 [HikariPool-2 housekeeper] DEBUG com.zaxxer.hikari.pool.HikariPool -- HikariPool-2 - Fill pool skipped, pool has sufficient level or currently being filled.
19:01:36.642 [HikariPool-2 housekeeper] DEBUG com.zaxxer.hikari.pool.HikariPool -- HikariPool-2 - Pool stats (total=10, active=0, idle=10, waiting=0)
19:01:36.648 [HikariPool-2 housekeeper] DEBUG com.zaxxer.hikari.pool.HikariPool -- HikariPool-2 - Fill pool skipped, pool has sufficient level or currently being filled.
19:01:44.309 [http-nio-8080-exec-3] DEBUG o.s.web.servlet.DispatcherServlet -- GET "/insttn/pltad", parameters={}
19:01:44.319 [http-nio-8080-exec-3] DEBUG o.s.w.s.m.m.a.RequestMappingHandlerMapping -- Mapped to com.learn.bbs.pltad.crsinf.web.CrsInfController#showAllCourses(Model)
19:01:44.332 [http-nio-8080-exec-3] DEBUG o.s.j.support.JdbcTransactionManager -- Creating new transaction with name [com.learn.bbs.pltad.crsinf.service.impl.CrsInfServiceImpl.selectAllCourseForPltad]: PROPAGATION_REQUIRED,ISOLATION_DEFAULT,readOnly
19:01:44.400 [http-nio-8080-exec-3] DEBUG o.s.j.support.JdbcTransactionManager -- Acquired Connection [HikariProxyConnection@134367271 wrapping oracle.jdbc.driver.T4CConnection@6c8a3eab] for JDBC transaction
19:01:44.400 [http-nio-8080-exec-3] DEBUG o.s.jdbc.datasource.DataSourceUtils -- Setting JDBC Connection [HikariProxyConnection@134367271 wrapping oracle.jdbc.driver.T4CConnection@6c8a3eab] read-only
19:01:44.400 [http-nio-8080-exec-3] DEBUG o.s.j.support.JdbcTransactionManager -- Switching JDBC Connection [HikariProxyConnection@134367271 wrapping oracle.jdbc.driver.T4CConnection@6c8a3eab] to manual commit
19:01:44.402 [http-nio-8080-exec-3] DEBUG org.mybatis.spring.SqlSessionUtils -- Creating a new SqlSession
19:01:44.403 [http-nio-8080-exec-3] DEBUG org.mybatis.spring.SqlSessionUtils -- Registering transaction synchronization for SqlSession [org.apache.ibatis.session.defaults.DefaultSqlSession@41aa2339]
19:01:44.404 [http-nio-8080-exec-3] DEBUG o.m.s.t.SpringManagedTransaction -- JDBC Connection [HikariProxyConnection@134367271 wrapping oracle.jdbc.driver.T4CConnection@6c8a3eab] will be managed by Spring
19:01:44.405 [http-nio-8080-exec-3] DEBUG c.l.b.p.c.d.i.C.selectAllCourseForPltad -- ==>  Preparing: SELECT C.CRS_INF_ID , C.CRS_INF_NM , C.CRS_INF_ST_DT , C.CRS_INF_END_DT , C.CRS_INF_DDLN_DT , C.CRS_INF_PRS_CNT , COUNT(A.APP_HSTR_ID) AS CRS_CUR_PRS_CNT FROM CRS_INF C LEFT JOIN APP_HSTR A ON C.CRS_INF_ID = A.CRS_INF_ID LEFT JOIN CNCL_HSTR CN ON A.APP_HSTR_ID = CN.APP_HSTR_ID WHERE C.CRS_INF_DEL_YN = 'N' AND C.CRS_INF_DDLN_YN = 'N' AND CN.CNCL_HSTR_ID IS NULL GROUP BY C.CRS_INF_ID , C.CRS_INF_NM , C.CRS_INF_ST_DT , C.CRS_INF_END_DT , C.CRS_INF_DDLN_DT , C.CRS_INF_PRS_CNT ORDER BY C.CRS_INF_ST_DT DESC
19:01:44.408 [http-nio-8080-exec-3] DEBUG c.l.b.p.c.d.i.C.selectAllCourseForPltad -- ==> Parameters: 
19:01:44.570 [http-nio-8080-exec-3] DEBUG c.l.b.p.c.d.i.C.selectAllCourseForPltad -- <==      Total: 39
19:01:44.571 [http-nio-8080-exec-3] DEBUG org.mybatis.spring.SqlSessionUtils -- Releasing transactional SqlSession [org.apache.ibatis.session.defaults.DefaultSqlSession@41aa2339]
19:01:44.571 [http-nio-8080-exec-3] DEBUG org.mybatis.spring.SqlSessionUtils -- Transaction synchronization committing SqlSession [org.apache.ibatis.session.defaults.DefaultSqlSession@41aa2339]
19:01:44.571 [http-nio-8080-exec-3] DEBUG org.mybatis.spring.SqlSessionUtils -- Transaction synchronization deregistering SqlSession [org.apache.ibatis.session.defaults.DefaultSqlSession@41aa2339]
19:01:44.572 [http-nio-8080-exec-3] DEBUG org.mybatis.spring.SqlSessionUtils -- Transaction synchronization closing SqlSession [org.apache.ibatis.session.defaults.DefaultSqlSession@41aa2339]
19:01:44.572 [http-nio-8080-exec-3] DEBUG o.s.j.support.JdbcTransactionManager -- Initiating transaction commit
19:01:44.572 [http-nio-8080-exec-3] DEBUG o.s.j.support.JdbcTransactionManager -- Committing JDBC transaction on Connection [HikariProxyConnection@134367271 wrapping oracle.jdbc.driver.T4CConnection@6c8a3eab]
19:01:44.572 [http-nio-8080-exec-3] DEBUG o.s.jdbc.datasource.DataSourceUtils -- Resetting read-only flag of JDBC Connection [HikariProxyConnection@134367271 wrapping oracle.jdbc.driver.T4CConnection@6c8a3eab]
19:01:44.572 [http-nio-8080-exec-3] DEBUG o.s.j.support.JdbcTransactionManager -- Releasing JDBC Connection [HikariProxyConnection@134367271 wrapping oracle.jdbc.driver.T4CConnection@6c8a3eab] after transaction
19:01:44.572 [http-nio-8080-exec-3] DEBUG o.s.j.support.JdbcTransactionManager -- Creating new transaction with name [com.learn.bbs.pltad.crsinf.service.impl.CrsInfServiceImpl.selectAllFinishedCourseForPltad]: PROPAGATION_REQUIRED,ISOLATION_DEFAULT,readOnly
19:01:44.572 [http-nio-8080-exec-3] DEBUG o.s.j.support.JdbcTransactionManager -- Acquired Connection [HikariProxyConnection@2078235788 wrapping oracle.jdbc.driver.T4CConnection@6c8a3eab] for JDBC transaction
19:01:44.572 [http-nio-8080-exec-3] DEBUG o.s.jdbc.datasource.DataSourceUtils -- Setting JDBC Connection [HikariProxyConnection@2078235788 wrapping oracle.jdbc.driver.T4CConnection@6c8a3eab] read-only
19:01:44.572 [http-nio-8080-exec-3] DEBUG o.s.j.support.JdbcTransactionManager -- Switching JDBC Connection [HikariProxyConnection@2078235788 wrapping oracle.jdbc.driver.T4CConnection@6c8a3eab] to manual commit
19:01:44.573 [http-nio-8080-exec-3] DEBUG org.mybatis.spring.SqlSessionUtils -- Creating a new SqlSession
19:01:44.573 [http-nio-8080-exec-3] DEBUG org.mybatis.spring.SqlSessionUtils -- Registering transaction synchronization for SqlSession [org.apache.ibatis.session.defaults.DefaultSqlSession@6cb7137]
19:01:44.574 [http-nio-8080-exec-3] DEBUG o.m.s.t.SpringManagedTransaction -- JDBC Connection [HikariProxyConnection@2078235788 wrapping oracle.jdbc.driver.T4CConnection@6c8a3eab] will be managed by Spring
19:01:44.574 [http-nio-8080-exec-3] DEBUG c.l.b.p.c.d.i.C.selectAllFinishedCourseForPltad -- ==>  Preparing: SELECT C.CRS_INF_ID , C.CRS_INF_NM , C.CRS_INF_ST_DT , C.CRS_INF_END_DT FROM CRS_INF C WHERE C.CRS_INF_DEL_YN = 'N' AND C.CRS_INF_DDLN_YN = 'Y' GROUP BY C.CRS_INF_ID , C.CRS_INF_NM , C.CRS_INF_ST_DT , C.CRS_INF_END_DT , C.CRS_INF_PRS_CNT ORDER BY C.CRS_INF_ST_DT DESC
19:01:44.574 [http-nio-8080-exec-3] DEBUG c.l.b.p.c.d.i.C.selectAllFinishedCourseForPltad -- ==> Parameters: 
19:01:44.604 [http-nio-8080-exec-3] DEBUG c.l.b.p.c.d.i.C.selectAllFinishedCourseForPltad -- <==      Total: 2
19:01:44.605 [http-nio-8080-exec-3] DEBUG org.mybatis.spring.SqlSessionUtils -- Releasing transactional SqlSession [org.apache.ibatis.session.defaults.DefaultSqlSession@6cb7137]
19:01:44.605 [http-nio-8080-exec-3] DEBUG org.mybatis.spring.SqlSessionUtils -- Transaction synchronization committing SqlSession [org.apache.ibatis.session.defaults.DefaultSqlSession@6cb7137]
19:01:44.605 [http-nio-8080-exec-3] DEBUG org.mybatis.spring.SqlSessionUtils -- Transaction synchronization deregistering SqlSession [org.apache.ibatis.session.defaults.DefaultSqlSession@6cb7137]
19:01:44.605 [http-nio-8080-exec-3] DEBUG org.mybatis.spring.SqlSessionUtils -- Transaction synchronization closing SqlSession [org.apache.ibatis.session.defaults.DefaultSqlSession@6cb7137]
19:01:44.605 [http-nio-8080-exec-3] DEBUG o.s.j.support.JdbcTransactionManager -- Initiating transaction commit
19:01:44.605 [http-nio-8080-exec-3] DEBUG o.s.j.support.JdbcTransactionManager -- Committing JDBC transaction on Connection [HikariProxyConnection@2078235788 wrapping oracle.jdbc.driver.T4CConnection@6c8a3eab]
19:01:44.606 [http-nio-8080-exec-3] DEBUG o.s.jdbc.datasource.DataSourceUtils -- Resetting read-only flag of JDBC Connection [HikariProxyConnection@2078235788 wrapping oracle.jdbc.driver.T4CConnection@6c8a3eab]
19:01:44.606 [http-nio-8080-exec-3] DEBUG o.s.j.support.JdbcTransactionManager -- Releasing JDBC Connection [HikariProxyConnection@2078235788 wrapping oracle.jdbc.driver.T4CConnection@6c8a3eab] after transaction
19:01:44.616 [http-nio-8080-exec-3] DEBUG o.s.web.servlet.view.JstlView -- View name [/insttn/coursemanage], model {activeCourses=[com.learn.bbs.pltad.crsinf.vo.CrsInfPltadReadResponseVO@37e81441, com.learn.bbs.pltad.crsinf.vo.CrsInfPltadReadResponseVO@4ed16059, com.learn.bbs.pltad.crsinf.vo.CrsInfPltadReadResponseVO@75537a7a, com.learn.bbs.pltad.crsinf.vo.CrsInfPltadReadResponseVO@38cc08b0, com.learn.bbs.pltad.crsinf.vo.CrsInfPltadReadResponseVO@4f7149f4, com.learn.bbs.pltad.crsinf.vo.CrsInfPltadReadResponseVO@ae73beb, com.learn.bbs.pltad.crsinf.vo.CrsInfPltadReadResponseVO@64091067, com.learn.bbs.pltad.crsinf.vo.CrsInfPltadReadResponseVO@3c581dde, com.learn.bbs.pltad.crsinf.vo.CrsInfPltadReadResponseVO@79a3dd48, com.learn.bbs.pltad.crsinf.vo.CrsInfPltadReadResponseVO@4aa889f4, com.learn.bbs.pltad.crsinf.vo.CrsInfPltadReadResponseVO@660e22ee, com.learn.bbs.pltad.crsinf.vo.CrsInfPltadReadResponseVO@1ac4751c, com.learn.bbs.pltad.crsinf.vo.CrsInfPltadReadResponseVO@7deaa291, com.learn.bbs.pltad.crsinf.vo.CrsInfPltadReadResponseVO@730363f1, com.learn.bbs.pltad.crsinf.vo.CrsInfPltadReadResponseVO@640d262d, com.learn.bbs.pltad.crsinf.vo.CrsInfPltadReadResponseVO@5d58d325, com.learn.bbs.pltad.crsinf.vo.CrsInfPltadReadResponseVO@758e0c35, com.learn.bbs.pltad.crsinf.vo.CrsInfPltadReadResponseVO@1dfaf59e, com.learn.bbs.pltad.crsinf.vo.CrsInfPltadReadResponseVO@10cb8442, com.learn.bbs.pltad.crsinf.vo.CrsInfPltadReadResponseVO@b91bc85, com.learn.bbs.pltad.crsinf.vo.CrsInfPltadReadResponseVO@e7be666, com.learn.bbs.pltad.crsinf.vo.CrsInfPltadReadResponseVO@44e7a432, com.learn.bbs.pltad.crsinf.vo.CrsInfPltadReadResponseVO@842d178, com.learn.bbs.pltad.crsinf.vo.CrsInfPltadReadResponseVO@e313161, com.learn.bbs.pltad.crsinf.vo.CrsInfPltadReadResponseVO@5f28ae17, com.learn.bbs.pltad.crsinf.vo.CrsInfPltadReadResponseVO@269757f4, com.learn.bbs.pltad.crsinf.vo.CrsInfPltadReadResponseVO@38408b4f, com.learn.bbs.pltad.crsinf.vo.CrsInfPltadReadResponseVO@3f7d0f1f, com.learn.bbs.pltad.crsinf.vo.CrsInfPltadReadResponseVO@253f56f1, com.learn.bbs.pltad.crsinf.vo.CrsInfPltadReadResponseVO@398b9d55, com.learn.bbs.pltad.crsinf.vo.CrsInfPltadReadResponseVO@5ad73d8, com.learn.bbs.pltad.crsinf.vo.CrsInfPltadReadResponseVO@52ff8185, com.learn.bbs.pltad.crsinf.vo.CrsInfPltadReadResponseVO@d28ddf5, com.learn.bbs.pltad.crsinf.vo.CrsInfPltadReadResponseVO@682c8830, com.learn.bbs.pltad.crsinf.vo.CrsInfPltadReadResponseVO@671055e, com.learn.bbs.pltad.crsinf.vo.CrsInfPltadReadResponseVO@282c5fbc, com.learn.bbs.pltad.crsinf.vo.CrsInfPltadReadResponseVO@63a0f839, com.learn.bbs.pltad.crsinf.vo.CrsInfPltadReadResponseVO@6fc18175, com.learn.bbs.pltad.crsinf.vo.CrsInfPltadReadResponseVO@61143226], inactiveCourses=[com.learn.bbs.pltad.crsinf.vo.CrsInfPltadFinishedReadResponseVO@2b0f5007, com.learn.bbs.pltad.crsinf.vo.CrsInfPltadFinishedReadResponseVO@4f8a146f]}
19:01:44.618 [http-nio-8080-exec-3] DEBUG o.s.web.servlet.view.JstlView -- Forwarding to [/WEB-INF/views//insttn/coursemanage.jsp]
19:01:44.643 [http-nio-8080-exec-3] DEBUG o.s.web.servlet.DispatcherServlet -- Completed 200 OK
19:01:44.763 [http-nio-8080-exec-8] DEBUG o.s.web.servlet.DispatcherServlet -- GET "/js/common.js", parameters={}
19:01:44.774 [http-nio-8080-exec-8] DEBUG o.s.w.s.h.SimpleUrlHandlerMapping -- Mapped to ResourceHttpRequestHandler [classpath [static/]]
19:01:44.797 [http-nio-8080-exec-8] DEBUG o.s.web.servlet.DispatcherServlet -- Completed 200 OK
