19:14:07.360 [HikariPool-2 housekeeper] DEBUG com.zaxxer.hikari.pool.HikariPool -- HikariPool-2 - Pool stats (total=10, active=0, idle=10, waiting=0)
19:14:07.430 [HikariPool-2 housekeeper] DEBUG com.zaxxer.hikari.pool.HikariPool -- HikariPool-2 - Fill pool skipped, pool has sufficient level or currently being filled.
19:14:37.436 [HikariPool-2 housekeeper] DEBUG com.zaxxer.hikari.pool.HikariPool -- HikariPool-2 - Pool stats (total=10, active=0, idle=10, waiting=0)
19:14:37.441 [HikariPool-2 housekeeper] DEBUG com.zaxxer.hikari.pool.HikariPool -- HikariPool-2 - Fill pool skipped, pool has sufficient level or currently being filled.
19:14:44.240 [http-nio-8080-exec-6] DEBUG o.s.web.servlet.DispatcherServlet -- GET "/insttn/pltad", parameters={}
19:14:44.316 [http-nio-8080-exec-6] DEBUG o.s.w.s.m.m.a.RequestMappingHandlerMapping -- Mapped to com.learn.bbs.pltad.crsinf.web.CrsInfController#showAllCourses(Model)
19:14:44.457 [http-nio-8080-exec-6] DEBUG o.s.j.support.JdbcTransactionManager -- Creating new transaction with name [com.learn.bbs.pltad.crsinf.service.impl.CrsInfServiceImpl.selectAllCourseForPltad]: PROPAGATION_REQUIRED,ISOLATION_DEFAULT,readOnly
19:14:44.599 [http-nio-8080-exec-6] DEBUG o.s.j.support.JdbcTransactionManager -- Acquired Connection [HikariProxyConnection@201794361 wrapping oracle.jdbc.driver.T4CConnection@4ba68a9d] for JDBC transaction
19:14:44.601 [http-nio-8080-exec-6] DEBUG o.s.jdbc.datasource.DataSourceUtils -- Setting JDBC Connection [HikariProxyConnection@201794361 wrapping oracle.jdbc.driver.T4CConnection@4ba68a9d] read-only
19:14:44.601 [http-nio-8080-exec-6] DEBUG o.s.j.support.JdbcTransactionManager -- Switching JDBC Connection [HikariProxyConnection@201794361 wrapping oracle.jdbc.driver.T4CConnection@4ba68a9d] to manual commit
19:14:44.605 [http-nio-8080-exec-6] DEBUG org.mybatis.spring.SqlSessionUtils -- Creating a new SqlSession
19:14:44.607 [http-nio-8080-exec-6] DEBUG org.mybatis.spring.SqlSessionUtils -- Registering transaction synchronization for SqlSession [org.apache.ibatis.session.defaults.DefaultSqlSession@5e6b579b]
19:14:44.610 [http-nio-8080-exec-6] DEBUG o.m.s.t.SpringManagedTransaction -- JDBC Connection [HikariProxyConnection@201794361 wrapping oracle.jdbc.driver.T4CConnection@4ba68a9d] will be managed by Spring
19:14:44.613 [http-nio-8080-exec-6] DEBUG c.l.b.p.c.d.i.C.selectAllCourseForPltad -- ==>  Preparing: SELECT C.CRS_INF_ID , C.CRS_INF_NM , C.CRS_INF_ST_DT , C.CRS_INF_END_DT , C.CRS_INF_DDLN_DT , C.CRS_INF_PRS_CNT , COUNT(A.APP_HSTR_ID) AS CRS_CUR_PRS_CNT FROM CRS_INF C LEFT JOIN APP_HSTR A ON C.CRS_INF_ID = A.CRS_INF_ID LEFT JOIN CNCL_HSTR CN ON A.APP_HSTR_ID = CN.APP_HSTR_ID WHERE C.CRS_INF_DEL_YN = 'N' AND C.CRS_INF_DDLN_YN = 'N' AND CN.CNCL_HSTR_ID IS NULL GROUP BY C.CRS_INF_ID , C.CRS_INF_NM , C.CRS_INF_ST_DT , C.CRS_INF_END_DT , C.CRS_INF_DDLN_DT , C.CRS_INF_PRS_CNT ORDER BY C.CRS_INF_ST_DT DESC
19:14:44.623 [http-nio-8080-exec-6] DEBUG c.l.b.p.c.d.i.C.selectAllCourseForPltad -- ==> Parameters: 
19:14:44.965 [http-nio-8080-exec-6] DEBUG c.l.b.p.c.d.i.C.selectAllCourseForPltad -- <==      Total: 38
19:14:44.968 [http-nio-8080-exec-6] DEBUG org.mybatis.spring.SqlSessionUtils -- Releasing transactional SqlSession [org.apache.ibatis.session.defaults.DefaultSqlSession@5e6b579b]
19:14:44.969 [http-nio-8080-exec-6] DEBUG org.mybatis.spring.SqlSessionUtils -- Transaction synchronization committing SqlSession [org.apache.ibatis.session.defaults.DefaultSqlSession@5e6b579b]
19:14:44.969 [http-nio-8080-exec-6] DEBUG org.mybatis.spring.SqlSessionUtils -- Transaction synchronization deregistering SqlSession [org.apache.ibatis.session.defaults.DefaultSqlSession@5e6b579b]
19:14:44.970 [http-nio-8080-exec-6] DEBUG org.mybatis.spring.SqlSessionUtils -- Transaction synchronization closing SqlSession [org.apache.ibatis.session.defaults.DefaultSqlSession@5e6b579b]
19:14:44.970 [http-nio-8080-exec-6] DEBUG o.s.j.support.JdbcTransactionManager -- Initiating transaction commit
19:14:44.970 [http-nio-8080-exec-6] DEBUG o.s.j.support.JdbcTransactionManager -- Committing JDBC transaction on Connection [HikariProxyConnection@201794361 wrapping oracle.jdbc.driver.T4CConnection@4ba68a9d]
19:14:44.970 [http-nio-8080-exec-6] DEBUG o.s.jdbc.datasource.DataSourceUtils -- Resetting read-only flag of JDBC Connection [HikariProxyConnection@201794361 wrapping oracle.jdbc.driver.T4CConnection@4ba68a9d]
19:14:44.971 [http-nio-8080-exec-6] DEBUG o.s.j.support.JdbcTransactionManager -- Releasing JDBC Connection [HikariProxyConnection@201794361 wrapping oracle.jdbc.driver.T4CConnection@4ba68a9d] after transaction
19:14:44.973 [http-nio-8080-exec-6] DEBUG o.s.j.support.JdbcTransactionManager -- Creating new transaction with name [com.learn.bbs.pltad.crsinf.service.impl.CrsInfServiceImpl.selectAllFinishedCourseForPltad]: PROPAGATION_REQUIRED,ISOLATION_DEFAULT,readOnly
19:14:44.973 [http-nio-8080-exec-6] DEBUG o.s.j.support.JdbcTransactionManager -- Acquired Connection [HikariProxyConnection@1515903146 wrapping oracle.jdbc.driver.T4CConnection@4ba68a9d] for JDBC transaction
19:14:44.973 [http-nio-8080-exec-6] DEBUG o.s.jdbc.datasource.DataSourceUtils -- Setting JDBC Connection [HikariProxyConnection@1515903146 wrapping oracle.jdbc.driver.T4CConnection@4ba68a9d] read-only
19:14:44.973 [http-nio-8080-exec-6] DEBUG o.s.j.support.JdbcTransactionManager -- Switching JDBC Connection [HikariProxyConnection@1515903146 wrapping oracle.jdbc.driver.T4CConnection@4ba68a9d] to manual commit
19:14:44.973 [http-nio-8080-exec-6] DEBUG org.mybatis.spring.SqlSessionUtils -- Creating a new SqlSession
19:14:44.973 [http-nio-8080-exec-6] DEBUG org.mybatis.spring.SqlSessionUtils -- Registering transaction synchronization for SqlSession [org.apache.ibatis.session.defaults.DefaultSqlSession@229bef2b]
19:14:44.973 [http-nio-8080-exec-6] DEBUG o.m.s.t.SpringManagedTransaction -- JDBC Connection [HikariProxyConnection@1515903146 wrapping oracle.jdbc.driver.T4CConnection@4ba68a9d] will be managed by Spring
19:14:44.973 [http-nio-8080-exec-6] DEBUG c.l.b.p.c.d.i.C.selectAllFinishedCourseForPltad -- ==>  Preparing: SELECT C.CRS_INF_ID , C.CRS_INF_NM , C.CRS_INF_ST_DT , C.CRS_INF_END_DT FROM CRS_INF C WHERE C.CRS_INF_DEL_YN = 'N' AND C.CRS_INF_DDLN_YN = 'Y' GROUP BY C.CRS_INF_ID , C.CRS_INF_NM , C.CRS_INF_ST_DT , C.CRS_INF_END_DT , C.CRS_INF_PRS_CNT ORDER BY C.CRS_INF_ST_DT DESC
19:14:44.974 [http-nio-8080-exec-6] DEBUG c.l.b.p.c.d.i.C.selectAllFinishedCourseForPltad -- ==> Parameters: 
19:14:44.990 [http-nio-8080-exec-6] DEBUG c.l.b.p.c.d.i.C.selectAllFinishedCourseForPltad -- <==      Total: 2
19:14:44.990 [http-nio-8080-exec-6] DEBUG org.mybatis.spring.SqlSessionUtils -- Releasing transactional SqlSession [org.apache.ibatis.session.defaults.DefaultSqlSession@229bef2b]
19:14:44.990 [http-nio-8080-exec-6] DEBUG org.mybatis.spring.SqlSessionUtils -- Transaction synchronization committing SqlSession [org.apache.ibatis.session.defaults.DefaultSqlSession@229bef2b]
19:14:44.990 [http-nio-8080-exec-6] DEBUG org.mybatis.spring.SqlSessionUtils -- Transaction synchronization deregistering SqlSession [org.apache.ibatis.session.defaults.DefaultSqlSession@229bef2b]
19:14:44.990 [http-nio-8080-exec-6] DEBUG org.mybatis.spring.SqlSessionUtils -- Transaction synchronization closing SqlSession [org.apache.ibatis.session.defaults.DefaultSqlSession@229bef2b]
19:14:44.990 [http-nio-8080-exec-6] DEBUG o.s.j.support.JdbcTransactionManager -- Initiating transaction commit
19:14:44.990 [http-nio-8080-exec-6] DEBUG o.s.j.support.JdbcTransactionManager -- Committing JDBC transaction on Connection [HikariProxyConnection@1515903146 wrapping oracle.jdbc.driver.T4CConnection@4ba68a9d]
19:14:44.991 [http-nio-8080-exec-6] DEBUG o.s.jdbc.datasource.DataSourceUtils -- Resetting read-only flag of JDBC Connection [HikariProxyConnection@1515903146 wrapping oracle.jdbc.driver.T4CConnection@4ba68a9d]
19:14:44.991 [http-nio-8080-exec-6] DEBUG o.s.j.support.JdbcTransactionManager -- Releasing JDBC Connection [HikariProxyConnection@1515903146 wrapping oracle.jdbc.driver.T4CConnection@4ba68a9d] after transaction
19:14:45.034 [http-nio-8080-exec-6] DEBUG o.s.web.servlet.view.JstlView -- View name [/insttn/coursemanage], model {activeCourses=[com.learn.bbs.pltad.crsinf.vo.CrsInfPltadReadResponseVO@439673e2, com.learn.bbs.pltad.crsinf.vo.CrsInfPltadReadResponseVO@2e39afac, com.learn.bbs.pltad.crsinf.vo.CrsInfPltadReadResponseVO@3e387e0, com.learn.bbs.pltad.crsinf.vo.CrsInfPltadReadResponseVO@73dee315, com.learn.bbs.pltad.crsinf.vo.CrsInfPltadReadResponseVO@32787ef, com.learn.bbs.pltad.crsinf.vo.CrsInfPltadReadResponseVO@60001ce8, com.learn.bbs.pltad.crsinf.vo.CrsInfPltadReadResponseVO@7f435b8f, com.learn.bbs.pltad.crsinf.vo.CrsInfPltadReadResponseVO@7b01d939, com.learn.bbs.pltad.crsinf.vo.CrsInfPltadReadResponseVO@44a62149, com.learn.bbs.pltad.crsinf.vo.CrsInfPltadReadResponseVO@24a19269, com.learn.bbs.pltad.crsinf.vo.CrsInfPltadReadResponseVO@415b3a51, com.learn.bbs.pltad.crsinf.vo.CrsInfPltadReadResponseVO@3466fb52, com.learn.bbs.pltad.crsinf.vo.CrsInfPltadReadResponseVO@41bf38fe, com.learn.bbs.pltad.crsinf.vo.CrsInfPltadReadResponseVO@6925d87a, com.learn.bbs.pltad.crsinf.vo.CrsInfPltadReadResponseVO@71b4febd, com.learn.bbs.pltad.crsinf.vo.CrsInfPltadReadResponseVO@720b37b2, com.learn.bbs.pltad.crsinf.vo.CrsInfPltadReadResponseVO@4acb99c5, com.learn.bbs.pltad.crsinf.vo.CrsInfPltadReadResponseVO@dea7eee, com.learn.bbs.pltad.crsinf.vo.CrsInfPltadReadResponseVO@5bfd38f8, com.learn.bbs.pltad.crsinf.vo.CrsInfPltadReadResponseVO@70e03292, com.learn.bbs.pltad.crsinf.vo.CrsInfPltadReadResponseVO@66f388fa, com.learn.bbs.pltad.crsinf.vo.CrsInfPltadReadResponseVO@383097c4, com.learn.bbs.pltad.crsinf.vo.CrsInfPltadReadResponseVO@a3842c2, com.learn.bbs.pltad.crsinf.vo.CrsInfPltadReadResponseVO@7b3d85b5, com.learn.bbs.pltad.crsinf.vo.CrsInfPltadReadResponseVO@1737670, com.learn.bbs.pltad.crsinf.vo.CrsInfPltadReadResponseVO@3dc14f2d, com.learn.bbs.pltad.crsinf.vo.CrsInfPltadReadResponseVO@75a73405, com.learn.bbs.pltad.crsinf.vo.CrsInfPltadReadResponseVO@62a00729, com.learn.bbs.pltad.crsinf.vo.CrsInfPltadReadResponseVO@78fa3dfb, com.learn.bbs.pltad.crsinf.vo.CrsInfPltadReadResponseVO@4f75bdee, com.learn.bbs.pltad.crsinf.vo.CrsInfPltadReadResponseVO@33ebf19, com.learn.bbs.pltad.crsinf.vo.CrsInfPltadReadResponseVO@61c57918, com.learn.bbs.pltad.crsinf.vo.CrsInfPltadReadResponseVO@48f9953e, com.learn.bbs.pltad.crsinf.vo.CrsInfPltadReadResponseVO@2a01db02, com.learn.bbs.pltad.crsinf.vo.CrsInfPltadReadResponseVO@5cb17f2c, com.learn.bbs.pltad.crsinf.vo.CrsInfPltadReadResponseVO@1676d01b, com.learn.bbs.pltad.crsinf.vo.CrsInfPltadReadResponseVO@1222e78e, com.learn.bbs.pltad.crsinf.vo.CrsInfPltadReadResponseVO@365ff703], inactiveCourses=[com.learn.bbs.pltad.crsinf.vo.CrsInfPltadFinishedReadResponseVO@6140b6fb, com.learn.bbs.pltad.crsinf.vo.CrsInfPltadFinishedReadResponseVO@411654c0]}
19:14:45.040 [http-nio-8080-exec-6] DEBUG o.s.web.servlet.view.JstlView -- Forwarding to [/WEB-INF/views//insttn/coursemanage.jsp]
19:14:45.696 [http-nio-8080-exec-6] DEBUG o.s.web.servlet.DispatcherServlet -- Completed 200 OK
19:14:45.812 [http-nio-8080-exec-10] DEBUG o.s.web.servlet.DispatcherServlet -- GET "/js/common.js", parameters={}
19:14:45.832 [http-nio-8080-exec-10] DEBUG o.s.w.s.h.SimpleUrlHandlerMapping -- Mapped to ResourceHttpRequestHandler [classpath [static/]]
19:14:45.844 [http-nio-8080-exec-10] DEBUG o.s.web.servlet.DispatcherServlet -- Completed 200 OK
19:14:51.604 [http-nio-8080-exec-2] DEBUG o.s.web.servlet.DispatcherServlet -- GET "/insttn/pltad", parameters={}
19:14:51.616 [http-nio-8080-exec-2] DEBUG o.s.w.s.m.m.a.RequestMappingHandlerMapping -- Mapped to com.learn.bbs.pltad.crsinf.web.CrsInfController#showAllCourses(Model)
19:14:51.623 [http-nio-8080-exec-2] DEBUG o.s.j.support.JdbcTransactionManager -- Creating new transaction with name [com.learn.bbs.pltad.crsinf.service.impl.CrsInfServiceImpl.selectAllCourseForPltad]: PROPAGATION_REQUIRED,ISOLATION_DEFAULT,readOnly
19:14:51.651 [http-nio-8080-exec-2] DEBUG o.s.j.support.JdbcTransactionManager -- Acquired Connection [HikariProxyConnection@581976424 wrapping oracle.jdbc.driver.T4CConnection@4ba68a9d] for JDBC transaction
19:14:51.651 [http-nio-8080-exec-2] DEBUG o.s.jdbc.datasource.DataSourceUtils -- Setting JDBC Connection [HikariProxyConnection@581976424 wrapping oracle.jdbc.driver.T4CConnection@4ba68a9d] read-only
19:14:51.652 [http-nio-8080-exec-2] DEBUG o.s.j.support.JdbcTransactionManager -- Switching JDBC Connection [HikariProxyConnection@581976424 wrapping oracle.jdbc.driver.T4CConnection@4ba68a9d] to manual commit
19:14:51.653 [http-nio-8080-exec-2] DEBUG org.mybatis.spring.SqlSessionUtils -- Creating a new SqlSession
19:14:51.653 [http-nio-8080-exec-2] DEBUG org.mybatis.spring.SqlSessionUtils -- Registering transaction synchronization for SqlSession [org.apache.ibatis.session.defaults.DefaultSqlSession@e3cc11]
19:14:51.654 [http-nio-8080-exec-2] DEBUG o.m.s.t.SpringManagedTransaction -- JDBC Connection [HikariProxyConnection@581976424 wrapping oracle.jdbc.driver.T4CConnection@4ba68a9d] will be managed by Spring
19:14:51.654 [http-nio-8080-exec-2] DEBUG c.l.b.p.c.d.i.C.selectAllCourseForPltad -- ==>  Preparing: SELECT C.CRS_INF_ID , C.CRS_INF_NM , C.CRS_INF_ST_DT , C.CRS_INF_END_DT , C.CRS_INF_DDLN_DT , C.CRS_INF_PRS_CNT , COUNT(A.APP_HSTR_ID) AS CRS_CUR_PRS_CNT FROM CRS_INF C LEFT JOIN APP_HSTR A ON C.CRS_INF_ID = A.CRS_INF_ID LEFT JOIN CNCL_HSTR CN ON A.APP_HSTR_ID = CN.APP_HSTR_ID WHERE C.CRS_INF_DEL_YN = 'N' AND C.CRS_INF_DDLN_YN = 'N' AND CN.CNCL_HSTR_ID IS NULL GROUP BY C.CRS_INF_ID , C.CRS_INF_NM , C.CRS_INF_ST_DT , C.CRS_INF_END_DT , C.CRS_INF_DDLN_DT , C.CRS_INF_PRS_CNT ORDER BY C.CRS_INF_ST_DT DESC
19:14:51.656 [http-nio-8080-exec-2] DEBUG c.l.b.p.c.d.i.C.selectAllCourseForPltad -- ==> Parameters: 
19:14:51.724 [http-nio-8080-exec-2] DEBUG c.l.b.p.c.d.i.C.selectAllCourseForPltad -- <==      Total: 38
19:14:51.725 [http-nio-8080-exec-2] DEBUG org.mybatis.spring.SqlSessionUtils -- Releasing transactional SqlSession [org.apache.ibatis.session.defaults.DefaultSqlSession@e3cc11]
19:14:51.725 [http-nio-8080-exec-2] DEBUG org.mybatis.spring.SqlSessionUtils -- Transaction synchronization committing SqlSession [org.apache.ibatis.session.defaults.DefaultSqlSession@e3cc11]
19:14:51.725 [http-nio-8080-exec-2] DEBUG org.mybatis.spring.SqlSessionUtils -- Transaction synchronization deregistering SqlSession [org.apache.ibatis.session.defaults.DefaultSqlSession@e3cc11]
19:14:51.725 [http-nio-8080-exec-2] DEBUG org.mybatis.spring.SqlSessionUtils -- Transaction synchronization closing SqlSession [org.apache.ibatis.session.defaults.DefaultSqlSession@e3cc11]
19:14:51.725 [http-nio-8080-exec-2] DEBUG o.s.j.support.JdbcTransactionManager -- Initiating transaction commit
19:14:51.725 [http-nio-8080-exec-2] DEBUG o.s.j.support.JdbcTransactionManager -- Committing JDBC transaction on Connection [HikariProxyConnection@581976424 wrapping oracle.jdbc.driver.T4CConnection@4ba68a9d]
19:14:51.725 [http-nio-8080-exec-2] DEBUG o.s.jdbc.datasource.DataSourceUtils -- Resetting read-only flag of JDBC Connection [HikariProxyConnection@581976424 wrapping oracle.jdbc.driver.T4CConnection@4ba68a9d]
19:14:51.725 [http-nio-8080-exec-2] DEBUG o.s.j.support.JdbcTransactionManager -- Releasing JDBC Connection [HikariProxyConnection@581976424 wrapping oracle.jdbc.driver.T4CConnection@4ba68a9d] after transaction
19:14:51.728 [http-nio-8080-exec-2] DEBUG o.s.j.support.JdbcTransactionManager -- Creating new transaction with name [com.learn.bbs.pltad.crsinf.service.impl.CrsInfServiceImpl.selectAllFinishedCourseForPltad]: PROPAGATION_REQUIRED,ISOLATION_DEFAULT,readOnly
19:14:51.728 [http-nio-8080-exec-2] DEBUG o.s.j.support.JdbcTransactionManager -- Acquired Connection [HikariProxyConnection@1972551414 wrapping oracle.jdbc.driver.T4CConnection@4ba68a9d] for JDBC transaction
19:14:51.728 [http-nio-8080-exec-2] DEBUG o.s.jdbc.datasource.DataSourceUtils -- Setting JDBC Connection [HikariProxyConnection@1972551414 wrapping oracle.jdbc.driver.T4CConnection@4ba68a9d] read-only
19:14:51.728 [http-nio-8080-exec-2] DEBUG o.s.j.support.JdbcTransactionManager -- Switching JDBC Connection [HikariProxyConnection@1972551414 wrapping oracle.jdbc.driver.T4CConnection@4ba68a9d] to manual commit
19:14:51.728 [http-nio-8080-exec-2] DEBUG org.mybatis.spring.SqlSessionUtils -- Creating a new SqlSession
19:14:51.728 [http-nio-8080-exec-2] DEBUG org.mybatis.spring.SqlSessionUtils -- Registering transaction synchronization for SqlSession [org.apache.ibatis.session.defaults.DefaultSqlSession@8528bad]
19:14:51.728 [http-nio-8080-exec-2] DEBUG o.m.s.t.SpringManagedTransaction -- JDBC Connection [HikariProxyConnection@1972551414 wrapping oracle.jdbc.driver.T4CConnection@4ba68a9d] will be managed by Spring
19:14:51.728 [http-nio-8080-exec-2] DEBUG c.l.b.p.c.d.i.C.selectAllFinishedCourseForPltad -- ==>  Preparing: SELECT C.CRS_INF_ID , C.CRS_INF_NM , C.CRS_INF_ST_DT , C.CRS_INF_END_DT FROM CRS_INF C WHERE C.CRS_INF_DEL_YN = 'N' AND C.CRS_INF_DDLN_YN = 'Y' GROUP BY C.CRS_INF_ID , C.CRS_INF_NM , C.CRS_INF_ST_DT , C.CRS_INF_END_DT , C.CRS_INF_PRS_CNT ORDER BY C.CRS_INF_ST_DT DESC
19:14:51.728 [http-nio-8080-exec-2] DEBUG c.l.b.p.c.d.i.C.selectAllFinishedCourseForPltad -- ==> Parameters: 
19:14:51.743 [http-nio-8080-exec-2] DEBUG c.l.b.p.c.d.i.C.selectAllFinishedCourseForPltad -- <==      Total: 2
19:14:51.743 [http-nio-8080-exec-2] DEBUG org.mybatis.spring.SqlSessionUtils -- Releasing transactional SqlSession [org.apache.ibatis.session.defaults.DefaultSqlSession@8528bad]
19:14:51.743 [http-nio-8080-exec-2] DEBUG org.mybatis.spring.SqlSessionUtils -- Transaction synchronization committing SqlSession [org.apache.ibatis.session.defaults.DefaultSqlSession@8528bad]
19:14:51.743 [http-nio-8080-exec-2] DEBUG org.mybatis.spring.SqlSessionUtils -- Transaction synchronization deregistering SqlSession [org.apache.ibatis.session.defaults.DefaultSqlSession@8528bad]
19:14:51.743 [http-nio-8080-exec-2] DEBUG org.mybatis.spring.SqlSessionUtils -- Transaction synchronization closing SqlSession [org.apache.ibatis.session.defaults.DefaultSqlSession@8528bad]
19:14:51.743 [http-nio-8080-exec-2] DEBUG o.s.j.support.JdbcTransactionManager -- Initiating transaction commit
19:14:51.743 [http-nio-8080-exec-2] DEBUG o.s.j.support.JdbcTransactionManager -- Committing JDBC transaction on Connection [HikariProxyConnection@1972551414 wrapping oracle.jdbc.driver.T4CConnection@4ba68a9d]
19:14:51.743 [http-nio-8080-exec-2] DEBUG o.s.jdbc.datasource.DataSourceUtils -- Resetting read-only flag of JDBC Connection [HikariProxyConnection@1972551414 wrapping oracle.jdbc.driver.T4CConnection@4ba68a9d]
19:14:51.743 [http-nio-8080-exec-2] DEBUG o.s.j.support.JdbcTransactionManager -- Releasing JDBC Connection [HikariProxyConnection@1972551414 wrapping oracle.jdbc.driver.T4CConnection@4ba68a9d] after transaction
19:14:51.750 [http-nio-8080-exec-2] DEBUG o.s.web.servlet.view.JstlView -- View name [/insttn/coursemanage], model {activeCourses=[com.learn.bbs.pltad.crsinf.vo.CrsInfPltadReadResponseVO@2298262d, com.learn.bbs.pltad.crsinf.vo.CrsInfPltadReadResponseVO@656f192a, com.learn.bbs.pltad.crsinf.vo.CrsInfPltadReadResponseVO@b622ae, com.learn.bbs.pltad.crsinf.vo.CrsInfPltadReadResponseVO@48053c0a, com.learn.bbs.pltad.crsinf.vo.CrsInfPltadReadResponseVO@2bcfc269, com.learn.bbs.pltad.crsinf.vo.CrsInfPltadReadResponseVO@36743873, com.learn.bbs.pltad.crsinf.vo.CrsInfPltadReadResponseVO@766df41, com.learn.bbs.pltad.crsinf.vo.CrsInfPltadReadResponseVO@666256cb, com.learn.bbs.pltad.crsinf.vo.CrsInfPltadReadResponseVO@336b1ce4, com.learn.bbs.pltad.crsinf.vo.CrsInfPltadReadResponseVO@24cb0d5a, com.learn.bbs.pltad.crsinf.vo.CrsInfPltadReadResponseVO@15664255, com.learn.bbs.pltad.crsinf.vo.CrsInfPltadReadResponseVO@61469a3c, com.learn.bbs.pltad.crsinf.vo.CrsInfPltadReadResponseVO@aa136cc, com.learn.bbs.pltad.crsinf.vo.CrsInfPltadReadResponseVO@767c5b1f, com.learn.bbs.pltad.crsinf.vo.CrsInfPltadReadResponseVO@512fdb6f, com.learn.bbs.pltad.crsinf.vo.CrsInfPltadReadResponseVO@46d2c0c, com.learn.bbs.pltad.crsinf.vo.CrsInfPltadReadResponseVO@7f96d1b, com.learn.bbs.pltad.crsinf.vo.CrsInfPltadReadResponseVO@13497a58, com.learn.bbs.pltad.crsinf.vo.CrsInfPltadReadResponseVO@3c123ffd, com.learn.bbs.pltad.crsinf.vo.CrsInfPltadReadResponseVO@5172793f, com.learn.bbs.pltad.crsinf.vo.CrsInfPltadReadResponseVO@1daf57bf, com.learn.bbs.pltad.crsinf.vo.CrsInfPltadReadResponseVO@45ec75e8, com.learn.bbs.pltad.crsinf.vo.CrsInfPltadReadResponseVO@68ac577f, com.learn.bbs.pltad.crsinf.vo.CrsInfPltadReadResponseVO@2ad560d4, com.learn.bbs.pltad.crsinf.vo.CrsInfPltadReadResponseVO@4da0c89e, com.learn.bbs.pltad.crsinf.vo.CrsInfPltadReadResponseVO@6b45a7f7, com.learn.bbs.pltad.crsinf.vo.CrsInfPltadReadResponseVO@6158124f, com.learn.bbs.pltad.crsinf.vo.CrsInfPltadReadResponseVO@608a0d70, com.learn.bbs.pltad.crsinf.vo.CrsInfPltadReadResponseVO@2ba5ddc7, com.learn.bbs.pltad.crsinf.vo.CrsInfPltadReadResponseVO@6d99ad5b, com.learn.bbs.pltad.crsinf.vo.CrsInfPltadReadResponseVO@4cf210cd, com.learn.bbs.pltad.crsinf.vo.CrsInfPltadReadResponseVO@7c2375ae, com.learn.bbs.pltad.crsinf.vo.CrsInfPltadReadResponseVO@79edd408, com.learn.bbs.pltad.crsinf.vo.CrsInfPltadReadResponseVO@593e4d1b, com.learn.bbs.pltad.crsinf.vo.CrsInfPltadReadResponseVO@5965a89, com.learn.bbs.pltad.crsinf.vo.CrsInfPltadReadResponseVO@627fd190, com.learn.bbs.pltad.crsinf.vo.CrsInfPltadReadResponseVO@75a50443, com.learn.bbs.pltad.crsinf.vo.CrsInfPltadReadResponseVO@5ed8d979], inactiveCourses=[com.learn.bbs.pltad.crsinf.vo.CrsInfPltadFinishedReadResponseVO@692d9239, com.learn.bbs.pltad.crsinf.vo.CrsInfPltadFinishedReadResponseVO@75423ddd]}
19:14:51.751 [http-nio-8080-exec-2] DEBUG o.s.web.servlet.view.JstlView -- Forwarding to [/WEB-INF/views//insttn/coursemanage.jsp]
19:14:51.760 [http-nio-8080-exec-2] DEBUG o.s.web.servlet.DispatcherServlet -- Completed 200 OK
19:14:51.800 [http-nio-8080-exec-1] DEBUG o.s.web.servlet.DispatcherServlet -- GET "/js/common.js", parameters={}
19:14:51.800 [http-nio-8080-exec-4] DEBUG o.s.web.servlet.DispatcherServlet -- GET "/css/common.css", parameters={}
19:14:51.802 [http-nio-8080-exec-8] DEBUG o.s.web.servlet.DispatcherServlet -- GET "/js/jquery-3.7.1.min.js", parameters={}
19:14:51.820 [http-nio-8080-exec-4] DEBUG o.s.w.s.h.SimpleUrlHandlerMapping -- Mapped to ResourceHttpRequestHandler [classpath [static/]]
19:14:51.820 [http-nio-8080-exec-8] DEBUG o.s.w.s.h.SimpleUrlHandlerMapping -- Mapped to ResourceHttpRequestHandler [classpath [static/]]
19:14:51.820 [http-nio-8080-exec-1] DEBUG o.s.w.s.h.SimpleUrlHandlerMapping -- Mapped to ResourceHttpRequestHandler [classpath [static/]]
19:14:51.838 [http-nio-8080-exec-4] DEBUG o.s.web.servlet.DispatcherServlet -- Completed 200 OK
19:14:51.839 [http-nio-8080-exec-1] DEBUG o.s.web.servlet.DispatcherServlet -- Completed 200 OK
19:14:51.847 [http-nio-8080-exec-8] DEBUG o.s.web.servlet.DispatcherServlet -- Completed 200 OK
19:14:51.907 [http-nio-8080-exec-5] DEBUG o.s.web.servlet.DispatcherServlet -- GET "/asset/icon/sidebar_close.svg", parameters={}
19:14:51.908 [http-nio-8080-exec-6] DEBUG o.s.web.servlet.DispatcherServlet -- GET "/asset/icon/arrow_up.svg", parameters={}
19:14:51.908 [http-nio-8080-exec-7] DEBUG o.s.web.servlet.DispatcherServlet -- GET "/asset/logo/learnual-logo-text.svg", parameters={}
19:14:51.908 [http-nio-8080-exec-3] DEBUG o.s.web.servlet.DispatcherServlet -- GET "/asset/icon/setting.svg", parameters={}
19:14:51.908 [http-nio-8080-exec-10] DEBUG o.s.web.servlet.DispatcherServlet -- GET "/asset/icon/notification.svg", parameters={}
19:14:51.911 [http-nio-8080-exec-6] DEBUG o.s.w.s.h.SimpleUrlHandlerMapping -- Mapped to ResourceHttpRequestHandler [classpath [static/asset/]]
19:14:51.911 [http-nio-8080-exec-10] DEBUG o.s.w.s.h.SimpleUrlHandlerMapping -- Mapped to ResourceHttpRequestHandler [classpath [static/asset/]]
19:14:51.912 [http-nio-8080-exec-3] DEBUG o.s.w.s.h.SimpleUrlHandlerMapping -- Mapped to ResourceHttpRequestHandler [classpath [static/asset/]]
19:14:51.912 [http-nio-8080-exec-5] DEBUG o.s.w.s.h.SimpleUrlHandlerMapping -- Mapped to ResourceHttpRequestHandler [classpath [static/asset/]]
19:14:51.912 [http-nio-8080-exec-7] DEBUG o.s.w.s.h.SimpleUrlHandlerMapping -- Mapped to ResourceHttpRequestHandler [classpath [static/asset/]]
19:14:52.076 [http-nio-8080-exec-6] DEBUG o.s.web.servlet.DispatcherServlet -- Completed 200 OK
19:14:52.076 [http-nio-8080-exec-10] DEBUG o.s.web.servlet.DispatcherServlet -- Completed 200 OK
19:14:52.076 [http-nio-8080-exec-3] DEBUG o.s.web.servlet.DispatcherServlet -- Completed 200 OK
19:14:52.077 [http-nio-8080-exec-7] DEBUG o.s.web.servlet.DispatcherServlet -- Completed 200 OK
19:14:52.080 [http-nio-8080-exec-5] DEBUG o.s.web.servlet.DispatcherServlet -- Completed 200 OK
19:14:52.315 [http-nio-8080-exec-9] DEBUG o.s.web.servlet.DispatcherServlet -- GET "/favicon.ico", parameters={}
19:14:52.329 [http-nio-8080-exec-9] WARN  o.s.web.servlet.PageNotFound -- No mapping for GET /favicon.ico
19:14:52.350 [http-nio-8080-exec-9] DEBUG o.s.w.s.m.m.a.ExceptionHandlerExceptionResolver -- Using @ExceptionHandler com.learn.exceptions.GlobalExceptionHandler#viewNoHandlerFoundExceptionPage(NoHandlerFoundException)
19:14:52.354 [http-nio-8080-exec-9] DEBUG o.s.w.s.m.m.a.ExceptionHandlerExceptionResolver -- Resolved [org.springframework.web.servlet.NoHandlerFoundException: No endpoint GET /favicon.ico.] to ModelAndView [view="error/404"; model={}]
19:14:52.354 [http-nio-8080-exec-9] DEBUG o.s.web.servlet.DispatcherServlet -- Using resolved error view: ModelAndView [view="error/404"; model={}]
19:14:52.355 [http-nio-8080-exec-9] DEBUG o.s.web.servlet.view.JstlView -- View name [error/404], model {}
19:14:52.355 [http-nio-8080-exec-9] DEBUG o.s.web.servlet.view.JstlView -- Forwarding to [/WEB-INF/views/error/404.jsp]
19:14:52.356 [http-nio-8080-exec-9] DEBUG o.s.web.servlet.DispatcherServlet -- Completed 404 NOT_FOUND
19:14:52.356 [http-nio-8080-exec-9] DEBUG o.s.web.servlet.DispatcherServlet -- "ERROR" dispatch for GET "/error", parameters={}
19:14:52.359 [http-nio-8080-exec-9] DEBUG o.s.w.s.m.m.a.RequestMappingHandlerMapping -- Mapped to org.springframework.boot.autoconfigure.web.servlet.error.BasicErrorController#error(HttpServletRequest)
19:14:52.381 [http-nio-8080-exec-9] DEBUG o.s.w.s.m.m.a.HttpEntityMethodProcessor -- Using 'application/json;q=0.8', given [image/avif, image/webp, image/apng, image/svg+xml, image/*, */*;q=0.8] and supported [application/json, application/*+json]
19:14:52.390 [http-nio-8080-exec-9] DEBUG o.s.w.s.m.m.a.HttpEntityMethodProcessor -- Writing [{timestamp=Fri Apr 18 19:14:52 KST 2025, status=404, error=Not Found, trace=org.springframework.web. (truncated)...]
19:14:52.403 [http-nio-8080-exec-9] DEBUG o.s.web.servlet.DispatcherServlet -- Exiting from "ERROR" dispatch, status 404
