19:16:24.128 [HikariPool-3 housekeeper] DEBUG com.zaxxer.hikari.pool.HikariPool -- HikariPool-3 - Pool stats (total=10, active=0, idle=10, waiting=0)
19:16:24.153 [HikariPool-3 housekeeper] DEBUG com.zaxxer.hikari.pool.HikariPool -- HikariPool-3 - Fill pool skipped, pool has sufficient level or currently being filled.
19:16:27.690 [http-nio-8080-exec-8] DEBUG o.s.web.servlet.DispatcherServlet -- GET "/insttn/pltad", parameters={}
19:16:27.718 [http-nio-8080-exec-8] DEBUG o.s.w.s.m.m.a.RequestMappingHandlerMapping -- Mapped to com.learn.bbs.pltad.crsinf.web.CrsInfController#showAllCourses(Model)
19:16:27.744 [http-nio-8080-exec-8] DEBUG o.s.j.support.JdbcTransactionManager -- Creating new transaction with name [com.learn.bbs.pltad.crsinf.service.impl.CrsInfServiceImpl.selectAllCourseForPltad]: PROPAGATION_REQUIRED,ISOLATION_DEFAULT,readOnly
19:16:28.254 [http-nio-8080-exec-8] DEBUG o.s.j.support.JdbcTransactionManager -- Acquired Connection [HikariProxyConnection@1719608110 wrapping oracle.jdbc.driver.T4CConnection@43798907] for JDBC transaction
19:16:28.260 [http-nio-8080-exec-8] DEBUG o.s.jdbc.datasource.DataSourceUtils -- Setting JDBC Connection [HikariProxyConnection@1719608110 wrapping oracle.jdbc.driver.T4CConnection@43798907] read-only
19:16:28.260 [http-nio-8080-exec-8] DEBUG o.s.j.support.JdbcTransactionManager -- Switching JDBC Connection [HikariProxyConnection@1719608110 wrapping oracle.jdbc.driver.T4CConnection@43798907] to manual commit
19:16:28.267 [http-nio-8080-exec-8] DEBUG org.mybatis.spring.SqlSessionUtils -- Creating a new SqlSession
19:16:28.274 [http-nio-8080-exec-8] DEBUG org.mybatis.spring.SqlSessionUtils -- Registering transaction synchronization for SqlSession [org.apache.ibatis.session.defaults.DefaultSqlSession@68b8c191]
19:16:28.289 [http-nio-8080-exec-8] DEBUG o.m.s.t.SpringManagedTransaction -- JDBC Connection [HikariProxyConnection@1719608110 wrapping oracle.jdbc.driver.T4CConnection@43798907] will be managed by Spring
19:16:28.297 [http-nio-8080-exec-8] DEBUG c.l.b.p.c.d.i.C.selectAllCourseForPltad -- ==>  Preparing: SELECT C.CRS_INF_ID , C.CRS_INF_NM , C.CRS_INF_ST_DT , C.CRS_INF_END_DT , C.CRS_INF_DDLN_DT , C.CRS_INF_PRS_CNT , COUNT(A.APP_HSTR_ID) AS CRS_CUR_PRS_CNT FROM CRS_INF C LEFT JOIN APP_HSTR A ON C.CRS_INF_ID = A.CRS_INF_ID LEFT JOIN CNCL_HSTR CN ON A.APP_HSTR_ID = CN.APP_HSTR_ID WHERE C.CRS_INF_DEL_YN = 'N' AND C.CRS_INF_DDLN_YN = 'N' AND CN.CNCL_HSTR_ID IS NULL GROUP BY C.CRS_INF_ID , C.CRS_INF_NM , C.CRS_INF_ST_DT , C.CRS_INF_END_DT , C.CRS_INF_DDLN_DT , C.CRS_INF_PRS_CNT ORDER BY C.CRS_INF_ST_DT DESC
19:16:28.311 [http-nio-8080-exec-8] DEBUG c.l.b.p.c.d.i.C.selectAllCourseForPltad -- ==> Parameters: 
19:16:28.613 [http-nio-8080-exec-8] DEBUG c.l.b.p.c.d.i.C.selectAllCourseForPltad -- <==      Total: 38
19:16:28.615 [http-nio-8080-exec-8] DEBUG org.mybatis.spring.SqlSessionUtils -- Releasing transactional SqlSession [org.apache.ibatis.session.defaults.DefaultSqlSession@68b8c191]
19:16:28.616 [http-nio-8080-exec-8] DEBUG org.mybatis.spring.SqlSessionUtils -- Transaction synchronization committing SqlSession [org.apache.ibatis.session.defaults.DefaultSqlSession@68b8c191]
19:16:28.616 [http-nio-8080-exec-8] DEBUG org.mybatis.spring.SqlSessionUtils -- Transaction synchronization deregistering SqlSession [org.apache.ibatis.session.defaults.DefaultSqlSession@68b8c191]
19:16:28.616 [http-nio-8080-exec-8] DEBUG org.mybatis.spring.SqlSessionUtils -- Transaction synchronization closing SqlSession [org.apache.ibatis.session.defaults.DefaultSqlSession@68b8c191]
19:16:28.616 [http-nio-8080-exec-8] DEBUG o.s.j.support.JdbcTransactionManager -- Initiating transaction commit
19:16:28.616 [http-nio-8080-exec-8] DEBUG o.s.j.support.JdbcTransactionManager -- Committing JDBC transaction on Connection [HikariProxyConnection@1719608110 wrapping oracle.jdbc.driver.T4CConnection@43798907]
19:16:28.617 [http-nio-8080-exec-8] DEBUG o.s.jdbc.datasource.DataSourceUtils -- Resetting read-only flag of JDBC Connection [HikariProxyConnection@1719608110 wrapping oracle.jdbc.driver.T4CConnection@43798907]
19:16:28.618 [http-nio-8080-exec-8] DEBUG o.s.j.support.JdbcTransactionManager -- Releasing JDBC Connection [HikariProxyConnection@1719608110 wrapping oracle.jdbc.driver.T4CConnection@43798907] after transaction
19:16:28.621 [http-nio-8080-exec-8] DEBUG o.s.j.support.JdbcTransactionManager -- Creating new transaction with name [com.learn.bbs.pltad.crsinf.service.impl.CrsInfServiceImpl.selectAllFinishedCourseForPltad]: PROPAGATION_REQUIRED,ISOLATION_DEFAULT,readOnly
19:16:28.621 [http-nio-8080-exec-8] DEBUG o.s.j.support.JdbcTransactionManager -- Acquired Connection [HikariProxyConnection@1306823150 wrapping oracle.jdbc.driver.T4CConnection@43798907] for JDBC transaction
19:16:28.621 [http-nio-8080-exec-8] DEBUG o.s.jdbc.datasource.DataSourceUtils -- Setting JDBC Connection [HikariProxyConnection@1306823150 wrapping oracle.jdbc.driver.T4CConnection@43798907] read-only
19:16:28.622 [http-nio-8080-exec-8] DEBUG o.s.j.support.JdbcTransactionManager -- Switching JDBC Connection [HikariProxyConnection@1306823150 wrapping oracle.jdbc.driver.T4CConnection@43798907] to manual commit
19:16:28.622 [http-nio-8080-exec-8] DEBUG org.mybatis.spring.SqlSessionUtils -- Creating a new SqlSession
19:16:28.623 [http-nio-8080-exec-8] DEBUG org.mybatis.spring.SqlSessionUtils -- Registering transaction synchronization for SqlSession [org.apache.ibatis.session.defaults.DefaultSqlSession@130ddacb]
19:16:28.624 [http-nio-8080-exec-8] DEBUG o.m.s.t.SpringManagedTransaction -- JDBC Connection [HikariProxyConnection@1306823150 wrapping oracle.jdbc.driver.T4CConnection@43798907] will be managed by Spring
19:16:28.625 [http-nio-8080-exec-8] DEBUG c.l.b.p.c.d.i.C.selectAllFinishedCourseForPltad -- ==>  Preparing: SELECT C.CRS_INF_ID , C.CRS_INF_NM , C.CRS_INF_ST_DT , C.CRS_INF_END_DT FROM CRS_INF C WHERE C.CRS_INF_DEL_YN = 'N' AND C.CRS_INF_DDLN_YN = 'Y' GROUP BY C.CRS_INF_ID , C.CRS_INF_NM , C.CRS_INF_ST_DT , C.CRS_INF_END_DT , C.CRS_INF_PRS_CNT ORDER BY C.CRS_INF_ST_DT DESC
19:16:28.626 [http-nio-8080-exec-8] DEBUG c.l.b.p.c.d.i.C.selectAllFinishedCourseForPltad -- ==> Parameters: 
19:16:28.717 [http-nio-8080-exec-8] DEBUG c.l.b.p.c.d.i.C.selectAllFinishedCourseForPltad -- <==      Total: 2
19:16:28.718 [http-nio-8080-exec-8] DEBUG org.mybatis.spring.SqlSessionUtils -- Releasing transactional SqlSession [org.apache.ibatis.session.defaults.DefaultSqlSession@130ddacb]
19:16:28.720 [http-nio-8080-exec-8] DEBUG org.mybatis.spring.SqlSessionUtils -- Transaction synchronization committing SqlSession [org.apache.ibatis.session.defaults.DefaultSqlSession@130ddacb]
19:16:28.721 [http-nio-8080-exec-8] DEBUG org.mybatis.spring.SqlSessionUtils -- Transaction synchronization deregistering SqlSession [org.apache.ibatis.session.defaults.DefaultSqlSession@130ddacb]
19:16:28.722 [http-nio-8080-exec-8] DEBUG org.mybatis.spring.SqlSessionUtils -- Transaction synchronization closing SqlSession [org.apache.ibatis.session.defaults.DefaultSqlSession@130ddacb]
19:16:28.722 [http-nio-8080-exec-8] DEBUG o.s.j.support.JdbcTransactionManager -- Initiating transaction commit
19:16:28.722 [http-nio-8080-exec-8] DEBUG o.s.j.support.JdbcTransactionManager -- Committing JDBC transaction on Connection [HikariProxyConnection@1306823150 wrapping oracle.jdbc.driver.T4CConnection@43798907]
19:16:28.724 [http-nio-8080-exec-8] DEBUG o.s.jdbc.datasource.DataSourceUtils -- Resetting read-only flag of JDBC Connection [HikariProxyConnection@1306823150 wrapping oracle.jdbc.driver.T4CConnection@43798907]
19:16:28.724 [http-nio-8080-exec-8] DEBUG o.s.j.support.JdbcTransactionManager -- Releasing JDBC Connection [HikariProxyConnection@1306823150 wrapping oracle.jdbc.driver.T4CConnection@43798907] after transaction
19:16:28.757 [http-nio-8080-exec-8] DEBUG o.s.web.servlet.view.JstlView -- View name [/insttn/coursemanage], model {activeCourses=[com.learn.bbs.pltad.crsinf.vo.CrsInfPltadReadResponseVO@5df1e498, com.learn.bbs.pltad.crsinf.vo.CrsInfPltadReadResponseVO@186d9d31, com.learn.bbs.pltad.crsinf.vo.CrsInfPltadReadResponseVO@604440fb, com.learn.bbs.pltad.crsinf.vo.CrsInfPltadReadResponseVO@15235631, com.learn.bbs.pltad.crsinf.vo.CrsInfPltadReadResponseVO@4724a529, com.learn.bbs.pltad.crsinf.vo.CrsInfPltadReadResponseVO@33d42ce9, com.learn.bbs.pltad.crsinf.vo.CrsInfPltadReadResponseVO@71d5e1f0, com.learn.bbs.pltad.crsinf.vo.CrsInfPltadReadResponseVO@7e48b325, com.learn.bbs.pltad.crsinf.vo.CrsInfPltadReadResponseVO@1ca74c28, com.learn.bbs.pltad.crsinf.vo.CrsInfPltadReadResponseVO@e069831, com.learn.bbs.pltad.crsinf.vo.CrsInfPltadReadResponseVO@50822260, com.learn.bbs.pltad.crsinf.vo.CrsInfPltadReadResponseVO@6be862ce, com.learn.bbs.pltad.crsinf.vo.CrsInfPltadReadResponseVO@4d08b597, com.learn.bbs.pltad.crsinf.vo.CrsInfPltadReadResponseVO@77f57b17, com.learn.bbs.pltad.crsinf.vo.CrsInfPltadReadResponseVO@3625d6ab, com.learn.bbs.pltad.crsinf.vo.CrsInfPltadReadResponseVO@1e732cb3, com.learn.bbs.pltad.crsinf.vo.CrsInfPltadReadResponseVO@165f86e7, com.learn.bbs.pltad.crsinf.vo.CrsInfPltadReadResponseVO@4a2e7af8, com.learn.bbs.pltad.crsinf.vo.CrsInfPltadReadResponseVO@52267d98, com.learn.bbs.pltad.crsinf.vo.CrsInfPltadReadResponseVO@55b7d5db, com.learn.bbs.pltad.crsinf.vo.CrsInfPltadReadResponseVO@3fb51934, com.learn.bbs.pltad.crsinf.vo.CrsInfPltadReadResponseVO@6f54d80, com.learn.bbs.pltad.crsinf.vo.CrsInfPltadReadResponseVO@675e3a7b, com.learn.bbs.pltad.crsinf.vo.CrsInfPltadReadResponseVO@c2c2246, com.learn.bbs.pltad.crsinf.vo.CrsInfPltadReadResponseVO@1b47e64e, com.learn.bbs.pltad.crsinf.vo.CrsInfPltadReadResponseVO@377231eb, com.learn.bbs.pltad.crsinf.vo.CrsInfPltadReadResponseVO@2169489c, com.learn.bbs.pltad.crsinf.vo.CrsInfPltadReadResponseVO@4c3a60e5, com.learn.bbs.pltad.crsinf.vo.CrsInfPltadReadResponseVO@686b8aba, com.learn.bbs.pltad.crsinf.vo.CrsInfPltadReadResponseVO@4eb01335, com.learn.bbs.pltad.crsinf.vo.CrsInfPltadReadResponseVO@25f69fd7, com.learn.bbs.pltad.crsinf.vo.CrsInfPltadReadResponseVO@3a54eec4, com.learn.bbs.pltad.crsinf.vo.CrsInfPltadReadResponseVO@e5e9d6e, com.learn.bbs.pltad.crsinf.vo.CrsInfPltadReadResponseVO@40b91e2b, com.learn.bbs.pltad.crsinf.vo.CrsInfPltadReadResponseVO@512039cc, com.learn.bbs.pltad.crsinf.vo.CrsInfPltadReadResponseVO@4c1fcfe2, com.learn.bbs.pltad.crsinf.vo.CrsInfPltadReadResponseVO@36d08ee2, com.learn.bbs.pltad.crsinf.vo.CrsInfPltadReadResponseVO@3e109655], inactiveCourses=[com.learn.bbs.pltad.crsinf.vo.CrsInfPltadFinishedReadResponseVO@6e2e2602, com.learn.bbs.pltad.crsinf.vo.CrsInfPltadFinishedReadResponseVO@5c7c84fa]}
19:16:28.760 [http-nio-8080-exec-8] DEBUG o.s.web.servlet.view.JstlView -- Forwarding to [/WEB-INF/views//insttn/coursemanage.jsp]
19:16:28.806 [http-nio-8080-exec-8] DEBUG o.s.web.servlet.DispatcherServlet -- Completed 200 OK
19:16:28.874 [http-nio-8080-exec-2] DEBUG o.s.web.servlet.DispatcherServlet -- GET "/js/common.js", parameters={}
19:16:28.909 [http-nio-8080-exec-2] DEBUG o.s.w.s.h.SimpleUrlHandlerMapping -- Mapped to ResourceHttpRequestHandler [classpath [static/]]
19:16:28.918 [http-nio-8080-exec-2] DEBUG o.s.web.servlet.DispatcherServlet -- Completed 200 OK
19:16:54.161 [HikariPool-3 housekeeper] DEBUG com.zaxxer.hikari.pool.HikariPool -- HikariPool-3 - Pool stats (total=10, active=0, idle=10, waiting=0)
19:16:54.163 [HikariPool-3 housekeeper] DEBUG com.zaxxer.hikari.pool.HikariPool -- HikariPool-3 - Fill pool skipped, pool has sufficient level or currently being filled.
