19:20:12.759 [http-nio-8080-exec-8] DEBUG o.s.web.servlet.DispatcherServlet -- GET "/insttn/pltad", parameters={}
19:20:12.782 [http-nio-8080-exec-8] DEBUG o.s.w.s.m.m.a.RequestMappingHandlerMapping -- Mapped to com.learn.bbs.pltad.crsinf.web.CrsInfController#showAllCourses(Model)
19:20:12.807 [http-nio-8080-exec-8] DEBUG o.s.j.support.JdbcTransactionManager -- Creating new transaction with name [com.learn.bbs.pltad.crsinf.service.impl.CrsInfServiceImpl.selectAllCourseForPltad]: PROPAGATION_REQUIRED,ISOLATION_DEFAULT,readOnly
19:20:12.872 [http-nio-8080-exec-8] DEBUG o.s.j.support.JdbcTransactionManager -- Acquired Connection [HikariProxyConnection@246127589 wrapping oracle.jdbc.driver.T4CConnection@43798907] for JDBC transaction
19:20:12.873 [http-nio-8080-exec-8] DEBUG o.s.jdbc.datasource.DataSourceUtils -- Setting JDBC Connection [HikariProxyConnection@246127589 wrapping oracle.jdbc.driver.T4CConnection@43798907] read-only
19:20:12.873 [http-nio-8080-exec-8] DEBUG o.s.j.support.JdbcTransactionManager -- Switching JDBC Connection [HikariProxyConnection@246127589 wrapping oracle.jdbc.driver.T4CConnection@43798907] to manual commit
19:20:12.875 [http-nio-8080-exec-8] DEBUG org.mybatis.spring.SqlSessionUtils -- Creating a new SqlSession
19:20:12.877 [http-nio-8080-exec-8] DEBUG org.mybatis.spring.SqlSessionUtils -- Registering transaction synchronization for SqlSession [org.apache.ibatis.session.defaults.DefaultSqlSession@671110e2]
19:20:12.879 [http-nio-8080-exec-8] DEBUG o.m.s.t.SpringManagedTransaction -- JDBC Connection [HikariProxyConnection@246127589 wrapping oracle.jdbc.driver.T4CConnection@43798907] will be managed by Spring
19:20:12.883 [http-nio-8080-exec-8] DEBUG c.l.b.p.c.d.i.C.selectAllCourseForPltad -- ==>  Preparing: SELECT C.CRS_INF_ID , C.CRS_INF_NM , C.CRS_INF_ST_DT , C.CRS_INF_END_DT , C.CRS_INF_DDLN_DT , C.CRS_INF_PRS_CNT , COUNT(A.APP_HSTR_ID) AS CRS_CUR_PRS_CNT FROM CRS_INF C LEFT JOIN APP_HSTR A ON C.CRS_INF_ID = A.CRS_INF_ID LEFT JOIN CNCL_HSTR CN ON A.APP_HSTR_ID = CN.APP_HSTR_ID WHERE C.CRS_INF_DEL_YN = 'N' AND C.CRS_INF_DDLN_YN = 'N' AND CN.CNCL_HSTR_ID IS NULL GROUP BY C.CRS_INF_ID , C.CRS_INF_NM , C.CRS_INF_ST_DT , C.CRS_INF_END_DT , C.CRS_INF_DDLN_DT , C.CRS_INF_PRS_CNT ORDER BY C.CRS_INF_ST_DT DESC
19:20:12.892 [http-nio-8080-exec-8] DEBUG c.l.b.p.c.d.i.C.selectAllCourseForPltad -- ==> Parameters: 
19:20:13.105 [http-nio-8080-exec-8] DEBUG c.l.b.p.c.d.i.C.selectAllCourseForPltad -- <==      Total: 38
19:20:13.106 [http-nio-8080-exec-8] DEBUG org.mybatis.spring.SqlSessionUtils -- Releasing transactional SqlSession [org.apache.ibatis.session.defaults.DefaultSqlSession@671110e2]
19:20:13.107 [http-nio-8080-exec-8] DEBUG org.mybatis.spring.SqlSessionUtils -- Transaction synchronization committing SqlSession [org.apache.ibatis.session.defaults.DefaultSqlSession@671110e2]
19:20:13.107 [http-nio-8080-exec-8] DEBUG org.mybatis.spring.SqlSessionUtils -- Transaction synchronization deregistering SqlSession [org.apache.ibatis.session.defaults.DefaultSqlSession@671110e2]
19:20:13.107 [http-nio-8080-exec-8] DEBUG org.mybatis.spring.SqlSessionUtils -- Transaction synchronization closing SqlSession [org.apache.ibatis.session.defaults.DefaultSqlSession@671110e2]
19:20:13.107 [http-nio-8080-exec-8] DEBUG o.s.j.support.JdbcTransactionManager -- Initiating transaction commit
19:20:13.107 [http-nio-8080-exec-8] DEBUG o.s.j.support.JdbcTransactionManager -- Committing JDBC transaction on Connection [HikariProxyConnection@246127589 wrapping oracle.jdbc.driver.T4CConnection@43798907]
19:20:13.109 [http-nio-8080-exec-8] DEBUG o.s.jdbc.datasource.DataSourceUtils -- Resetting read-only flag of JDBC Connection [HikariProxyConnection@246127589 wrapping oracle.jdbc.driver.T4CConnection@43798907]
19:20:13.109 [http-nio-8080-exec-8] DEBUG o.s.j.support.JdbcTransactionManager -- Releasing JDBC Connection [HikariProxyConnection@246127589 wrapping oracle.jdbc.driver.T4CConnection@43798907] after transaction
19:20:13.110 [http-nio-8080-exec-8] DEBUG o.s.j.support.JdbcTransactionManager -- Creating new transaction with name [com.learn.bbs.pltad.crsinf.service.impl.CrsInfServiceImpl.selectAllFinishedCourseForPltad]: PROPAGATION_REQUIRED,ISOLATION_DEFAULT,readOnly
19:20:13.110 [http-nio-8080-exec-8] DEBUG o.s.j.support.JdbcTransactionManager -- Acquired Connection [HikariProxyConnection@1947995498 wrapping oracle.jdbc.driver.T4CConnection@43798907] for JDBC transaction
19:20:13.110 [http-nio-8080-exec-8] DEBUG o.s.jdbc.datasource.DataSourceUtils -- Setting JDBC Connection [HikariProxyConnection@1947995498 wrapping oracle.jdbc.driver.T4CConnection@43798907] read-only
19:20:13.110 [http-nio-8080-exec-8] DEBUG o.s.j.support.JdbcTransactionManager -- Switching JDBC Connection [HikariProxyConnection@1947995498 wrapping oracle.jdbc.driver.T4CConnection@43798907] to manual commit
19:20:13.110 [http-nio-8080-exec-8] DEBUG org.mybatis.spring.SqlSessionUtils -- Creating a new SqlSession
19:20:13.110 [http-nio-8080-exec-8] DEBUG org.mybatis.spring.SqlSessionUtils -- Registering transaction synchronization for SqlSession [org.apache.ibatis.session.defaults.DefaultSqlSession@c0c0f8c]
19:20:13.110 [http-nio-8080-exec-8] DEBUG o.m.s.t.SpringManagedTransaction -- JDBC Connection [HikariProxyConnection@1947995498 wrapping oracle.jdbc.driver.T4CConnection@43798907] will be managed by Spring
19:20:13.110 [http-nio-8080-exec-8] DEBUG c.l.b.p.c.d.i.C.selectAllFinishedCourseForPltad -- ==>  Preparing: SELECT C.CRS_INF_ID , C.CRS_INF_NM , C.CRS_INF_ST_DT , C.CRS_INF_END_DT FROM CRS_INF C WHERE C.CRS_INF_DEL_YN = 'N' AND C.CRS_INF_DDLN_YN = 'Y' GROUP BY C.CRS_INF_ID , C.CRS_INF_NM , C.CRS_INF_ST_DT , C.CRS_INF_END_DT , C.CRS_INF_PRS_CNT ORDER BY C.CRS_INF_ST_DT DESC
19:20:13.111 [http-nio-8080-exec-8] DEBUG c.l.b.p.c.d.i.C.selectAllFinishedCourseForPltad -- ==> Parameters: 
19:20:13.129 [http-nio-8080-exec-8] DEBUG c.l.b.p.c.d.i.C.selectAllFinishedCourseForPltad -- <==      Total: 2
19:20:13.129 [http-nio-8080-exec-8] DEBUG org.mybatis.spring.SqlSessionUtils -- Releasing transactional SqlSession [org.apache.ibatis.session.defaults.DefaultSqlSession@c0c0f8c]
19:20:13.129 [http-nio-8080-exec-8] DEBUG org.mybatis.spring.SqlSessionUtils -- Transaction synchronization committing SqlSession [org.apache.ibatis.session.defaults.DefaultSqlSession@c0c0f8c]
19:20:13.130 [http-nio-8080-exec-8] DEBUG org.mybatis.spring.SqlSessionUtils -- Transaction synchronization deregistering SqlSession [org.apache.ibatis.session.defaults.DefaultSqlSession@c0c0f8c]
19:20:13.130 [http-nio-8080-exec-8] DEBUG org.mybatis.spring.SqlSessionUtils -- Transaction synchronization closing SqlSession [org.apache.ibatis.session.defaults.DefaultSqlSession@c0c0f8c]
19:20:13.130 [http-nio-8080-exec-8] DEBUG o.s.j.support.JdbcTransactionManager -- Initiating transaction commit
19:20:13.130 [http-nio-8080-exec-8] DEBUG o.s.j.support.JdbcTransactionManager -- Committing JDBC transaction on Connection [HikariProxyConnection@1947995498 wrapping oracle.jdbc.driver.T4CConnection@43798907]
19:20:13.130 [http-nio-8080-exec-8] DEBUG o.s.jdbc.datasource.DataSourceUtils -- Resetting read-only flag of JDBC Connection [HikariProxyConnection@1947995498 wrapping oracle.jdbc.driver.T4CConnection@43798907]
19:20:13.130 [http-nio-8080-exec-8] DEBUG o.s.j.support.JdbcTransactionManager -- Releasing JDBC Connection [HikariProxyConnection@1947995498 wrapping oracle.jdbc.driver.T4CConnection@43798907] after transaction
19:20:13.155 [http-nio-8080-exec-8] DEBUG o.s.web.servlet.view.JstlView -- View name [/insttn/coursemanage], model {activeCourses=[com.learn.bbs.pltad.crsinf.vo.CrsInfPltadReadResponseVO@5def573e, com.learn.bbs.pltad.crsinf.vo.CrsInfPltadReadResponseVO@73c13094, com.learn.bbs.pltad.crsinf.vo.CrsInfPltadReadResponseVO@2ea5444c, com.learn.bbs.pltad.crsinf.vo.CrsInfPltadReadResponseVO@3f895d26, com.learn.bbs.pltad.crsinf.vo.CrsInfPltadReadResponseVO@18f8bb4e, com.learn.bbs.pltad.crsinf.vo.CrsInfPltadReadResponseVO@62477d55, com.learn.bbs.pltad.crsinf.vo.CrsInfPltadReadResponseVO@6644d275, com.learn.bbs.pltad.crsinf.vo.CrsInfPltadReadResponseVO@13d1c3f6, com.learn.bbs.pltad.crsinf.vo.CrsInfPltadReadResponseVO@4eae2809, com.learn.bbs.pltad.crsinf.vo.CrsInfPltadReadResponseVO@175a595c, com.learn.bbs.pltad.crsinf.vo.CrsInfPltadReadResponseVO@574df6b8, com.learn.bbs.pltad.crsinf.vo.CrsInfPltadReadResponseVO@4a1e51d4, com.learn.bbs.pltad.crsinf.vo.CrsInfPltadReadResponseVO@75cfd6fe, com.learn.bbs.pltad.crsinf.vo.CrsInfPltadReadResponseVO@309af1a2, com.learn.bbs.pltad.crsinf.vo.CrsInfPltadReadResponseVO@8da293f, com.learn.bbs.pltad.crsinf.vo.CrsInfPltadReadResponseVO@30f24901, com.learn.bbs.pltad.crsinf.vo.CrsInfPltadReadResponseVO@3b8101c7, com.learn.bbs.pltad.crsinf.vo.CrsInfPltadReadResponseVO@5cf1e0f4, com.learn.bbs.pltad.crsinf.vo.CrsInfPltadReadResponseVO@5bbb984, com.learn.bbs.pltad.crsinf.vo.CrsInfPltadReadResponseVO@27234273, com.learn.bbs.pltad.crsinf.vo.CrsInfPltadReadResponseVO@141ff069, com.learn.bbs.pltad.crsinf.vo.CrsInfPltadReadResponseVO@47ba545e, com.learn.bbs.pltad.crsinf.vo.CrsInfPltadReadResponseVO@1f15a2b4, com.learn.bbs.pltad.crsinf.vo.CrsInfPltadReadResponseVO@22184bff, com.learn.bbs.pltad.crsinf.vo.CrsInfPltadReadResponseVO@49ef6b6d, com.learn.bbs.pltad.crsinf.vo.CrsInfPltadReadResponseVO@5ce2deaa, com.learn.bbs.pltad.crsinf.vo.CrsInfPltadReadResponseVO@6e50d780, com.learn.bbs.pltad.crsinf.vo.CrsInfPltadReadResponseVO@ef73e06, com.learn.bbs.pltad.crsinf.vo.CrsInfPltadReadResponseVO@3c7188b6, com.learn.bbs.pltad.crsinf.vo.CrsInfPltadReadResponseVO@762c161c, com.learn.bbs.pltad.crsinf.vo.CrsInfPltadReadResponseVO@1ea8238e, com.learn.bbs.pltad.crsinf.vo.CrsInfPltadReadResponseVO@29182953, com.learn.bbs.pltad.crsinf.vo.CrsInfPltadReadResponseVO@199c30fe, com.learn.bbs.pltad.crsinf.vo.CrsInfPltadReadResponseVO@f165927, com.learn.bbs.pltad.crsinf.vo.CrsInfPltadReadResponseVO@50fdbf18, com.learn.bbs.pltad.crsinf.vo.CrsInfPltadReadResponseVO@38c756e5, com.learn.bbs.pltad.crsinf.vo.CrsInfPltadReadResponseVO@40248ac3, com.learn.bbs.pltad.crsinf.vo.CrsInfPltadReadResponseVO@7d462c81], inactiveCourses=[com.learn.bbs.pltad.crsinf.vo.CrsInfPltadFinishedReadResponseVO@40fe594e, com.learn.bbs.pltad.crsinf.vo.CrsInfPltadFinishedReadResponseVO@428c4fca]}
19:20:13.158 [http-nio-8080-exec-8] DEBUG o.s.web.servlet.view.JstlView -- Forwarding to [/WEB-INF/views//insttn/coursemanage.jsp]
19:20:13.865 [http-nio-8080-exec-8] DEBUG o.s.web.servlet.DispatcherServlet -- Completed 200 OK
19:20:13.983 [http-nio-8080-exec-2] DEBUG o.s.web.servlet.DispatcherServlet -- GET "/js/common.js", parameters={}
19:20:14.015 [http-nio-8080-exec-2] DEBUG o.s.w.s.h.SimpleUrlHandlerMapping -- Mapped to ResourceHttpRequestHandler [classpath [static/]]
19:20:14.032 [http-nio-8080-exec-2] DEBUG o.s.web.servlet.DispatcherServlet -- Completed 200 OK
19:20:24.344 [HikariPool-3 housekeeper] DEBUG com.zaxxer.hikari.pool.HikariPool -- HikariPool-3 - Pool stats (total=10, active=0, idle=10, waiting=0)
19:20:24.349 [HikariPool-3 housekeeper] DEBUG com.zaxxer.hikari.pool.HikariPool -- HikariPool-3 - Fill pool skipped, pool has sufficient level or currently being filled.
19:20:35.388 [http-nio-8080-exec-5] DEBUG o.s.web.servlet.DispatcherServlet -- GET "/insttn/pltad", parameters={}
19:20:35.425 [http-nio-8080-exec-5] DEBUG o.s.w.s.m.m.a.RequestMappingHandlerMapping -- Mapped to com.learn.bbs.pltad.crsinf.web.CrsInfController#showAllCourses(Model)
19:20:35.449 [http-nio-8080-exec-5] DEBUG o.s.j.support.JdbcTransactionManager -- Creating new transaction with name [com.learn.bbs.pltad.crsinf.service.impl.CrsInfServiceImpl.selectAllCourseForPltad]: PROPAGATION_REQUIRED,ISOLATION_DEFAULT,readOnly
19:20:35.523 [http-nio-8080-exec-5] DEBUG o.s.j.support.JdbcTransactionManager -- Acquired Connection [HikariProxyConnection@1468762793 wrapping oracle.jdbc.driver.T4CConnection@43798907] for JDBC transaction
19:20:35.523 [http-nio-8080-exec-5] DEBUG o.s.jdbc.datasource.DataSourceUtils -- Setting JDBC Connection [HikariProxyConnection@1468762793 wrapping oracle.jdbc.driver.T4CConnection@43798907] read-only
19:20:35.523 [http-nio-8080-exec-5] DEBUG o.s.j.support.JdbcTransactionManager -- Switching JDBC Connection [HikariProxyConnection@1468762793 wrapping oracle.jdbc.driver.T4CConnection@43798907] to manual commit
19:20:35.525 [http-nio-8080-exec-5] DEBUG org.mybatis.spring.SqlSessionUtils -- Creating a new SqlSession
19:20:35.525 [http-nio-8080-exec-5] DEBUG org.mybatis.spring.SqlSessionUtils -- Registering transaction synchronization for SqlSession [org.apache.ibatis.session.defaults.DefaultSqlSession@2e521032]
19:20:35.527 [http-nio-8080-exec-5] DEBUG o.m.s.t.SpringManagedTransaction -- JDBC Connection [HikariProxyConnection@1468762793 wrapping oracle.jdbc.driver.T4CConnection@43798907] will be managed by Spring
19:20:35.528 [http-nio-8080-exec-5] DEBUG c.l.b.p.c.d.i.C.selectAllCourseForPltad -- ==>  Preparing: SELECT C.CRS_INF_ID , C.CRS_INF_NM , C.CRS_INF_ST_DT , C.CRS_INF_END_DT , C.CRS_INF_DDLN_DT , C.CRS_INF_PRS_CNT , COUNT(A.APP_HSTR_ID) AS CRS_CUR_PRS_CNT FROM CRS_INF C LEFT JOIN APP_HSTR A ON C.CRS_INF_ID = A.CRS_INF_ID LEFT JOIN CNCL_HSTR CN ON A.APP_HSTR_ID = CN.APP_HSTR_ID WHERE C.CRS_INF_DEL_YN = 'N' AND C.CRS_INF_DDLN_YN = 'N' AND CN.CNCL_HSTR_ID IS NULL GROUP BY C.CRS_INF_ID , C.CRS_INF_NM , C.CRS_INF_ST_DT , C.CRS_INF_END_DT , C.CRS_INF_DDLN_DT , C.CRS_INF_PRS_CNT ORDER BY C.CRS_INF_ST_DT DESC
19:20:35.535 [http-nio-8080-exec-5] DEBUG c.l.b.p.c.d.i.C.selectAllCourseForPltad -- ==> Parameters: 
19:20:35.741 [http-nio-8080-exec-5] DEBUG c.l.b.p.c.d.i.C.selectAllCourseForPltad -- <==      Total: 38
19:20:35.743 [http-nio-8080-exec-5] DEBUG org.mybatis.spring.SqlSessionUtils -- Releasing transactional SqlSession [org.apache.ibatis.session.defaults.DefaultSqlSession@2e521032]
19:20:35.744 [http-nio-8080-exec-5] DEBUG org.mybatis.spring.SqlSessionUtils -- Transaction synchronization committing SqlSession [org.apache.ibatis.session.defaults.DefaultSqlSession@2e521032]
19:20:35.744 [http-nio-8080-exec-5] DEBUG org.mybatis.spring.SqlSessionUtils -- Transaction synchronization deregistering SqlSession [org.apache.ibatis.session.defaults.DefaultSqlSession@2e521032]
19:20:35.745 [http-nio-8080-exec-5] DEBUG org.mybatis.spring.SqlSessionUtils -- Transaction synchronization closing SqlSession [org.apache.ibatis.session.defaults.DefaultSqlSession@2e521032]
19:20:35.745 [http-nio-8080-exec-5] DEBUG o.s.j.support.JdbcTransactionManager -- Initiating transaction commit
19:20:35.745 [http-nio-8080-exec-5] DEBUG o.s.j.support.JdbcTransactionManager -- Committing JDBC transaction on Connection [HikariProxyConnection@1468762793 wrapping oracle.jdbc.driver.T4CConnection@43798907]
19:20:35.745 [http-nio-8080-exec-5] DEBUG o.s.jdbc.datasource.DataSourceUtils -- Resetting read-only flag of JDBC Connection [HikariProxyConnection@1468762793 wrapping oracle.jdbc.driver.T4CConnection@43798907]
19:20:35.745 [http-nio-8080-exec-5] DEBUG o.s.j.support.JdbcTransactionManager -- Releasing JDBC Connection [HikariProxyConnection@1468762793 wrapping oracle.jdbc.driver.T4CConnection@43798907] after transaction
19:20:35.746 [http-nio-8080-exec-5] DEBUG o.s.j.support.JdbcTransactionManager -- Creating new transaction with name [com.learn.bbs.pltad.crsinf.service.impl.CrsInfServiceImpl.selectAllFinishedCourseForPltad]: PROPAGATION_REQUIRED,ISOLATION_DEFAULT,readOnly
19:20:35.746 [http-nio-8080-exec-5] DEBUG o.s.j.support.JdbcTransactionManager -- Acquired Connection [HikariProxyConnection@1858483191 wrapping oracle.jdbc.driver.T4CConnection@43798907] for JDBC transaction
19:20:35.746 [http-nio-8080-exec-5] DEBUG o.s.jdbc.datasource.DataSourceUtils -- Setting JDBC Connection [HikariProxyConnection@1858483191 wrapping oracle.jdbc.driver.T4CConnection@43798907] read-only
19:20:35.746 [http-nio-8080-exec-5] DEBUG o.s.j.support.JdbcTransactionManager -- Switching JDBC Connection [HikariProxyConnection@1858483191 wrapping oracle.jdbc.driver.T4CConnection@43798907] to manual commit
19:20:35.746 [http-nio-8080-exec-5] DEBUG org.mybatis.spring.SqlSessionUtils -- Creating a new SqlSession
19:20:35.746 [http-nio-8080-exec-5] DEBUG org.mybatis.spring.SqlSessionUtils -- Registering transaction synchronization for SqlSession [org.apache.ibatis.session.defaults.DefaultSqlSession@5ad12603]
19:20:35.746 [http-nio-8080-exec-5] DEBUG o.m.s.t.SpringManagedTransaction -- JDBC Connection [HikariProxyConnection@1858483191 wrapping oracle.jdbc.driver.T4CConnection@43798907] will be managed by Spring
19:20:35.746 [http-nio-8080-exec-5] DEBUG c.l.b.p.c.d.i.C.selectAllFinishedCourseForPltad -- ==>  Preparing: SELECT C.CRS_INF_ID , C.CRS_INF_NM , C.CRS_INF_ST_DT , C.CRS_INF_END_DT FROM CRS_INF C WHERE C.CRS_INF_DEL_YN = 'N' AND C.CRS_INF_DDLN_YN = 'Y' GROUP BY C.CRS_INF_ID , C.CRS_INF_NM , C.CRS_INF_ST_DT , C.CRS_INF_END_DT , C.CRS_INF_PRS_CNT ORDER BY C.CRS_INF_ST_DT DESC
19:20:35.746 [http-nio-8080-exec-5] DEBUG c.l.b.p.c.d.i.C.selectAllFinishedCourseForPltad -- ==> Parameters: 
19:20:35.761 [http-nio-8080-exec-5] DEBUG c.l.b.p.c.d.i.C.selectAllFinishedCourseForPltad -- <==      Total: 2
19:20:35.762 [http-nio-8080-exec-5] DEBUG org.mybatis.spring.SqlSessionUtils -- Releasing transactional SqlSession [org.apache.ibatis.session.defaults.DefaultSqlSession@5ad12603]
19:20:35.762 [http-nio-8080-exec-5] DEBUG org.mybatis.spring.SqlSessionUtils -- Transaction synchronization committing SqlSession [org.apache.ibatis.session.defaults.DefaultSqlSession@5ad12603]
19:20:35.762 [http-nio-8080-exec-5] DEBUG org.mybatis.spring.SqlSessionUtils -- Transaction synchronization deregistering SqlSession [org.apache.ibatis.session.defaults.DefaultSqlSession@5ad12603]
19:20:35.762 [http-nio-8080-exec-5] DEBUG org.mybatis.spring.SqlSessionUtils -- Transaction synchronization closing SqlSession [org.apache.ibatis.session.defaults.DefaultSqlSession@5ad12603]
19:20:35.762 [http-nio-8080-exec-5] DEBUG o.s.j.support.JdbcTransactionManager -- Initiating transaction commit
19:20:35.762 [http-nio-8080-exec-5] DEBUG o.s.j.support.JdbcTransactionManager -- Committing JDBC transaction on Connection [HikariProxyConnection@1858483191 wrapping oracle.jdbc.driver.T4CConnection@43798907]
19:20:35.763 [http-nio-8080-exec-5] DEBUG o.s.jdbc.datasource.DataSourceUtils -- Resetting read-only flag of JDBC Connection [HikariProxyConnection@1858483191 wrapping oracle.jdbc.driver.T4CConnection@43798907]
19:20:35.763 [http-nio-8080-exec-5] DEBUG o.s.j.support.JdbcTransactionManager -- Releasing JDBC Connection [HikariProxyConnection@1858483191 wrapping oracle.jdbc.driver.T4CConnection@43798907] after transaction
19:20:35.779 [http-nio-8080-exec-5] DEBUG o.s.web.servlet.view.JstlView -- View name [/insttn/coursemanage], model {activeCourses=[com.learn.bbs.pltad.crsinf.vo.CrsInfPltadReadResponseVO@1f0c8e85, com.learn.bbs.pltad.crsinf.vo.CrsInfPltadReadResponseVO@6630ae1f, com.learn.bbs.pltad.crsinf.vo.CrsInfPltadReadResponseVO@5b2ee0fa, com.learn.bbs.pltad.crsinf.vo.CrsInfPltadReadResponseVO@3aed8297, com.learn.bbs.pltad.crsinf.vo.CrsInfPltadReadResponseVO@41ee4be9, com.learn.bbs.pltad.crsinf.vo.CrsInfPltadReadResponseVO@224d459d, com.learn.bbs.pltad.crsinf.vo.CrsInfPltadReadResponseVO@e48581e, com.learn.bbs.pltad.crsinf.vo.CrsInfPltadReadResponseVO@58679a7a, com.learn.bbs.pltad.crsinf.vo.CrsInfPltadReadResponseVO@6b65339c, com.learn.bbs.pltad.crsinf.vo.CrsInfPltadReadResponseVO@234cf2c0, com.learn.bbs.pltad.crsinf.vo.CrsInfPltadReadResponseVO@6f88d61f, com.learn.bbs.pltad.crsinf.vo.CrsInfPltadReadResponseVO@bd825de, com.learn.bbs.pltad.crsinf.vo.CrsInfPltadReadResponseVO@49631eea, com.learn.bbs.pltad.crsinf.vo.CrsInfPltadReadResponseVO@dfd2ff4, com.learn.bbs.pltad.crsinf.vo.CrsInfPltadReadResponseVO@24ec287a, com.learn.bbs.pltad.crsinf.vo.CrsInfPltadReadResponseVO@6e501fec, com.learn.bbs.pltad.crsinf.vo.CrsInfPltadReadResponseVO@3f15d882, com.learn.bbs.pltad.crsinf.vo.CrsInfPltadReadResponseVO@5bf3d21b, com.learn.bbs.pltad.crsinf.vo.CrsInfPltadReadResponseVO@1e998ee7, com.learn.bbs.pltad.crsinf.vo.CrsInfPltadReadResponseVO@70584da7, com.learn.bbs.pltad.crsinf.vo.CrsInfPltadReadResponseVO@61184ae6, com.learn.bbs.pltad.crsinf.vo.CrsInfPltadReadResponseVO@24be2fd4, com.learn.bbs.pltad.crsinf.vo.CrsInfPltadReadResponseVO@76026312, com.learn.bbs.pltad.crsinf.vo.CrsInfPltadReadResponseVO@44053d00, com.learn.bbs.pltad.crsinf.vo.CrsInfPltadReadResponseVO@67e9101c, com.learn.bbs.pltad.crsinf.vo.CrsInfPltadReadResponseVO@327c53ba, com.learn.bbs.pltad.crsinf.vo.CrsInfPltadReadResponseVO@5783bc14, com.learn.bbs.pltad.crsinf.vo.CrsInfPltadReadResponseVO@3a8376d9, com.learn.bbs.pltad.crsinf.vo.CrsInfPltadReadResponseVO@15c5e865, com.learn.bbs.pltad.crsinf.vo.CrsInfPltadReadResponseVO@45f488e4, com.learn.bbs.pltad.crsinf.vo.CrsInfPltadReadResponseVO@f5def52, com.learn.bbs.pltad.crsinf.vo.CrsInfPltadReadResponseVO@2e4965de, com.learn.bbs.pltad.crsinf.vo.CrsInfPltadReadResponseVO@14f526b2, com.learn.bbs.pltad.crsinf.vo.CrsInfPltadReadResponseVO@75273f60, com.learn.bbs.pltad.crsinf.vo.CrsInfPltadReadResponseVO@15e069e9, com.learn.bbs.pltad.crsinf.vo.CrsInfPltadReadResponseVO@70e2891e, com.learn.bbs.pltad.crsinf.vo.CrsInfPltadReadResponseVO@4d9fe106, com.learn.bbs.pltad.crsinf.vo.CrsInfPltadReadResponseVO@10f0bea], inactiveCourses=[com.learn.bbs.pltad.crsinf.vo.CrsInfPltadFinishedReadResponseVO@17368503, com.learn.bbs.pltad.crsinf.vo.CrsInfPltadFinishedReadResponseVO@73784482]}
19:20:35.784 [http-nio-8080-exec-5] DEBUG o.s.web.servlet.view.JstlView -- Forwarding to [/WEB-INF/views//insttn/coursemanage.jsp]
19:20:36.060 [http-nio-8080-exec-5] DEBUG o.s.web.servlet.DispatcherServlet -- Completed 200 OK
19:20:36.139 [http-nio-8080-exec-3] DEBUG o.s.web.servlet.DispatcherServlet -- GET "/js/common.js", parameters={}
19:20:36.160 [http-nio-8080-exec-3] DEBUG o.s.w.s.h.SimpleUrlHandlerMapping -- Mapped to ResourceHttpRequestHandler [classpath [static/]]
19:20:36.171 [http-nio-8080-exec-3] DEBUG o.s.web.servlet.DispatcherServlet -- Completed 304 NOT_MODIFIED
19:20:54.355 [HikariPool-3 housekeeper] DEBUG com.zaxxer.hikari.pool.HikariPool -- HikariPool-3 - Pool stats (total=10, active=0, idle=10, waiting=0)
19:20:54.358 [HikariPool-3 housekeeper] DEBUG com.zaxxer.hikari.pool.HikariPool -- HikariPool-3 - Fill pool skipped, pool has sufficient level or currently being filled.
19:20:57.612 [http-nio-8080-exec-1] DEBUG o.s.web.servlet.DispatcherServlet -- POST "/insttn/pltad/delete/CRS_INF-20250418-000060", parameters={}
19:20:57.626 [http-nio-8080-exec-1] DEBUG o.s.w.s.m.m.a.RequestMappingHandlerMapping -- Mapped to com.learn.bbs.pltad.crsinf.web.CrsInfController#doDeleteCourse(String)
19:20:57.685 [http-nio-8080-exec-1] DEBUG o.s.j.support.JdbcTransactionManager -- Creating new transaction with name [com.learn.bbs.pltad.crsinf.service.impl.CrsInfServiceImpl.deleteOneCourse]: PROPAGATION_REQUIRED,ISOLATION_DEFAULT
19:20:57.705 [http-nio-8080-exec-1] DEBUG o.s.j.support.JdbcTransactionManager -- Acquired Connection [HikariProxyConnection@1005997335 wrapping oracle.jdbc.driver.T4CConnection@43798907] for JDBC transaction
19:20:57.705 [http-nio-8080-exec-1] DEBUG o.s.j.support.JdbcTransactionManager -- Switching JDBC Connection [HikariProxyConnection@1005997335 wrapping oracle.jdbc.driver.T4CConnection@43798907] to manual commit
19:20:57.706 [http-nio-8080-exec-1] DEBUG org.mybatis.spring.SqlSessionUtils -- Creating a new SqlSession
19:20:57.706 [http-nio-8080-exec-1] DEBUG org.mybatis.spring.SqlSessionUtils -- Registering transaction synchronization for SqlSession [org.apache.ibatis.session.defaults.DefaultSqlSession@42ce4f48]
19:20:57.707 [http-nio-8080-exec-1] DEBUG o.m.s.t.SpringManagedTransaction -- JDBC Connection [HikariProxyConnection@1005997335 wrapping oracle.jdbc.driver.T4CConnection@43798907] will be managed by Spring
19:20:57.707 [http-nio-8080-exec-1] DEBUG c.l.b.p.c.d.i.C.deleteOneCourse -- ==>  Preparing: UPDATE CRS_INF SET CRS_INF_DEL_YN = 'Y' , CRS_INF_DEL_DT = SYSDATE WHERE CRS_INF_ID = ?
19:20:57.710 [http-nio-8080-exec-1] DEBUG c.l.b.p.c.d.i.C.deleteOneCourse -- ==> Parameters: CRS_INF-20250418-000060(String)
19:20:57.752 [http-nio-8080-exec-1] DEBUG c.l.b.p.c.d.i.C.deleteOneCourse -- <==    Updates: 1
19:20:57.753 [http-nio-8080-exec-1] DEBUG org.mybatis.spring.SqlSessionUtils -- Releasing transactional SqlSession [org.apache.ibatis.session.defaults.DefaultSqlSession@42ce4f48]
19:20:57.754 [http-nio-8080-exec-1] DEBUG org.mybatis.spring.SqlSessionUtils -- Transaction synchronization committing SqlSession [org.apache.ibatis.session.defaults.DefaultSqlSession@42ce4f48]
19:20:57.754 [http-nio-8080-exec-1] DEBUG org.mybatis.spring.SqlSessionUtils -- Transaction synchronization deregistering SqlSession [org.apache.ibatis.session.defaults.DefaultSqlSession@42ce4f48]
19:20:57.754 [http-nio-8080-exec-1] DEBUG org.mybatis.spring.SqlSessionUtils -- Transaction synchronization closing SqlSession [org.apache.ibatis.session.defaults.DefaultSqlSession@42ce4f48]
19:20:57.754 [http-nio-8080-exec-1] DEBUG o.s.j.support.JdbcTransactionManager -- Initiating transaction commit
19:20:57.754 [http-nio-8080-exec-1] DEBUG o.s.j.support.JdbcTransactionManager -- Committing JDBC transaction on Connection [HikariProxyConnection@1005997335 wrapping oracle.jdbc.driver.T4CConnection@43798907]
19:20:57.780 [http-nio-8080-exec-1] DEBUG o.s.j.support.JdbcTransactionManager -- Releasing JDBC Connection [HikariProxyConnection@1005997335 wrapping oracle.jdbc.driver.T4CConnection@43798907] after transaction
19:20:57.825 [http-nio-8080-exec-1] DEBUG o.s.web.servlet.view.RedirectView -- View name [redirect:], model {}
19:20:57.828 [http-nio-8080-exec-1] DEBUG o.s.web.servlet.DispatcherServlet -- Completed 302 FOUND
19:20:57.834 [http-nio-8080-exec-9] DEBUG o.s.web.servlet.DispatcherServlet -- GET "/insttn/pltad", parameters={}
19:20:57.835 [http-nio-8080-exec-9] DEBUG o.s.w.s.m.m.a.RequestMappingHandlerMapping -- Mapped to com.learn.bbs.pltad.crsinf.web.CrsInfController#showAllCourses(Model)
19:20:57.835 [http-nio-8080-exec-9] DEBUG o.s.j.support.JdbcTransactionManager -- Creating new transaction with name [com.learn.bbs.pltad.crsinf.service.impl.CrsInfServiceImpl.selectAllCourseForPltad]: PROPAGATION_REQUIRED,ISOLATION_DEFAULT,readOnly
19:20:57.835 [http-nio-8080-exec-9] DEBUG o.s.j.support.JdbcTransactionManager -- Acquired Connection [HikariProxyConnection@1319292206 wrapping oracle.jdbc.driver.T4CConnection@43798907] for JDBC transaction
19:20:57.835 [http-nio-8080-exec-9] DEBUG o.s.jdbc.datasource.DataSourceUtils -- Setting JDBC Connection [HikariProxyConnection@1319292206 wrapping oracle.jdbc.driver.T4CConnection@43798907] read-only
19:20:57.835 [http-nio-8080-exec-9] DEBUG o.s.j.support.JdbcTransactionManager -- Switching JDBC Connection [HikariProxyConnection@1319292206 wrapping oracle.jdbc.driver.T4CConnection@43798907] to manual commit
19:20:57.836 [http-nio-8080-exec-9] DEBUG org.mybatis.spring.SqlSessionUtils -- Creating a new SqlSession
19:20:57.836 [http-nio-8080-exec-9] DEBUG org.mybatis.spring.SqlSessionUtils -- Registering transaction synchronization for SqlSession [org.apache.ibatis.session.defaults.DefaultSqlSession@40652a8a]
19:20:57.836 [http-nio-8080-exec-9] DEBUG o.m.s.t.SpringManagedTransaction -- JDBC Connection [HikariProxyConnection@1319292206 wrapping oracle.jdbc.driver.T4CConnection@43798907] will be managed by Spring
19:20:57.836 [http-nio-8080-exec-9] DEBUG c.l.b.p.c.d.i.C.selectAllCourseForPltad -- ==>  Preparing: SELECT C.CRS_INF_ID , C.CRS_INF_NM , C.CRS_INF_ST_DT , C.CRS_INF_END_DT , C.CRS_INF_DDLN_DT , C.CRS_INF_PRS_CNT , COUNT(A.APP_HSTR_ID) AS CRS_CUR_PRS_CNT FROM CRS_INF C LEFT JOIN APP_HSTR A ON C.CRS_INF_ID = A.CRS_INF_ID LEFT JOIN CNCL_HSTR CN ON A.APP_HSTR_ID = CN.APP_HSTR_ID WHERE C.CRS_INF_DEL_YN = 'N' AND C.CRS_INF_DDLN_YN = 'N' AND CN.CNCL_HSTR_ID IS NULL GROUP BY C.CRS_INF_ID , C.CRS_INF_NM , C.CRS_INF_ST_DT , C.CRS_INF_END_DT , C.CRS_INF_DDLN_DT , C.CRS_INF_PRS_CNT ORDER BY C.CRS_INF_ST_DT DESC
19:20:57.836 [http-nio-8080-exec-9] DEBUG c.l.b.p.c.d.i.C.selectAllCourseForPltad -- ==> Parameters: 
19:20:57.889 [http-nio-8080-exec-9] DEBUG c.l.b.p.c.d.i.C.selectAllCourseForPltad -- <==      Total: 37
19:20:57.889 [http-nio-8080-exec-9] DEBUG org.mybatis.spring.SqlSessionUtils -- Releasing transactional SqlSession [org.apache.ibatis.session.defaults.DefaultSqlSession@40652a8a]
19:20:57.889 [http-nio-8080-exec-9] DEBUG org.mybatis.spring.SqlSessionUtils -- Transaction synchronization committing SqlSession [org.apache.ibatis.session.defaults.DefaultSqlSession@40652a8a]
19:20:57.889 [http-nio-8080-exec-9] DEBUG org.mybatis.spring.SqlSessionUtils -- Transaction synchronization deregistering SqlSession [org.apache.ibatis.session.defaults.DefaultSqlSession@40652a8a]
19:20:57.889 [http-nio-8080-exec-9] DEBUG org.mybatis.spring.SqlSessionUtils -- Transaction synchronization closing SqlSession [org.apache.ibatis.session.defaults.DefaultSqlSession@40652a8a]
19:20:57.889 [http-nio-8080-exec-9] DEBUG o.s.j.support.JdbcTransactionManager -- Initiating transaction commit
19:20:57.889 [http-nio-8080-exec-9] DEBUG o.s.j.support.JdbcTransactionManager -- Committing JDBC transaction on Connection [HikariProxyConnection@1319292206 wrapping oracle.jdbc.driver.T4CConnection@43798907]
19:20:57.890 [http-nio-8080-exec-9] DEBUG o.s.jdbc.datasource.DataSourceUtils -- Resetting read-only flag of JDBC Connection [HikariProxyConnection@1319292206 wrapping oracle.jdbc.driver.T4CConnection@43798907]
19:20:57.890 [http-nio-8080-exec-9] DEBUG o.s.j.support.JdbcTransactionManager -- Releasing JDBC Connection [HikariProxyConnection@1319292206 wrapping oracle.jdbc.driver.T4CConnection@43798907] after transaction
19:20:57.890 [http-nio-8080-exec-9] DEBUG o.s.j.support.JdbcTransactionManager -- Creating new transaction with name [com.learn.bbs.pltad.crsinf.service.impl.CrsInfServiceImpl.selectAllFinishedCourseForPltad]: PROPAGATION_REQUIRED,ISOLATION_DEFAULT,readOnly
19:20:57.890 [http-nio-8080-exec-9] DEBUG o.s.j.support.JdbcTransactionManager -- Acquired Connection [HikariProxyConnection@1698251320 wrapping oracle.jdbc.driver.T4CConnection@43798907] for JDBC transaction
19:20:57.890 [http-nio-8080-exec-9] DEBUG o.s.jdbc.datasource.DataSourceUtils -- Setting JDBC Connection [HikariProxyConnection@1698251320 wrapping oracle.jdbc.driver.T4CConnection@43798907] read-only
19:20:57.890 [http-nio-8080-exec-9] DEBUG o.s.j.support.JdbcTransactionManager -- Switching JDBC Connection [HikariProxyConnection@1698251320 wrapping oracle.jdbc.driver.T4CConnection@43798907] to manual commit
19:20:57.890 [http-nio-8080-exec-9] DEBUG org.mybatis.spring.SqlSessionUtils -- Creating a new SqlSession
19:20:57.890 [http-nio-8080-exec-9] DEBUG org.mybatis.spring.SqlSessionUtils -- Registering transaction synchronization for SqlSession [org.apache.ibatis.session.defaults.DefaultSqlSession@7e1b6946]
19:20:57.890 [http-nio-8080-exec-9] DEBUG o.m.s.t.SpringManagedTransaction -- JDBC Connection [HikariProxyConnection@1698251320 wrapping oracle.jdbc.driver.T4CConnection@43798907] will be managed by Spring
19:20:57.890 [http-nio-8080-exec-9] DEBUG c.l.b.p.c.d.i.C.selectAllFinishedCourseForPltad -- ==>  Preparing: SELECT C.CRS_INF_ID , C.CRS_INF_NM , C.CRS_INF_ST_DT , C.CRS_INF_END_DT FROM CRS_INF C WHERE C.CRS_INF_DEL_YN = 'N' AND C.CRS_INF_DDLN_YN = 'Y' GROUP BY C.CRS_INF_ID , C.CRS_INF_NM , C.CRS_INF_ST_DT , C.CRS_INF_END_DT , C.CRS_INF_PRS_CNT ORDER BY C.CRS_INF_ST_DT DESC
19:20:57.891 [http-nio-8080-exec-9] DEBUG c.l.b.p.c.d.i.C.selectAllFinishedCourseForPltad -- ==> Parameters: 
19:20:57.900 [http-nio-8080-exec-9] DEBUG c.l.b.p.c.d.i.C.selectAllFinishedCourseForPltad -- <==      Total: 2
19:20:57.900 [http-nio-8080-exec-9] DEBUG org.mybatis.spring.SqlSessionUtils -- Releasing transactional SqlSession [org.apache.ibatis.session.defaults.DefaultSqlSession@7e1b6946]
19:20:57.900 [http-nio-8080-exec-9] DEBUG org.mybatis.spring.SqlSessionUtils -- Transaction synchronization committing SqlSession [org.apache.ibatis.session.defaults.DefaultSqlSession@7e1b6946]
19:20:57.900 [http-nio-8080-exec-9] DEBUG org.mybatis.spring.SqlSessionUtils -- Transaction synchronization deregistering SqlSession [org.apache.ibatis.session.defaults.DefaultSqlSession@7e1b6946]
19:20:57.900 [http-nio-8080-exec-9] DEBUG org.mybatis.spring.SqlSessionUtils -- Transaction synchronization closing SqlSession [org.apache.ibatis.session.defaults.DefaultSqlSession@7e1b6946]
19:20:57.900 [http-nio-8080-exec-9] DEBUG o.s.j.support.JdbcTransactionManager -- Initiating transaction commit
19:20:57.900 [http-nio-8080-exec-9] DEBUG o.s.j.support.JdbcTransactionManager -- Committing JDBC transaction on Connection [HikariProxyConnection@1698251320 wrapping oracle.jdbc.driver.T4CConnection@43798907]
19:20:57.900 [http-nio-8080-exec-9] DEBUG o.s.jdbc.datasource.DataSourceUtils -- Resetting read-only flag of JDBC Connection [HikariProxyConnection@1698251320 wrapping oracle.jdbc.driver.T4CConnection@43798907]
19:20:57.900 [http-nio-8080-exec-9] DEBUG o.s.j.support.JdbcTransactionManager -- Releasing JDBC Connection [HikariProxyConnection@1698251320 wrapping oracle.jdbc.driver.T4CConnection@43798907] after transaction
19:20:57.903 [http-nio-8080-exec-9] DEBUG o.s.web.servlet.view.JstlView -- View name [/insttn/coursemanage], model {activeCourses=[com.learn.bbs.pltad.crsinf.vo.CrsInfPltadReadResponseVO@1c9b9761, com.learn.bbs.pltad.crsinf.vo.CrsInfPltadReadResponseVO@1a1eded5, com.learn.bbs.pltad.crsinf.vo.CrsInfPltadReadResponseVO@23bde23b, com.learn.bbs.pltad.crsinf.vo.CrsInfPltadReadResponseVO@57e52a0f, com.learn.bbs.pltad.crsinf.vo.CrsInfPltadReadResponseVO@17858f0d, com.learn.bbs.pltad.crsinf.vo.CrsInfPltadReadResponseVO@7b01035e, com.learn.bbs.pltad.crsinf.vo.CrsInfPltadReadResponseVO@37618a3f, com.learn.bbs.pltad.crsinf.vo.CrsInfPltadReadResponseVO@492a6b8e, com.learn.bbs.pltad.crsinf.vo.CrsInfPltadReadResponseVO@726c6841, com.learn.bbs.pltad.crsinf.vo.CrsInfPltadReadResponseVO@1848ea1, com.learn.bbs.pltad.crsinf.vo.CrsInfPltadReadResponseVO@3a8fdcdc, com.learn.bbs.pltad.crsinf.vo.CrsInfPltadReadResponseVO@2063a618, com.learn.bbs.pltad.crsinf.vo.CrsInfPltadReadResponseVO@315cec35, com.learn.bbs.pltad.crsinf.vo.CrsInfPltadReadResponseVO@14089d39, com.learn.bbs.pltad.crsinf.vo.CrsInfPltadReadResponseVO@50a5da58, com.learn.bbs.pltad.crsinf.vo.CrsInfPltadReadResponseVO@6dcbe532, com.learn.bbs.pltad.crsinf.vo.CrsInfPltadReadResponseVO@3b2091fa, com.learn.bbs.pltad.crsinf.vo.CrsInfPltadReadResponseVO@6b1132f2, com.learn.bbs.pltad.crsinf.vo.CrsInfPltadReadResponseVO@151852d2, com.learn.bbs.pltad.crsinf.vo.CrsInfPltadReadResponseVO@27c8c736, com.learn.bbs.pltad.crsinf.vo.CrsInfPltadReadResponseVO@18d82d74, com.learn.bbs.pltad.crsinf.vo.CrsInfPltadReadResponseVO@7abc1a3f, com.learn.bbs.pltad.crsinf.vo.CrsInfPltadReadResponseVO@2de55978, com.learn.bbs.pltad.crsinf.vo.CrsInfPltadReadResponseVO@4c75ca85, com.learn.bbs.pltad.crsinf.vo.CrsInfPltadReadResponseVO@159fedf2, com.learn.bbs.pltad.crsinf.vo.CrsInfPltadReadResponseVO@f68709c, com.learn.bbs.pltad.crsinf.vo.CrsInfPltadReadResponseVO@8c1c690, com.learn.bbs.pltad.crsinf.vo.CrsInfPltadReadResponseVO@6a8214ef, com.learn.bbs.pltad.crsinf.vo.CrsInfPltadReadResponseVO@188430, com.learn.bbs.pltad.crsinf.vo.CrsInfPltadReadResponseVO@4cb8e83f, com.learn.bbs.pltad.crsinf.vo.CrsInfPltadReadResponseVO@4acb427e, com.learn.bbs.pltad.crsinf.vo.CrsInfPltadReadResponseVO@301402a4, com.learn.bbs.pltad.crsinf.vo.CrsInfPltadReadResponseVO@74692992, com.learn.bbs.pltad.crsinf.vo.CrsInfPltadReadResponseVO@7f9bde30, com.learn.bbs.pltad.crsinf.vo.CrsInfPltadReadResponseVO@6f53ab0f, com.learn.bbs.pltad.crsinf.vo.CrsInfPltadReadResponseVO@7f429563, com.learn.bbs.pltad.crsinf.vo.CrsInfPltadReadResponseVO@42da16a0], inactiveCourses=[com.learn.bbs.pltad.crsinf.vo.CrsInfPltadFinishedReadResponseVO@63912a95, com.learn.bbs.pltad.crsinf.vo.CrsInfPltadFinishedReadResponseVO@11e8fe3b]}
19:20:57.903 [http-nio-8080-exec-9] DEBUG o.s.web.servlet.view.JstlView -- Forwarding to [/WEB-INF/views//insttn/coursemanage.jsp]
19:20:57.915 [http-nio-8080-exec-9] DEBUG o.s.web.servlet.DispatcherServlet -- Completed 200 OK
19:20:58.763 [http-nio-8080-exec-8] DEBUG o.s.web.servlet.DispatcherServlet -- GET "/insttn/pltad", parameters={}
19:20:58.763 [http-nio-8080-exec-8] DEBUG o.s.w.s.m.m.a.RequestMappingHandlerMapping -- Mapped to com.learn.bbs.pltad.crsinf.web.CrsInfController#showAllCourses(Model)
19:20:58.763 [http-nio-8080-exec-8] DEBUG o.s.j.support.JdbcTransactionManager -- Creating new transaction with name [com.learn.bbs.pltad.crsinf.service.impl.CrsInfServiceImpl.selectAllCourseForPltad]: PROPAGATION_REQUIRED,ISOLATION_DEFAULT,readOnly
19:20:58.773 [http-nio-8080-exec-8] DEBUG o.s.j.support.JdbcTransactionManager -- Acquired Connection [HikariProxyConnection@556769002 wrapping oracle.jdbc.driver.T4CConnection@43798907] for JDBC transaction
19:20:58.774 [http-nio-8080-exec-8] DEBUG o.s.jdbc.datasource.DataSourceUtils -- Setting JDBC Connection [HikariProxyConnection@556769002 wrapping oracle.jdbc.driver.T4CConnection@43798907] read-only
19:20:58.774 [http-nio-8080-exec-8] DEBUG o.s.j.support.JdbcTransactionManager -- Switching JDBC Connection [HikariProxyConnection@556769002 wrapping oracle.jdbc.driver.T4CConnection@43798907] to manual commit
19:20:58.775 [http-nio-8080-exec-8] DEBUG org.mybatis.spring.SqlSessionUtils -- Creating a new SqlSession
19:20:58.775 [http-nio-8080-exec-8] DEBUG org.mybatis.spring.SqlSessionUtils -- Registering transaction synchronization for SqlSession [org.apache.ibatis.session.defaults.DefaultSqlSession@37112073]
19:20:58.775 [http-nio-8080-exec-8] DEBUG o.m.s.t.SpringManagedTransaction -- JDBC Connection [HikariProxyConnection@556769002 wrapping oracle.jdbc.driver.T4CConnection@43798907] will be managed by Spring
19:20:58.775 [http-nio-8080-exec-8] DEBUG c.l.b.p.c.d.i.C.selectAllCourseForPltad -- ==>  Preparing: SELECT C.CRS_INF_ID , C.CRS_INF_NM , C.CRS_INF_ST_DT , C.CRS_INF_END_DT , C.CRS_INF_DDLN_DT , C.CRS_INF_PRS_CNT , COUNT(A.APP_HSTR_ID) AS CRS_CUR_PRS_CNT FROM CRS_INF C LEFT JOIN APP_HSTR A ON C.CRS_INF_ID = A.CRS_INF_ID LEFT JOIN CNCL_HSTR CN ON A.APP_HSTR_ID = CN.APP_HSTR_ID WHERE C.CRS_INF_DEL_YN = 'N' AND C.CRS_INF_DDLN_YN = 'N' AND CN.CNCL_HSTR_ID IS NULL GROUP BY C.CRS_INF_ID , C.CRS_INF_NM , C.CRS_INF_ST_DT , C.CRS_INF_END_DT , C.CRS_INF_DDLN_DT , C.CRS_INF_PRS_CNT ORDER BY C.CRS_INF_ST_DT DESC
19:20:58.775 [http-nio-8080-exec-8] DEBUG c.l.b.p.c.d.i.C.selectAllCourseForPltad -- ==> Parameters: 
19:20:58.825 [http-nio-8080-exec-8] DEBUG c.l.b.p.c.d.i.C.selectAllCourseForPltad -- <==      Total: 37
19:20:58.825 [http-nio-8080-exec-8] DEBUG org.mybatis.spring.SqlSessionUtils -- Releasing transactional SqlSession [org.apache.ibatis.session.defaults.DefaultSqlSession@37112073]
19:20:58.826 [http-nio-8080-exec-8] DEBUG org.mybatis.spring.SqlSessionUtils -- Transaction synchronization committing SqlSession [org.apache.ibatis.session.defaults.DefaultSqlSession@37112073]
19:20:58.826 [http-nio-8080-exec-8] DEBUG org.mybatis.spring.SqlSessionUtils -- Transaction synchronization deregistering SqlSession [org.apache.ibatis.session.defaults.DefaultSqlSession@37112073]
19:20:58.826 [http-nio-8080-exec-8] DEBUG org.mybatis.spring.SqlSessionUtils -- Transaction synchronization closing SqlSession [org.apache.ibatis.session.defaults.DefaultSqlSession@37112073]
19:20:58.826 [http-nio-8080-exec-8] DEBUG o.s.j.support.JdbcTransactionManager -- Initiating transaction commit
19:20:58.826 [http-nio-8080-exec-8] DEBUG o.s.j.support.JdbcTransactionManager -- Committing JDBC transaction on Connection [HikariProxyConnection@556769002 wrapping oracle.jdbc.driver.T4CConnection@43798907]
19:20:58.826 [http-nio-8080-exec-8] DEBUG o.s.jdbc.datasource.DataSourceUtils -- Resetting read-only flag of JDBC Connection [HikariProxyConnection@556769002 wrapping oracle.jdbc.driver.T4CConnection@43798907]
19:20:58.826 [http-nio-8080-exec-8] DEBUG o.s.j.support.JdbcTransactionManager -- Releasing JDBC Connection [HikariProxyConnection@556769002 wrapping oracle.jdbc.driver.T4CConnection@43798907] after transaction
19:20:58.826 [http-nio-8080-exec-8] DEBUG o.s.j.support.JdbcTransactionManager -- Creating new transaction with name [com.learn.bbs.pltad.crsinf.service.impl.CrsInfServiceImpl.selectAllFinishedCourseForPltad]: PROPAGATION_REQUIRED,ISOLATION_DEFAULT,readOnly
19:20:58.826 [http-nio-8080-exec-8] DEBUG o.s.j.support.JdbcTransactionManager -- Acquired Connection [HikariProxyConnection@1612419175 wrapping oracle.jdbc.driver.T4CConnection@43798907] for JDBC transaction
19:20:58.826 [http-nio-8080-exec-8] DEBUG o.s.jdbc.datasource.DataSourceUtils -- Setting JDBC Connection [HikariProxyConnection@1612419175 wrapping oracle.jdbc.driver.T4CConnection@43798907] read-only
19:20:58.826 [http-nio-8080-exec-8] DEBUG o.s.j.support.JdbcTransactionManager -- Switching JDBC Connection [HikariProxyConnection@1612419175 wrapping oracle.jdbc.driver.T4CConnection@43798907] to manual commit
19:20:58.826 [http-nio-8080-exec-8] DEBUG org.mybatis.spring.SqlSessionUtils -- Creating a new SqlSession
19:20:58.826 [http-nio-8080-exec-8] DEBUG org.mybatis.spring.SqlSessionUtils -- Registering transaction synchronization for SqlSession [org.apache.ibatis.session.defaults.DefaultSqlSession@367414c6]
19:20:58.826 [http-nio-8080-exec-8] DEBUG o.m.s.t.SpringManagedTransaction -- JDBC Connection [HikariProxyConnection@1612419175 wrapping oracle.jdbc.driver.T4CConnection@43798907] will be managed by Spring
19:20:58.826 [http-nio-8080-exec-8] DEBUG c.l.b.p.c.d.i.C.selectAllFinishedCourseForPltad -- ==>  Preparing: SELECT C.CRS_INF_ID , C.CRS_INF_NM , C.CRS_INF_ST_DT , C.CRS_INF_END_DT FROM CRS_INF C WHERE C.CRS_INF_DEL_YN = 'N' AND C.CRS_INF_DDLN_YN = 'Y' GROUP BY C.CRS_INF_ID , C.CRS_INF_NM , C.CRS_INF_ST_DT , C.CRS_INF_END_DT , C.CRS_INF_PRS_CNT ORDER BY C.CRS_INF_ST_DT DESC
19:20:58.826 [http-nio-8080-exec-8] DEBUG c.l.b.p.c.d.i.C.selectAllFinishedCourseForPltad -- ==> Parameters: 
19:20:58.835 [http-nio-8080-exec-8] DEBUG c.l.b.p.c.d.i.C.selectAllFinishedCourseForPltad -- <==      Total: 2
19:20:58.835 [http-nio-8080-exec-8] DEBUG org.mybatis.spring.SqlSessionUtils -- Releasing transactional SqlSession [org.apache.ibatis.session.defaults.DefaultSqlSession@367414c6]
19:20:58.835 [http-nio-8080-exec-8] DEBUG org.mybatis.spring.SqlSessionUtils -- Transaction synchronization committing SqlSession [org.apache.ibatis.session.defaults.DefaultSqlSession@367414c6]
19:20:58.835 [http-nio-8080-exec-8] DEBUG org.mybatis.spring.SqlSessionUtils -- Transaction synchronization deregistering SqlSession [org.apache.ibatis.session.defaults.DefaultSqlSession@367414c6]
19:20:58.835 [http-nio-8080-exec-8] DEBUG org.mybatis.spring.SqlSessionUtils -- Transaction synchronization closing SqlSession [org.apache.ibatis.session.defaults.DefaultSqlSession@367414c6]
19:20:58.835 [http-nio-8080-exec-8] DEBUG o.s.j.support.JdbcTransactionManager -- Initiating transaction commit
19:20:58.835 [http-nio-8080-exec-8] DEBUG o.s.j.support.JdbcTransactionManager -- Committing JDBC transaction on Connection [HikariProxyConnection@1612419175 wrapping oracle.jdbc.driver.T4CConnection@43798907]
19:20:58.835 [http-nio-8080-exec-8] DEBUG o.s.jdbc.datasource.DataSourceUtils -- Resetting read-only flag of JDBC Connection [HikariProxyConnection@1612419175 wrapping oracle.jdbc.driver.T4CConnection@43798907]
19:20:58.835 [http-nio-8080-exec-8] DEBUG o.s.j.support.JdbcTransactionManager -- Releasing JDBC Connection [HikariProxyConnection@1612419175 wrapping oracle.jdbc.driver.T4CConnection@43798907] after transaction
19:20:58.837 [http-nio-8080-exec-8] DEBUG o.s.web.servlet.view.JstlView -- View name [/insttn/coursemanage], model {activeCourses=[com.learn.bbs.pltad.crsinf.vo.CrsInfPltadReadResponseVO@3a138d36, com.learn.bbs.pltad.crsinf.vo.CrsInfPltadReadResponseVO@4cbf9467, com.learn.bbs.pltad.crsinf.vo.CrsInfPltadReadResponseVO@52f404e0, com.learn.bbs.pltad.crsinf.vo.CrsInfPltadReadResponseVO@7d11cebd, com.learn.bbs.pltad.crsinf.vo.CrsInfPltadReadResponseVO@5bcd8614, com.learn.bbs.pltad.crsinf.vo.CrsInfPltadReadResponseVO@6be12da6, com.learn.bbs.pltad.crsinf.vo.CrsInfPltadReadResponseVO@19c0e73e, com.learn.bbs.pltad.crsinf.vo.CrsInfPltadReadResponseVO@6a57a69d, com.learn.bbs.pltad.crsinf.vo.CrsInfPltadReadResponseVO@5d1d60e5, com.learn.bbs.pltad.crsinf.vo.CrsInfPltadReadResponseVO@3f73fafd, com.learn.bbs.pltad.crsinf.vo.CrsInfPltadReadResponseVO@2194033a, com.learn.bbs.pltad.crsinf.vo.CrsInfPltadReadResponseVO@76a03adb, com.learn.bbs.pltad.crsinf.vo.CrsInfPltadReadResponseVO@400c76a2, com.learn.bbs.pltad.crsinf.vo.CrsInfPltadReadResponseVO@6088c84c, com.learn.bbs.pltad.crsinf.vo.CrsInfPltadReadResponseVO@61049ab4, com.learn.bbs.pltad.crsinf.vo.CrsInfPltadReadResponseVO@168502ad, com.learn.bbs.pltad.crsinf.vo.CrsInfPltadReadResponseVO@351fcfb9, com.learn.bbs.pltad.crsinf.vo.CrsInfPltadReadResponseVO@13f3bbfe, com.learn.bbs.pltad.crsinf.vo.CrsInfPltadReadResponseVO@5667420e, com.learn.bbs.pltad.crsinf.vo.CrsInfPltadReadResponseVO@6849a205, com.learn.bbs.pltad.crsinf.vo.CrsInfPltadReadResponseVO@2360cab2, com.learn.bbs.pltad.crsinf.vo.CrsInfPltadReadResponseVO@2d42a96b, com.learn.bbs.pltad.crsinf.vo.CrsInfPltadReadResponseVO@41d9e9ff, com.learn.bbs.pltad.crsinf.vo.CrsInfPltadReadResponseVO@64a5224b, com.learn.bbs.pltad.crsinf.vo.CrsInfPltadReadResponseVO@41b55137, com.learn.bbs.pltad.crsinf.vo.CrsInfPltadReadResponseVO@7984b19b, com.learn.bbs.pltad.crsinf.vo.CrsInfPltadReadResponseVO@771c2945, com.learn.bbs.pltad.crsinf.vo.CrsInfPltadReadResponseVO@3a66fa97, com.learn.bbs.pltad.crsinf.vo.CrsInfPltadReadResponseVO@51312805, com.learn.bbs.pltad.crsinf.vo.CrsInfPltadReadResponseVO@de543d1, com.learn.bbs.pltad.crsinf.vo.CrsInfPltadReadResponseVO@1ba50529, com.learn.bbs.pltad.crsinf.vo.CrsInfPltadReadResponseVO@161ae688, com.learn.bbs.pltad.crsinf.vo.CrsInfPltadReadResponseVO@4eb3854e, com.learn.bbs.pltad.crsinf.vo.CrsInfPltadReadResponseVO@69efbc82, com.learn.bbs.pltad.crsinf.vo.CrsInfPltadReadResponseVO@5ad060db, com.learn.bbs.pltad.crsinf.vo.CrsInfPltadReadResponseVO@1bbfe3af, com.learn.bbs.pltad.crsinf.vo.CrsInfPltadReadResponseVO@49f48c63], inactiveCourses=[com.learn.bbs.pltad.crsinf.vo.CrsInfPltadFinishedReadResponseVO@5d6b3273, com.learn.bbs.pltad.crsinf.vo.CrsInfPltadFinishedReadResponseVO@46457bd]}
19:20:58.837 [http-nio-8080-exec-8] DEBUG o.s.web.servlet.view.JstlView -- Forwarding to [/WEB-INF/views//insttn/coursemanage.jsp]
19:20:58.840 [http-nio-8080-exec-8] DEBUG o.s.web.servlet.DispatcherServlet -- Completed 200 OK
19:20:58.876 [http-nio-8080-exec-2] DEBUG o.s.web.servlet.DispatcherServlet -- GET "/js/common.js", parameters={}
19:20:58.878 [http-nio-8080-exec-2] DEBUG o.s.w.s.h.SimpleUrlHandlerMapping -- Mapped to ResourceHttpRequestHandler [classpath [static/]]
19:20:58.883 [http-nio-8080-exec-2] DEBUG o.s.web.servlet.DispatcherServlet -- Completed 304 NOT_MODIFIED
