18:54:06.227 [HikariPool-2 housekeeper] DEBUG com.zaxxer.hikari.pool.HikariPool -- HikariPool-2 - Pool stats (total=10, active=0, idle=10, waiting=0)
18:54:06.292 [HikariPool-2 housekeeper] DEBUG com.zaxxer.hikari.pool.HikariPool -- HikariPool-2 - Fill pool skipped, pool has sufficient level or currently being filled.
18:54:36.304 [HikariPool-2 housekeeper] DEBUG com.zaxxer.hikari.pool.HikariPool -- HikariPool-2 - Pool stats (total=10, active=0, idle=10, waiting=0)
18:54:36.312 [HikariPool-2 housekeeper] DEBUG com.zaxxer.hikari.pool.HikariPool -- HikariPool-2 - Fill pool skipped, pool has sufficient level or currently being filled.
18:54:55.348 [http-nio-8080-exec-8] DEBUG o.s.web.servlet.DispatcherServlet -- GET "/insttn/pltad", parameters={}
18:54:55.368 [http-nio-8080-exec-8] DEBUG o.s.w.s.m.m.a.RequestMappingHandlerMapping -- Mapped to com.learn.bbs.pltad.crsinf.web.CrsInfController#showAllCourses(Model)
18:54:55.446 [http-nio-8080-exec-8] DEBUG o.s.j.support.JdbcTransactionManager -- Creating new transaction with name [com.learn.bbs.pltad.crsinf.service.impl.CrsInfServiceImpl.selectAllCourseForPltad]: PROPAGATION_REQUIRED,ISOLATION_DEFAULT,readOnly
18:54:55.571 [http-nio-8080-exec-8] DEBUG o.s.j.support.JdbcTransactionManager -- Acquired Connection [HikariProxyConnection@2094354916 wrapping oracle.jdbc.driver.T4CConnection@6c8a3eab] for JDBC transaction
18:54:55.571 [http-nio-8080-exec-8] DEBUG o.s.jdbc.datasource.DataSourceUtils -- Setting JDBC Connection [HikariProxyConnection@2094354916 wrapping oracle.jdbc.driver.T4CConnection@6c8a3eab] read-only
18:54:55.572 [http-nio-8080-exec-8] DEBUG o.s.j.support.JdbcTransactionManager -- Switching JDBC Connection [HikariProxyConnection@2094354916 wrapping oracle.jdbc.driver.T4CConnection@6c8a3eab] to manual commit
18:54:55.573 [http-nio-8080-exec-8] DEBUG org.mybatis.spring.SqlSessionUtils -- Creating a new SqlSession
18:54:55.574 [http-nio-8080-exec-8] DEBUG org.mybatis.spring.SqlSessionUtils -- Registering transaction synchronization for SqlSession [org.apache.ibatis.session.defaults.DefaultSqlSession@731daed7]
18:54:55.576 [http-nio-8080-exec-8] DEBUG o.m.s.t.SpringManagedTransaction -- JDBC Connection [HikariProxyConnection@2094354916 wrapping oracle.jdbc.driver.T4CConnection@6c8a3eab] will be managed by Spring
18:54:55.577 [http-nio-8080-exec-8] DEBUG c.l.b.p.c.d.i.C.selectAllCourseForPltad -- ==>  Preparing: SELECT C.CRS_INF_ID , C.CRS_INF_NM , C.CRS_INF_ST_DT , C.CRS_INF_END_DT , C.CRS_INF_DDLN_DT , C.CRS_INF_PRS_CNT , COUNT(A.APP_HSTR_ID) AS CRS_CUR_PRS_CNT FROM CRS_INF C LEFT JOIN APP_HSTR A ON C.CRS_INF_ID = A.CRS_INF_ID LEFT JOIN CNCL_HSTR CN ON A.APP_HSTR_ID = CN.APP_HSTR_ID WHERE C.CRS_INF_DEL_YN = 'N' AND C.CRS_INF_DDLN_YN = 'N' AND CN.CNCL_HSTR_ID IS NULL GROUP BY C.CRS_INF_ID , C.CRS_INF_NM , C.CRS_INF_ST_DT , C.CRS_INF_END_DT , C.CRS_INF_DDLN_DT , C.CRS_INF_PRS_CNT ORDER BY C.CRS_INF_ST_DT DESC
18:54:55.583 [http-nio-8080-exec-8] DEBUG c.l.b.p.c.d.i.C.selectAllCourseForPltad -- ==> Parameters: 
18:54:55.775 [http-nio-8080-exec-8] DEBUG c.l.b.p.c.d.i.C.selectAllCourseForPltad -- <==      Total: 39
18:54:55.777 [http-nio-8080-exec-8] DEBUG org.mybatis.spring.SqlSessionUtils -- Releasing transactional SqlSession [org.apache.ibatis.session.defaults.DefaultSqlSession@731daed7]
18:54:55.778 [http-nio-8080-exec-8] DEBUG org.mybatis.spring.SqlSessionUtils -- Transaction synchronization committing SqlSession [org.apache.ibatis.session.defaults.DefaultSqlSession@731daed7]
18:54:55.778 [http-nio-8080-exec-8] DEBUG org.mybatis.spring.SqlSessionUtils -- Transaction synchronization deregistering SqlSession [org.apache.ibatis.session.defaults.DefaultSqlSession@731daed7]
18:54:55.778 [http-nio-8080-exec-8] DEBUG org.mybatis.spring.SqlSessionUtils -- Transaction synchronization closing SqlSession [org.apache.ibatis.session.defaults.DefaultSqlSession@731daed7]
18:54:55.778 [http-nio-8080-exec-8] DEBUG o.s.j.support.JdbcTransactionManager -- Initiating transaction commit
18:54:55.778 [http-nio-8080-exec-8] DEBUG o.s.j.support.JdbcTransactionManager -- Committing JDBC transaction on Connection [HikariProxyConnection@2094354916 wrapping oracle.jdbc.driver.T4CConnection@6c8a3eab]
18:54:55.778 [http-nio-8080-exec-8] DEBUG o.s.jdbc.datasource.DataSourceUtils -- Resetting read-only flag of JDBC Connection [HikariProxyConnection@2094354916 wrapping oracle.jdbc.driver.T4CConnection@6c8a3eab]
18:54:55.778 [http-nio-8080-exec-8] DEBUG o.s.j.support.JdbcTransactionManager -- Releasing JDBC Connection [HikariProxyConnection@2094354916 wrapping oracle.jdbc.driver.T4CConnection@6c8a3eab] after transaction
18:54:55.779 [http-nio-8080-exec-8] DEBUG o.s.j.support.JdbcTransactionManager -- Creating new transaction with name [com.learn.bbs.pltad.crsinf.service.impl.CrsInfServiceImpl.selectAllFinishedCourseForPltad]: PROPAGATION_REQUIRED,ISOLATION_DEFAULT,readOnly
18:54:55.780 [http-nio-8080-exec-8] DEBUG o.s.j.support.JdbcTransactionManager -- Acquired Connection [HikariProxyConnection@119313768 wrapping oracle.jdbc.driver.T4CConnection@6c8a3eab] for JDBC transaction
18:54:55.780 [http-nio-8080-exec-8] DEBUG o.s.jdbc.datasource.DataSourceUtils -- Setting JDBC Connection [HikariProxyConnection@119313768 wrapping oracle.jdbc.driver.T4CConnection@6c8a3eab] read-only
18:54:55.780 [http-nio-8080-exec-8] DEBUG o.s.j.support.JdbcTransactionManager -- Switching JDBC Connection [HikariProxyConnection@119313768 wrapping oracle.jdbc.driver.T4CConnection@6c8a3eab] to manual commit
18:54:55.780 [http-nio-8080-exec-8] DEBUG org.mybatis.spring.SqlSessionUtils -- Creating a new SqlSession
18:54:55.780 [http-nio-8080-exec-8] DEBUG org.mybatis.spring.SqlSessionUtils -- Registering transaction synchronization for SqlSession [org.apache.ibatis.session.defaults.DefaultSqlSession@11dc468c]
18:54:55.780 [http-nio-8080-exec-8] DEBUG o.m.s.t.SpringManagedTransaction -- JDBC Connection [HikariProxyConnection@119313768 wrapping oracle.jdbc.driver.T4CConnection@6c8a3eab] will be managed by Spring
18:54:55.780 [http-nio-8080-exec-8] DEBUG c.l.b.p.c.d.i.C.selectAllFinishedCourseForPltad -- ==>  Preparing: SELECT C.CRS_INF_ID , C.CRS_INF_NM , C.CRS_INF_ST_DT , C.CRS_INF_END_DT FROM CRS_INF C WHERE C.CRS_INF_DEL_YN = 'N' AND C.CRS_INF_DDLN_YN = 'Y' GROUP BY C.CRS_INF_ID , C.CRS_INF_NM , C.CRS_INF_ST_DT , C.CRS_INF_END_DT , C.CRS_INF_PRS_CNT ORDER BY C.CRS_INF_ST_DT DESC
18:54:55.780 [http-nio-8080-exec-8] DEBUG c.l.b.p.c.d.i.C.selectAllFinishedCourseForPltad -- ==> Parameters: 
18:54:55.794 [http-nio-8080-exec-8] DEBUG c.l.b.p.c.d.i.C.selectAllFinishedCourseForPltad -- <==      Total: 2
18:54:55.794 [http-nio-8080-exec-8] DEBUG org.mybatis.spring.SqlSessionUtils -- Releasing transactional SqlSession [org.apache.ibatis.session.defaults.DefaultSqlSession@11dc468c]
18:54:55.794 [http-nio-8080-exec-8] DEBUG org.mybatis.spring.SqlSessionUtils -- Transaction synchronization committing SqlSession [org.apache.ibatis.session.defaults.DefaultSqlSession@11dc468c]
18:54:55.794 [http-nio-8080-exec-8] DEBUG org.mybatis.spring.SqlSessionUtils -- Transaction synchronization deregistering SqlSession [org.apache.ibatis.session.defaults.DefaultSqlSession@11dc468c]
18:54:55.795 [http-nio-8080-exec-8] DEBUG org.mybatis.spring.SqlSessionUtils -- Transaction synchronization closing SqlSession [org.apache.ibatis.session.defaults.DefaultSqlSession@11dc468c]
18:54:55.795 [http-nio-8080-exec-8] DEBUG o.s.j.support.JdbcTransactionManager -- Initiating transaction commit
18:54:55.795 [http-nio-8080-exec-8] DEBUG o.s.j.support.JdbcTransactionManager -- Committing JDBC transaction on Connection [HikariProxyConnection@119313768 wrapping oracle.jdbc.driver.T4CConnection@6c8a3eab]
18:54:55.795 [http-nio-8080-exec-8] DEBUG o.s.jdbc.datasource.DataSourceUtils -- Resetting read-only flag of JDBC Connection [HikariProxyConnection@119313768 wrapping oracle.jdbc.driver.T4CConnection@6c8a3eab]
18:54:55.795 [http-nio-8080-exec-8] DEBUG o.s.j.support.JdbcTransactionManager -- Releasing JDBC Connection [HikariProxyConnection@119313768 wrapping oracle.jdbc.driver.T4CConnection@6c8a3eab] after transaction
18:54:55.823 [http-nio-8080-exec-8] DEBUG o.s.web.servlet.view.JstlView -- View name [/insttn/coursemanage], model {activeCourses=[com.learn.bbs.pltad.crsinf.vo.CrsInfPltadReadResponseVO@5126b051, com.learn.bbs.pltad.crsinf.vo.CrsInfPltadReadResponseVO@3fbd03b2, com.learn.bbs.pltad.crsinf.vo.CrsInfPltadReadResponseVO@664738a8, com.learn.bbs.pltad.crsinf.vo.CrsInfPltadReadResponseVO@496c2d37, com.learn.bbs.pltad.crsinf.vo.CrsInfPltadReadResponseVO@2d2cb873, com.learn.bbs.pltad.crsinf.vo.CrsInfPltadReadResponseVO@7a5b9ef7, com.learn.bbs.pltad.crsinf.vo.CrsInfPltadReadResponseVO@25066b6c, com.learn.bbs.pltad.crsinf.vo.CrsInfPltadReadResponseVO@d2bef6e, com.learn.bbs.pltad.crsinf.vo.CrsInfPltadReadResponseVO@450c3198, com.learn.bbs.pltad.crsinf.vo.CrsInfPltadReadResponseVO@6306b3e8, com.learn.bbs.pltad.crsinf.vo.CrsInfPltadReadResponseVO@75cdf9ef, com.learn.bbs.pltad.crsinf.vo.CrsInfPltadReadResponseVO@274f38a7, com.learn.bbs.pltad.crsinf.vo.CrsInfPltadReadResponseVO@3eb5d27, com.learn.bbs.pltad.crsinf.vo.CrsInfPltadReadResponseVO@55a42741, com.learn.bbs.pltad.crsinf.vo.CrsInfPltadReadResponseVO@4fbcae9b, com.learn.bbs.pltad.crsinf.vo.CrsInfPltadReadResponseVO@11e82dcb, com.learn.bbs.pltad.crsinf.vo.CrsInfPltadReadResponseVO@483358b4, com.learn.bbs.pltad.crsinf.vo.CrsInfPltadReadResponseVO@3cd9e0dc, com.learn.bbs.pltad.crsinf.vo.CrsInfPltadReadResponseVO@16bb59aa, com.learn.bbs.pltad.crsinf.vo.CrsInfPltadReadResponseVO@46edb8c3, com.learn.bbs.pltad.crsinf.vo.CrsInfPltadReadResponseVO@14c9be52, com.learn.bbs.pltad.crsinf.vo.CrsInfPltadReadResponseVO@67e57317, com.learn.bbs.pltad.crsinf.vo.CrsInfPltadReadResponseVO@2bdf0048, com.learn.bbs.pltad.crsinf.vo.CrsInfPltadReadResponseVO@df8e50, com.learn.bbs.pltad.crsinf.vo.CrsInfPltadReadResponseVO@593d9b37, com.learn.bbs.pltad.crsinf.vo.CrsInfPltadReadResponseVO@150c36cc, com.learn.bbs.pltad.crsinf.vo.CrsInfPltadReadResponseVO@4602b965, com.learn.bbs.pltad.crsinf.vo.CrsInfPltadReadResponseVO@3a5312fb, com.learn.bbs.pltad.crsinf.vo.CrsInfPltadReadResponseVO@f82c2a5, com.learn.bbs.pltad.crsinf.vo.CrsInfPltadReadResponseVO@7bcc3fcf, com.learn.bbs.pltad.crsinf.vo.CrsInfPltadReadResponseVO@28566842, com.learn.bbs.pltad.crsinf.vo.CrsInfPltadReadResponseVO@ab06379, com.learn.bbs.pltad.crsinf.vo.CrsInfPltadReadResponseVO@13be1f60, com.learn.bbs.pltad.crsinf.vo.CrsInfPltadReadResponseVO@996789f, com.learn.bbs.pltad.crsinf.vo.CrsInfPltadReadResponseVO@12190597, com.learn.bbs.pltad.crsinf.vo.CrsInfPltadReadResponseVO@1b3b0706, com.learn.bbs.pltad.crsinf.vo.CrsInfPltadReadResponseVO@781d4e1e, com.learn.bbs.pltad.crsinf.vo.CrsInfPltadReadResponseVO@42758302, com.learn.bbs.pltad.crsinf.vo.CrsInfPltadReadResponseVO@189a1366], inactiveCourses=[com.learn.bbs.pltad.crsinf.vo.CrsInfPltadFinishedReadResponseVO@5bda2444, com.learn.bbs.pltad.crsinf.vo.CrsInfPltadFinishedReadResponseVO@49a5fc9f]}
18:54:55.827 [http-nio-8080-exec-8] DEBUG o.s.web.servlet.view.JstlView -- Forwarding to [/WEB-INF/views//insttn/coursemanage.jsp]
18:54:56.394 [http-nio-8080-exec-8] DEBUG o.s.web.servlet.DispatcherServlet -- Completed 200 OK
18:54:56.510 [http-nio-8080-exec-6] DEBUG o.s.web.servlet.DispatcherServlet -- GET "/js/common.js", parameters={}
18:54:56.622 [http-nio-8080-exec-6] DEBUG o.s.w.s.h.SimpleUrlHandlerMapping -- Mapped to ResourceHttpRequestHandler [classpath [static/]]
18:54:56.688 [http-nio-8080-exec-6] DEBUG o.s.web.servlet.DispatcherServlet -- Completed 200 OK
18:54:58.355 [http-nio-8080-exec-7] DEBUG o.s.web.servlet.DispatcherServlet -- POST "/insttn/pltad/delete/undefined", parameters={}
18:54:58.365 [http-nio-8080-exec-7] DEBUG o.s.w.s.m.m.a.RequestMappingHandlerMapping -- Mapped to com.learn.bbs.pltad.crsinf.web.CrsInfController#doDeleteCourse(String)
18:54:58.395 [http-nio-8080-exec-7] DEBUG o.s.j.support.JdbcTransactionManager -- Creating new transaction with name [com.learn.bbs.pltad.crsinf.service.impl.CrsInfServiceImpl.deleteOneCourse]: PROPAGATION_REQUIRED,ISOLATION_DEFAULT
18:54:58.425 [http-nio-8080-exec-7] DEBUG o.s.j.support.JdbcTransactionManager -- Acquired Connection [HikariProxyConnection@1456073955 wrapping oracle.jdbc.driver.T4CConnection@6c8a3eab] for JDBC transaction
18:54:58.426 [http-nio-8080-exec-7] DEBUG o.s.j.support.JdbcTransactionManager -- Switching JDBC Connection [HikariProxyConnection@1456073955 wrapping oracle.jdbc.driver.T4CConnection@6c8a3eab] to manual commit
18:54:58.428 [http-nio-8080-exec-7] DEBUG org.mybatis.spring.SqlSessionUtils -- Creating a new SqlSession
18:54:58.431 [http-nio-8080-exec-7] DEBUG org.mybatis.spring.SqlSessionUtils -- Registering transaction synchronization for SqlSession [org.apache.ibatis.session.defaults.DefaultSqlSession@5c64404a]
18:54:58.433 [http-nio-8080-exec-7] DEBUG o.m.s.t.SpringManagedTransaction -- JDBC Connection [HikariProxyConnection@1456073955 wrapping oracle.jdbc.driver.T4CConnection@6c8a3eab] will be managed by Spring
18:54:58.433 [http-nio-8080-exec-7] DEBUG c.l.b.p.c.d.i.C.deleteOneCourse -- ==>  Preparing: UPDATE CRS_INF SET CRS_INF_DEL_YN = 'Y' , CRS_INF_DEL_DT = SYSDATE WHERE CRS_INF_ID = ?
18:54:58.437 [http-nio-8080-exec-7] DEBUG c.l.b.p.c.d.i.C.deleteOneCourse -- ==> Parameters: undefined(String)
18:54:58.453 [http-nio-8080-exec-7] DEBUG c.l.b.p.c.d.i.C.deleteOneCourse -- <==    Updates: 0
18:54:58.453 [http-nio-8080-exec-7] DEBUG org.mybatis.spring.SqlSessionUtils -- Releasing transactional SqlSession [org.apache.ibatis.session.defaults.DefaultSqlSession@5c64404a]
18:54:58.454 [http-nio-8080-exec-7] DEBUG org.mybatis.spring.SqlSessionUtils -- Transaction synchronization deregistering SqlSession [org.apache.ibatis.session.defaults.DefaultSqlSession@5c64404a]
18:54:58.454 [http-nio-8080-exec-7] DEBUG org.mybatis.spring.SqlSessionUtils -- Transaction synchronization closing SqlSession [org.apache.ibatis.session.defaults.DefaultSqlSession@5c64404a]
18:54:58.454 [http-nio-8080-exec-7] DEBUG o.s.j.support.JdbcTransactionManager -- Initiating transaction rollback
18:54:58.454 [http-nio-8080-exec-7] DEBUG o.s.j.support.JdbcTransactionManager -- Rolling back JDBC transaction on Connection [HikariProxyConnection@1456073955 wrapping oracle.jdbc.driver.T4CConnection@6c8a3eab]
18:54:58.461 [http-nio-8080-exec-7] DEBUG o.s.j.support.JdbcTransactionManager -- Releasing JDBC Connection [HikariProxyConnection@1456073955 wrapping oracle.jdbc.driver.T4CConnection@6c8a3eab] after transaction
18:54:58.470 [http-nio-8080-exec-7] DEBUG o.s.w.s.m.m.a.ExceptionHandlerExceptionResolver -- Using @ExceptionHandler com.learn.exceptions.GlobalExceptionHandler#viewCrsInfDeleteExceptionPage(CrsInfDeleteException)
18:54:58.473 [http-nio-8080-exec-7] DEBUG o.s.w.s.m.m.a.ExceptionHandlerExceptionResolver -- Resolved [com.learn.exceptions.CrsInfDeleteException: DB 삭제(Soft delete)에 실패하였습니다.] to ModelAndView [view="error/404"; model={}]
18:54:58.473 [http-nio-8080-exec-7] DEBUG o.s.web.servlet.DispatcherServlet -- Using resolved error view: ModelAndView [view="error/404"; model={}]
18:54:58.475 [http-nio-8080-exec-7] DEBUG o.s.web.servlet.view.JstlView -- View name [error/404], model {}
18:54:58.476 [http-nio-8080-exec-7] DEBUG o.s.web.servlet.view.JstlView -- Forwarding to [/WEB-INF/views/error/404.jsp]
18:54:58.478 [http-nio-8080-exec-7] DEBUG o.s.web.servlet.DispatcherServlet -- Completed 404 NOT_FOUND
18:54:58.479 [http-nio-8080-exec-7] DEBUG o.s.web.servlet.DispatcherServlet -- "ERROR" dispatch for POST "/error", parameters={}
18:54:58.481 [http-nio-8080-exec-7] DEBUG o.s.w.s.m.m.a.RequestMappingHandlerMapping -- Mapped to org.springframework.boot.autoconfigure.web.servlet.error.BasicErrorController#error(HttpServletRequest)
18:54:58.499 [http-nio-8080-exec-7] DEBUG o.s.w.s.m.m.a.HttpEntityMethodProcessor -- Using 'application/json', given [*/*] and supported [application/json, application/*+json]
18:54:58.503 [http-nio-8080-exec-7] DEBUG o.s.w.s.m.m.a.HttpEntityMethodProcessor -- Writing [{timestamp=Fri Apr 18 18:54:58 KST 2025, status=404, error=Not Found, trace=com.learn.exceptions.Crs (truncated)...]
18:54:58.510 [http-nio-8080-exec-7] DEBUG o.s.web.servlet.DispatcherServlet -- Exiting from "ERROR" dispatch, status 404
