19:08:07.068 [HikariPool-2 housekeeper] DEBUG com.zaxxer.hikari.pool.HikariPool -- HikariPool-2 - Pool stats (total=10, active=0, idle=10, waiting=0)
19:08:07.082 [HikariPool-2 housekeeper] DEBUG com.zaxxer.hikari.pool.HikariPool -- HikariPool-2 - Fill pool skipped, pool has sufficient level or currently being filled.
19:08:37.090 [HikariPool-2 housekeeper] DEBUG com.zaxxer.hikari.pool.HikariPool -- HikariPool-2 - Pool stats (total=10, active=0, idle=10, waiting=0)
19:08:37.129 [HikariPool-2 housekeeper] DEBUG com.zaxxer.hikari.pool.HikariPool -- HikariPool-2 - Fill pool skipped, pool has sufficient level or currently being filled.
19:08:37.736 [http-nio-8080-exec-8] DEBUG o.s.web.servlet.DispatcherServlet -- GET "/insttn/pltad", parameters={}
19:08:37.771 [http-nio-8080-exec-8] DEBUG o.s.w.s.m.m.a.RequestMappingHandlerMapping -- Mapped to com.learn.bbs.pltad.crsinf.web.CrsInfController#showAllCourses(Model)
19:08:37.954 [http-nio-8080-exec-8] DEBUG o.s.j.support.JdbcTransactionManager -- Creating new transaction with name [com.learn.bbs.pltad.crsinf.service.impl.CrsInfServiceImpl.selectAllCourseForPltad]: PROPAGATION_REQUIRED,ISOLATION_DEFAULT,readOnly
19:08:38.081 [http-nio-8080-exec-8] DEBUG o.s.j.support.JdbcTransactionManager -- Acquired Connection [HikariProxyConnection@1745027931 wrapping oracle.jdbc.driver.T4CConnection@6c8a3eab] for JDBC transaction
19:08:38.083 [http-nio-8080-exec-8] DEBUG o.s.jdbc.datasource.DataSourceUtils -- Setting JDBC Connection [HikariProxyConnection@1745027931 wrapping oracle.jdbc.driver.T4CConnection@6c8a3eab] read-only
19:08:38.084 [http-nio-8080-exec-8] DEBUG o.s.j.support.JdbcTransactionManager -- Switching JDBC Connection [HikariProxyConnection@1745027931 wrapping oracle.jdbc.driver.T4CConnection@6c8a3eab] to manual commit
19:08:38.087 [http-nio-8080-exec-8] DEBUG org.mybatis.spring.SqlSessionUtils -- Creating a new SqlSession
19:08:38.089 [http-nio-8080-exec-8] DEBUG org.mybatis.spring.SqlSessionUtils -- Registering transaction synchronization for SqlSession [org.apache.ibatis.session.defaults.DefaultSqlSession@5fba8a74]
19:08:38.094 [http-nio-8080-exec-8] DEBUG o.m.s.t.SpringManagedTransaction -- JDBC Connection [HikariProxyConnection@1745027931 wrapping oracle.jdbc.driver.T4CConnection@6c8a3eab] will be managed by Spring
19:08:38.097 [http-nio-8080-exec-8] DEBUG c.l.b.p.c.d.i.C.selectAllCourseForPltad -- ==>  Preparing: SELECT C.CRS_INF_ID , C.CRS_INF_NM , C.CRS_INF_ST_DT , C.CRS_INF_END_DT , C.CRS_INF_DDLN_DT , C.CRS_INF_PRS_CNT , COUNT(A.APP_HSTR_ID) AS CRS_CUR_PRS_CNT FROM CRS_INF C LEFT JOIN APP_HSTR A ON C.CRS_INF_ID = A.CRS_INF_ID LEFT JOIN CNCL_HSTR CN ON A.APP_HSTR_ID = CN.APP_HSTR_ID WHERE C.CRS_INF_DEL_YN = 'N' AND C.CRS_INF_DDLN_YN = 'N' AND CN.CNCL_HSTR_ID IS NULL GROUP BY C.CRS_INF_ID , C.CRS_INF_NM , C.CRS_INF_ST_DT , C.CRS_INF_END_DT , C.CRS_INF_DDLN_DT , C.CRS_INF_PRS_CNT ORDER BY C.CRS_INF_ST_DT DESC
19:08:38.134 [http-nio-8080-exec-8] DEBUG c.l.b.p.c.d.i.C.selectAllCourseForPltad -- ==> Parameters: 
19:08:38.455 [http-nio-8080-exec-8] DEBUG c.l.b.p.c.d.i.C.selectAllCourseForPltad -- <==      Total: 39
19:08:38.457 [http-nio-8080-exec-8] DEBUG org.mybatis.spring.SqlSessionUtils -- Releasing transactional SqlSession [org.apache.ibatis.session.defaults.DefaultSqlSession@5fba8a74]
19:08:38.458 [http-nio-8080-exec-8] DEBUG org.mybatis.spring.SqlSessionUtils -- Transaction synchronization committing SqlSession [org.apache.ibatis.session.defaults.DefaultSqlSession@5fba8a74]
19:08:38.458 [http-nio-8080-exec-8] DEBUG org.mybatis.spring.SqlSessionUtils -- Transaction synchronization deregistering SqlSession [org.apache.ibatis.session.defaults.DefaultSqlSession@5fba8a74]
19:08:38.459 [http-nio-8080-exec-8] DEBUG org.mybatis.spring.SqlSessionUtils -- Transaction synchronization closing SqlSession [org.apache.ibatis.session.defaults.DefaultSqlSession@5fba8a74]
19:08:38.459 [http-nio-8080-exec-8] DEBUG o.s.j.support.JdbcTransactionManager -- Initiating transaction commit
19:08:38.459 [http-nio-8080-exec-8] DEBUG o.s.j.support.JdbcTransactionManager -- Committing JDBC transaction on Connection [HikariProxyConnection@1745027931 wrapping oracle.jdbc.driver.T4CConnection@6c8a3eab]
19:08:38.459 [http-nio-8080-exec-8] DEBUG o.s.jdbc.datasource.DataSourceUtils -- Resetting read-only flag of JDBC Connection [HikariProxyConnection@1745027931 wrapping oracle.jdbc.driver.T4CConnection@6c8a3eab]
19:08:38.459 [http-nio-8080-exec-8] DEBUG o.s.j.support.JdbcTransactionManager -- Releasing JDBC Connection [HikariProxyConnection@1745027931 wrapping oracle.jdbc.driver.T4CConnection@6c8a3eab] after transaction
19:08:38.461 [http-nio-8080-exec-8] DEBUG o.s.j.support.JdbcTransactionManager -- Creating new transaction with name [com.learn.bbs.pltad.crsinf.service.impl.CrsInfServiceImpl.selectAllFinishedCourseForPltad]: PROPAGATION_REQUIRED,ISOLATION_DEFAULT,readOnly
19:08:38.462 [http-nio-8080-exec-8] DEBUG o.s.j.support.JdbcTransactionManager -- Acquired Connection [HikariProxyConnection@1391227035 wrapping oracle.jdbc.driver.T4CConnection@6c8a3eab] for JDBC transaction
19:08:38.462 [http-nio-8080-exec-8] DEBUG o.s.jdbc.datasource.DataSourceUtils -- Setting JDBC Connection [HikariProxyConnection@1391227035 wrapping oracle.jdbc.driver.T4CConnection@6c8a3eab] read-only
19:08:38.462 [http-nio-8080-exec-8] DEBUG o.s.j.support.JdbcTransactionManager -- Switching JDBC Connection [HikariProxyConnection@1391227035 wrapping oracle.jdbc.driver.T4CConnection@6c8a3eab] to manual commit
19:08:38.462 [http-nio-8080-exec-8] DEBUG org.mybatis.spring.SqlSessionUtils -- Creating a new SqlSession
19:08:38.462 [http-nio-8080-exec-8] DEBUG org.mybatis.spring.SqlSessionUtils -- Registering transaction synchronization for SqlSession [org.apache.ibatis.session.defaults.DefaultSqlSession@52233376]
19:08:38.462 [http-nio-8080-exec-8] DEBUG o.m.s.t.SpringManagedTransaction -- JDBC Connection [HikariProxyConnection@1391227035 wrapping oracle.jdbc.driver.T4CConnection@6c8a3eab] will be managed by Spring
19:08:38.462 [http-nio-8080-exec-8] DEBUG c.l.b.p.c.d.i.C.selectAllFinishedCourseForPltad -- ==>  Preparing: SELECT C.CRS_INF_ID , C.CRS_INF_NM , C.CRS_INF_ST_DT , C.CRS_INF_END_DT FROM CRS_INF C WHERE C.CRS_INF_DEL_YN = 'N' AND C.CRS_INF_DDLN_YN = 'Y' GROUP BY C.CRS_INF_ID , C.CRS_INF_NM , C.CRS_INF_ST_DT , C.CRS_INF_END_DT , C.CRS_INF_PRS_CNT ORDER BY C.CRS_INF_ST_DT DESC
19:08:38.463 [http-nio-8080-exec-8] DEBUG c.l.b.p.c.d.i.C.selectAllFinishedCourseForPltad -- ==> Parameters: 
19:08:38.478 [http-nio-8080-exec-8] DEBUG c.l.b.p.c.d.i.C.selectAllFinishedCourseForPltad -- <==      Total: 2
19:08:38.478 [http-nio-8080-exec-8] DEBUG org.mybatis.spring.SqlSessionUtils -- Releasing transactional SqlSession [org.apache.ibatis.session.defaults.DefaultSqlSession@52233376]
19:08:38.478 [http-nio-8080-exec-8] DEBUG org.mybatis.spring.SqlSessionUtils -- Transaction synchronization committing SqlSession [org.apache.ibatis.session.defaults.DefaultSqlSession@52233376]
19:08:38.478 [http-nio-8080-exec-8] DEBUG org.mybatis.spring.SqlSessionUtils -- Transaction synchronization deregistering SqlSession [org.apache.ibatis.session.defaults.DefaultSqlSession@52233376]
19:08:38.478 [http-nio-8080-exec-8] DEBUG org.mybatis.spring.SqlSessionUtils -- Transaction synchronization closing SqlSession [org.apache.ibatis.session.defaults.DefaultSqlSession@52233376]
19:08:38.479 [http-nio-8080-exec-8] DEBUG o.s.j.support.JdbcTransactionManager -- Initiating transaction commit
19:08:38.479 [http-nio-8080-exec-8] DEBUG o.s.j.support.JdbcTransactionManager -- Committing JDBC transaction on Connection [HikariProxyConnection@1391227035 wrapping oracle.jdbc.driver.T4CConnection@6c8a3eab]
19:08:38.479 [http-nio-8080-exec-8] DEBUG o.s.jdbc.datasource.DataSourceUtils -- Resetting read-only flag of JDBC Connection [HikariProxyConnection@1391227035 wrapping oracle.jdbc.driver.T4CConnection@6c8a3eab]
19:08:38.479 [http-nio-8080-exec-8] DEBUG o.s.j.support.JdbcTransactionManager -- Releasing JDBC Connection [HikariProxyConnection@1391227035 wrapping oracle.jdbc.driver.T4CConnection@6c8a3eab] after transaction
19:08:38.524 [http-nio-8080-exec-8] DEBUG o.s.web.servlet.view.JstlView -- View name [/insttn/coursemanage], model {activeCourses=[com.learn.bbs.pltad.crsinf.vo.CrsInfPltadReadResponseVO@6928e1ec, com.learn.bbs.pltad.crsinf.vo.CrsInfPltadReadResponseVO@19963f86, com.learn.bbs.pltad.crsinf.vo.CrsInfPltadReadResponseVO@3834d9d8, com.learn.bbs.pltad.crsinf.vo.CrsInfPltadReadResponseVO@20d06242, com.learn.bbs.pltad.crsinf.vo.CrsInfPltadReadResponseVO@e59c035, com.learn.bbs.pltad.crsinf.vo.CrsInfPltadReadResponseVO@261bb477, com.learn.bbs.pltad.crsinf.vo.CrsInfPltadReadResponseVO@387f4375, com.learn.bbs.pltad.crsinf.vo.CrsInfPltadReadResponseVO@1b1ef44a, com.learn.bbs.pltad.crsinf.vo.CrsInfPltadReadResponseVO@5b06d774, com.learn.bbs.pltad.crsinf.vo.CrsInfPltadReadResponseVO@20c5786f, com.learn.bbs.pltad.crsinf.vo.CrsInfPltadReadResponseVO@6263e3e9, com.learn.bbs.pltad.crsinf.vo.CrsInfPltadReadResponseVO@eb3f74b, com.learn.bbs.pltad.crsinf.vo.CrsInfPltadReadResponseVO@63e33c9e, com.learn.bbs.pltad.crsinf.vo.CrsInfPltadReadResponseVO@686e268d, com.learn.bbs.pltad.crsinf.vo.CrsInfPltadReadResponseVO@156ffcc2, com.learn.bbs.pltad.crsinf.vo.CrsInfPltadReadResponseVO@4f7588b, com.learn.bbs.pltad.crsinf.vo.CrsInfPltadReadResponseVO@7e0a8347, com.learn.bbs.pltad.crsinf.vo.CrsInfPltadReadResponseVO@67499845, com.learn.bbs.pltad.crsinf.vo.CrsInfPltadReadResponseVO@daaf182, com.learn.bbs.pltad.crsinf.vo.CrsInfPltadReadResponseVO@33a7c3bc, com.learn.bbs.pltad.crsinf.vo.CrsInfPltadReadResponseVO@199d6e34, com.learn.bbs.pltad.crsinf.vo.CrsInfPltadReadResponseVO@323d56f2, com.learn.bbs.pltad.crsinf.vo.CrsInfPltadReadResponseVO@684197d6, com.learn.bbs.pltad.crsinf.vo.CrsInfPltadReadResponseVO@65f60341, com.learn.bbs.pltad.crsinf.vo.CrsInfPltadReadResponseVO@17e82d05, com.learn.bbs.pltad.crsinf.vo.CrsInfPltadReadResponseVO@4fba73cc, com.learn.bbs.pltad.crsinf.vo.CrsInfPltadReadResponseVO@2b21a2ca, com.learn.bbs.pltad.crsinf.vo.CrsInfPltadReadResponseVO@7e1840e4, com.learn.bbs.pltad.crsinf.vo.CrsInfPltadReadResponseVO@284eda27, com.learn.bbs.pltad.crsinf.vo.CrsInfPltadReadResponseVO@34f6e8f1, com.learn.bbs.pltad.crsinf.vo.CrsInfPltadReadResponseVO@12e73b57, com.learn.bbs.pltad.crsinf.vo.CrsInfPltadReadResponseVO@2ec4568f, com.learn.bbs.pltad.crsinf.vo.CrsInfPltadReadResponseVO@70053e92, com.learn.bbs.pltad.crsinf.vo.CrsInfPltadReadResponseVO@73b7f103, com.learn.bbs.pltad.crsinf.vo.CrsInfPltadReadResponseVO@582151a1, com.learn.bbs.pltad.crsinf.vo.CrsInfPltadReadResponseVO@54dd0404, com.learn.bbs.pltad.crsinf.vo.CrsInfPltadReadResponseVO@df541a3, com.learn.bbs.pltad.crsinf.vo.CrsInfPltadReadResponseVO@418696f7, com.learn.bbs.pltad.crsinf.vo.CrsInfPltadReadResponseVO@13786b3f], inactiveCourses=[com.learn.bbs.pltad.crsinf.vo.CrsInfPltadFinishedReadResponseVO@2fb9b070, com.learn.bbs.pltad.crsinf.vo.CrsInfPltadFinishedReadResponseVO@8e6147d]}
19:08:38.530 [http-nio-8080-exec-8] DEBUG o.s.web.servlet.view.JstlView -- Forwarding to [/WEB-INF/views//insttn/coursemanage.jsp]
19:08:38.625 [http-nio-8080-exec-8] DEBUG o.s.web.servlet.DispatcherServlet -- Completed 200 OK
19:08:38.743 [http-nio-8080-exec-5] DEBUG o.s.web.servlet.DispatcherServlet -- GET "/js/common.js", parameters={}
19:08:38.805 [http-nio-8080-exec-5] DEBUG o.s.w.s.h.SimpleUrlHandlerMapping -- Mapped to ResourceHttpRequestHandler [classpath [static/]]
19:08:38.825 [http-nio-8080-exec-5] DEBUG o.s.web.servlet.DispatcherServlet -- Completed 200 OK
