19:06:06.896 [HikariPool-2 housekeeper] DEBUG com.zaxxer.hikari.pool.HikariPool -- HikariPool-2 - Pool stats (total=10, active=0, idle=10, waiting=0)
19:06:06.958 [HikariPool-2 housekeeper] DEBUG com.zaxxer.hikari.pool.HikariPool -- HikariPool-2 - Fill pool skipped, pool has sufficient level or currently being filled.
19:06:17.705 [http-nio-8080-exec-4] DEBUG o.s.web.servlet.DispatcherServlet -- GET "/insttn/pltad", parameters={}
19:06:17.727 [http-nio-8080-exec-4] DEBUG o.s.w.s.m.m.a.RequestMappingHandlerMapping -- Mapped to com.learn.bbs.pltad.crsinf.web.CrsInfController#showAllCourses(Model)
19:06:17.818 [http-nio-8080-exec-4] DEBUG o.s.j.support.JdbcTransactionManager -- Creating new transaction with name [com.learn.bbs.pltad.crsinf.service.impl.CrsInfServiceImpl.selectAllCourseForPltad]: PROPAGATION_REQUIRED,ISOLATION_DEFAULT,readOnly
19:06:17.903 [http-nio-8080-exec-4] DEBUG o.s.j.support.JdbcTransactionManager -- Acquired Connection [HikariProxyConnection@377873283 wrapping oracle.jdbc.driver.T4CConnection@6c8a3eab] for JDBC transaction
19:06:17.904 [http-nio-8080-exec-4] DEBUG o.s.jdbc.datasource.DataSourceUtils -- Setting JDBC Connection [HikariProxyConnection@377873283 wrapping oracle.jdbc.driver.T4CConnection@6c8a3eab] read-only
19:06:17.904 [http-nio-8080-exec-4] DEBUG o.s.j.support.JdbcTransactionManager -- Switching JDBC Connection [HikariProxyConnection@377873283 wrapping oracle.jdbc.driver.T4CConnection@6c8a3eab] to manual commit
19:06:17.909 [http-nio-8080-exec-4] DEBUG org.mybatis.spring.SqlSessionUtils -- Creating a new SqlSession
19:06:17.914 [http-nio-8080-exec-4] DEBUG org.mybatis.spring.SqlSessionUtils -- Registering transaction synchronization for SqlSession [org.apache.ibatis.session.defaults.DefaultSqlSession@2925e175]
19:06:17.917 [http-nio-8080-exec-4] DEBUG o.m.s.t.SpringManagedTransaction -- JDBC Connection [HikariProxyConnection@377873283 wrapping oracle.jdbc.driver.T4CConnection@6c8a3eab] will be managed by Spring
19:06:17.918 [http-nio-8080-exec-4] DEBUG c.l.b.p.c.d.i.C.selectAllCourseForPltad -- ==>  Preparing: SELECT C.CRS_INF_ID , C.CRS_INF_NM , C.CRS_INF_ST_DT , C.CRS_INF_END_DT , C.CRS_INF_DDLN_DT , C.CRS_INF_PRS_CNT , COUNT(A.APP_HSTR_ID) AS CRS_CUR_PRS_CNT FROM CRS_INF C LEFT JOIN APP_HSTR A ON C.CRS_INF_ID = A.CRS_INF_ID LEFT JOIN CNCL_HSTR CN ON A.APP_HSTR_ID = CN.APP_HSTR_ID WHERE C.CRS_INF_DEL_YN = 'N' AND C.CRS_INF_DDLN_YN = 'N' AND CN.CNCL_HSTR_ID IS NULL GROUP BY C.CRS_INF_ID , C.CRS_INF_NM , C.CRS_INF_ST_DT , C.CRS_INF_END_DT , C.CRS_INF_DDLN_DT , C.CRS_INF_PRS_CNT ORDER BY C.CRS_INF_ST_DT DESC
19:06:17.930 [http-nio-8080-exec-4] DEBUG c.l.b.p.c.d.i.C.selectAllCourseForPltad -- ==> Parameters: 
19:06:18.150 [http-nio-8080-exec-4] DEBUG c.l.b.p.c.d.i.C.selectAllCourseForPltad -- <==      Total: 39
19:06:18.153 [http-nio-8080-exec-4] DEBUG org.mybatis.spring.SqlSessionUtils -- Releasing transactional SqlSession [org.apache.ibatis.session.defaults.DefaultSqlSession@2925e175]
19:06:18.155 [http-nio-8080-exec-4] DEBUG org.mybatis.spring.SqlSessionUtils -- Transaction synchronization committing SqlSession [org.apache.ibatis.session.defaults.DefaultSqlSession@2925e175]
19:06:18.155 [http-nio-8080-exec-4] DEBUG org.mybatis.spring.SqlSessionUtils -- Transaction synchronization deregistering SqlSession [org.apache.ibatis.session.defaults.DefaultSqlSession@2925e175]
19:06:18.155 [http-nio-8080-exec-4] DEBUG org.mybatis.spring.SqlSessionUtils -- Transaction synchronization closing SqlSession [org.apache.ibatis.session.defaults.DefaultSqlSession@2925e175]
19:06:18.155 [http-nio-8080-exec-4] DEBUG o.s.j.support.JdbcTransactionManager -- Initiating transaction commit
19:06:18.155 [http-nio-8080-exec-4] DEBUG o.s.j.support.JdbcTransactionManager -- Committing JDBC transaction on Connection [HikariProxyConnection@377873283 wrapping oracle.jdbc.driver.T4CConnection@6c8a3eab]
19:06:18.156 [http-nio-8080-exec-4] DEBUG o.s.jdbc.datasource.DataSourceUtils -- Resetting read-only flag of JDBC Connection [HikariProxyConnection@377873283 wrapping oracle.jdbc.driver.T4CConnection@6c8a3eab]
19:06:18.156 [http-nio-8080-exec-4] DEBUG o.s.j.support.JdbcTransactionManager -- Releasing JDBC Connection [HikariProxyConnection@377873283 wrapping oracle.jdbc.driver.T4CConnection@6c8a3eab] after transaction
19:06:18.157 [http-nio-8080-exec-4] DEBUG o.s.j.support.JdbcTransactionManager -- Creating new transaction with name [com.learn.bbs.pltad.crsinf.service.impl.CrsInfServiceImpl.selectAllFinishedCourseForPltad]: PROPAGATION_REQUIRED,ISOLATION_DEFAULT,readOnly
19:06:18.157 [http-nio-8080-exec-4] DEBUG o.s.j.support.JdbcTransactionManager -- Acquired Connection [HikariProxyConnection@562138208 wrapping oracle.jdbc.driver.T4CConnection@6c8a3eab] for JDBC transaction
19:06:18.157 [http-nio-8080-exec-4] DEBUG o.s.jdbc.datasource.DataSourceUtils -- Setting JDBC Connection [HikariProxyConnection@562138208 wrapping oracle.jdbc.driver.T4CConnection@6c8a3eab] read-only
19:06:18.157 [http-nio-8080-exec-4] DEBUG o.s.j.support.JdbcTransactionManager -- Switching JDBC Connection [HikariProxyConnection@562138208 wrapping oracle.jdbc.driver.T4CConnection@6c8a3eab] to manual commit
19:06:18.157 [http-nio-8080-exec-4] DEBUG org.mybatis.spring.SqlSessionUtils -- Creating a new SqlSession
19:06:18.157 [http-nio-8080-exec-4] DEBUG org.mybatis.spring.SqlSessionUtils -- Registering transaction synchronization for SqlSession [org.apache.ibatis.session.defaults.DefaultSqlSession@292d94f2]
19:06:18.157 [http-nio-8080-exec-4] DEBUG o.m.s.t.SpringManagedTransaction -- JDBC Connection [HikariProxyConnection@562138208 wrapping oracle.jdbc.driver.T4CConnection@6c8a3eab] will be managed by Spring
19:06:18.157 [http-nio-8080-exec-4] DEBUG c.l.b.p.c.d.i.C.selectAllFinishedCourseForPltad -- ==>  Preparing: SELECT C.CRS_INF_ID , C.CRS_INF_NM , C.CRS_INF_ST_DT , C.CRS_INF_END_DT FROM CRS_INF C WHERE C.CRS_INF_DEL_YN = 'N' AND C.CRS_INF_DDLN_YN = 'Y' GROUP BY C.CRS_INF_ID , C.CRS_INF_NM , C.CRS_INF_ST_DT , C.CRS_INF_END_DT , C.CRS_INF_PRS_CNT ORDER BY C.CRS_INF_ST_DT DESC
19:06:18.158 [http-nio-8080-exec-4] DEBUG c.l.b.p.c.d.i.C.selectAllFinishedCourseForPltad -- ==> Parameters: 
19:06:18.170 [http-nio-8080-exec-4] DEBUG c.l.b.p.c.d.i.C.selectAllFinishedCourseForPltad -- <==      Total: 2
19:06:18.170 [http-nio-8080-exec-4] DEBUG org.mybatis.spring.SqlSessionUtils -- Releasing transactional SqlSession [org.apache.ibatis.session.defaults.DefaultSqlSession@292d94f2]
19:06:18.171 [http-nio-8080-exec-4] DEBUG org.mybatis.spring.SqlSessionUtils -- Transaction synchronization committing SqlSession [org.apache.ibatis.session.defaults.DefaultSqlSession@292d94f2]
19:06:18.171 [http-nio-8080-exec-4] DEBUG org.mybatis.spring.SqlSessionUtils -- Transaction synchronization deregistering SqlSession [org.apache.ibatis.session.defaults.DefaultSqlSession@292d94f2]
19:06:18.171 [http-nio-8080-exec-4] DEBUG org.mybatis.spring.SqlSessionUtils -- Transaction synchronization closing SqlSession [org.apache.ibatis.session.defaults.DefaultSqlSession@292d94f2]
19:06:18.171 [http-nio-8080-exec-4] DEBUG o.s.j.support.JdbcTransactionManager -- Initiating transaction commit
19:06:18.171 [http-nio-8080-exec-4] DEBUG o.s.j.support.JdbcTransactionManager -- Committing JDBC transaction on Connection [HikariProxyConnection@562138208 wrapping oracle.jdbc.driver.T4CConnection@6c8a3eab]
19:06:18.171 [http-nio-8080-exec-4] DEBUG o.s.jdbc.datasource.DataSourceUtils -- Resetting read-only flag of JDBC Connection [HikariProxyConnection@562138208 wrapping oracle.jdbc.driver.T4CConnection@6c8a3eab]
19:06:18.171 [http-nio-8080-exec-4] DEBUG o.s.j.support.JdbcTransactionManager -- Releasing JDBC Connection [HikariProxyConnection@562138208 wrapping oracle.jdbc.driver.T4CConnection@6c8a3eab] after transaction
19:06:18.213 [http-nio-8080-exec-4] DEBUG o.s.web.servlet.view.JstlView -- View name [/insttn/coursemanage], model {activeCourses=[com.learn.bbs.pltad.crsinf.vo.CrsInfPltadReadResponseVO@787d3801, com.learn.bbs.pltad.crsinf.vo.CrsInfPltadReadResponseVO@3d8f9a1e, com.learn.bbs.pltad.crsinf.vo.CrsInfPltadReadResponseVO@4ca5cdf4, com.learn.bbs.pltad.crsinf.vo.CrsInfPltadReadResponseVO@5ffde9b1, com.learn.bbs.pltad.crsinf.vo.CrsInfPltadReadResponseVO@4e516f7f, com.learn.bbs.pltad.crsinf.vo.CrsInfPltadReadResponseVO@fcf53c1, com.learn.bbs.pltad.crsinf.vo.CrsInfPltadReadResponseVO@6d67e5a1, com.learn.bbs.pltad.crsinf.vo.CrsInfPltadReadResponseVO@5d6729dd, com.learn.bbs.pltad.crsinf.vo.CrsInfPltadReadResponseVO@18889f99, com.learn.bbs.pltad.crsinf.vo.CrsInfPltadReadResponseVO@6d2c8612, com.learn.bbs.pltad.crsinf.vo.CrsInfPltadReadResponseVO@3fb42cfb, com.learn.bbs.pltad.crsinf.vo.CrsInfPltadReadResponseVO@5bf9d311, com.learn.bbs.pltad.crsinf.vo.CrsInfPltadReadResponseVO@751eba0, com.learn.bbs.pltad.crsinf.vo.CrsInfPltadReadResponseVO@e44e14e, com.learn.bbs.pltad.crsinf.vo.CrsInfPltadReadResponseVO@1089c789, com.learn.bbs.pltad.crsinf.vo.CrsInfPltadReadResponseVO@5fdffd2, com.learn.bbs.pltad.crsinf.vo.CrsInfPltadReadResponseVO@d791826, com.learn.bbs.pltad.crsinf.vo.CrsInfPltadReadResponseVO@241ed656, com.learn.bbs.pltad.crsinf.vo.CrsInfPltadReadResponseVO@7af5f8d3, com.learn.bbs.pltad.crsinf.vo.CrsInfPltadReadResponseVO@101c8b30, com.learn.bbs.pltad.crsinf.vo.CrsInfPltadReadResponseVO@55e1193d, com.learn.bbs.pltad.crsinf.vo.CrsInfPltadReadResponseVO@71fd9b1, com.learn.bbs.pltad.crsinf.vo.CrsInfPltadReadResponseVO@52798ae1, com.learn.bbs.pltad.crsinf.vo.CrsInfPltadReadResponseVO@26c8ce95, com.learn.bbs.pltad.crsinf.vo.CrsInfPltadReadResponseVO@7bbd0380, com.learn.bbs.pltad.crsinf.vo.CrsInfPltadReadResponseVO@2969f17, com.learn.bbs.pltad.crsinf.vo.CrsInfPltadReadResponseVO@1c263326, com.learn.bbs.pltad.crsinf.vo.CrsInfPltadReadResponseVO@7c7afa51, com.learn.bbs.pltad.crsinf.vo.CrsInfPltadReadResponseVO@6fc8575d, com.learn.bbs.pltad.crsinf.vo.CrsInfPltadReadResponseVO@59101394, com.learn.bbs.pltad.crsinf.vo.CrsInfPltadReadResponseVO@7402b493, com.learn.bbs.pltad.crsinf.vo.CrsInfPltadReadResponseVO@5f016030, com.learn.bbs.pltad.crsinf.vo.CrsInfPltadReadResponseVO@725eb632, com.learn.bbs.pltad.crsinf.vo.CrsInfPltadReadResponseVO@2b8b975e, com.learn.bbs.pltad.crsinf.vo.CrsInfPltadReadResponseVO@4a4c0890, com.learn.bbs.pltad.crsinf.vo.CrsInfPltadReadResponseVO@1e98f109, com.learn.bbs.pltad.crsinf.vo.CrsInfPltadReadResponseVO@19703bce, com.learn.bbs.pltad.crsinf.vo.CrsInfPltadReadResponseVO@6eb66ed9, com.learn.bbs.pltad.crsinf.vo.CrsInfPltadReadResponseVO@4414f317], inactiveCourses=[com.learn.bbs.pltad.crsinf.vo.CrsInfPltadFinishedReadResponseVO@1ddd5225, com.learn.bbs.pltad.crsinf.vo.CrsInfPltadFinishedReadResponseVO@5eba41b]}
19:06:18.217 [http-nio-8080-exec-4] DEBUG o.s.web.servlet.view.JstlView -- Forwarding to [/WEB-INF/views//insttn/coursemanage.jsp]
19:06:18.311 [http-nio-8080-exec-4] DEBUG o.s.web.servlet.DispatcherServlet -- Completed 200 OK
19:06:18.441 [http-nio-8080-exec-10] DEBUG o.s.web.servlet.DispatcherServlet -- GET "/js/jquery-3.7.1.min.js", parameters={}
19:06:18.441 [http-nio-8080-exec-9] DEBUG o.s.web.servlet.DispatcherServlet -- GET "/css/common.css", parameters={}
19:06:18.464 [http-nio-8080-exec-2] DEBUG o.s.web.servlet.DispatcherServlet -- GET "/js/common.js", parameters={}
19:06:18.499 [http-nio-8080-exec-10] DEBUG o.s.w.s.h.SimpleUrlHandlerMapping -- Mapped to ResourceHttpRequestHandler [classpath [static/]]
19:06:18.500 [http-nio-8080-exec-9] DEBUG o.s.w.s.h.SimpleUrlHandlerMapping -- Mapped to ResourceHttpRequestHandler [classpath [static/]]
19:06:18.499 [http-nio-8080-exec-2] DEBUG o.s.w.s.h.SimpleUrlHandlerMapping -- Mapped to ResourceHttpRequestHandler [classpath [static/]]
19:06:18.539 [http-nio-8080-exec-10] DEBUG o.s.web.servlet.DispatcherServlet -- Completed 304 NOT_MODIFIED
19:06:18.539 [http-nio-8080-exec-9] DEBUG o.s.web.servlet.DispatcherServlet -- Completed 304 NOT_MODIFIED
19:06:18.558 [http-nio-8080-exec-2] DEBUG o.s.web.servlet.DispatcherServlet -- Completed 200 OK
19:06:18.732 [http-nio-8080-exec-5] DEBUG o.s.web.servlet.DispatcherServlet -- GET "/asset/logo/learnual-logo-text.svg", parameters={}
19:06:18.732 [http-nio-8080-exec-3] DEBUG o.s.web.servlet.DispatcherServlet -- GET "/asset/icon/sidebar_close.svg", parameters={}
19:06:18.732 [http-nio-8080-exec-8] DEBUG o.s.web.servlet.DispatcherServlet -- GET "/asset/icon/setting.svg", parameters={}
19:06:18.775 [http-nio-8080-exec-5] DEBUG o.s.w.s.h.SimpleUrlHandlerMapping -- Mapped to ResourceHttpRequestHandler [classpath [static/asset/]]
19:06:18.778 [http-nio-8080-exec-8] DEBUG o.s.w.s.h.SimpleUrlHandlerMapping -- Mapped to ResourceHttpRequestHandler [classpath [static/asset/]]
19:06:18.782 [http-nio-8080-exec-3] DEBUG o.s.w.s.h.SimpleUrlHandlerMapping -- Mapped to ResourceHttpRequestHandler [classpath [static/asset/]]
19:06:18.787 [http-nio-8080-exec-5] DEBUG o.s.web.servlet.DispatcherServlet -- Completed 304 NOT_MODIFIED
19:06:18.787 [http-nio-8080-exec-8] DEBUG o.s.web.servlet.DispatcherServlet -- Completed 304 NOT_MODIFIED
19:06:18.787 [http-nio-8080-exec-3] DEBUG o.s.web.servlet.DispatcherServlet -- Completed 304 NOT_MODIFIED
19:06:18.800 [http-nio-8080-exec-7] DEBUG o.s.web.servlet.DispatcherServlet -- GET "/asset/icon/notification.svg", parameters={}
19:06:18.805 [http-nio-8080-exec-6] DEBUG o.s.web.servlet.DispatcherServlet -- GET "/asset/icon/arrow_up.svg", parameters={}
19:06:18.815 [http-nio-8080-exec-6] DEBUG o.s.w.s.h.SimpleUrlHandlerMapping -- Mapped to ResourceHttpRequestHandler [classpath [static/asset/]]
19:06:18.815 [http-nio-8080-exec-7] DEBUG o.s.w.s.h.SimpleUrlHandlerMapping -- Mapped to ResourceHttpRequestHandler [classpath [static/asset/]]
19:06:18.823 [http-nio-8080-exec-6] DEBUG o.s.web.servlet.DispatcherServlet -- Completed 304 NOT_MODIFIED
19:06:18.823 [http-nio-8080-exec-7] DEBUG o.s.web.servlet.DispatcherServlet -- Completed 304 NOT_MODIFIED
19:06:36.968 [HikariPool-2 housekeeper] DEBUG com.zaxxer.hikari.pool.HikariPool -- HikariPool-2 - Pool stats (total=10, active=0, idle=10, waiting=0)
19:06:36.981 [HikariPool-2 housekeeper] DEBUG com.zaxxer.hikari.pool.HikariPool -- HikariPool-2 - Fill pool skipped, pool has sufficient level or currently being filled.
