18:55:02.806 [http-nio-8080-exec-10] DEBUG o.s.web.servlet.DispatcherServlet -- POST "/insttn/pltad/delete/undefined", parameters={}
18:55:02.834 [http-nio-8080-exec-10] DEBUG o.s.w.s.m.m.a.RequestMappingHandlerMapping -- Mapped to com.learn.bbs.pltad.crsinf.web.CrsInfController#doDeleteCourse(String)
18:55:02.846 [http-nio-8080-exec-10] DEBUG o.s.j.support.JdbcTransactionManager -- Creating new transaction with name [com.learn.bbs.pltad.crsinf.service.impl.CrsInfServiceImpl.deleteOneCourse]: PROPAGATION_REQUIRED,ISOLATION_DEFAULT
18:55:02.857 [http-nio-8080-exec-10] DEBUG o.s.j.support.JdbcTransactionManager -- Acquired Connection [HikariProxyConnection@2096927925 wrapping oracle.jdbc.driver.T4CConnection@6c8a3eab] for JDBC transaction
18:55:02.857 [http-nio-8080-exec-10] DEBUG o.s.j.support.JdbcTransactionManager -- Switching JDBC Connection [HikariProxyConnection@2096927925 wrapping oracle.jdbc.driver.T4CConnection@6c8a3eab] to manual commit
18:55:02.857 [http-nio-8080-exec-10] DEBUG org.mybatis.spring.SqlSessionUtils -- Creating a new SqlSession
18:55:02.857 [http-nio-8080-exec-10] DEBUG org.mybatis.spring.SqlSessionUtils -- Registering transaction synchronization for SqlSession [org.apache.ibatis.session.defaults.DefaultSqlSession@7129da9e]
18:55:02.858 [http-nio-8080-exec-10] DEBUG o.m.s.t.SpringManagedTransaction -- JDBC Connection [HikariProxyConnection@2096927925 wrapping oracle.jdbc.driver.T4CConnection@6c8a3eab] will be managed by Spring
18:55:02.858 [http-nio-8080-exec-10] DEBUG c.l.b.p.c.d.i.C.deleteOneCourse -- ==>  Preparing: UPDATE CRS_INF SET CRS_INF_DEL_YN = 'Y' , CRS_INF_DEL_DT = SYSDATE WHERE CRS_INF_ID = ?
18:55:02.860 [http-nio-8080-exec-10] DEBUG c.l.b.p.c.d.i.C.deleteOneCourse -- ==> Parameters: undefined(String)
18:55:02.874 [http-nio-8080-exec-10] DEBUG c.l.b.p.c.d.i.C.deleteOneCourse -- <==    Updates: 0
18:55:02.874 [http-nio-8080-exec-10] DEBUG org.mybatis.spring.SqlSessionUtils -- Releasing transactional SqlSession [org.apache.ibatis.session.defaults.DefaultSqlSession@7129da9e]
18:55:02.874 [http-nio-8080-exec-10] DEBUG org.mybatis.spring.SqlSessionUtils -- Transaction synchronization deregistering SqlSession [org.apache.ibatis.session.defaults.DefaultSqlSession@7129da9e]
18:55:02.875 [http-nio-8080-exec-10] DEBUG org.mybatis.spring.SqlSessionUtils -- Transaction synchronization closing SqlSession [org.apache.ibatis.session.defaults.DefaultSqlSession@7129da9e]
18:55:02.875 [http-nio-8080-exec-10] DEBUG o.s.j.support.JdbcTransactionManager -- Initiating transaction rollback
18:55:02.875 [http-nio-8080-exec-10] DEBUG o.s.j.support.JdbcTransactionManager -- Rolling back JDBC transaction on Connection [HikariProxyConnection@2096927925 wrapping oracle.jdbc.driver.T4CConnection@6c8a3eab]
18:55:02.888 [http-nio-8080-exec-10] DEBUG o.s.j.support.JdbcTransactionManager -- Releasing JDBC Connection [HikariProxyConnection@2096927925 wrapping oracle.jdbc.driver.T4CConnection@6c8a3eab] after transaction
18:55:02.890 [http-nio-8080-exec-10] DEBUG o.s.w.s.m.m.a.ExceptionHandlerExceptionResolver -- Using @ExceptionHandler com.learn.exceptions.GlobalExceptionHandler#viewCrsInfDeleteExceptionPage(CrsInfDeleteException)
18:55:02.890 [http-nio-8080-exec-10] DEBUG o.s.w.s.m.m.a.ExceptionHandlerExceptionResolver -- Resolved [com.learn.exceptions.CrsInfDeleteException: DB 삭제(Soft delete)에 실패하였습니다.] to ModelAndView [view="error/404"; model={}]
18:55:02.891 [http-nio-8080-exec-10] DEBUG o.s.web.servlet.DispatcherServlet -- Using resolved error view: ModelAndView [view="error/404"; model={}]
18:55:02.891 [http-nio-8080-exec-10] DEBUG o.s.web.servlet.view.JstlView -- View name [error/404], model {}
18:55:02.892 [http-nio-8080-exec-10] DEBUG o.s.web.servlet.view.JstlView -- Forwarding to [/WEB-INF/views/error/404.jsp]
18:55:02.893 [http-nio-8080-exec-10] DEBUG o.s.web.servlet.DispatcherServlet -- Completed 404 NOT_FOUND
18:55:02.893 [http-nio-8080-exec-10] DEBUG o.s.web.servlet.DispatcherServlet -- "ERROR" dispatch for POST "/error", parameters={}
18:55:02.894 [http-nio-8080-exec-10] DEBUG o.s.w.s.m.m.a.RequestMappingHandlerMapping -- Mapped to org.springframework.boot.autoconfigure.web.servlet.error.BasicErrorController#error(HttpServletRequest)
18:55:02.897 [http-nio-8080-exec-10] DEBUG o.s.w.s.m.m.a.HttpEntityMethodProcessor -- Using 'application/json', given [*/*] and supported [application/json, application/*+json]
18:55:02.899 [http-nio-8080-exec-10] DEBUG o.s.w.s.m.m.a.HttpEntityMethodProcessor -- Writing [{timestamp=Fri Apr 18 18:55:02 KST 2025, status=404, error=Not Found, trace=com.learn.exceptions.Crs (truncated)...]
18:55:02.902 [http-nio-8080-exec-10] DEBUG o.s.web.servlet.DispatcherServlet -- Exiting from "ERROR" dispatch, status 404
18:55:05.526 [http-nio-8080-exec-2] DEBUG o.s.web.servlet.DispatcherServlet -- POST "/insttn/pltad/delete/undefined", parameters={}
18:55:05.530 [http-nio-8080-exec-2] DEBUG o.s.w.s.m.m.a.RequestMappingHandlerMapping -- Mapped to com.learn.bbs.pltad.crsinf.web.CrsInfController#doDeleteCourse(String)
18:55:05.532 [http-nio-8080-exec-2] DEBUG o.s.j.support.JdbcTransactionManager -- Creating new transaction with name [com.learn.bbs.pltad.crsinf.service.impl.CrsInfServiceImpl.deleteOneCourse]: PROPAGATION_REQUIRED,ISOLATION_DEFAULT
18:55:05.552 [http-nio-8080-exec-2] DEBUG o.s.j.support.JdbcTransactionManager -- Acquired Connection [HikariProxyConnection@179305396 wrapping oracle.jdbc.driver.T4CConnection@6c8a3eab] for JDBC transaction
18:55:05.552 [http-nio-8080-exec-2] DEBUG o.s.j.support.JdbcTransactionManager -- Switching JDBC Connection [HikariProxyConnection@179305396 wrapping oracle.jdbc.driver.T4CConnection@6c8a3eab] to manual commit
18:55:05.552 [http-nio-8080-exec-2] DEBUG org.mybatis.spring.SqlSessionUtils -- Creating a new SqlSession
18:55:05.552 [http-nio-8080-exec-2] DEBUG org.mybatis.spring.SqlSessionUtils -- Registering transaction synchronization for SqlSession [org.apache.ibatis.session.defaults.DefaultSqlSession@7bf5ae64]
18:55:05.552 [http-nio-8080-exec-2] DEBUG o.m.s.t.SpringManagedTransaction -- JDBC Connection [HikariProxyConnection@179305396 wrapping oracle.jdbc.driver.T4CConnection@6c8a3eab] will be managed by Spring
18:55:05.553 [http-nio-8080-exec-2] DEBUG c.l.b.p.c.d.i.C.deleteOneCourse -- ==>  Preparing: UPDATE CRS_INF SET CRS_INF_DEL_YN = 'Y' , CRS_INF_DEL_DT = SYSDATE WHERE CRS_INF_ID = ?
18:55:05.554 [http-nio-8080-exec-2] DEBUG c.l.b.p.c.d.i.C.deleteOneCourse -- ==> Parameters: undefined(String)
18:55:05.566 [http-nio-8080-exec-2] DEBUG c.l.b.p.c.d.i.C.deleteOneCourse -- <==    Updates: 0
18:55:05.566 [http-nio-8080-exec-2] DEBUG org.mybatis.spring.SqlSessionUtils -- Releasing transactional SqlSession [org.apache.ibatis.session.defaults.DefaultSqlSession@7bf5ae64]
18:55:05.567 [http-nio-8080-exec-2] DEBUG org.mybatis.spring.SqlSessionUtils -- Transaction synchronization deregistering SqlSession [org.apache.ibatis.session.defaults.DefaultSqlSession@7bf5ae64]
18:55:05.567 [http-nio-8080-exec-2] DEBUG org.mybatis.spring.SqlSessionUtils -- Transaction synchronization closing SqlSession [org.apache.ibatis.session.defaults.DefaultSqlSession@7bf5ae64]
18:55:05.567 [http-nio-8080-exec-2] DEBUG o.s.j.support.JdbcTransactionManager -- Initiating transaction rollback
18:55:05.567 [http-nio-8080-exec-2] DEBUG o.s.j.support.JdbcTransactionManager -- Rolling back JDBC transaction on Connection [HikariProxyConnection@179305396 wrapping oracle.jdbc.driver.T4CConnection@6c8a3eab]
18:55:05.575 [http-nio-8080-exec-2] DEBUG o.s.j.support.JdbcTransactionManager -- Releasing JDBC Connection [HikariProxyConnection@179305396 wrapping oracle.jdbc.driver.T4CConnection@6c8a3eab] after transaction
18:55:05.577 [http-nio-8080-exec-2] DEBUG o.s.w.s.m.m.a.ExceptionHandlerExceptionResolver -- Using @ExceptionHandler com.learn.exceptions.GlobalExceptionHandler#viewCrsInfDeleteExceptionPage(CrsInfDeleteException)
18:55:05.577 [http-nio-8080-exec-2] DEBUG o.s.w.s.m.m.a.ExceptionHandlerExceptionResolver -- Resolved [com.learn.exceptions.CrsInfDeleteException: DB 삭제(Soft delete)에 실패하였습니다.] to ModelAndView [view="error/404"; model={}]
18:55:05.578 [http-nio-8080-exec-2] DEBUG o.s.web.servlet.DispatcherServlet -- Using resolved error view: ModelAndView [view="error/404"; model={}]
18:55:05.579 [http-nio-8080-exec-2] DEBUG o.s.web.servlet.view.JstlView -- View name [error/404], model {}
18:55:05.579 [http-nio-8080-exec-2] DEBUG o.s.web.servlet.view.JstlView -- Forwarding to [/WEB-INF/views/error/404.jsp]
18:55:05.581 [http-nio-8080-exec-2] DEBUG o.s.web.servlet.DispatcherServlet -- Completed 404 NOT_FOUND
18:55:05.581 [http-nio-8080-exec-2] DEBUG o.s.web.servlet.DispatcherServlet -- "ERROR" dispatch for POST "/error", parameters={}
18:55:05.582 [http-nio-8080-exec-2] DEBUG o.s.w.s.m.m.a.RequestMappingHandlerMapping -- Mapped to org.springframework.boot.autoconfigure.web.servlet.error.BasicErrorController#error(HttpServletRequest)
18:55:05.584 [http-nio-8080-exec-2] DEBUG o.s.w.s.m.m.a.HttpEntityMethodProcessor -- Using 'application/json', given [*/*] and supported [application/json, application/*+json]
18:55:05.586 [http-nio-8080-exec-2] DEBUG o.s.w.s.m.m.a.HttpEntityMethodProcessor -- Writing [{timestamp=Fri Apr 18 18:55:05 KST 2025, status=404, error=Not Found, trace=com.learn.exceptions.Crs (truncated)...]
18:55:05.593 [http-nio-8080-exec-2] DEBUG o.s.web.servlet.DispatcherServlet -- Exiting from "ERROR" dispatch, status 404
18:55:06.317 [HikariPool-2 housekeeper] DEBUG com.zaxxer.hikari.pool.HikariPool -- HikariPool-2 - Pool stats (total=10, active=0, idle=10, waiting=0)
18:55:06.317 [HikariPool-2 housekeeper] DEBUG com.zaxxer.hikari.pool.HikariPool -- HikariPool-2 - Fill pool skipped, pool has sufficient level or currently being filled.
18:55:26.812 [http-nio-8080-exec-3] DEBUG o.s.web.servlet.DispatcherServlet -- GET "/insttn/pltad", parameters={}
18:55:26.824 [http-nio-8080-exec-3] DEBUG o.s.w.s.m.m.a.RequestMappingHandlerMapping -- Mapped to com.learn.bbs.pltad.crsinf.web.CrsInfController#showAllCourses(Model)
18:55:26.827 [http-nio-8080-exec-3] DEBUG o.s.j.support.JdbcTransactionManager -- Creating new transaction with name [com.learn.bbs.pltad.crsinf.service.impl.CrsInfServiceImpl.selectAllCourseForPltad]: PROPAGATION_REQUIRED,ISOLATION_DEFAULT,readOnly
18:55:26.852 [http-nio-8080-exec-3] DEBUG o.s.j.support.JdbcTransactionManager -- Acquired Connection [HikariProxyConnection@964709455 wrapping oracle.jdbc.driver.T4CConnection@6c8a3eab] for JDBC transaction
18:55:26.852 [http-nio-8080-exec-3] DEBUG o.s.jdbc.datasource.DataSourceUtils -- Setting JDBC Connection [HikariProxyConnection@964709455 wrapping oracle.jdbc.driver.T4CConnection@6c8a3eab] read-only
18:55:26.852 [http-nio-8080-exec-3] DEBUG o.s.j.support.JdbcTransactionManager -- Switching JDBC Connection [HikariProxyConnection@964709455 wrapping oracle.jdbc.driver.T4CConnection@6c8a3eab] to manual commit
18:55:26.853 [http-nio-8080-exec-3] DEBUG org.mybatis.spring.SqlSessionUtils -- Creating a new SqlSession
18:55:26.853 [http-nio-8080-exec-3] DEBUG org.mybatis.spring.SqlSessionUtils -- Registering transaction synchronization for SqlSession [org.apache.ibatis.session.defaults.DefaultSqlSession@dc0bd2]
18:55:26.854 [http-nio-8080-exec-3] DEBUG o.m.s.t.SpringManagedTransaction -- JDBC Connection [HikariProxyConnection@964709455 wrapping oracle.jdbc.driver.T4CConnection@6c8a3eab] will be managed by Spring
18:55:26.854 [http-nio-8080-exec-3] DEBUG c.l.b.p.c.d.i.C.selectAllCourseForPltad -- ==>  Preparing: SELECT C.CRS_INF_ID , C.CRS_INF_NM , C.CRS_INF_ST_DT , C.CRS_INF_END_DT , C.CRS_INF_DDLN_DT , C.CRS_INF_PRS_CNT , COUNT(A.APP_HSTR_ID) AS CRS_CUR_PRS_CNT FROM CRS_INF C LEFT JOIN APP_HSTR A ON C.CRS_INF_ID = A.CRS_INF_ID LEFT JOIN CNCL_HSTR CN ON A.APP_HSTR_ID = CN.APP_HSTR_ID WHERE C.CRS_INF_DEL_YN = 'N' AND C.CRS_INF_DDLN_YN = 'N' AND CN.CNCL_HSTR_ID IS NULL GROUP BY C.CRS_INF_ID , C.CRS_INF_NM , C.CRS_INF_ST_DT , C.CRS_INF_END_DT , C.CRS_INF_DDLN_DT , C.CRS_INF_PRS_CNT ORDER BY C.CRS_INF_ST_DT DESC
18:55:26.858 [http-nio-8080-exec-3] DEBUG c.l.b.p.c.d.i.C.selectAllCourseForPltad -- ==> Parameters: 
18:55:26.934 [http-nio-8080-exec-3] DEBUG c.l.b.p.c.d.i.C.selectAllCourseForPltad -- <==      Total: 39
18:55:26.934 [http-nio-8080-exec-3] DEBUG org.mybatis.spring.SqlSessionUtils -- Releasing transactional SqlSession [org.apache.ibatis.session.defaults.DefaultSqlSession@dc0bd2]
18:55:26.934 [http-nio-8080-exec-3] DEBUG org.mybatis.spring.SqlSessionUtils -- Transaction synchronization committing SqlSession [org.apache.ibatis.session.defaults.DefaultSqlSession@dc0bd2]
18:55:26.934 [http-nio-8080-exec-3] DEBUG org.mybatis.spring.SqlSessionUtils -- Transaction synchronization deregistering SqlSession [org.apache.ibatis.session.defaults.DefaultSqlSession@dc0bd2]
18:55:26.934 [http-nio-8080-exec-3] DEBUG org.mybatis.spring.SqlSessionUtils -- Transaction synchronization closing SqlSession [org.apache.ibatis.session.defaults.DefaultSqlSession@dc0bd2]
18:55:26.935 [http-nio-8080-exec-3] DEBUG o.s.j.support.JdbcTransactionManager -- Initiating transaction commit
18:55:26.935 [http-nio-8080-exec-3] DEBUG o.s.j.support.JdbcTransactionManager -- Committing JDBC transaction on Connection [HikariProxyConnection@964709455 wrapping oracle.jdbc.driver.T4CConnection@6c8a3eab]
18:55:26.935 [http-nio-8080-exec-3] DEBUG o.s.jdbc.datasource.DataSourceUtils -- Resetting read-only flag of JDBC Connection [HikariProxyConnection@964709455 wrapping oracle.jdbc.driver.T4CConnection@6c8a3eab]
18:55:26.935 [http-nio-8080-exec-3] DEBUG o.s.j.support.JdbcTransactionManager -- Releasing JDBC Connection [HikariProxyConnection@964709455 wrapping oracle.jdbc.driver.T4CConnection@6c8a3eab] after transaction
18:55:26.935 [http-nio-8080-exec-3] DEBUG o.s.j.support.JdbcTransactionManager -- Creating new transaction with name [com.learn.bbs.pltad.crsinf.service.impl.CrsInfServiceImpl.selectAllFinishedCourseForPltad]: PROPAGATION_REQUIRED,ISOLATION_DEFAULT,readOnly
18:55:26.935 [http-nio-8080-exec-3] DEBUG o.s.j.support.JdbcTransactionManager -- Acquired Connection [HikariProxyConnection@680659280 wrapping oracle.jdbc.driver.T4CConnection@6c8a3eab] for JDBC transaction
18:55:26.935 [http-nio-8080-exec-3] DEBUG o.s.jdbc.datasource.DataSourceUtils -- Setting JDBC Connection [HikariProxyConnection@680659280 wrapping oracle.jdbc.driver.T4CConnection@6c8a3eab] read-only
18:55:26.935 [http-nio-8080-exec-3] DEBUG o.s.j.support.JdbcTransactionManager -- Switching JDBC Connection [HikariProxyConnection@680659280 wrapping oracle.jdbc.driver.T4CConnection@6c8a3eab] to manual commit
18:55:26.935 [http-nio-8080-exec-3] DEBUG org.mybatis.spring.SqlSessionUtils -- Creating a new SqlSession
18:55:26.935 [http-nio-8080-exec-3] DEBUG org.mybatis.spring.SqlSessionUtils -- Registering transaction synchronization for SqlSession [org.apache.ibatis.session.defaults.DefaultSqlSession@77875954]
18:55:26.935 [http-nio-8080-exec-3] DEBUG o.m.s.t.SpringManagedTransaction -- JDBC Connection [HikariProxyConnection@680659280 wrapping oracle.jdbc.driver.T4CConnection@6c8a3eab] will be managed by Spring
18:55:26.935 [http-nio-8080-exec-3] DEBUG c.l.b.p.c.d.i.C.selectAllFinishedCourseForPltad -- ==>  Preparing: SELECT C.CRS_INF_ID , C.CRS_INF_NM , C.CRS_INF_ST_DT , C.CRS_INF_END_DT FROM CRS_INF C WHERE C.CRS_INF_DEL_YN = 'N' AND C.CRS_INF_DDLN_YN = 'Y' GROUP BY C.CRS_INF_ID , C.CRS_INF_NM , C.CRS_INF_ST_DT , C.CRS_INF_END_DT , C.CRS_INF_PRS_CNT ORDER BY C.CRS_INF_ST_DT DESC
18:55:26.936 [http-nio-8080-exec-3] DEBUG c.l.b.p.c.d.i.C.selectAllFinishedCourseForPltad -- ==> Parameters: 
18:55:26.949 [http-nio-8080-exec-3] DEBUG c.l.b.p.c.d.i.C.selectAllFinishedCourseForPltad -- <==      Total: 2
18:55:26.949 [http-nio-8080-exec-3] DEBUG org.mybatis.spring.SqlSessionUtils -- Releasing transactional SqlSession [org.apache.ibatis.session.defaults.DefaultSqlSession@77875954]
18:55:26.949 [http-nio-8080-exec-3] DEBUG org.mybatis.spring.SqlSessionUtils -- Transaction synchronization committing SqlSession [org.apache.ibatis.session.defaults.DefaultSqlSession@77875954]
18:55:26.949 [http-nio-8080-exec-3] DEBUG org.mybatis.spring.SqlSessionUtils -- Transaction synchronization deregistering SqlSession [org.apache.ibatis.session.defaults.DefaultSqlSession@77875954]
18:55:26.949 [http-nio-8080-exec-3] DEBUG org.mybatis.spring.SqlSessionUtils -- Transaction synchronization closing SqlSession [org.apache.ibatis.session.defaults.DefaultSqlSession@77875954]
18:55:26.949 [http-nio-8080-exec-3] DEBUG o.s.j.support.JdbcTransactionManager -- Initiating transaction commit
18:55:26.950 [http-nio-8080-exec-3] DEBUG o.s.j.support.JdbcTransactionManager -- Committing JDBC transaction on Connection [HikariProxyConnection@680659280 wrapping oracle.jdbc.driver.T4CConnection@6c8a3eab]
18:55:26.950 [http-nio-8080-exec-3] DEBUG o.s.jdbc.datasource.DataSourceUtils -- Resetting read-only flag of JDBC Connection [HikariProxyConnection@680659280 wrapping oracle.jdbc.driver.T4CConnection@6c8a3eab]
18:55:26.950 [http-nio-8080-exec-3] DEBUG o.s.j.support.JdbcTransactionManager -- Releasing JDBC Connection [HikariProxyConnection@680659280 wrapping oracle.jdbc.driver.T4CConnection@6c8a3eab] after transaction
18:55:26.958 [http-nio-8080-exec-3] DEBUG o.s.web.servlet.view.JstlView -- View name [/insttn/coursemanage], model {activeCourses=[com.learn.bbs.pltad.crsinf.vo.CrsInfPltadReadResponseVO@21aefb2f, com.learn.bbs.pltad.crsinf.vo.CrsInfPltadReadResponseVO@41029579, com.learn.bbs.pltad.crsinf.vo.CrsInfPltadReadResponseVO@2280ef0b, com.learn.bbs.pltad.crsinf.vo.CrsInfPltadReadResponseVO@3e163a9f, com.learn.bbs.pltad.crsinf.vo.CrsInfPltadReadResponseVO@68b7c9f1, com.learn.bbs.pltad.crsinf.vo.CrsInfPltadReadResponseVO@3dcb20c3, com.learn.bbs.pltad.crsinf.vo.CrsInfPltadReadResponseVO@189668c6, com.learn.bbs.pltad.crsinf.vo.CrsInfPltadReadResponseVO@17db7b89, com.learn.bbs.pltad.crsinf.vo.CrsInfPltadReadResponseVO@4175c0c2, com.learn.bbs.pltad.crsinf.vo.CrsInfPltadReadResponseVO@25dc3d17, com.learn.bbs.pltad.crsinf.vo.CrsInfPltadReadResponseVO@e27b132, com.learn.bbs.pltad.crsinf.vo.CrsInfPltadReadResponseVO@42ec844c, com.learn.bbs.pltad.crsinf.vo.CrsInfPltadReadResponseVO@2d703f03, com.learn.bbs.pltad.crsinf.vo.CrsInfPltadReadResponseVO@69808b3f, com.learn.bbs.pltad.crsinf.vo.CrsInfPltadReadResponseVO@5a1d191c, com.learn.bbs.pltad.crsinf.vo.CrsInfPltadReadResponseVO@7c7528f7, com.learn.bbs.pltad.crsinf.vo.CrsInfPltadReadResponseVO@5051885d, com.learn.bbs.pltad.crsinf.vo.CrsInfPltadReadResponseVO@3d65381b, com.learn.bbs.pltad.crsinf.vo.CrsInfPltadReadResponseVO@f821352, com.learn.bbs.pltad.crsinf.vo.CrsInfPltadReadResponseVO@5a65b0c5, com.learn.bbs.pltad.crsinf.vo.CrsInfPltadReadResponseVO@62ad8b4, com.learn.bbs.pltad.crsinf.vo.CrsInfPltadReadResponseVO@129b8d8a, com.learn.bbs.pltad.crsinf.vo.CrsInfPltadReadResponseVO@d9c0408, com.learn.bbs.pltad.crsinf.vo.CrsInfPltadReadResponseVO@7a886ee6, com.learn.bbs.pltad.crsinf.vo.CrsInfPltadReadResponseVO@2ab7f67b, com.learn.bbs.pltad.crsinf.vo.CrsInfPltadReadResponseVO@640ec97a, com.learn.bbs.pltad.crsinf.vo.CrsInfPltadReadResponseVO@9df2db7, com.learn.bbs.pltad.crsinf.vo.CrsInfPltadReadResponseVO@30199d34, com.learn.bbs.pltad.crsinf.vo.CrsInfPltadReadResponseVO@2508a162, com.learn.bbs.pltad.crsinf.vo.CrsInfPltadReadResponseVO@37dfe9a0, com.learn.bbs.pltad.crsinf.vo.CrsInfPltadReadResponseVO@471dc879, com.learn.bbs.pltad.crsinf.vo.CrsInfPltadReadResponseVO@3b910d93, com.learn.bbs.pltad.crsinf.vo.CrsInfPltadReadResponseVO@5b72b832, com.learn.bbs.pltad.crsinf.vo.CrsInfPltadReadResponseVO@1328d815, com.learn.bbs.pltad.crsinf.vo.CrsInfPltadReadResponseVO@3adf8409, com.learn.bbs.pltad.crsinf.vo.CrsInfPltadReadResponseVO@991fb54, com.learn.bbs.pltad.crsinf.vo.CrsInfPltadReadResponseVO@476c617c, com.learn.bbs.pltad.crsinf.vo.CrsInfPltadReadResponseVO@12d1f1f4, com.learn.bbs.pltad.crsinf.vo.CrsInfPltadReadResponseVO@5468c06b], inactiveCourses=[com.learn.bbs.pltad.crsinf.vo.CrsInfPltadFinishedReadResponseVO@52a5dae9, com.learn.bbs.pltad.crsinf.vo.CrsInfPltadFinishedReadResponseVO@76e62640]}
18:55:26.958 [http-nio-8080-exec-3] DEBUG o.s.web.servlet.view.JstlView -- Forwarding to [/WEB-INF/views//insttn/coursemanage.jsp]
18:55:26.972 [http-nio-8080-exec-3] DEBUG o.s.web.servlet.DispatcherServlet -- Completed 200 OK
18:55:27.126 [http-nio-8080-exec-8] DEBUG o.s.web.servlet.DispatcherServlet -- GET "/js/common.js", parameters={}
18:55:27.130 [http-nio-8080-exec-8] DEBUG o.s.w.s.h.SimpleUrlHandlerMapping -- Mapped to ResourceHttpRequestHandler [classpath [static/]]
18:55:27.139 [http-nio-8080-exec-8] DEBUG o.s.web.servlet.DispatcherServlet -- Completed 304 NOT_MODIFIED
18:55:28.657 [http-nio-8080-exec-1] DEBUG o.s.web.servlet.DispatcherServlet -- POST "/insttn/pltad/delete/undefined", parameters={}
18:55:28.668 [http-nio-8080-exec-1] DEBUG o.s.w.s.m.m.a.RequestMappingHandlerMapping -- Mapped to com.learn.bbs.pltad.crsinf.web.CrsInfController#doDeleteCourse(String)
18:55:28.677 [http-nio-8080-exec-1] DEBUG o.s.j.support.JdbcTransactionManager -- Creating new transaction with name [com.learn.bbs.pltad.crsinf.service.impl.CrsInfServiceImpl.deleteOneCourse]: PROPAGATION_REQUIRED,ISOLATION_DEFAULT
18:55:28.699 [http-nio-8080-exec-1] DEBUG o.s.j.support.JdbcTransactionManager -- Acquired Connection [HikariProxyConnection@330609718 wrapping oracle.jdbc.driver.T4CConnection@6c8a3eab] for JDBC transaction
18:55:28.699 [http-nio-8080-exec-1] DEBUG o.s.j.support.JdbcTransactionManager -- Switching JDBC Connection [HikariProxyConnection@330609718 wrapping oracle.jdbc.driver.T4CConnection@6c8a3eab] to manual commit
18:55:28.702 [http-nio-8080-exec-1] DEBUG org.mybatis.spring.SqlSessionUtils -- Creating a new SqlSession
18:55:28.702 [http-nio-8080-exec-1] DEBUG org.mybatis.spring.SqlSessionUtils -- Registering transaction synchronization for SqlSession [org.apache.ibatis.session.defaults.DefaultSqlSession@429badbf]
18:55:28.703 [http-nio-8080-exec-1] DEBUG o.m.s.t.SpringManagedTransaction -- JDBC Connection [HikariProxyConnection@330609718 wrapping oracle.jdbc.driver.T4CConnection@6c8a3eab] will be managed by Spring
18:55:28.704 [http-nio-8080-exec-1] DEBUG c.l.b.p.c.d.i.C.deleteOneCourse -- ==>  Preparing: UPDATE CRS_INF SET CRS_INF_DEL_YN = 'Y' , CRS_INF_DEL_DT = SYSDATE WHERE CRS_INF_ID = ?
18:55:28.705 [http-nio-8080-exec-1] DEBUG c.l.b.p.c.d.i.C.deleteOneCourse -- ==> Parameters: undefined(String)
18:55:28.715 [http-nio-8080-exec-1] DEBUG c.l.b.p.c.d.i.C.deleteOneCourse -- <==    Updates: 0
18:55:28.715 [http-nio-8080-exec-1] DEBUG org.mybatis.spring.SqlSessionUtils -- Releasing transactional SqlSession [org.apache.ibatis.session.defaults.DefaultSqlSession@429badbf]
18:55:28.716 [http-nio-8080-exec-1] DEBUG org.mybatis.spring.SqlSessionUtils -- Transaction synchronization deregistering SqlSession [org.apache.ibatis.session.defaults.DefaultSqlSession@429badbf]
18:55:28.716 [http-nio-8080-exec-1] DEBUG org.mybatis.spring.SqlSessionUtils -- Transaction synchronization closing SqlSession [org.apache.ibatis.session.defaults.DefaultSqlSession@429badbf]
18:55:28.716 [http-nio-8080-exec-1] DEBUG o.s.j.support.JdbcTransactionManager -- Initiating transaction rollback
18:55:28.716 [http-nio-8080-exec-1] DEBUG o.s.j.support.JdbcTransactionManager -- Rolling back JDBC transaction on Connection [HikariProxyConnection@330609718 wrapping oracle.jdbc.driver.T4CConnection@6c8a3eab]
18:55:28.722 [http-nio-8080-exec-1] DEBUG o.s.j.support.JdbcTransactionManager -- Releasing JDBC Connection [HikariProxyConnection@330609718 wrapping oracle.jdbc.driver.T4CConnection@6c8a3eab] after transaction
18:55:28.723 [http-nio-8080-exec-1] DEBUG o.s.w.s.m.m.a.ExceptionHandlerExceptionResolver -- Using @ExceptionHandler com.learn.exceptions.GlobalExceptionHandler#viewCrsInfDeleteExceptionPage(CrsInfDeleteException)
18:55:28.724 [http-nio-8080-exec-1] DEBUG o.s.w.s.m.m.a.ExceptionHandlerExceptionResolver -- Resolved [com.learn.exceptions.CrsInfDeleteException: DB 삭제(Soft delete)에 실패하였습니다.] to ModelAndView [view="error/404"; model={}]
18:55:28.724 [http-nio-8080-exec-1] DEBUG o.s.web.servlet.DispatcherServlet -- Using resolved error view: ModelAndView [view="error/404"; model={}]
18:55:28.730 [http-nio-8080-exec-1] DEBUG o.s.web.servlet.view.JstlView -- View name [error/404], model {}
18:55:28.731 [http-nio-8080-exec-1] DEBUG o.s.web.servlet.view.JstlView -- Forwarding to [/WEB-INF/views/error/404.jsp]
18:55:28.733 [http-nio-8080-exec-1] DEBUG o.s.web.servlet.DispatcherServlet -- Completed 404 NOT_FOUND
18:55:28.733 [http-nio-8080-exec-1] DEBUG o.s.web.servlet.DispatcherServlet -- "ERROR" dispatch for POST "/error", parameters={}
18:55:28.733 [http-nio-8080-exec-1] DEBUG o.s.w.s.m.m.a.RequestMappingHandlerMapping -- Mapped to org.springframework.boot.autoconfigure.web.servlet.error.BasicErrorController#error(HttpServletRequest)
18:55:28.737 [http-nio-8080-exec-1] DEBUG o.s.w.s.m.m.a.HttpEntityMethodProcessor -- Using 'application/json', given [*/*] and supported [application/json, application/*+json]
18:55:28.738 [http-nio-8080-exec-1] DEBUG o.s.w.s.m.m.a.HttpEntityMethodProcessor -- Writing [{timestamp=Fri Apr 18 18:55:28 KST 2025, status=404, error=Not Found, trace=com.learn.exceptions.Crs (truncated)...]
18:55:28.740 [http-nio-8080-exec-1] DEBUG o.s.web.servlet.DispatcherServlet -- Exiting from "ERROR" dispatch, status 404
18:55:36.321 [HikariPool-2 housekeeper] DEBUG com.zaxxer.hikari.pool.HikariPool -- HikariPool-2 - Pool stats (total=10, active=0, idle=10, waiting=0)
18:55:36.325 [HikariPool-2 housekeeper] DEBUG com.zaxxer.hikari.pool.HikariPool -- HikariPool-2 - Fill pool skipped, pool has sufficient level or currently being filled.
