19:11:03.893 [HikariPool-2 connection closer] DEBUG com.zaxxer.hikari.pool.PoolBase -- HikariPool-2 - Closing connection oracle.jdbc.driver.T4CConnection@32390e3b: (connection has passed maxLifetime)
19:11:04.653 [HikariPool-2 connection adder] DEBUG com.zaxxer.hikari.pool.HikariPool -- HikariPool-2 - Added connection oracle.jdbc.driver.T4CConnection@30f15b48
19:11:04.691 [HikariPool-2 connection adder] DEBUG com.zaxxer.hikari.pool.HikariPool -- HikariPool-2 - Connection not added, stats (total=10, active=0, idle=10, waiting=0)
19:11:07.217 [HikariPool-2 housekeeper] DEBUG com.zaxxer.hikari.pool.HikariPool -- HikariPool-2 - Pool stats (total=10, active=0, idle=10, waiting=0)
19:11:07.220 [HikariPool-2 housekeeper] DEBUG com.zaxxer.hikari.pool.HikariPool -- HikariPool-2 - Fill pool skipped, pool has sufficient level or currently being filled.
19:11:37.226 [HikariPool-2 housekeeper] DEBUG com.zaxxer.hikari.pool.HikariPool -- HikariPool-2 - Pool stats (total=10, active=0, idle=10, waiting=0)
19:11:37.228 [HikariPool-2 housekeeper] DEBUG com.zaxxer.hikari.pool.HikariPool -- HikariPool-2 - Fill pool skipped, pool has sufficient level or currently being filled.
19:11:41.430 [http-nio-8080-exec-8] DEBUG o.s.web.servlet.DispatcherServlet -- GET "/insttn/pltad", parameters={}
19:11:41.456 [http-nio-8080-exec-8] DEBUG o.s.w.s.m.m.a.RequestMappingHandlerMapping -- Mapped to com.learn.bbs.pltad.crsinf.web.CrsInfController#showAllCourses(Model)
19:11:41.523 [http-nio-8080-exec-8] DEBUG o.s.j.support.JdbcTransactionManager -- Creating new transaction with name [com.learn.bbs.pltad.crsinf.service.impl.CrsInfServiceImpl.selectAllCourseForPltad]: PROPAGATION_REQUIRED,ISOLATION_DEFAULT,readOnly
19:11:41.575 [http-nio-8080-exec-8] DEBUG o.s.j.support.JdbcTransactionManager -- Acquired Connection [HikariProxyConnection@1135783678 wrapping oracle.jdbc.driver.T4CConnection@4ba68a9d] for JDBC transaction
19:11:41.576 [http-nio-8080-exec-8] DEBUG o.s.jdbc.datasource.DataSourceUtils -- Setting JDBC Connection [HikariProxyConnection@1135783678 wrapping oracle.jdbc.driver.T4CConnection@4ba68a9d] read-only
19:11:41.576 [http-nio-8080-exec-8] DEBUG o.s.j.support.JdbcTransactionManager -- Switching JDBC Connection [HikariProxyConnection@1135783678 wrapping oracle.jdbc.driver.T4CConnection@4ba68a9d] to manual commit
19:11:41.583 [http-nio-8080-exec-8] DEBUG org.mybatis.spring.SqlSessionUtils -- Creating a new SqlSession
19:11:41.584 [http-nio-8080-exec-8] DEBUG org.mybatis.spring.SqlSessionUtils -- Registering transaction synchronization for SqlSession [org.apache.ibatis.session.defaults.DefaultSqlSession@53af7e9f]
19:11:41.587 [http-nio-8080-exec-8] DEBUG o.m.s.t.SpringManagedTransaction -- JDBC Connection [HikariProxyConnection@1135783678 wrapping oracle.jdbc.driver.T4CConnection@4ba68a9d] will be managed by Spring
19:11:41.589 [http-nio-8080-exec-8] DEBUG c.l.b.p.c.d.i.C.selectAllCourseForPltad -- ==>  Preparing: SELECT C.CRS_INF_ID , C.CRS_INF_NM , C.CRS_INF_ST_DT , C.CRS_INF_END_DT , C.CRS_INF_DDLN_DT , C.CRS_INF_PRS_CNT , COUNT(A.APP_HSTR_ID) AS CRS_CUR_PRS_CNT FROM CRS_INF C LEFT JOIN APP_HSTR A ON C.CRS_INF_ID = A.CRS_INF_ID LEFT JOIN CNCL_HSTR CN ON A.APP_HSTR_ID = CN.APP_HSTR_ID WHERE C.CRS_INF_DEL_YN = 'N' AND C.CRS_INF_DDLN_YN = 'N' AND CN.CNCL_HSTR_ID IS NULL GROUP BY C.CRS_INF_ID , C.CRS_INF_NM , C.CRS_INF_ST_DT , C.CRS_INF_END_DT , C.CRS_INF_DDLN_DT , C.CRS_INF_PRS_CNT ORDER BY C.CRS_INF_ST_DT DESC
19:11:41.593 [http-nio-8080-exec-8] DEBUG c.l.b.p.c.d.i.C.selectAllCourseForPltad -- ==> Parameters: 
19:11:41.862 [http-nio-8080-exec-8] DEBUG c.l.b.p.c.d.i.C.selectAllCourseForPltad -- <==      Total: 39
19:11:41.866 [http-nio-8080-exec-8] DEBUG org.mybatis.spring.SqlSessionUtils -- Releasing transactional SqlSession [org.apache.ibatis.session.defaults.DefaultSqlSession@53af7e9f]
19:11:41.867 [http-nio-8080-exec-8] DEBUG org.mybatis.spring.SqlSessionUtils -- Transaction synchronization committing SqlSession [org.apache.ibatis.session.defaults.DefaultSqlSession@53af7e9f]
19:11:41.867 [http-nio-8080-exec-8] DEBUG org.mybatis.spring.SqlSessionUtils -- Transaction synchronization deregistering SqlSession [org.apache.ibatis.session.defaults.DefaultSqlSession@53af7e9f]
19:11:41.867 [http-nio-8080-exec-8] DEBUG org.mybatis.spring.SqlSessionUtils -- Transaction synchronization closing SqlSession [org.apache.ibatis.session.defaults.DefaultSqlSession@53af7e9f]
19:11:41.867 [http-nio-8080-exec-8] DEBUG o.s.j.support.JdbcTransactionManager -- Initiating transaction commit
19:11:41.867 [http-nio-8080-exec-8] DEBUG o.s.j.support.JdbcTransactionManager -- Committing JDBC transaction on Connection [HikariProxyConnection@1135783678 wrapping oracle.jdbc.driver.T4CConnection@4ba68a9d]
19:11:41.868 [http-nio-8080-exec-8] DEBUG o.s.jdbc.datasource.DataSourceUtils -- Resetting read-only flag of JDBC Connection [HikariProxyConnection@1135783678 wrapping oracle.jdbc.driver.T4CConnection@4ba68a9d]
19:11:41.868 [http-nio-8080-exec-8] DEBUG o.s.j.support.JdbcTransactionManager -- Releasing JDBC Connection [HikariProxyConnection@1135783678 wrapping oracle.jdbc.driver.T4CConnection@4ba68a9d] after transaction
19:11:41.871 [http-nio-8080-exec-8] DEBUG o.s.j.support.JdbcTransactionManager -- Creating new transaction with name [com.learn.bbs.pltad.crsinf.service.impl.CrsInfServiceImpl.selectAllFinishedCourseForPltad]: PROPAGATION_REQUIRED,ISOLATION_DEFAULT,readOnly
19:11:41.871 [http-nio-8080-exec-8] DEBUG o.s.j.support.JdbcTransactionManager -- Acquired Connection [HikariProxyConnection@661403910 wrapping oracle.jdbc.driver.T4CConnection@4ba68a9d] for JDBC transaction
19:11:41.871 [http-nio-8080-exec-8] DEBUG o.s.jdbc.datasource.DataSourceUtils -- Setting JDBC Connection [HikariProxyConnection@661403910 wrapping oracle.jdbc.driver.T4CConnection@4ba68a9d] read-only
19:11:41.871 [http-nio-8080-exec-8] DEBUG o.s.j.support.JdbcTransactionManager -- Switching JDBC Connection [HikariProxyConnection@661403910 wrapping oracle.jdbc.driver.T4CConnection@4ba68a9d] to manual commit
19:11:41.872 [http-nio-8080-exec-8] DEBUG org.mybatis.spring.SqlSessionUtils -- Creating a new SqlSession
19:11:41.872 [http-nio-8080-exec-8] DEBUG org.mybatis.spring.SqlSessionUtils -- Registering transaction synchronization for SqlSession [org.apache.ibatis.session.defaults.DefaultSqlSession@7d9d5089]
19:11:41.872 [http-nio-8080-exec-8] DEBUG o.m.s.t.SpringManagedTransaction -- JDBC Connection [HikariProxyConnection@661403910 wrapping oracle.jdbc.driver.T4CConnection@4ba68a9d] will be managed by Spring
19:11:41.873 [http-nio-8080-exec-8] DEBUG c.l.b.p.c.d.i.C.selectAllFinishedCourseForPltad -- ==>  Preparing: SELECT C.CRS_INF_ID , C.CRS_INF_NM , C.CRS_INF_ST_DT , C.CRS_INF_END_DT FROM CRS_INF C WHERE C.CRS_INF_DEL_YN = 'N' AND C.CRS_INF_DDLN_YN = 'Y' GROUP BY C.CRS_INF_ID , C.CRS_INF_NM , C.CRS_INF_ST_DT , C.CRS_INF_END_DT , C.CRS_INF_PRS_CNT ORDER BY C.CRS_INF_ST_DT DESC
19:11:41.873 [http-nio-8080-exec-8] DEBUG c.l.b.p.c.d.i.C.selectAllFinishedCourseForPltad -- ==> Parameters: 
19:11:41.894 [http-nio-8080-exec-8] DEBUG c.l.b.p.c.d.i.C.selectAllFinishedCourseForPltad -- <==      Total: 2
19:11:41.894 [http-nio-8080-exec-8] DEBUG org.mybatis.spring.SqlSessionUtils -- Releasing transactional SqlSession [org.apache.ibatis.session.defaults.DefaultSqlSession@7d9d5089]
19:11:41.895 [http-nio-8080-exec-8] DEBUG org.mybatis.spring.SqlSessionUtils -- Transaction synchronization committing SqlSession [org.apache.ibatis.session.defaults.DefaultSqlSession@7d9d5089]
19:11:41.895 [http-nio-8080-exec-8] DEBUG org.mybatis.spring.SqlSessionUtils -- Transaction synchronization deregistering SqlSession [org.apache.ibatis.session.defaults.DefaultSqlSession@7d9d5089]
19:11:41.895 [http-nio-8080-exec-8] DEBUG org.mybatis.spring.SqlSessionUtils -- Transaction synchronization closing SqlSession [org.apache.ibatis.session.defaults.DefaultSqlSession@7d9d5089]
19:11:41.895 [http-nio-8080-exec-8] DEBUG o.s.j.support.JdbcTransactionManager -- Initiating transaction commit
19:11:41.895 [http-nio-8080-exec-8] DEBUG o.s.j.support.JdbcTransactionManager -- Committing JDBC transaction on Connection [HikariProxyConnection@661403910 wrapping oracle.jdbc.driver.T4CConnection@4ba68a9d]
19:11:41.895 [http-nio-8080-exec-8] DEBUG o.s.jdbc.datasource.DataSourceUtils -- Resetting read-only flag of JDBC Connection [HikariProxyConnection@661403910 wrapping oracle.jdbc.driver.T4CConnection@4ba68a9d]
19:11:41.895 [http-nio-8080-exec-8] DEBUG o.s.j.support.JdbcTransactionManager -- Releasing JDBC Connection [HikariProxyConnection@661403910 wrapping oracle.jdbc.driver.T4CConnection@4ba68a9d] after transaction
19:11:41.935 [http-nio-8080-exec-8] DEBUG o.s.web.servlet.view.JstlView -- View name [/insttn/coursemanage], model {activeCourses=[com.learn.bbs.pltad.crsinf.vo.CrsInfPltadReadResponseVO@53823ade, com.learn.bbs.pltad.crsinf.vo.CrsInfPltadReadResponseVO@204b88c5, com.learn.bbs.pltad.crsinf.vo.CrsInfPltadReadResponseVO@5ddd00ec, com.learn.bbs.pltad.crsinf.vo.CrsInfPltadReadResponseVO@757e1515, com.learn.bbs.pltad.crsinf.vo.CrsInfPltadReadResponseVO@37e885ae, com.learn.bbs.pltad.crsinf.vo.CrsInfPltadReadResponseVO@4b993e36, com.learn.bbs.pltad.crsinf.vo.CrsInfPltadReadResponseVO@7e769dc9, com.learn.bbs.pltad.crsinf.vo.CrsInfPltadReadResponseVO@7b25e9af, com.learn.bbs.pltad.crsinf.vo.CrsInfPltadReadResponseVO@813d690, com.learn.bbs.pltad.crsinf.vo.CrsInfPltadReadResponseVO@a79212a, com.learn.bbs.pltad.crsinf.vo.CrsInfPltadReadResponseVO@40ab7d79, com.learn.bbs.pltad.crsinf.vo.CrsInfPltadReadResponseVO@14979c52, com.learn.bbs.pltad.crsinf.vo.CrsInfPltadReadResponseVO@2267f06, com.learn.bbs.pltad.crsinf.vo.CrsInfPltadReadResponseVO@41156e19, com.learn.bbs.pltad.crsinf.vo.CrsInfPltadReadResponseVO@5ace83f7, com.learn.bbs.pltad.crsinf.vo.CrsInfPltadReadResponseVO@7293f1f0, com.learn.bbs.pltad.crsinf.vo.CrsInfPltadReadResponseVO@43fc6eeb, com.learn.bbs.pltad.crsinf.vo.CrsInfPltadReadResponseVO@29f3b52b, com.learn.bbs.pltad.crsinf.vo.CrsInfPltadReadResponseVO@70c4ad9, com.learn.bbs.pltad.crsinf.vo.CrsInfPltadReadResponseVO@6afd37b9, com.learn.bbs.pltad.crsinf.vo.CrsInfPltadReadResponseVO@4a56873b, com.learn.bbs.pltad.crsinf.vo.CrsInfPltadReadResponseVO@7e3839b7, com.learn.bbs.pltad.crsinf.vo.CrsInfPltadReadResponseVO@1b87ee2b, com.learn.bbs.pltad.crsinf.vo.CrsInfPltadReadResponseVO@1844421d, com.learn.bbs.pltad.crsinf.vo.CrsInfPltadReadResponseVO@66d57171, com.learn.bbs.pltad.crsinf.vo.CrsInfPltadReadResponseVO@599f199d, com.learn.bbs.pltad.crsinf.vo.CrsInfPltadReadResponseVO@7dcd5233, com.learn.bbs.pltad.crsinf.vo.CrsInfPltadReadResponseVO@47a3b33d, com.learn.bbs.pltad.crsinf.vo.CrsInfPltadReadResponseVO@ab00c41, com.learn.bbs.pltad.crsinf.vo.CrsInfPltadReadResponseVO@2b42bf7b, com.learn.bbs.pltad.crsinf.vo.CrsInfPltadReadResponseVO@3c892cea, com.learn.bbs.pltad.crsinf.vo.CrsInfPltadReadResponseVO@66695a1d, com.learn.bbs.pltad.crsinf.vo.CrsInfPltadReadResponseVO@6cb18095, com.learn.bbs.pltad.crsinf.vo.CrsInfPltadReadResponseVO@5236531f, com.learn.bbs.pltad.crsinf.vo.CrsInfPltadReadResponseVO@272dcbcf, com.learn.bbs.pltad.crsinf.vo.CrsInfPltadReadResponseVO@bb8d485, com.learn.bbs.pltad.crsinf.vo.CrsInfPltadReadResponseVO@6bed584f, com.learn.bbs.pltad.crsinf.vo.CrsInfPltadReadResponseVO@ba35086, com.learn.bbs.pltad.crsinf.vo.CrsInfPltadReadResponseVO@4219818e], inactiveCourses=[com.learn.bbs.pltad.crsinf.vo.CrsInfPltadFinishedReadResponseVO@f4869b4, com.learn.bbs.pltad.crsinf.vo.CrsInfPltadFinishedReadResponseVO@e666732]}
19:11:41.940 [http-nio-8080-exec-8] DEBUG o.s.web.servlet.view.JstlView -- Forwarding to [/WEB-INF/views//insttn/coursemanage.jsp]
19:11:42.028 [http-nio-8080-exec-8] DEBUG o.s.web.servlet.DispatcherServlet -- Completed 200 OK
19:11:43.061 [http-nio-8080-exec-5] DEBUG o.s.web.servlet.DispatcherServlet -- GET "/js/common.js", parameters={}
19:11:43.081 [http-nio-8080-exec-5] DEBUG o.s.w.s.h.SimpleUrlHandlerMapping -- Mapped to ResourceHttpRequestHandler [classpath [static/]]
19:11:43.095 [http-nio-8080-exec-5] DEBUG o.s.web.servlet.DispatcherServlet -- Completed 200 OK
