19:52:07.521 [HikariPool-7 housekeeper] DEBUG com.zaxxer.hikari.pool.HikariPool -- HikariPool-7 - Pool stats (total=10, active=0, idle=10, waiting=0)
19:52:07.768 [HikariPool-7 housekeeper] DEBUG com.zaxxer.hikari.pool.HikariPool -- HikariPool-7 - Fill pool skipped, pool has sufficient level or currently being filled.
19:52:14.944 [http-nio-8080-exec-7] DEBUG o.s.web.servlet.DispatcherServlet -- POST "/insttn/course/create", parameters={masked}
19:52:14.973 [http-nio-8080-exec-7] DEBUG o.s.w.s.m.m.a.RequestMappingHandlerMapping -- Mapped to com.learn.bbs.pltad.crsinf.web.CrsInfController#registerCourse(CrsInfRegistRequestVO)
19:52:15.139 [http-nio-8080-exec-7] DEBUG o.s.beans.CachedIntrospectionResults -- Not strongly caching class [com.learn.bbs.pltad.crsinf.vo.CrsInfRegistRequestVO] because it is not cache-safe
19:52:15.234 [http-nio-8080-exec-7] DEBUG o.s.j.support.JdbcTransactionManager -- Creating new transaction with name [com.learn.bbs.pltad.crsinf.service.impl.CrsInfServiceImpl.insertOneCourse]: PROPAGATION_REQUIRED,ISOLATION_DEFAULT
19:52:15.298 [http-nio-8080-exec-7] DEBUG o.s.j.support.JdbcTransactionManager -- Acquired Connection [HikariProxyConnection@1234886845 wrapping oracle.jdbc.driver.T4CConnection@5470f4e6] for JDBC transaction
19:52:15.299 [http-nio-8080-exec-7] DEBUG o.s.j.support.JdbcTransactionManager -- Switching JDBC Connection [HikariProxyConnection@1234886845 wrapping oracle.jdbc.driver.T4CConnection@5470f4e6] to manual commit
19:52:15.299 [http-nio-8080-exec-7] DEBUG org.mybatis.spring.SqlSessionUtils -- Creating a new SqlSession
19:52:15.300 [http-nio-8080-exec-7] DEBUG org.mybatis.spring.SqlSessionUtils -- Registering transaction synchronization for SqlSession [org.apache.ibatis.session.defaults.DefaultSqlSession@219fbf76]
19:52:15.302 [http-nio-8080-exec-7] DEBUG o.m.s.t.SpringManagedTransaction -- JDBC Connection [HikariProxyConnection@1234886845 wrapping oracle.jdbc.driver.T4CConnection@5470f4e6] will be managed by Spring
19:52:15.303 [http-nio-8080-exec-7] DEBUG c.l.b.p.c.d.i.C.insertOneCourse -- ==>  Preparing: INSERT INTO CRS_INF ( CRS_INF_ID, CRS_INF_ST_DT, CRS_INF_END_DT, CRS_INF_NM, CRS_INF_CRS_ROOM_NM, CRS_INF_PRS_CNT, CRS_INF_RGST_DT, CRS_INF_DEL_YN, CRS_INF_APP_DT, CRS_INF_DDLN_DT, CRS_INF_DDLN_YN ) VALUES ( 'CRS_INF-' || TO_CHAR(SYSDATE, 'YYYYMMDD') || '-' || LPAD(CRS_INF_SEQ.NEXTVAL, 6, '0'), TO_DATE(?, 'YYYY-MM-DD HH24:MI:SS'), TO_DATE(?, 'YYYY-MM-DD HH24:MI:SS'), ?, ?, ?, SYSDATE, 'N', TO_DATE(?, 'YYYY-MM-DD HH24:MI:SS'), TO_DATE(?, 'YYYY-MM-DD HH24:MI:SS'), 'N' )
19:52:15.309 [http-nio-8080-exec-7] DEBUG c.l.b.p.c.d.i.C.insertOneCourse -- ==> Parameters: 2025-04-16 07:52(String), 2025-04-16 19:53(String), ㄴㅇㄹ(String), ㅁㄴㅇㄹ(String), 3(Integer), 2025-04-16 19:52(String), 2025-04-16 19:53(String)
19:52:15.349 [http-nio-8080-exec-7] DEBUG c.l.b.p.c.d.i.C.insertOneCourse -- <==    Updates: 1
19:52:15.350 [http-nio-8080-exec-7] DEBUG org.mybatis.spring.SqlSessionUtils -- Releasing transactional SqlSession [org.apache.ibatis.session.defaults.DefaultSqlSession@219fbf76]
19:52:15.351 [http-nio-8080-exec-7] DEBUG org.mybatis.spring.SqlSessionUtils -- Transaction synchronization committing SqlSession [org.apache.ibatis.session.defaults.DefaultSqlSession@219fbf76]
19:52:15.351 [http-nio-8080-exec-7] DEBUG org.mybatis.spring.SqlSessionUtils -- Transaction synchronization deregistering SqlSession [org.apache.ibatis.session.defaults.DefaultSqlSession@219fbf76]
19:52:15.351 [http-nio-8080-exec-7] DEBUG org.mybatis.spring.SqlSessionUtils -- Transaction synchronization closing SqlSession [org.apache.ibatis.session.defaults.DefaultSqlSession@219fbf76]
19:52:15.351 [http-nio-8080-exec-7] DEBUG o.s.j.support.JdbcTransactionManager -- Initiating transaction commit
19:52:15.351 [http-nio-8080-exec-7] DEBUG o.s.j.support.JdbcTransactionManager -- Committing JDBC transaction on Connection [HikariProxyConnection@1234886845 wrapping oracle.jdbc.driver.T4CConnection@5470f4e6]
19:52:15.375 [http-nio-8080-exec-7] DEBUG o.s.j.support.JdbcTransactionManager -- Releasing JDBC Connection [HikariProxyConnection@1234886845 wrapping oracle.jdbc.driver.T4CConnection@5470f4e6] after transaction
19:52:15.392 [http-nio-8080-exec-7] DEBUG o.s.web.servlet.view.RedirectView -- View name [redirect:], model {}
19:52:15.396 [http-nio-8080-exec-7] DEBUG o.s.web.servlet.DispatcherServlet -- Completed 302 FOUND
19:52:15.432 [http-nio-8080-exec-7] DEBUG o.s.web.servlet.DispatcherServlet -- GET "/insttn/course", parameters={}
19:52:15.434 [http-nio-8080-exec-7] DEBUG o.s.w.s.m.m.a.RequestMappingHandlerMapping -- Mapped to com.learn.main.web.LearnualMainController#goMainInsttnCourse()
19:52:15.438 [http-nio-8080-exec-7] DEBUG o.s.web.servlet.view.JstlView -- View name [insttn/coursemanage], model {}
19:52:15.441 [http-nio-8080-exec-7] DEBUG o.s.web.servlet.view.JstlView -- Forwarding to [/WEB-INF/views/insttn/coursemanage.jsp]
19:52:15.957 [http-nio-8080-exec-7] DEBUG o.s.web.servlet.DispatcherServlet -- Completed 200 OK
19:52:37.789 [HikariPool-7 housekeeper] DEBUG com.zaxxer.hikari.pool.HikariPool -- HikariPool-7 - Pool stats (total=10, active=0, idle=10, waiting=0)
19:52:37.840 [HikariPool-7 housekeeper] DEBUG com.zaxxer.hikari.pool.HikariPool -- HikariPool-7 - Fill pool skipped, pool has sufficient level or currently being filled.
19:52:50.225 [http-nio-8080-exec-10] DEBUG o.s.web.servlet.DispatcherServlet -- POST "/insttn/course/create", parameters={masked}
19:52:50.249 [http-nio-8080-exec-10] DEBUG o.s.w.s.m.m.a.RequestMappingHandlerMapping -- Mapped to com.learn.bbs.pltad.crsinf.web.CrsInfController#registerCourse(CrsInfRegistRequestVO)
19:52:50.308 [http-nio-8080-exec-10] DEBUG o.s.j.support.JdbcTransactionManager -- Creating new transaction with name [com.learn.bbs.pltad.crsinf.service.impl.CrsInfServiceImpl.insertOneCourse]: PROPAGATION_REQUIRED,ISOLATION_DEFAULT
19:52:50.351 [http-nio-8080-exec-10] DEBUG o.s.j.support.JdbcTransactionManager -- Acquired Connection [HikariProxyConnection@49214208 wrapping oracle.jdbc.driver.T4CConnection@5470f4e6] for JDBC transaction
19:52:50.352 [http-nio-8080-exec-10] DEBUG o.s.j.support.JdbcTransactionManager -- Switching JDBC Connection [HikariProxyConnection@49214208 wrapping oracle.jdbc.driver.T4CConnection@5470f4e6] to manual commit
19:52:50.353 [http-nio-8080-exec-10] DEBUG org.mybatis.spring.SqlSessionUtils -- Creating a new SqlSession
19:52:50.354 [http-nio-8080-exec-10] DEBUG org.mybatis.spring.SqlSessionUtils -- Registering transaction synchronization for SqlSession [org.apache.ibatis.session.defaults.DefaultSqlSession@c290d2d]
19:52:50.356 [http-nio-8080-exec-10] DEBUG o.m.s.t.SpringManagedTransaction -- JDBC Connection [HikariProxyConnection@49214208 wrapping oracle.jdbc.driver.T4CConnection@5470f4e6] will be managed by Spring
19:52:50.358 [http-nio-8080-exec-10] DEBUG c.l.b.p.c.d.i.C.insertOneCourse -- ==>  Preparing: INSERT INTO CRS_INF ( CRS_INF_ID, CRS_INF_ST_DT, CRS_INF_END_DT, CRS_INF_NM, CRS_INF_CRS_ROOM_NM, CRS_INF_PRS_CNT, CRS_INF_RGST_DT, CRS_INF_DEL_YN, CRS_INF_APP_DT, CRS_INF_DDLN_DT, CRS_INF_DDLN_YN ) VALUES ( 'CRS_INF-' || TO_CHAR(SYSDATE, 'YYYYMMDD') || '-' || LPAD(CRS_INF_SEQ.NEXTVAL, 6, '0'), TO_DATE(?, 'YYYY-MM-DD HH24:MI:SS'), TO_DATE(?, 'YYYY-MM-DD HH24:MI:SS'), ?, ?, ?, SYSDATE, 'N', TO_DATE(?, 'YYYY-MM-DD HH24:MI:SS'), TO_DATE(?, 'YYYY-MM-DD HH24:MI:SS'), 'N' )
19:52:50.367 [http-nio-8080-exec-10] DEBUG c.l.b.p.c.d.i.C.insertOneCourse -- ==> Parameters: 2025-04-16 07:52(String), 2025-04-16 19:53(String), ㅋㅋㅋ(String), ㅋㅋㅋ(String), 12(Integer), 2025-04-16 07:52(String), 2025-04-16 19:52(String)
19:52:50.404 [http-nio-8080-exec-10] DEBUG c.l.b.p.c.d.i.C.insertOneCourse -- <==    Updates: 1
19:52:50.404 [http-nio-8080-exec-10] DEBUG org.mybatis.spring.SqlSessionUtils -- Releasing transactional SqlSession [org.apache.ibatis.session.defaults.DefaultSqlSession@c290d2d]
19:52:50.405 [http-nio-8080-exec-10] DEBUG org.mybatis.spring.SqlSessionUtils -- Transaction synchronization committing SqlSession [org.apache.ibatis.session.defaults.DefaultSqlSession@c290d2d]
19:52:50.405 [http-nio-8080-exec-10] DEBUG org.mybatis.spring.SqlSessionUtils -- Transaction synchronization deregistering SqlSession [org.apache.ibatis.session.defaults.DefaultSqlSession@c290d2d]
19:52:50.405 [http-nio-8080-exec-10] DEBUG org.mybatis.spring.SqlSessionUtils -- Transaction synchronization closing SqlSession [org.apache.ibatis.session.defaults.DefaultSqlSession@c290d2d]
19:52:50.405 [http-nio-8080-exec-10] DEBUG o.s.j.support.JdbcTransactionManager -- Initiating transaction commit
19:52:50.405 [http-nio-8080-exec-10] DEBUG o.s.j.support.JdbcTransactionManager -- Committing JDBC transaction on Connection [HikariProxyConnection@49214208 wrapping oracle.jdbc.driver.T4CConnection@5470f4e6]
19:52:50.424 [http-nio-8080-exec-10] DEBUG o.s.j.support.JdbcTransactionManager -- Releasing JDBC Connection [HikariProxyConnection@49214208 wrapping oracle.jdbc.driver.T4CConnection@5470f4e6] after transaction
19:52:50.439 [http-nio-8080-exec-10] DEBUG o.s.web.servlet.view.RedirectView -- View name [redirect:], model {}
19:52:50.443 [http-nio-8080-exec-10] DEBUG o.s.web.servlet.DispatcherServlet -- Completed 302 FOUND
19:52:50.470 [http-nio-8080-exec-10] DEBUG o.s.web.servlet.DispatcherServlet -- GET "/insttn/course", parameters={}
19:52:50.473 [http-nio-8080-exec-10] DEBUG o.s.w.s.m.m.a.RequestMappingHandlerMapping -- Mapped to com.learn.main.web.LearnualMainController#goMainInsttnCourse()
19:52:50.482 [http-nio-8080-exec-10] DEBUG o.s.web.servlet.view.JstlView -- View name [insttn/coursemanage], model {}
19:52:50.487 [http-nio-8080-exec-10] DEBUG o.s.web.servlet.view.JstlView -- Forwarding to [/WEB-INF/views/insttn/coursemanage.jsp]
19:52:50.543 [http-nio-8080-exec-10] DEBUG o.s.web.servlet.DispatcherServlet -- Completed 200 OK
