19:10:07.177 [HikariPool-2 housekeeper] DEBUG com.zaxxer.hikari.pool.HikariPool -- HikariPool-2 - Pool stats (total=10, active=0, idle=10, waiting=0)
19:10:07.202 [HikariPool-2 housekeeper] DEBUG com.zaxxer.hikari.pool.HikariPool -- HikariPool-2 - Fill pool skipped, pool has sufficient level or currently being filled.
19:10:22.498 [HikariPool-2 connection closer] DEBUG com.zaxxer.hikari.pool.PoolBase -- HikariPool-2 - Closing connection oracle.jdbc.driver.T4CConnection@26318852: (connection has passed maxLifetime)
19:10:22.656 [HikariPool-2 connection closer] DEBUG com.zaxxer.hikari.pool.PoolBase -- HikariPool-2 - Closing connection oracle.jdbc.driver.T4CConnection@2350aa97: (connection has passed maxLifetime)
19:10:24.083 [HikariPool-2 connection adder] DEBUG com.zaxxer.hikari.pool.HikariPool -- HikariPool-2 - Added connection oracle.jdbc.driver.T4CConnection@4ba68a9d
19:10:24.121 [HikariPool-2 connection adder] DEBUG com.zaxxer.hikari.pool.HikariPool -- HikariPool-2 - Connection not added, stats (total=9, active=0, idle=9, waiting=0)
19:10:24.510 [HikariPool-2 connection adder] DEBUG com.zaxxer.hikari.pool.HikariPool -- HikariPool-2 - Added connection oracle.jdbc.driver.T4CConnection@384b0fd1
19:10:24.544 [HikariPool-2 connection adder] DEBUG com.zaxxer.hikari.pool.HikariPool -- HikariPool-2 - Connection not added, stats (total=10, active=0, idle=10, waiting=0)
19:10:24.545 [HikariPool-2 connection adder] DEBUG com.zaxxer.hikari.pool.HikariPool -- HikariPool-2 - Connection not added, stats (total=10, active=0, idle=10, waiting=0)
19:10:24.545 [HikariPool-2 connection adder] DEBUG com.zaxxer.hikari.pool.HikariPool -- HikariPool-2 - Connection not added, stats (total=10, active=0, idle=10, waiting=0)
19:10:31.940 [HikariPool-2 connection closer] DEBUG com.zaxxer.hikari.pool.PoolBase -- HikariPool-2 - Closing connection oracle.jdbc.driver.T4CConnection@65091a76: (connection has passed maxLifetime)
19:10:32.500 [HikariPool-2 connection adder] DEBUG com.zaxxer.hikari.pool.HikariPool -- HikariPool-2 - Added connection oracle.jdbc.driver.T4CConnection@7d5e04f8
19:10:32.533 [HikariPool-2 connection adder] DEBUG com.zaxxer.hikari.pool.HikariPool -- HikariPool-2 - Connection not added, stats (total=10, active=0, idle=10, waiting=0)
19:10:33.686 [HikariPool-2 connection closer] DEBUG com.zaxxer.hikari.pool.PoolBase -- HikariPool-2 - Closing connection oracle.jdbc.driver.T4CConnection@221ca98c: (connection has passed maxLifetime)
19:10:34.041 [HikariPool-2 connection adder] DEBUG com.zaxxer.hikari.pool.HikariPool -- HikariPool-2 - Added connection oracle.jdbc.driver.T4CConnection@18d445cb
19:10:34.076 [HikariPool-2 connection adder] DEBUG com.zaxxer.hikari.pool.HikariPool -- HikariPool-2 - Connection not added, stats (total=10, active=0, idle=10, waiting=0)
19:10:37.208 [HikariPool-2 housekeeper] DEBUG com.zaxxer.hikari.pool.HikariPool -- HikariPool-2 - Pool stats (total=10, active=0, idle=10, waiting=0)
19:10:37.209 [HikariPool-2 housekeeper] DEBUG com.zaxxer.hikari.pool.HikariPool -- HikariPool-2 - Fill pool skipped, pool has sufficient level or currently being filled.
19:10:47.086 [HikariPool-2 connection closer] DEBUG com.zaxxer.hikari.pool.PoolBase -- HikariPool-2 - Closing connection oracle.jdbc.driver.T4CConnection@5d443e72: (connection has passed maxLifetime)
19:10:47.805 [HikariPool-2 connection adder] DEBUG com.zaxxer.hikari.pool.HikariPool -- HikariPool-2 - Added connection oracle.jdbc.driver.T4CConnection@65ae518d
19:10:47.842 [HikariPool-2 connection adder] DEBUG com.zaxxer.hikari.pool.HikariPool -- HikariPool-2 - Connection not added, stats (total=10, active=0, idle=10, waiting=0)
19:10:48.948 [HikariPool-2 connection closer] DEBUG com.zaxxer.hikari.pool.PoolBase -- HikariPool-2 - Closing connection oracle.jdbc.driver.T4CConnection@8227711: (connection has passed maxLifetime)
19:10:49.496 [HikariPool-2 connection adder] DEBUG com.zaxxer.hikari.pool.HikariPool -- HikariPool-2 - Added connection oracle.jdbc.driver.T4CConnection@3573a6ca
19:10:49.531 [HikariPool-2 connection adder] DEBUG com.zaxxer.hikari.pool.HikariPool -- HikariPool-2 - Connection not added, stats (total=10, active=0, idle=10, waiting=0)
19:10:51.300 [HikariPool-2 connection closer] DEBUG com.zaxxer.hikari.pool.PoolBase -- HikariPool-2 - Closing connection oracle.jdbc.driver.T4CConnection@1a3e5168: (connection has passed maxLifetime)
19:10:51.754 [HikariPool-2 connection adder] DEBUG com.zaxxer.hikari.pool.HikariPool -- HikariPool-2 - Added connection oracle.jdbc.driver.T4CConnection@37a9347a
19:10:51.789 [HikariPool-2 connection adder] DEBUG com.zaxxer.hikari.pool.HikariPool -- HikariPool-2 - Connection not added, stats (total=10, active=0, idle=10, waiting=0)
19:10:52.475 [HikariPool-2 connection closer] DEBUG com.zaxxer.hikari.pool.PoolBase -- HikariPool-2 - Closing connection oracle.jdbc.driver.T4CConnection@6c8a3eab: (connection has passed maxLifetime)
19:10:53.326 [HikariPool-2 connection adder] DEBUG com.zaxxer.hikari.pool.HikariPool -- HikariPool-2 - Added connection oracle.jdbc.driver.T4CConnection@1b935a12
19:10:53.381 [HikariPool-2 connection adder] DEBUG com.zaxxer.hikari.pool.HikariPool -- HikariPool-2 - Connection not added, stats (total=10, active=0, idle=10, waiting=0)
19:10:58.486 [HikariPool-2 connection closer] DEBUG com.zaxxer.hikari.pool.PoolBase -- HikariPool-2 - Closing connection oracle.jdbc.driver.T4CConnection@7faee3a1: (connection has passed maxLifetime)
19:10:58.965 [HikariPool-2 connection adder] DEBUG com.zaxxer.hikari.pool.HikariPool -- HikariPool-2 - Added connection oracle.jdbc.driver.T4CConnection@500924ca
19:10:58.997 [HikariPool-2 connection adder] DEBUG com.zaxxer.hikari.pool.HikariPool -- HikariPool-2 - Connection not added, stats (total=10, active=0, idle=10, waiting=0)
