19:09:07.138 [HikariPool-2 housekeeper] DEBUG com.zaxxer.hikari.pool.HikariPool -- HikariPool-2 - Pool stats (total=10, active=0, idle=10, waiting=0)
19:09:07.158 [HikariPool-2 housekeeper] DEBUG com.zaxxer.hikari.pool.HikariPool -- HikariPool-2 - Fill pool skipped, pool has sufficient level or currently being filled.
19:09:13.661 [http-nio-8080-exec-7] DEBUG o.s.web.servlet.DispatcherServlet -- GET "/insttn/pltad", parameters={}
19:09:13.668 [http-nio-8080-exec-7] DEBUG o.s.w.s.m.m.a.RequestMappingHandlerMapping -- Mapped to com.learn.bbs.pltad.crsinf.web.CrsInfController#showAllCourses(Model)
19:09:13.682 [http-nio-8080-exec-7] DEBUG o.s.j.support.JdbcTransactionManager -- Creating new transaction with name [com.learn.bbs.pltad.crsinf.service.impl.CrsInfServiceImpl.selectAllCourseForPltad]: PROPAGATION_REQUIRED,ISOLATION_DEFAULT,readOnly
19:09:13.727 [http-nio-8080-exec-7] DEBUG o.s.j.support.JdbcTransactionManager -- Acquired Connection [HikariProxyConnection@22211446 wrapping oracle.jdbc.driver.T4CConnection@6c8a3eab] for JDBC transaction
19:09:13.727 [http-nio-8080-exec-7] DEBUG o.s.jdbc.datasource.DataSourceUtils -- Setting JDBC Connection [HikariProxyConnection@22211446 wrapping oracle.jdbc.driver.T4CConnection@6c8a3eab] read-only
19:09:13.727 [http-nio-8080-exec-7] DEBUG o.s.j.support.JdbcTransactionManager -- Switching JDBC Connection [HikariProxyConnection@22211446 wrapping oracle.jdbc.driver.T4CConnection@6c8a3eab] to manual commit
19:09:13.728 [http-nio-8080-exec-7] DEBUG org.mybatis.spring.SqlSessionUtils -- Creating a new SqlSession
19:09:13.728 [http-nio-8080-exec-7] DEBUG org.mybatis.spring.SqlSessionUtils -- Registering transaction synchronization for SqlSession [org.apache.ibatis.session.defaults.DefaultSqlSession@1c9c2815]
19:09:13.729 [http-nio-8080-exec-7] DEBUG o.m.s.t.SpringManagedTransaction -- JDBC Connection [HikariProxyConnection@22211446 wrapping oracle.jdbc.driver.T4CConnection@6c8a3eab] will be managed by Spring
19:09:13.729 [http-nio-8080-exec-7] DEBUG c.l.b.p.c.d.i.C.selectAllCourseForPltad -- ==>  Preparing: SELECT C.CRS_INF_ID , C.CRS_INF_NM , C.CRS_INF_ST_DT , C.CRS_INF_END_DT , C.CRS_INF_DDLN_DT , C.CRS_INF_PRS_CNT , COUNT(A.APP_HSTR_ID) AS CRS_CUR_PRS_CNT FROM CRS_INF C LEFT JOIN APP_HSTR A ON C.CRS_INF_ID = A.CRS_INF_ID LEFT JOIN CNCL_HSTR CN ON A.APP_HSTR_ID = CN.APP_HSTR_ID WHERE C.CRS_INF_DEL_YN = 'N' AND C.CRS_INF_DDLN_YN = 'N' AND CN.CNCL_HSTR_ID IS NULL GROUP BY C.CRS_INF_ID , C.CRS_INF_NM , C.CRS_INF_ST_DT , C.CRS_INF_END_DT , C.CRS_INF_DDLN_DT , C.CRS_INF_PRS_CNT ORDER BY C.CRS_INF_ST_DT DESC
19:09:13.734 [http-nio-8080-exec-7] DEBUG c.l.b.p.c.d.i.C.selectAllCourseForPltad -- ==> Parameters: 
19:09:13.815 [http-nio-8080-exec-7] DEBUG c.l.b.p.c.d.i.C.selectAllCourseForPltad -- <==      Total: 39
19:09:13.818 [http-nio-8080-exec-7] DEBUG org.mybatis.spring.SqlSessionUtils -- Releasing transactional SqlSession [org.apache.ibatis.session.defaults.DefaultSqlSession@1c9c2815]
19:09:13.818 [http-nio-8080-exec-7] DEBUG org.mybatis.spring.SqlSessionUtils -- Transaction synchronization committing SqlSession [org.apache.ibatis.session.defaults.DefaultSqlSession@1c9c2815]
19:09:13.819 [http-nio-8080-exec-7] DEBUG org.mybatis.spring.SqlSessionUtils -- Transaction synchronization deregistering SqlSession [org.apache.ibatis.session.defaults.DefaultSqlSession@1c9c2815]
19:09:13.819 [http-nio-8080-exec-7] DEBUG org.mybatis.spring.SqlSessionUtils -- Transaction synchronization closing SqlSession [org.apache.ibatis.session.defaults.DefaultSqlSession@1c9c2815]
19:09:13.819 [http-nio-8080-exec-7] DEBUG o.s.j.support.JdbcTransactionManager -- Initiating transaction commit
19:09:13.819 [http-nio-8080-exec-7] DEBUG o.s.j.support.JdbcTransactionManager -- Committing JDBC transaction on Connection [HikariProxyConnection@22211446 wrapping oracle.jdbc.driver.T4CConnection@6c8a3eab]
19:09:13.819 [http-nio-8080-exec-7] DEBUG o.s.jdbc.datasource.DataSourceUtils -- Resetting read-only flag of JDBC Connection [HikariProxyConnection@22211446 wrapping oracle.jdbc.driver.T4CConnection@6c8a3eab]
19:09:13.819 [http-nio-8080-exec-7] DEBUG o.s.j.support.JdbcTransactionManager -- Releasing JDBC Connection [HikariProxyConnection@22211446 wrapping oracle.jdbc.driver.T4CConnection@6c8a3eab] after transaction
19:09:13.819 [http-nio-8080-exec-7] DEBUG o.s.j.support.JdbcTransactionManager -- Creating new transaction with name [com.learn.bbs.pltad.crsinf.service.impl.CrsInfServiceImpl.selectAllFinishedCourseForPltad]: PROPAGATION_REQUIRED,ISOLATION_DEFAULT,readOnly
19:09:13.819 [http-nio-8080-exec-7] DEBUG o.s.j.support.JdbcTransactionManager -- Acquired Connection [HikariProxyConnection@624889617 wrapping oracle.jdbc.driver.T4CConnection@6c8a3eab] for JDBC transaction
19:09:13.819 [http-nio-8080-exec-7] DEBUG o.s.jdbc.datasource.DataSourceUtils -- Setting JDBC Connection [HikariProxyConnection@624889617 wrapping oracle.jdbc.driver.T4CConnection@6c8a3eab] read-only
19:09:13.819 [http-nio-8080-exec-7] DEBUG o.s.j.support.JdbcTransactionManager -- Switching JDBC Connection [HikariProxyConnection@624889617 wrapping oracle.jdbc.driver.T4CConnection@6c8a3eab] to manual commit
19:09:13.819 [http-nio-8080-exec-7] DEBUG org.mybatis.spring.SqlSessionUtils -- Creating a new SqlSession
19:09:13.819 [http-nio-8080-exec-7] DEBUG org.mybatis.spring.SqlSessionUtils -- Registering transaction synchronization for SqlSession [org.apache.ibatis.session.defaults.DefaultSqlSession@764dc67]
19:09:13.820 [http-nio-8080-exec-7] DEBUG o.m.s.t.SpringManagedTransaction -- JDBC Connection [HikariProxyConnection@624889617 wrapping oracle.jdbc.driver.T4CConnection@6c8a3eab] will be managed by Spring
19:09:13.820 [http-nio-8080-exec-7] DEBUG c.l.b.p.c.d.i.C.selectAllFinishedCourseForPltad -- ==>  Preparing: SELECT C.CRS_INF_ID , C.CRS_INF_NM , C.CRS_INF_ST_DT , C.CRS_INF_END_DT FROM CRS_INF C WHERE C.CRS_INF_DEL_YN = 'N' AND C.CRS_INF_DDLN_YN = 'Y' GROUP BY C.CRS_INF_ID , C.CRS_INF_NM , C.CRS_INF_ST_DT , C.CRS_INF_END_DT , C.CRS_INF_PRS_CNT ORDER BY C.CRS_INF_ST_DT DESC
19:09:13.820 [http-nio-8080-exec-7] DEBUG c.l.b.p.c.d.i.C.selectAllFinishedCourseForPltad -- ==> Parameters: 
19:09:13.836 [http-nio-8080-exec-7] DEBUG c.l.b.p.c.d.i.C.selectAllFinishedCourseForPltad -- <==      Total: 2
19:09:13.836 [http-nio-8080-exec-7] DEBUG org.mybatis.spring.SqlSessionUtils -- Releasing transactional SqlSession [org.apache.ibatis.session.defaults.DefaultSqlSession@764dc67]
19:09:13.836 [http-nio-8080-exec-7] DEBUG org.mybatis.spring.SqlSessionUtils -- Transaction synchronization committing SqlSession [org.apache.ibatis.session.defaults.DefaultSqlSession@764dc67]
19:09:13.836 [http-nio-8080-exec-7] DEBUG org.mybatis.spring.SqlSessionUtils -- Transaction synchronization deregistering SqlSession [org.apache.ibatis.session.defaults.DefaultSqlSession@764dc67]
19:09:13.836 [http-nio-8080-exec-7] DEBUG org.mybatis.spring.SqlSessionUtils -- Transaction synchronization closing SqlSession [org.apache.ibatis.session.defaults.DefaultSqlSession@764dc67]
19:09:13.836 [http-nio-8080-exec-7] DEBUG o.s.j.support.JdbcTransactionManager -- Initiating transaction commit
19:09:13.836 [http-nio-8080-exec-7] DEBUG o.s.j.support.JdbcTransactionManager -- Committing JDBC transaction on Connection [HikariProxyConnection@624889617 wrapping oracle.jdbc.driver.T4CConnection@6c8a3eab]
19:09:13.836 [http-nio-8080-exec-7] DEBUG o.s.jdbc.datasource.DataSourceUtils -- Resetting read-only flag of JDBC Connection [HikariProxyConnection@624889617 wrapping oracle.jdbc.driver.T4CConnection@6c8a3eab]
19:09:13.836 [http-nio-8080-exec-7] DEBUG o.s.j.support.JdbcTransactionManager -- Releasing JDBC Connection [HikariProxyConnection@624889617 wrapping oracle.jdbc.driver.T4CConnection@6c8a3eab] after transaction
19:09:13.840 [http-nio-8080-exec-7] DEBUG o.s.web.servlet.view.JstlView -- View name [/insttn/coursemanage], model {activeCourses=[com.learn.bbs.pltad.crsinf.vo.CrsInfPltadReadResponseVO@5ba4d060, com.learn.bbs.pltad.crsinf.vo.CrsInfPltadReadResponseVO@48cbf51a, com.learn.bbs.pltad.crsinf.vo.CrsInfPltadReadResponseVO@46d873cb, com.learn.bbs.pltad.crsinf.vo.CrsInfPltadReadResponseVO@3c999fb4, com.learn.bbs.pltad.crsinf.vo.CrsInfPltadReadResponseVO@41436f97, com.learn.bbs.pltad.crsinf.vo.CrsInfPltadReadResponseVO@56373180, com.learn.bbs.pltad.crsinf.vo.CrsInfPltadReadResponseVO@537446a6, com.learn.bbs.pltad.crsinf.vo.CrsInfPltadReadResponseVO@23e00743, com.learn.bbs.pltad.crsinf.vo.CrsInfPltadReadResponseVO@7905eb7f, com.learn.bbs.pltad.crsinf.vo.CrsInfPltadReadResponseVO@16d17eee, com.learn.bbs.pltad.crsinf.vo.CrsInfPltadReadResponseVO@67e15be4, com.learn.bbs.pltad.crsinf.vo.CrsInfPltadReadResponseVO@44188244, com.learn.bbs.pltad.crsinf.vo.CrsInfPltadReadResponseVO@1290d7ab, com.learn.bbs.pltad.crsinf.vo.CrsInfPltadReadResponseVO@fabfd19, com.learn.bbs.pltad.crsinf.vo.CrsInfPltadReadResponseVO@6278b973, com.learn.bbs.pltad.crsinf.vo.CrsInfPltadReadResponseVO@62720dda, com.learn.bbs.pltad.crsinf.vo.CrsInfPltadReadResponseVO@76cbb3b0, com.learn.bbs.pltad.crsinf.vo.CrsInfPltadReadResponseVO@26d8cb45, com.learn.bbs.pltad.crsinf.vo.CrsInfPltadReadResponseVO@14c5dcc, com.learn.bbs.pltad.crsinf.vo.CrsInfPltadReadResponseVO@73229ce2, com.learn.bbs.pltad.crsinf.vo.CrsInfPltadReadResponseVO@585ff705, com.learn.bbs.pltad.crsinf.vo.CrsInfPltadReadResponseVO@383d9da8, com.learn.bbs.pltad.crsinf.vo.CrsInfPltadReadResponseVO@5bfc155e, com.learn.bbs.pltad.crsinf.vo.CrsInfPltadReadResponseVO@3c5e474f, com.learn.bbs.pltad.crsinf.vo.CrsInfPltadReadResponseVO@1b1e681e, com.learn.bbs.pltad.crsinf.vo.CrsInfPltadReadResponseVO@4f9a6608, com.learn.bbs.pltad.crsinf.vo.CrsInfPltadReadResponseVO@74f7dc40, com.learn.bbs.pltad.crsinf.vo.CrsInfPltadReadResponseVO@3add89ae, com.learn.bbs.pltad.crsinf.vo.CrsInfPltadReadResponseVO@526b4873, com.learn.bbs.pltad.crsinf.vo.CrsInfPltadReadResponseVO@4e5dde10, com.learn.bbs.pltad.crsinf.vo.CrsInfPltadReadResponseVO@4821e47, com.learn.bbs.pltad.crsinf.vo.CrsInfPltadReadResponseVO@52c46780, com.learn.bbs.pltad.crsinf.vo.CrsInfPltadReadResponseVO@5a64957b, com.learn.bbs.pltad.crsinf.vo.CrsInfPltadReadResponseVO@7a697d79, com.learn.bbs.pltad.crsinf.vo.CrsInfPltadReadResponseVO@6e8d2455, com.learn.bbs.pltad.crsinf.vo.CrsInfPltadReadResponseVO@1f04a663, com.learn.bbs.pltad.crsinf.vo.CrsInfPltadReadResponseVO@613537b5, com.learn.bbs.pltad.crsinf.vo.CrsInfPltadReadResponseVO@50860c5f, com.learn.bbs.pltad.crsinf.vo.CrsInfPltadReadResponseVO@57ae2596], inactiveCourses=[com.learn.bbs.pltad.crsinf.vo.CrsInfPltadFinishedReadResponseVO@6d23b6be, com.learn.bbs.pltad.crsinf.vo.CrsInfPltadFinishedReadResponseVO@2563ac30]}
19:09:13.841 [http-nio-8080-exec-7] DEBUG o.s.web.servlet.view.JstlView -- Forwarding to [/WEB-INF/views//insttn/coursemanage.jsp]
19:09:14.731 [http-nio-8080-exec-7] DEBUG o.s.web.servlet.DispatcherServlet -- Completed 200 OK
19:09:14.835 [http-nio-8080-exec-10] DEBUG o.s.web.servlet.DispatcherServlet -- GET "/js/common.js", parameters={}
19:09:14.846 [http-nio-8080-exec-10] DEBUG o.s.w.s.h.SimpleUrlHandlerMapping -- Mapped to ResourceHttpRequestHandler [classpath [static/]]
19:09:14.859 [http-nio-8080-exec-10] DEBUG o.s.web.servlet.DispatcherServlet -- Completed 304 NOT_MODIFIED
19:09:18.859 [http-nio-8080-exec-1] DEBUG o.s.web.servlet.DispatcherServlet -- POST "/insttn/pltad/delete/undefined", parameters={}
19:09:18.865 [http-nio-8080-exec-1] DEBUG o.s.w.s.m.m.a.RequestMappingHandlerMapping -- Mapped to com.learn.bbs.pltad.crsinf.web.CrsInfController#doDeleteCourse(String)
19:09:18.896 [http-nio-8080-exec-1] DEBUG o.s.j.support.JdbcTransactionManager -- Creating new transaction with name [com.learn.bbs.pltad.crsinf.service.impl.CrsInfServiceImpl.deleteOneCourse]: PROPAGATION_REQUIRED,ISOLATION_DEFAULT
19:09:18.920 [http-nio-8080-exec-1] DEBUG o.s.j.support.JdbcTransactionManager -- Acquired Connection [HikariProxyConnection@869677166 wrapping oracle.jdbc.driver.T4CConnection@6c8a3eab] for JDBC transaction
19:09:18.920 [http-nio-8080-exec-1] DEBUG o.s.j.support.JdbcTransactionManager -- Switching JDBC Connection [HikariProxyConnection@869677166 wrapping oracle.jdbc.driver.T4CConnection@6c8a3eab] to manual commit
19:09:18.921 [http-nio-8080-exec-1] DEBUG org.mybatis.spring.SqlSessionUtils -- Creating a new SqlSession
19:09:18.921 [http-nio-8080-exec-1] DEBUG org.mybatis.spring.SqlSessionUtils -- Registering transaction synchronization for SqlSession [org.apache.ibatis.session.defaults.DefaultSqlSession@30f162ca]
19:09:18.922 [http-nio-8080-exec-1] DEBUG o.m.s.t.SpringManagedTransaction -- JDBC Connection [HikariProxyConnection@869677166 wrapping oracle.jdbc.driver.T4CConnection@6c8a3eab] will be managed by Spring
19:09:18.924 [http-nio-8080-exec-1] DEBUG c.l.b.p.c.d.i.C.deleteOneCourse -- ==>  Preparing: UPDATE CRS_INF SET CRS_INF_DEL_YN = 'Y' , CRS_INF_DEL_DT = SYSDATE WHERE CRS_INF_ID = ?
19:09:18.928 [http-nio-8080-exec-1] DEBUG c.l.b.p.c.d.i.C.deleteOneCourse -- ==> Parameters: undefined(String)
19:09:18.956 [http-nio-8080-exec-1] DEBUG c.l.b.p.c.d.i.C.deleteOneCourse -- <==    Updates: 0
19:09:18.956 [http-nio-8080-exec-1] DEBUG org.mybatis.spring.SqlSessionUtils -- Releasing transactional SqlSession [org.apache.ibatis.session.defaults.DefaultSqlSession@30f162ca]
19:09:18.956 [http-nio-8080-exec-1] DEBUG org.mybatis.spring.SqlSessionUtils -- Transaction synchronization deregistering SqlSession [org.apache.ibatis.session.defaults.DefaultSqlSession@30f162ca]
19:09:18.956 [http-nio-8080-exec-1] DEBUG org.mybatis.spring.SqlSessionUtils -- Transaction synchronization closing SqlSession [org.apache.ibatis.session.defaults.DefaultSqlSession@30f162ca]
19:09:18.957 [http-nio-8080-exec-1] DEBUG o.s.j.support.JdbcTransactionManager -- Initiating transaction rollback
19:09:18.957 [http-nio-8080-exec-1] DEBUG o.s.j.support.JdbcTransactionManager -- Rolling back JDBC transaction on Connection [HikariProxyConnection@869677166 wrapping oracle.jdbc.driver.T4CConnection@6c8a3eab]
19:09:18.970 [http-nio-8080-exec-1] DEBUG o.s.j.support.JdbcTransactionManager -- Releasing JDBC Connection [HikariProxyConnection@869677166 wrapping oracle.jdbc.driver.T4CConnection@6c8a3eab] after transaction
19:09:18.977 [http-nio-8080-exec-1] DEBUG o.s.w.s.m.m.a.ExceptionHandlerExceptionResolver -- Using @ExceptionHandler com.learn.exceptions.GlobalExceptionHandler#viewCrsInfDeleteExceptionPage(CrsInfDeleteException)
19:09:18.980 [http-nio-8080-exec-1] DEBUG o.s.w.s.m.m.a.ExceptionHandlerExceptionResolver -- Resolved [com.learn.exceptions.CrsInfDeleteException: DB 삭제(Soft delete)에 실패하였습니다.] to ModelAndView [view="error/404"; model={}]
19:09:18.980 [http-nio-8080-exec-1] DEBUG o.s.web.servlet.DispatcherServlet -- Using resolved error view: ModelAndView [view="error/404"; model={}]
19:09:18.984 [http-nio-8080-exec-1] DEBUG o.s.web.servlet.view.JstlView -- View name [error/404], model {}
19:09:18.985 [http-nio-8080-exec-1] DEBUG o.s.web.servlet.view.JstlView -- Forwarding to [/WEB-INF/views/error/404.jsp]
19:09:18.986 [http-nio-8080-exec-1] DEBUG o.s.web.servlet.DispatcherServlet -- Completed 404 NOT_FOUND
19:09:18.987 [http-nio-8080-exec-1] DEBUG o.s.web.servlet.DispatcherServlet -- "ERROR" dispatch for POST "/error", parameters={}
19:09:18.989 [http-nio-8080-exec-1] DEBUG o.s.w.s.m.m.a.RequestMappingHandlerMapping -- Mapped to org.springframework.boot.autoconfigure.web.servlet.error.BasicErrorController#error(HttpServletRequest)
19:09:19.013 [http-nio-8080-exec-1] DEBUG o.s.w.s.m.m.a.HttpEntityMethodProcessor -- Using 'application/json', given [*/*] and supported [application/json, application/*+json]
19:09:19.018 [http-nio-8080-exec-1] DEBUG o.s.w.s.m.m.a.HttpEntityMethodProcessor -- Writing [{timestamp=Fri Apr 18 19:09:18 KST 2025, status=404, error=Not Found, trace=com.learn.exceptions.Crs (truncated)...]
19:09:19.027 [http-nio-8080-exec-1] DEBUG o.s.web.servlet.DispatcherServlet -- Exiting from "ERROR" dispatch, status 404
19:09:37.170 [HikariPool-2 housekeeper] DEBUG com.zaxxer.hikari.pool.HikariPool -- HikariPool-2 - Pool stats (total=10, active=0, idle=10, waiting=0)
19:09:37.175 [HikariPool-2 housekeeper] DEBUG com.zaxxer.hikari.pool.HikariPool -- HikariPool-2 - Fill pool skipped, pool has sufficient level or currently being filled.
