19:00:06.566 [HikariPool-2 housekeeper] DEBUG com.zaxxer.hikari.pool.HikariPool -- HikariPool-2 - Pool stats (total=10, active=0, idle=10, waiting=0)
19:00:06.597 [HikariPool-2 housekeeper] DEBUG com.zaxxer.hikari.pool.HikariPool -- HikariPool-2 - Fill pool skipped, pool has sufficient level or currently being filled.
19:00:36.601 [HikariPool-2 housekeeper] DEBUG com.zaxxer.hikari.pool.HikariPool -- HikariPool-2 - Pool stats (total=10, active=0, idle=10, waiting=0)
19:00:36.610 [HikariPool-2 housekeeper] DEBUG com.zaxxer.hikari.pool.HikariPool -- HikariPool-2 - Fill pool skipped, pool has sufficient level or currently being filled.
19:00:44.148 [http-nio-8080-exec-5] DEBUG o.s.web.servlet.DispatcherServlet -- GET "/insttn/pltad", parameters={}
19:00:44.175 [http-nio-8080-exec-5] DEBUG o.s.w.s.m.m.a.RequestMappingHandlerMapping -- Mapped to com.learn.bbs.pltad.crsinf.web.CrsInfController#showAllCourses(Model)
19:00:44.282 [http-nio-8080-exec-5] DEBUG o.s.j.support.JdbcTransactionManager -- Creating new transaction with name [com.learn.bbs.pltad.crsinf.service.impl.CrsInfServiceImpl.selectAllCourseForPltad]: PROPAGATION_REQUIRED,ISOLATION_DEFAULT,readOnly
19:00:44.362 [http-nio-8080-exec-5] DEBUG o.s.j.support.JdbcTransactionManager -- Acquired Connection [HikariProxyConnection@1484280069 wrapping oracle.jdbc.driver.T4CConnection@6c8a3eab] for JDBC transaction
19:00:44.364 [http-nio-8080-exec-5] DEBUG o.s.jdbc.datasource.DataSourceUtils -- Setting JDBC Connection [HikariProxyConnection@1484280069 wrapping oracle.jdbc.driver.T4CConnection@6c8a3eab] read-only
19:00:44.364 [http-nio-8080-exec-5] DEBUG o.s.j.support.JdbcTransactionManager -- Switching JDBC Connection [HikariProxyConnection@1484280069 wrapping oracle.jdbc.driver.T4CConnection@6c8a3eab] to manual commit
19:00:44.366 [http-nio-8080-exec-5] DEBUG org.mybatis.spring.SqlSessionUtils -- Creating a new SqlSession
19:00:44.368 [http-nio-8080-exec-5] DEBUG org.mybatis.spring.SqlSessionUtils -- Registering transaction synchronization for SqlSession [org.apache.ibatis.session.defaults.DefaultSqlSession@647c0b20]
19:00:44.370 [http-nio-8080-exec-5] DEBUG o.m.s.t.SpringManagedTransaction -- JDBC Connection [HikariProxyConnection@1484280069 wrapping oracle.jdbc.driver.T4CConnection@6c8a3eab] will be managed by Spring
19:00:44.372 [http-nio-8080-exec-5] DEBUG c.l.b.p.c.d.i.C.selectAllCourseForPltad -- ==>  Preparing: SELECT C.CRS_INF_ID , C.CRS_INF_NM , C.CRS_INF_ST_DT , C.CRS_INF_END_DT , C.CRS_INF_DDLN_DT , C.CRS_INF_PRS_CNT , COUNT(A.APP_HSTR_ID) AS CRS_CUR_PRS_CNT FROM CRS_INF C LEFT JOIN APP_HSTR A ON C.CRS_INF_ID = A.CRS_INF_ID LEFT JOIN CNCL_HSTR CN ON A.APP_HSTR_ID = CN.APP_HSTR_ID WHERE C.CRS_INF_DEL_YN = 'N' AND C.CRS_INF_DDLN_YN = 'N' AND CN.CNCL_HSTR_ID IS NULL GROUP BY C.CRS_INF_ID , C.CRS_INF_NM , C.CRS_INF_ST_DT , C.CRS_INF_END_DT , C.CRS_INF_DDLN_DT , C.CRS_INF_PRS_CNT ORDER BY C.CRS_INF_ST_DT DESC
19:00:44.377 [http-nio-8080-exec-5] DEBUG c.l.b.p.c.d.i.C.selectAllCourseForPltad -- ==> Parameters: 
19:00:44.608 [http-nio-8080-exec-5] DEBUG c.l.b.p.c.d.i.C.selectAllCourseForPltad -- <==      Total: 39
19:00:44.611 [http-nio-8080-exec-5] DEBUG org.mybatis.spring.SqlSessionUtils -- Releasing transactional SqlSession [org.apache.ibatis.session.defaults.DefaultSqlSession@647c0b20]
19:00:44.612 [http-nio-8080-exec-5] DEBUG org.mybatis.spring.SqlSessionUtils -- Transaction synchronization committing SqlSession [org.apache.ibatis.session.defaults.DefaultSqlSession@647c0b20]
19:00:44.613 [http-nio-8080-exec-5] DEBUG org.mybatis.spring.SqlSessionUtils -- Transaction synchronization deregistering SqlSession [org.apache.ibatis.session.defaults.DefaultSqlSession@647c0b20]
19:00:44.613 [http-nio-8080-exec-5] DEBUG org.mybatis.spring.SqlSessionUtils -- Transaction synchronization closing SqlSession [org.apache.ibatis.session.defaults.DefaultSqlSession@647c0b20]
19:00:44.613 [http-nio-8080-exec-5] DEBUG o.s.j.support.JdbcTransactionManager -- Initiating transaction commit
19:00:44.613 [http-nio-8080-exec-5] DEBUG o.s.j.support.JdbcTransactionManager -- Committing JDBC transaction on Connection [HikariProxyConnection@1484280069 wrapping oracle.jdbc.driver.T4CConnection@6c8a3eab]
19:00:44.613 [http-nio-8080-exec-5] DEBUG o.s.jdbc.datasource.DataSourceUtils -- Resetting read-only flag of JDBC Connection [HikariProxyConnection@1484280069 wrapping oracle.jdbc.driver.T4CConnection@6c8a3eab]
19:00:44.613 [http-nio-8080-exec-5] DEBUG o.s.j.support.JdbcTransactionManager -- Releasing JDBC Connection [HikariProxyConnection@1484280069 wrapping oracle.jdbc.driver.T4CConnection@6c8a3eab] after transaction
19:00:44.615 [http-nio-8080-exec-5] DEBUG o.s.j.support.JdbcTransactionManager -- Creating new transaction with name [com.learn.bbs.pltad.crsinf.service.impl.CrsInfServiceImpl.selectAllFinishedCourseForPltad]: PROPAGATION_REQUIRED,ISOLATION_DEFAULT,readOnly
19:00:44.615 [http-nio-8080-exec-5] DEBUG o.s.j.support.JdbcTransactionManager -- Acquired Connection [HikariProxyConnection@1071600426 wrapping oracle.jdbc.driver.T4CConnection@6c8a3eab] for JDBC transaction
19:00:44.615 [http-nio-8080-exec-5] DEBUG o.s.jdbc.datasource.DataSourceUtils -- Setting JDBC Connection [HikariProxyConnection@1071600426 wrapping oracle.jdbc.driver.T4CConnection@6c8a3eab] read-only
19:00:44.615 [http-nio-8080-exec-5] DEBUG o.s.j.support.JdbcTransactionManager -- Switching JDBC Connection [HikariProxyConnection@1071600426 wrapping oracle.jdbc.driver.T4CConnection@6c8a3eab] to manual commit
19:00:44.615 [http-nio-8080-exec-5] DEBUG org.mybatis.spring.SqlSessionUtils -- Creating a new SqlSession
19:00:44.615 [http-nio-8080-exec-5] DEBUG org.mybatis.spring.SqlSessionUtils -- Registering transaction synchronization for SqlSession [org.apache.ibatis.session.defaults.DefaultSqlSession@26feaf4b]
19:00:44.616 [http-nio-8080-exec-5] DEBUG o.m.s.t.SpringManagedTransaction -- JDBC Connection [HikariProxyConnection@1071600426 wrapping oracle.jdbc.driver.T4CConnection@6c8a3eab] will be managed by Spring
19:00:44.616 [http-nio-8080-exec-5] DEBUG c.l.b.p.c.d.i.C.selectAllFinishedCourseForPltad -- ==>  Preparing: SELECT C.CRS_INF_ID , C.CRS_INF_NM , C.CRS_INF_ST_DT , C.CRS_INF_END_DT FROM CRS_INF C WHERE C.CRS_INF_DEL_YN = 'N' AND C.CRS_INF_DDLN_YN = 'Y' GROUP BY C.CRS_INF_ID , C.CRS_INF_NM , C.CRS_INF_ST_DT , C.CRS_INF_END_DT , C.CRS_INF_PRS_CNT ORDER BY C.CRS_INF_ST_DT DESC
19:00:44.616 [http-nio-8080-exec-5] DEBUG c.l.b.p.c.d.i.C.selectAllFinishedCourseForPltad -- ==> Parameters: 
19:00:44.630 [http-nio-8080-exec-5] DEBUG c.l.b.p.c.d.i.C.selectAllFinishedCourseForPltad -- <==      Total: 2
19:00:44.630 [http-nio-8080-exec-5] DEBUG org.mybatis.spring.SqlSessionUtils -- Releasing transactional SqlSession [org.apache.ibatis.session.defaults.DefaultSqlSession@26feaf4b]
19:00:44.630 [http-nio-8080-exec-5] DEBUG org.mybatis.spring.SqlSessionUtils -- Transaction synchronization committing SqlSession [org.apache.ibatis.session.defaults.DefaultSqlSession@26feaf4b]
19:00:44.630 [http-nio-8080-exec-5] DEBUG org.mybatis.spring.SqlSessionUtils -- Transaction synchronization deregistering SqlSession [org.apache.ibatis.session.defaults.DefaultSqlSession@26feaf4b]
19:00:44.630 [http-nio-8080-exec-5] DEBUG org.mybatis.spring.SqlSessionUtils -- Transaction synchronization closing SqlSession [org.apache.ibatis.session.defaults.DefaultSqlSession@26feaf4b]
19:00:44.630 [http-nio-8080-exec-5] DEBUG o.s.j.support.JdbcTransactionManager -- Initiating transaction commit
19:00:44.630 [http-nio-8080-exec-5] DEBUG o.s.j.support.JdbcTransactionManager -- Committing JDBC transaction on Connection [HikariProxyConnection@1071600426 wrapping oracle.jdbc.driver.T4CConnection@6c8a3eab]
19:00:44.630 [http-nio-8080-exec-5] DEBUG o.s.jdbc.datasource.DataSourceUtils -- Resetting read-only flag of JDBC Connection [HikariProxyConnection@1071600426 wrapping oracle.jdbc.driver.T4CConnection@6c8a3eab]
19:00:44.630 [http-nio-8080-exec-5] DEBUG o.s.j.support.JdbcTransactionManager -- Releasing JDBC Connection [HikariProxyConnection@1071600426 wrapping oracle.jdbc.driver.T4CConnection@6c8a3eab] after transaction
19:00:44.664 [http-nio-8080-exec-5] DEBUG o.s.web.servlet.view.JstlView -- View name [/insttn/coursemanage], model {activeCourses=[com.learn.bbs.pltad.crsinf.vo.CrsInfPltadReadResponseVO@3e9aa64c, com.learn.bbs.pltad.crsinf.vo.CrsInfPltadReadResponseVO@2c330a98, com.learn.bbs.pltad.crsinf.vo.CrsInfPltadReadResponseVO@67085035, com.learn.bbs.pltad.crsinf.vo.CrsInfPltadReadResponseVO@3bc96cc3, com.learn.bbs.pltad.crsinf.vo.CrsInfPltadReadResponseVO@500a0530, com.learn.bbs.pltad.crsinf.vo.CrsInfPltadReadResponseVO@6459a263, com.learn.bbs.pltad.crsinf.vo.CrsInfPltadReadResponseVO@41f5df25, com.learn.bbs.pltad.crsinf.vo.CrsInfPltadReadResponseVO@312a0cac, com.learn.bbs.pltad.crsinf.vo.CrsInfPltadReadResponseVO@3109ac3c, com.learn.bbs.pltad.crsinf.vo.CrsInfPltadReadResponseVO@18ea5ac4, com.learn.bbs.pltad.crsinf.vo.CrsInfPltadReadResponseVO@7709b20b, com.learn.bbs.pltad.crsinf.vo.CrsInfPltadReadResponseVO@16279f2a, com.learn.bbs.pltad.crsinf.vo.CrsInfPltadReadResponseVO@6a33b99e, com.learn.bbs.pltad.crsinf.vo.CrsInfPltadReadResponseVO@20c5f266, com.learn.bbs.pltad.crsinf.vo.CrsInfPltadReadResponseVO@1a66959f, com.learn.bbs.pltad.crsinf.vo.CrsInfPltadReadResponseVO@30929736, com.learn.bbs.pltad.crsinf.vo.CrsInfPltadReadResponseVO@479a37f3, com.learn.bbs.pltad.crsinf.vo.CrsInfPltadReadResponseVO@4843aba4, com.learn.bbs.pltad.crsinf.vo.CrsInfPltadReadResponseVO@6627155e, com.learn.bbs.pltad.crsinf.vo.CrsInfPltadReadResponseVO@4228158b, com.learn.bbs.pltad.crsinf.vo.CrsInfPltadReadResponseVO@549b9792, com.learn.bbs.pltad.crsinf.vo.CrsInfPltadReadResponseVO@150182e, com.learn.bbs.pltad.crsinf.vo.CrsInfPltadReadResponseVO@5f8370bf, com.learn.bbs.pltad.crsinf.vo.CrsInfPltadReadResponseVO@5d05b289, com.learn.bbs.pltad.crsinf.vo.CrsInfPltadReadResponseVO@552a99bc, com.learn.bbs.pltad.crsinf.vo.CrsInfPltadReadResponseVO@543a6a5f, com.learn.bbs.pltad.crsinf.vo.CrsInfPltadReadResponseVO@1078feef, com.learn.bbs.pltad.crsinf.vo.CrsInfPltadReadResponseVO@60998793, com.learn.bbs.pltad.crsinf.vo.CrsInfPltadReadResponseVO@617f0545, com.learn.bbs.pltad.crsinf.vo.CrsInfPltadReadResponseVO@6610e3a7, com.learn.bbs.pltad.crsinf.vo.CrsInfPltadReadResponseVO@31c8f60c, com.learn.bbs.pltad.crsinf.vo.CrsInfPltadReadResponseVO@1d415ab9, com.learn.bbs.pltad.crsinf.vo.CrsInfPltadReadResponseVO@40d3179, com.learn.bbs.pltad.crsinf.vo.CrsInfPltadReadResponseVO@6561f784, com.learn.bbs.pltad.crsinf.vo.CrsInfPltadReadResponseVO@13ef05b2, com.learn.bbs.pltad.crsinf.vo.CrsInfPltadReadResponseVO@4ec01e4, com.learn.bbs.pltad.crsinf.vo.CrsInfPltadReadResponseVO@69876ef9, com.learn.bbs.pltad.crsinf.vo.CrsInfPltadReadResponseVO@3b0699a, com.learn.bbs.pltad.crsinf.vo.CrsInfPltadReadResponseVO@68192ecb], inactiveCourses=[com.learn.bbs.pltad.crsinf.vo.CrsInfPltadFinishedReadResponseVO@c1ef10d, com.learn.bbs.pltad.crsinf.vo.CrsInfPltadFinishedReadResponseVO@5ebca6d1]}
19:00:44.667 [http-nio-8080-exec-5] DEBUG o.s.web.servlet.view.JstlView -- Forwarding to [/WEB-INF/views//insttn/coursemanage.jsp]
19:00:44.768 [http-nio-8080-exec-5] DEBUG o.s.web.servlet.DispatcherServlet -- Completed 200 OK
19:00:44.871 [http-nio-8080-exec-6] DEBUG o.s.web.servlet.DispatcherServlet -- GET "/js/common.js", parameters={}
19:00:44.920 [http-nio-8080-exec-6] DEBUG o.s.w.s.h.SimpleUrlHandlerMapping -- Mapped to ResourceHttpRequestHandler [classpath [static/]]
19:00:44.990 [http-nio-8080-exec-6] DEBUG o.s.web.servlet.DispatcherServlet -- Completed 200 OK
19:00:49.194 [http-nio-8080-exec-4] DEBUG o.s.web.servlet.DispatcherServlet -- POST "/insttn/pltad/delete/undefined", parameters={}
19:00:49.209 [http-nio-8080-exec-4] DEBUG o.s.w.s.m.m.a.RequestMappingHandlerMapping -- Mapped to com.learn.bbs.pltad.crsinf.web.CrsInfController#doDeleteCourse(String)
19:00:49.239 [http-nio-8080-exec-4] DEBUG o.s.j.support.JdbcTransactionManager -- Creating new transaction with name [com.learn.bbs.pltad.crsinf.service.impl.CrsInfServiceImpl.deleteOneCourse]: PROPAGATION_REQUIRED,ISOLATION_DEFAULT
19:00:49.275 [http-nio-8080-exec-4] DEBUG o.s.j.support.JdbcTransactionManager -- Acquired Connection [HikariProxyConnection@755230033 wrapping oracle.jdbc.driver.T4CConnection@6c8a3eab] for JDBC transaction
19:00:49.275 [http-nio-8080-exec-4] DEBUG o.s.j.support.JdbcTransactionManager -- Switching JDBC Connection [HikariProxyConnection@755230033 wrapping oracle.jdbc.driver.T4CConnection@6c8a3eab] to manual commit
19:00:49.276 [http-nio-8080-exec-4] DEBUG org.mybatis.spring.SqlSessionUtils -- Creating a new SqlSession
19:00:49.276 [http-nio-8080-exec-4] DEBUG org.mybatis.spring.SqlSessionUtils -- Registering transaction synchronization for SqlSession [org.apache.ibatis.session.defaults.DefaultSqlSession@6f899ad3]
19:00:49.278 [http-nio-8080-exec-4] DEBUG o.m.s.t.SpringManagedTransaction -- JDBC Connection [HikariProxyConnection@755230033 wrapping oracle.jdbc.driver.T4CConnection@6c8a3eab] will be managed by Spring
19:00:49.281 [http-nio-8080-exec-4] DEBUG c.l.b.p.c.d.i.C.deleteOneCourse -- ==>  Preparing: UPDATE CRS_INF SET CRS_INF_DEL_YN = 'Y' , CRS_INF_DEL_DT = SYSDATE WHERE CRS_INF_ID = ?
19:00:49.288 [http-nio-8080-exec-4] DEBUG c.l.b.p.c.d.i.C.deleteOneCourse -- ==> Parameters: undefined(String)
19:00:49.307 [http-nio-8080-exec-4] DEBUG c.l.b.p.c.d.i.C.deleteOneCourse -- <==    Updates: 0
19:00:49.307 [http-nio-8080-exec-4] DEBUG org.mybatis.spring.SqlSessionUtils -- Releasing transactional SqlSession [org.apache.ibatis.session.defaults.DefaultSqlSession@6f899ad3]
19:00:49.308 [http-nio-8080-exec-4] DEBUG org.mybatis.spring.SqlSessionUtils -- Transaction synchronization deregistering SqlSession [org.apache.ibatis.session.defaults.DefaultSqlSession@6f899ad3]
19:00:49.308 [http-nio-8080-exec-4] DEBUG org.mybatis.spring.SqlSessionUtils -- Transaction synchronization closing SqlSession [org.apache.ibatis.session.defaults.DefaultSqlSession@6f899ad3]
19:00:49.308 [http-nio-8080-exec-4] DEBUG o.s.j.support.JdbcTransactionManager -- Initiating transaction rollback
19:00:49.308 [http-nio-8080-exec-4] DEBUG o.s.j.support.JdbcTransactionManager -- Rolling back JDBC transaction on Connection [HikariProxyConnection@755230033 wrapping oracle.jdbc.driver.T4CConnection@6c8a3eab]
19:00:49.317 [http-nio-8080-exec-4] DEBUG o.s.j.support.JdbcTransactionManager -- Releasing JDBC Connection [HikariProxyConnection@755230033 wrapping oracle.jdbc.driver.T4CConnection@6c8a3eab] after transaction
19:00:49.324 [http-nio-8080-exec-4] DEBUG o.s.w.s.m.m.a.ExceptionHandlerExceptionResolver -- Using @ExceptionHandler com.learn.exceptions.GlobalExceptionHandler#viewCrsInfDeleteExceptionPage(CrsInfDeleteException)
19:00:49.326 [http-nio-8080-exec-4] DEBUG o.s.w.s.m.m.a.ExceptionHandlerExceptionResolver -- Resolved [com.learn.exceptions.CrsInfDeleteException: DB 삭제(Soft delete)에 실패하였습니다.] to ModelAndView [view="error/404"; model={}]
19:00:49.326 [http-nio-8080-exec-4] DEBUG o.s.web.servlet.DispatcherServlet -- Using resolved error view: ModelAndView [view="error/404"; model={}]
19:00:49.328 [http-nio-8080-exec-4] DEBUG o.s.web.servlet.view.JstlView -- View name [error/404], model {}
19:00:49.329 [http-nio-8080-exec-4] DEBUG o.s.web.servlet.view.JstlView -- Forwarding to [/WEB-INF/views/error/404.jsp]
19:00:49.331 [http-nio-8080-exec-4] DEBUG o.s.web.servlet.DispatcherServlet -- Completed 404 NOT_FOUND
19:00:49.332 [http-nio-8080-exec-4] DEBUG o.s.web.servlet.DispatcherServlet -- "ERROR" dispatch for POST "/error", parameters={}
19:00:49.334 [http-nio-8080-exec-4] DEBUG o.s.w.s.m.m.a.RequestMappingHandlerMapping -- Mapped to org.springframework.boot.autoconfigure.web.servlet.error.BasicErrorController#error(HttpServletRequest)
19:00:49.360 [http-nio-8080-exec-4] DEBUG o.s.w.s.m.m.a.HttpEntityMethodProcessor -- Using 'application/json', given [*/*] and supported [application/json, application/*+json]
19:00:49.364 [http-nio-8080-exec-4] DEBUG o.s.w.s.m.m.a.HttpEntityMethodProcessor -- Writing [{timestamp=Fri Apr 18 19:00:49 KST 2025, status=404, error=Not Found, trace=com.learn.exceptions.Crs (truncated)...]
19:00:49.375 [http-nio-8080-exec-4] DEBUG o.s.web.servlet.DispatcherServlet -- Exiting from "ERROR" dispatch, status 404
19:00:56.314 [http-nio-8080-exec-9] DEBUG o.s.web.servlet.DispatcherServlet -- GET "/asset/icon/notification_hover_student.svg", parameters={}
19:00:56.336 [http-nio-8080-exec-9] DEBUG o.s.w.s.h.SimpleUrlHandlerMapping -- Mapped to ResourceHttpRequestHandler [classpath [static/asset/]]
19:00:56.345 [http-nio-8080-exec-9] DEBUG o.s.web.servlet.DispatcherServlet -- Completed 304 NOT_MODIFIED
