18:57:06.413 [HikariPool-2 housekeeper] DEBUG com.zaxxer.hikari.pool.HikariPool -- HikariPool-2 - Pool stats (total=10, active=0, idle=10, waiting=0)
18:57:06.448 [HikariPool-2 housekeeper] DEBUG com.zaxxer.hikari.pool.HikariPool -- HikariPool-2 - Fill pool skipped, pool has sufficient level or currently being filled.
18:57:19.698 [http-nio-8080-exec-4] DEBUG o.s.web.servlet.DispatcherServlet -- GET "/insttn/pltad", parameters={}
18:57:19.732 [http-nio-8080-exec-4] DEBUG o.s.w.s.m.m.a.RequestMappingHandlerMapping -- Mapped to com.learn.bbs.pltad.crsinf.web.CrsInfController#showAllCourses(Model)
18:57:19.824 [http-nio-8080-exec-4] DEBUG o.s.j.support.JdbcTransactionManager -- Creating new transaction with name [com.learn.bbs.pltad.crsinf.service.impl.CrsInfServiceImpl.selectAllCourseForPltad]: PROPAGATION_REQUIRED,ISOLATION_DEFAULT,readOnly
18:57:19.907 [http-nio-8080-exec-4] DEBUG o.s.j.support.JdbcTransactionManager -- Acquired Connection [HikariProxyConnection@1990901020 wrapping oracle.jdbc.driver.T4CConnection@6c8a3eab] for JDBC transaction
18:57:19.908 [http-nio-8080-exec-4] DEBUG o.s.jdbc.datasource.DataSourceUtils -- Setting JDBC Connection [HikariProxyConnection@1990901020 wrapping oracle.jdbc.driver.T4CConnection@6c8a3eab] read-only
18:57:19.908 [http-nio-8080-exec-4] DEBUG o.s.j.support.JdbcTransactionManager -- Switching JDBC Connection [HikariProxyConnection@1990901020 wrapping oracle.jdbc.driver.T4CConnection@6c8a3eab] to manual commit
18:57:19.910 [http-nio-8080-exec-4] DEBUG org.mybatis.spring.SqlSessionUtils -- Creating a new SqlSession
18:57:19.911 [http-nio-8080-exec-4] DEBUG org.mybatis.spring.SqlSessionUtils -- Registering transaction synchronization for SqlSession [org.apache.ibatis.session.defaults.DefaultSqlSession@760b2b8a]
18:57:19.912 [http-nio-8080-exec-4] DEBUG o.m.s.t.SpringManagedTransaction -- JDBC Connection [HikariProxyConnection@1990901020 wrapping oracle.jdbc.driver.T4CConnection@6c8a3eab] will be managed by Spring
18:57:19.915 [http-nio-8080-exec-4] DEBUG c.l.b.p.c.d.i.C.selectAllCourseForPltad -- ==>  Preparing: SELECT C.CRS_INF_ID , C.CRS_INF_NM , C.CRS_INF_ST_DT , C.CRS_INF_END_DT , C.CRS_INF_DDLN_DT , C.CRS_INF_PRS_CNT , COUNT(A.APP_HSTR_ID) AS CRS_CUR_PRS_CNT FROM CRS_INF C LEFT JOIN APP_HSTR A ON C.CRS_INF_ID = A.CRS_INF_ID LEFT JOIN CNCL_HSTR CN ON A.APP_HSTR_ID = CN.APP_HSTR_ID WHERE C.CRS_INF_DEL_YN = 'N' AND C.CRS_INF_DDLN_YN = 'N' AND CN.CNCL_HSTR_ID IS NULL GROUP BY C.CRS_INF_ID , C.CRS_INF_NM , C.CRS_INF_ST_DT , C.CRS_INF_END_DT , C.CRS_INF_DDLN_DT , C.CRS_INF_PRS_CNT ORDER BY C.CRS_INF_ST_DT DESC
18:57:19.919 [http-nio-8080-exec-4] DEBUG c.l.b.p.c.d.i.C.selectAllCourseForPltad -- ==> Parameters: 
18:57:20.049 [http-nio-8080-exec-4] DEBUG c.l.b.p.c.d.i.C.selectAllCourseForPltad -- <==      Total: 39
18:57:20.052 [http-nio-8080-exec-4] DEBUG org.mybatis.spring.SqlSessionUtils -- Releasing transactional SqlSession [org.apache.ibatis.session.defaults.DefaultSqlSession@760b2b8a]
18:57:20.052 [http-nio-8080-exec-4] DEBUG org.mybatis.spring.SqlSessionUtils -- Transaction synchronization committing SqlSession [org.apache.ibatis.session.defaults.DefaultSqlSession@760b2b8a]
18:57:20.053 [http-nio-8080-exec-4] DEBUG org.mybatis.spring.SqlSessionUtils -- Transaction synchronization deregistering SqlSession [org.apache.ibatis.session.defaults.DefaultSqlSession@760b2b8a]
18:57:20.053 [http-nio-8080-exec-4] DEBUG org.mybatis.spring.SqlSessionUtils -- Transaction synchronization closing SqlSession [org.apache.ibatis.session.defaults.DefaultSqlSession@760b2b8a]
18:57:20.053 [http-nio-8080-exec-4] DEBUG o.s.j.support.JdbcTransactionManager -- Initiating transaction commit
18:57:20.053 [http-nio-8080-exec-4] DEBUG o.s.j.support.JdbcTransactionManager -- Committing JDBC transaction on Connection [HikariProxyConnection@1990901020 wrapping oracle.jdbc.driver.T4CConnection@6c8a3eab]
18:57:20.053 [http-nio-8080-exec-4] DEBUG o.s.jdbc.datasource.DataSourceUtils -- Resetting read-only flag of JDBC Connection [HikariProxyConnection@1990901020 wrapping oracle.jdbc.driver.T4CConnection@6c8a3eab]
18:57:20.053 [http-nio-8080-exec-4] DEBUG o.s.j.support.JdbcTransactionManager -- Releasing JDBC Connection [HikariProxyConnection@1990901020 wrapping oracle.jdbc.driver.T4CConnection@6c8a3eab] after transaction
18:57:20.055 [http-nio-8080-exec-4] DEBUG o.s.j.support.JdbcTransactionManager -- Creating new transaction with name [com.learn.bbs.pltad.crsinf.service.impl.CrsInfServiceImpl.selectAllFinishedCourseForPltad]: PROPAGATION_REQUIRED,ISOLATION_DEFAULT,readOnly
18:57:20.055 [http-nio-8080-exec-4] DEBUG o.s.j.support.JdbcTransactionManager -- Acquired Connection [HikariProxyConnection@1061103817 wrapping oracle.jdbc.driver.T4CConnection@6c8a3eab] for JDBC transaction
18:57:20.055 [http-nio-8080-exec-4] DEBUG o.s.jdbc.datasource.DataSourceUtils -- Setting JDBC Connection [HikariProxyConnection@1061103817 wrapping oracle.jdbc.driver.T4CConnection@6c8a3eab] read-only
18:57:20.055 [http-nio-8080-exec-4] DEBUG o.s.j.support.JdbcTransactionManager -- Switching JDBC Connection [HikariProxyConnection@1061103817 wrapping oracle.jdbc.driver.T4CConnection@6c8a3eab] to manual commit
18:57:20.056 [http-nio-8080-exec-4] DEBUG org.mybatis.spring.SqlSessionUtils -- Creating a new SqlSession
18:57:20.057 [http-nio-8080-exec-4] DEBUG org.mybatis.spring.SqlSessionUtils -- Registering transaction synchronization for SqlSession [org.apache.ibatis.session.defaults.DefaultSqlSession@2c791367]
18:57:20.058 [http-nio-8080-exec-4] DEBUG o.m.s.t.SpringManagedTransaction -- JDBC Connection [HikariProxyConnection@1061103817 wrapping oracle.jdbc.driver.T4CConnection@6c8a3eab] will be managed by Spring
18:57:20.062 [http-nio-8080-exec-4] DEBUG c.l.b.p.c.d.i.C.selectAllFinishedCourseForPltad -- ==>  Preparing: SELECT C.CRS_INF_ID , C.CRS_INF_NM , C.CRS_INF_ST_DT , C.CRS_INF_END_DT FROM CRS_INF C WHERE C.CRS_INF_DEL_YN = 'N' AND C.CRS_INF_DDLN_YN = 'Y' GROUP BY C.CRS_INF_ID , C.CRS_INF_NM , C.CRS_INF_ST_DT , C.CRS_INF_END_DT , C.CRS_INF_PRS_CNT ORDER BY C.CRS_INF_ST_DT DESC
18:57:20.063 [http-nio-8080-exec-4] DEBUG c.l.b.p.c.d.i.C.selectAllFinishedCourseForPltad -- ==> Parameters: 
18:57:20.090 [http-nio-8080-exec-4] DEBUG c.l.b.p.c.d.i.C.selectAllFinishedCourseForPltad -- <==      Total: 2
18:57:20.090 [http-nio-8080-exec-4] DEBUG org.mybatis.spring.SqlSessionUtils -- Releasing transactional SqlSession [org.apache.ibatis.session.defaults.DefaultSqlSession@2c791367]
18:57:20.090 [http-nio-8080-exec-4] DEBUG org.mybatis.spring.SqlSessionUtils -- Transaction synchronization committing SqlSession [org.apache.ibatis.session.defaults.DefaultSqlSession@2c791367]
18:57:20.090 [http-nio-8080-exec-4] DEBUG org.mybatis.spring.SqlSessionUtils -- Transaction synchronization deregistering SqlSession [org.apache.ibatis.session.defaults.DefaultSqlSession@2c791367]
18:57:20.090 [http-nio-8080-exec-4] DEBUG org.mybatis.spring.SqlSessionUtils -- Transaction synchronization closing SqlSession [org.apache.ibatis.session.defaults.DefaultSqlSession@2c791367]
18:57:20.090 [http-nio-8080-exec-4] DEBUG o.s.j.support.JdbcTransactionManager -- Initiating transaction commit
18:57:20.090 [http-nio-8080-exec-4] DEBUG o.s.j.support.JdbcTransactionManager -- Committing JDBC transaction on Connection [HikariProxyConnection@1061103817 wrapping oracle.jdbc.driver.T4CConnection@6c8a3eab]
18:57:20.090 [http-nio-8080-exec-4] DEBUG o.s.jdbc.datasource.DataSourceUtils -- Resetting read-only flag of JDBC Connection [HikariProxyConnection@1061103817 wrapping oracle.jdbc.driver.T4CConnection@6c8a3eab]
18:57:20.090 [http-nio-8080-exec-4] DEBUG o.s.j.support.JdbcTransactionManager -- Releasing JDBC Connection [HikariProxyConnection@1061103817 wrapping oracle.jdbc.driver.T4CConnection@6c8a3eab] after transaction
18:57:20.176 [http-nio-8080-exec-4] DEBUG o.s.web.servlet.view.JstlView -- View name [/insttn/coursemanage], model {activeCourses=[com.learn.bbs.pltad.crsinf.vo.CrsInfPltadReadResponseVO@404edab2, com.learn.bbs.pltad.crsinf.vo.CrsInfPltadReadResponseVO@7b4f5fbd, com.learn.bbs.pltad.crsinf.vo.CrsInfPltadReadResponseVO@34276074, com.learn.bbs.pltad.crsinf.vo.CrsInfPltadReadResponseVO@41522dae, com.learn.bbs.pltad.crsinf.vo.CrsInfPltadReadResponseVO@777ff47c, com.learn.bbs.pltad.crsinf.vo.CrsInfPltadReadResponseVO@764cef99, com.learn.bbs.pltad.crsinf.vo.CrsInfPltadReadResponseVO@79e705e4, com.learn.bbs.pltad.crsinf.vo.CrsInfPltadReadResponseVO@2908782b, com.learn.bbs.pltad.crsinf.vo.CrsInfPltadReadResponseVO@21dcb562, com.learn.bbs.pltad.crsinf.vo.CrsInfPltadReadResponseVO@30fda6e7, com.learn.bbs.pltad.crsinf.vo.CrsInfPltadReadResponseVO@71f44d39, com.learn.bbs.pltad.crsinf.vo.CrsInfPltadReadResponseVO@1b57ba0c, com.learn.bbs.pltad.crsinf.vo.CrsInfPltadReadResponseVO@5fe47ba1, com.learn.bbs.pltad.crsinf.vo.CrsInfPltadReadResponseVO@2f32424, com.learn.bbs.pltad.crsinf.vo.CrsInfPltadReadResponseVO@513d2cc6, com.learn.bbs.pltad.crsinf.vo.CrsInfPltadReadResponseVO@779c6b37, com.learn.bbs.pltad.crsinf.vo.CrsInfPltadReadResponseVO@bd93f16, com.learn.bbs.pltad.crsinf.vo.CrsInfPltadReadResponseVO@1010f84d, com.learn.bbs.pltad.crsinf.vo.CrsInfPltadReadResponseVO@2873ad95, com.learn.bbs.pltad.crsinf.vo.CrsInfPltadReadResponseVO@3ca2ae7f, com.learn.bbs.pltad.crsinf.vo.CrsInfPltadReadResponseVO@7ec11772, com.learn.bbs.pltad.crsinf.vo.CrsInfPltadReadResponseVO@69044a77, com.learn.bbs.pltad.crsinf.vo.CrsInfPltadReadResponseVO@5c2e4dc7, com.learn.bbs.pltad.crsinf.vo.CrsInfPltadReadResponseVO@7556d16b, com.learn.bbs.pltad.crsinf.vo.CrsInfPltadReadResponseVO@3da2234, com.learn.bbs.pltad.crsinf.vo.CrsInfPltadReadResponseVO@484697ca, com.learn.bbs.pltad.crsinf.vo.CrsInfPltadReadResponseVO@66a8ab70, com.learn.bbs.pltad.crsinf.vo.CrsInfPltadReadResponseVO@25b6e347, com.learn.bbs.pltad.crsinf.vo.CrsInfPltadReadResponseVO@772fae47, com.learn.bbs.pltad.crsinf.vo.CrsInfPltadReadResponseVO@bab9faf, com.learn.bbs.pltad.crsinf.vo.CrsInfPltadReadResponseVO@28fb4681, com.learn.bbs.pltad.crsinf.vo.CrsInfPltadReadResponseVO@3ac52402, com.learn.bbs.pltad.crsinf.vo.CrsInfPltadReadResponseVO@3092e88b, com.learn.bbs.pltad.crsinf.vo.CrsInfPltadReadResponseVO@67935fd1, com.learn.bbs.pltad.crsinf.vo.CrsInfPltadReadResponseVO@152ed2ec, com.learn.bbs.pltad.crsinf.vo.CrsInfPltadReadResponseVO@6d8017f, com.learn.bbs.pltad.crsinf.vo.CrsInfPltadReadResponseVO@21a9679f, com.learn.bbs.pltad.crsinf.vo.CrsInfPltadReadResponseVO@5c39c9ac, com.learn.bbs.pltad.crsinf.vo.CrsInfPltadReadResponseVO@3fe3c975], inactiveCourses=[com.learn.bbs.pltad.crsinf.vo.CrsInfPltadFinishedReadResponseVO@79f6e40f, com.learn.bbs.pltad.crsinf.vo.CrsInfPltadFinishedReadResponseVO@1389f131]}
18:57:20.180 [http-nio-8080-exec-4] DEBUG o.s.web.servlet.view.JstlView -- Forwarding to [/WEB-INF/views//insttn/coursemanage.jsp]
18:57:20.263 [http-nio-8080-exec-4] DEBUG o.s.web.servlet.DispatcherServlet -- Completed 200 OK
18:57:20.368 [http-nio-8080-exec-10] DEBUG o.s.web.servlet.DispatcherServlet -- GET "/js/common.js", parameters={}
18:57:20.442 [http-nio-8080-exec-10] DEBUG o.s.w.s.h.SimpleUrlHandlerMapping -- Mapped to ResourceHttpRequestHandler [classpath [static/]]
18:57:20.460 [http-nio-8080-exec-10] DEBUG o.s.web.servlet.DispatcherServlet -- Completed 304 NOT_MODIFIED
18:57:22.950 [http-nio-8080-exec-3] DEBUG o.s.web.servlet.DispatcherServlet -- POST "/insttn/pltad/delete/undefined", parameters={}
18:57:22.960 [http-nio-8080-exec-3] DEBUG o.s.w.s.m.m.a.RequestMappingHandlerMapping -- Mapped to com.learn.bbs.pltad.crsinf.web.CrsInfController#doDeleteCourse(String)
18:57:22.996 [http-nio-8080-exec-3] DEBUG o.s.j.support.JdbcTransactionManager -- Creating new transaction with name [com.learn.bbs.pltad.crsinf.service.impl.CrsInfServiceImpl.deleteOneCourse]: PROPAGATION_REQUIRED,ISOLATION_DEFAULT
18:57:23.021 [http-nio-8080-exec-3] DEBUG o.s.j.support.JdbcTransactionManager -- Acquired Connection [HikariProxyConnection@587887807 wrapping oracle.jdbc.driver.T4CConnection@6c8a3eab] for JDBC transaction
18:57:23.021 [http-nio-8080-exec-3] DEBUG o.s.j.support.JdbcTransactionManager -- Switching JDBC Connection [HikariProxyConnection@587887807 wrapping oracle.jdbc.driver.T4CConnection@6c8a3eab] to manual commit
18:57:23.022 [http-nio-8080-exec-3] DEBUG org.mybatis.spring.SqlSessionUtils -- Creating a new SqlSession
18:57:23.022 [http-nio-8080-exec-3] DEBUG org.mybatis.spring.SqlSessionUtils -- Registering transaction synchronization for SqlSession [org.apache.ibatis.session.defaults.DefaultSqlSession@4853b17a]
18:57:23.022 [http-nio-8080-exec-3] DEBUG o.m.s.t.SpringManagedTransaction -- JDBC Connection [HikariProxyConnection@587887807 wrapping oracle.jdbc.driver.T4CConnection@6c8a3eab] will be managed by Spring
18:57:23.022 [http-nio-8080-exec-3] DEBUG c.l.b.p.c.d.i.C.deleteOneCourse -- ==>  Preparing: UPDATE CRS_INF SET CRS_INF_DEL_YN = 'Y' , CRS_INF_DEL_DT = SYSDATE WHERE CRS_INF_ID = ?
18:57:23.025 [http-nio-8080-exec-3] DEBUG c.l.b.p.c.d.i.C.deleteOneCourse -- ==> Parameters: undefined(String)
18:57:23.050 [http-nio-8080-exec-3] DEBUG c.l.b.p.c.d.i.C.deleteOneCourse -- <==    Updates: 0
18:57:23.050 [http-nio-8080-exec-3] DEBUG org.mybatis.spring.SqlSessionUtils -- Releasing transactional SqlSession [org.apache.ibatis.session.defaults.DefaultSqlSession@4853b17a]
18:57:23.051 [http-nio-8080-exec-3] DEBUG org.mybatis.spring.SqlSessionUtils -- Transaction synchronization deregistering SqlSession [org.apache.ibatis.session.defaults.DefaultSqlSession@4853b17a]
18:57:23.051 [http-nio-8080-exec-3] DEBUG org.mybatis.spring.SqlSessionUtils -- Transaction synchronization closing SqlSession [org.apache.ibatis.session.defaults.DefaultSqlSession@4853b17a]
18:57:23.051 [http-nio-8080-exec-3] DEBUG o.s.j.support.JdbcTransactionManager -- Initiating transaction rollback
18:57:23.051 [http-nio-8080-exec-3] DEBUG o.s.j.support.JdbcTransactionManager -- Rolling back JDBC transaction on Connection [HikariProxyConnection@587887807 wrapping oracle.jdbc.driver.T4CConnection@6c8a3eab]
18:57:23.063 [http-nio-8080-exec-3] DEBUG o.s.j.support.JdbcTransactionManager -- Releasing JDBC Connection [HikariProxyConnection@587887807 wrapping oracle.jdbc.driver.T4CConnection@6c8a3eab] after transaction
18:57:23.071 [http-nio-8080-exec-3] DEBUG o.s.w.s.m.m.a.ExceptionHandlerExceptionResolver -- Using @ExceptionHandler com.learn.exceptions.GlobalExceptionHandler#viewCrsInfDeleteExceptionPage(CrsInfDeleteException)
18:57:23.075 [http-nio-8080-exec-3] DEBUG o.s.w.s.m.m.a.ExceptionHandlerExceptionResolver -- Resolved [com.learn.exceptions.CrsInfDeleteException: DB 삭제(Soft delete)에 실패하였습니다.] to ModelAndView [view="error/404"; model={}]
18:57:23.075 [http-nio-8080-exec-3] DEBUG o.s.web.servlet.DispatcherServlet -- Using resolved error view: ModelAndView [view="error/404"; model={}]
18:57:23.078 [http-nio-8080-exec-3] DEBUG o.s.web.servlet.view.JstlView -- View name [error/404], model {}
18:57:23.079 [http-nio-8080-exec-3] DEBUG o.s.web.servlet.view.JstlView -- Forwarding to [/WEB-INF/views/error/404.jsp]
18:57:23.082 [http-nio-8080-exec-3] DEBUG o.s.web.servlet.DispatcherServlet -- Completed 404 NOT_FOUND
18:57:23.083 [http-nio-8080-exec-3] DEBUG o.s.web.servlet.DispatcherServlet -- "ERROR" dispatch for POST "/error", parameters={}
18:57:23.085 [http-nio-8080-exec-3] DEBUG o.s.w.s.m.m.a.RequestMappingHandlerMapping -- Mapped to org.springframework.boot.autoconfigure.web.servlet.error.BasicErrorController#error(HttpServletRequest)
18:57:23.112 [http-nio-8080-exec-3] DEBUG o.s.w.s.m.m.a.HttpEntityMethodProcessor -- Using 'application/json', given [*/*] and supported [application/json, application/*+json]
18:57:23.117 [http-nio-8080-exec-3] DEBUG o.s.w.s.m.m.a.HttpEntityMethodProcessor -- Writing [{timestamp=Fri Apr 18 18:57:23 KST 2025, status=404, error=Not Found, trace=com.learn.exceptions.Crs (truncated)...]
18:57:23.125 [http-nio-8080-exec-3] DEBUG o.s.web.servlet.DispatcherServlet -- Exiting from "ERROR" dispatch, status 404
18:57:36.457 [HikariPool-2 housekeeper] DEBUG com.zaxxer.hikari.pool.HikariPool -- HikariPool-2 - Pool stats (total=10, active=0, idle=10, waiting=0)
18:57:36.461 [HikariPool-2 housekeeper] DEBUG com.zaxxer.hikari.pool.HikariPool -- HikariPool-2 - Fill pool skipped, pool has sufficient level or currently being filled.
