19:18:24.205 [HikariPool-3 housekeeper] DEBUG com.zaxxer.hikari.pool.HikariPool -- HikariPool-3 - Pool stats (total=10, active=0, idle=10, waiting=0)
19:18:24.227 [HikariPool-3 housekeeper] DEBUG com.zaxxer.hikari.pool.HikariPool -- HikariPool-3 - Fill pool skipped, pool has sufficient level or currently being filled.
19:18:37.090 [http-nio-8080-exec-5] DEBUG o.s.web.servlet.DispatcherServlet -- GET "/insttn/pltad", parameters={}
19:18:37.125 [http-nio-8080-exec-5] DEBUG o.s.w.s.m.m.a.RequestMappingHandlerMapping -- Mapped to com.learn.bbs.pltad.crsinf.web.CrsInfController#showAllCourses(Model)
19:18:37.154 [http-nio-8080-exec-5] DEBUG o.s.j.support.JdbcTransactionManager -- Creating new transaction with name [com.learn.bbs.pltad.crsinf.service.impl.CrsInfServiceImpl.selectAllCourseForPltad]: PROPAGATION_REQUIRED,ISOLATION_DEFAULT,readOnly
19:18:37.309 [http-nio-8080-exec-5] DEBUG o.s.j.support.JdbcTransactionManager -- Acquired Connection [HikariProxyConnection@1756088159 wrapping oracle.jdbc.driver.T4CConnection@43798907] for JDBC transaction
19:18:37.310 [http-nio-8080-exec-5] DEBUG o.s.jdbc.datasource.DataSourceUtils -- Setting JDBC Connection [HikariProxyConnection@1756088159 wrapping oracle.jdbc.driver.T4CConnection@43798907] read-only
19:18:37.311 [http-nio-8080-exec-5] DEBUG o.s.j.support.JdbcTransactionManager -- Switching JDBC Connection [HikariProxyConnection@1756088159 wrapping oracle.jdbc.driver.T4CConnection@43798907] to manual commit
19:18:37.314 [http-nio-8080-exec-5] DEBUG org.mybatis.spring.SqlSessionUtils -- Creating a new SqlSession
19:18:37.316 [http-nio-8080-exec-5] DEBUG org.mybatis.spring.SqlSessionUtils -- Registering transaction synchronization for SqlSession [org.apache.ibatis.session.defaults.DefaultSqlSession@666c243a]
19:18:37.318 [http-nio-8080-exec-5] DEBUG o.m.s.t.SpringManagedTransaction -- JDBC Connection [HikariProxyConnection@1756088159 wrapping oracle.jdbc.driver.T4CConnection@43798907] will be managed by Spring
19:18:37.319 [http-nio-8080-exec-5] DEBUG c.l.b.p.c.d.i.C.selectAllCourseForPltad -- ==>  Preparing: SELECT C.CRS_INF_ID , C.CRS_INF_NM , C.CRS_INF_ST_DT , C.CRS_INF_END_DT , C.CRS_INF_DDLN_DT , C.CRS_INF_PRS_CNT , COUNT(A.APP_HSTR_ID) AS CRS_CUR_PRS_CNT FROM CRS_INF C LEFT JOIN APP_HSTR A ON C.CRS_INF_ID = A.CRS_INF_ID LEFT JOIN CNCL_HSTR CN ON A.APP_HSTR_ID = CN.APP_HSTR_ID WHERE C.CRS_INF_DEL_YN = 'N' AND C.CRS_INF_DDLN_YN = 'N' AND CN.CNCL_HSTR_ID IS NULL GROUP BY C.CRS_INF_ID , C.CRS_INF_NM , C.CRS_INF_ST_DT , C.CRS_INF_END_DT , C.CRS_INF_DDLN_DT , C.CRS_INF_PRS_CNT ORDER BY C.CRS_INF_ST_DT DESC
19:18:37.324 [http-nio-8080-exec-5] DEBUG c.l.b.p.c.d.i.C.selectAllCourseForPltad -- ==> Parameters: 
19:18:37.534 [http-nio-8080-exec-5] DEBUG c.l.b.p.c.d.i.C.selectAllCourseForPltad -- <==      Total: 38
19:18:37.537 [http-nio-8080-exec-5] DEBUG org.mybatis.spring.SqlSessionUtils -- Releasing transactional SqlSession [org.apache.ibatis.session.defaults.DefaultSqlSession@666c243a]
19:18:37.539 [http-nio-8080-exec-5] DEBUG org.mybatis.spring.SqlSessionUtils -- Transaction synchronization committing SqlSession [org.apache.ibatis.session.defaults.DefaultSqlSession@666c243a]
19:18:37.539 [http-nio-8080-exec-5] DEBUG org.mybatis.spring.SqlSessionUtils -- Transaction synchronization deregistering SqlSession [org.apache.ibatis.session.defaults.DefaultSqlSession@666c243a]
19:18:37.539 [http-nio-8080-exec-5] DEBUG org.mybatis.spring.SqlSessionUtils -- Transaction synchronization closing SqlSession [org.apache.ibatis.session.defaults.DefaultSqlSession@666c243a]
19:18:37.539 [http-nio-8080-exec-5] DEBUG o.s.j.support.JdbcTransactionManager -- Initiating transaction commit
19:18:37.540 [http-nio-8080-exec-5] DEBUG o.s.j.support.JdbcTransactionManager -- Committing JDBC transaction on Connection [HikariProxyConnection@1756088159 wrapping oracle.jdbc.driver.T4CConnection@43798907]
19:18:37.540 [http-nio-8080-exec-5] DEBUG o.s.jdbc.datasource.DataSourceUtils -- Resetting read-only flag of JDBC Connection [HikariProxyConnection@1756088159 wrapping oracle.jdbc.driver.T4CConnection@43798907]
19:18:37.540 [http-nio-8080-exec-5] DEBUG o.s.j.support.JdbcTransactionManager -- Releasing JDBC Connection [HikariProxyConnection@1756088159 wrapping oracle.jdbc.driver.T4CConnection@43798907] after transaction
19:18:37.540 [http-nio-8080-exec-5] DEBUG o.s.j.support.JdbcTransactionManager -- Creating new transaction with name [com.learn.bbs.pltad.crsinf.service.impl.CrsInfServiceImpl.selectAllFinishedCourseForPltad]: PROPAGATION_REQUIRED,ISOLATION_DEFAULT,readOnly
19:18:37.540 [http-nio-8080-exec-5] DEBUG o.s.j.support.JdbcTransactionManager -- Acquired Connection [HikariProxyConnection@1127246473 wrapping oracle.jdbc.driver.T4CConnection@43798907] for JDBC transaction
19:18:37.540 [http-nio-8080-exec-5] DEBUG o.s.jdbc.datasource.DataSourceUtils -- Setting JDBC Connection [HikariProxyConnection@1127246473 wrapping oracle.jdbc.driver.T4CConnection@43798907] read-only
19:18:37.540 [http-nio-8080-exec-5] DEBUG o.s.j.support.JdbcTransactionManager -- Switching JDBC Connection [HikariProxyConnection@1127246473 wrapping oracle.jdbc.driver.T4CConnection@43798907] to manual commit
19:18:37.540 [http-nio-8080-exec-5] DEBUG org.mybatis.spring.SqlSessionUtils -- Creating a new SqlSession
19:18:37.540 [http-nio-8080-exec-5] DEBUG org.mybatis.spring.SqlSessionUtils -- Registering transaction synchronization for SqlSession [org.apache.ibatis.session.defaults.DefaultSqlSession@6baea3ee]
19:18:37.540 [http-nio-8080-exec-5] DEBUG o.m.s.t.SpringManagedTransaction -- JDBC Connection [HikariProxyConnection@1127246473 wrapping oracle.jdbc.driver.T4CConnection@43798907] will be managed by Spring
19:18:37.541 [http-nio-8080-exec-5] DEBUG c.l.b.p.c.d.i.C.selectAllFinishedCourseForPltad -- ==>  Preparing: SELECT C.CRS_INF_ID , C.CRS_INF_NM , C.CRS_INF_ST_DT , C.CRS_INF_END_DT FROM CRS_INF C WHERE C.CRS_INF_DEL_YN = 'N' AND C.CRS_INF_DDLN_YN = 'Y' GROUP BY C.CRS_INF_ID , C.CRS_INF_NM , C.CRS_INF_ST_DT , C.CRS_INF_END_DT , C.CRS_INF_PRS_CNT ORDER BY C.CRS_INF_ST_DT DESC
19:18:37.541 [http-nio-8080-exec-5] DEBUG c.l.b.p.c.d.i.C.selectAllFinishedCourseForPltad -- ==> Parameters: 
19:18:37.607 [http-nio-8080-exec-5] DEBUG c.l.b.p.c.d.i.C.selectAllFinishedCourseForPltad -- <==      Total: 2
19:18:37.608 [http-nio-8080-exec-5] DEBUG org.mybatis.spring.SqlSessionUtils -- Releasing transactional SqlSession [org.apache.ibatis.session.defaults.DefaultSqlSession@6baea3ee]
19:18:37.608 [http-nio-8080-exec-5] DEBUG org.mybatis.spring.SqlSessionUtils -- Transaction synchronization committing SqlSession [org.apache.ibatis.session.defaults.DefaultSqlSession@6baea3ee]
19:18:37.608 [http-nio-8080-exec-5] DEBUG org.mybatis.spring.SqlSessionUtils -- Transaction synchronization deregistering SqlSession [org.apache.ibatis.session.defaults.DefaultSqlSession@6baea3ee]
19:18:37.609 [http-nio-8080-exec-5] DEBUG org.mybatis.spring.SqlSessionUtils -- Transaction synchronization closing SqlSession [org.apache.ibatis.session.defaults.DefaultSqlSession@6baea3ee]
19:18:37.609 [http-nio-8080-exec-5] DEBUG o.s.j.support.JdbcTransactionManager -- Initiating transaction commit
19:18:37.609 [http-nio-8080-exec-5] DEBUG o.s.j.support.JdbcTransactionManager -- Committing JDBC transaction on Connection [HikariProxyConnection@1127246473 wrapping oracle.jdbc.driver.T4CConnection@43798907]
19:18:37.609 [http-nio-8080-exec-5] DEBUG o.s.jdbc.datasource.DataSourceUtils -- Resetting read-only flag of JDBC Connection [HikariProxyConnection@1127246473 wrapping oracle.jdbc.driver.T4CConnection@43798907]
19:18:37.609 [http-nio-8080-exec-5] DEBUG o.s.j.support.JdbcTransactionManager -- Releasing JDBC Connection [HikariProxyConnection@1127246473 wrapping oracle.jdbc.driver.T4CConnection@43798907] after transaction
19:18:37.630 [http-nio-8080-exec-5] DEBUG o.s.web.servlet.view.JstlView -- View name [/insttn/coursemanage], model {activeCourses=[com.learn.bbs.pltad.crsinf.vo.CrsInfPltadReadResponseVO@406ba7fb, com.learn.bbs.pltad.crsinf.vo.CrsInfPltadReadResponseVO@3256ee92, com.learn.bbs.pltad.crsinf.vo.CrsInfPltadReadResponseVO@23992b5a, com.learn.bbs.pltad.crsinf.vo.CrsInfPltadReadResponseVO@6fea2b19, com.learn.bbs.pltad.crsinf.vo.CrsInfPltadReadResponseVO@72230d60, com.learn.bbs.pltad.crsinf.vo.CrsInfPltadReadResponseVO@77844fc8, com.learn.bbs.pltad.crsinf.vo.CrsInfPltadReadResponseVO@1d2d7999, com.learn.bbs.pltad.crsinf.vo.CrsInfPltadReadResponseVO@23a12bc6, com.learn.bbs.pltad.crsinf.vo.CrsInfPltadReadResponseVO@49036adf, com.learn.bbs.pltad.crsinf.vo.CrsInfPltadReadResponseVO@1cac8638, com.learn.bbs.pltad.crsinf.vo.CrsInfPltadReadResponseVO@6a3bc585, com.learn.bbs.pltad.crsinf.vo.CrsInfPltadReadResponseVO@40ee3c1f, com.learn.bbs.pltad.crsinf.vo.CrsInfPltadReadResponseVO@1269e34f, com.learn.bbs.pltad.crsinf.vo.CrsInfPltadReadResponseVO@6a0c3a7c, com.learn.bbs.pltad.crsinf.vo.CrsInfPltadReadResponseVO@5e2fdd55, com.learn.bbs.pltad.crsinf.vo.CrsInfPltadReadResponseVO@6f900c4b, com.learn.bbs.pltad.crsinf.vo.CrsInfPltadReadResponseVO@32bee96d, com.learn.bbs.pltad.crsinf.vo.CrsInfPltadReadResponseVO@39eaea9c, com.learn.bbs.pltad.crsinf.vo.CrsInfPltadReadResponseVO@198f4d81, com.learn.bbs.pltad.crsinf.vo.CrsInfPltadReadResponseVO@7692e8af, com.learn.bbs.pltad.crsinf.vo.CrsInfPltadReadResponseVO@33a28291, com.learn.bbs.pltad.crsinf.vo.CrsInfPltadReadResponseVO@5df23073, com.learn.bbs.pltad.crsinf.vo.CrsInfPltadReadResponseVO@3e728d09, com.learn.bbs.pltad.crsinf.vo.CrsInfPltadReadResponseVO@5fc4ddf8, com.learn.bbs.pltad.crsinf.vo.CrsInfPltadReadResponseVO@78557a9b, com.learn.bbs.pltad.crsinf.vo.CrsInfPltadReadResponseVO@3468bc4a, com.learn.bbs.pltad.crsinf.vo.CrsInfPltadReadResponseVO@1e58750b, com.learn.bbs.pltad.crsinf.vo.CrsInfPltadReadResponseVO@678a5025, com.learn.bbs.pltad.crsinf.vo.CrsInfPltadReadResponseVO@34587fed, com.learn.bbs.pltad.crsinf.vo.CrsInfPltadReadResponseVO@45231fc0, com.learn.bbs.pltad.crsinf.vo.CrsInfPltadReadResponseVO@188eda42, com.learn.bbs.pltad.crsinf.vo.CrsInfPltadReadResponseVO@2db0ba0e, com.learn.bbs.pltad.crsinf.vo.CrsInfPltadReadResponseVO@5ae01f42, com.learn.bbs.pltad.crsinf.vo.CrsInfPltadReadResponseVO@7e0d6c1, com.learn.bbs.pltad.crsinf.vo.CrsInfPltadReadResponseVO@695250b5, com.learn.bbs.pltad.crsinf.vo.CrsInfPltadReadResponseVO@411af75b, com.learn.bbs.pltad.crsinf.vo.CrsInfPltadReadResponseVO@1b5aea35, com.learn.bbs.pltad.crsinf.vo.CrsInfPltadReadResponseVO@1a8d6141], inactiveCourses=[com.learn.bbs.pltad.crsinf.vo.CrsInfPltadFinishedReadResponseVO@61a15d5d, com.learn.bbs.pltad.crsinf.vo.CrsInfPltadFinishedReadResponseVO@7797de1d]}
19:18:37.632 [http-nio-8080-exec-5] DEBUG o.s.web.servlet.view.JstlView -- Forwarding to [/WEB-INF/views//insttn/coursemanage.jsp]
19:18:37.691 [http-nio-8080-exec-5] DEBUG o.s.web.servlet.DispatcherServlet -- Completed 200 OK
19:18:37.826 [http-nio-8080-exec-3] DEBUG o.s.web.servlet.DispatcherServlet -- GET "/js/common.js", parameters={}
19:18:37.846 [http-nio-8080-exec-3] DEBUG o.s.w.s.h.SimpleUrlHandlerMapping -- Mapped to ResourceHttpRequestHandler [classpath [static/]]
19:18:37.868 [http-nio-8080-exec-3] DEBUG o.s.web.servlet.DispatcherServlet -- Completed 200 OK
19:18:40.101 [http-nio-8080-exec-1] DEBUG o.s.web.servlet.DispatcherServlet -- POST "/insttn/pltad/delete/undefined", parameters={}
19:18:40.118 [http-nio-8080-exec-1] DEBUG o.s.w.s.m.m.a.RequestMappingHandlerMapping -- Mapped to com.learn.bbs.pltad.crsinf.web.CrsInfController#doDeleteCourse(String)
19:18:40.217 [http-nio-8080-exec-1] DEBUG o.s.j.support.JdbcTransactionManager -- Creating new transaction with name [com.learn.bbs.pltad.crsinf.service.impl.CrsInfServiceImpl.deleteOneCourse]: PROPAGATION_REQUIRED,ISOLATION_DEFAULT
19:18:40.234 [http-nio-8080-exec-1] DEBUG o.s.j.support.JdbcTransactionManager -- Acquired Connection [HikariProxyConnection@280391528 wrapping oracle.jdbc.driver.T4CConnection@43798907] for JDBC transaction
19:18:40.234 [http-nio-8080-exec-1] DEBUG o.s.j.support.JdbcTransactionManager -- Switching JDBC Connection [HikariProxyConnection@280391528 wrapping oracle.jdbc.driver.T4CConnection@43798907] to manual commit
19:18:40.304 [http-nio-8080-exec-1] DEBUG org.mybatis.spring.SqlSessionUtils -- Creating a new SqlSession
19:18:40.304 [http-nio-8080-exec-1] DEBUG org.mybatis.spring.SqlSessionUtils -- Registering transaction synchronization for SqlSession [org.apache.ibatis.session.defaults.DefaultSqlSession@14d37fac]
19:18:40.305 [http-nio-8080-exec-1] DEBUG o.m.s.t.SpringManagedTransaction -- JDBC Connection [HikariProxyConnection@280391528 wrapping oracle.jdbc.driver.T4CConnection@43798907] will be managed by Spring
19:18:40.305 [http-nio-8080-exec-1] DEBUG c.l.b.p.c.d.i.C.deleteOneCourse -- ==>  Preparing: UPDATE CRS_INF SET CRS_INF_DEL_YN = 'Y' , CRS_INF_DEL_DT = SYSDATE WHERE CRS_INF_ID = ?
19:18:40.308 [http-nio-8080-exec-1] DEBUG c.l.b.p.c.d.i.C.deleteOneCourse -- ==> Parameters: undefined(String)
19:18:40.379 [http-nio-8080-exec-1] DEBUG c.l.b.p.c.d.i.C.deleteOneCourse -- <==    Updates: 0
19:18:40.380 [http-nio-8080-exec-1] DEBUG org.mybatis.spring.SqlSessionUtils -- Releasing transactional SqlSession [org.apache.ibatis.session.defaults.DefaultSqlSession@14d37fac]
19:18:40.382 [http-nio-8080-exec-1] DEBUG org.mybatis.spring.SqlSessionUtils -- Transaction synchronization deregistering SqlSession [org.apache.ibatis.session.defaults.DefaultSqlSession@14d37fac]
19:18:40.382 [http-nio-8080-exec-1] DEBUG org.mybatis.spring.SqlSessionUtils -- Transaction synchronization closing SqlSession [org.apache.ibatis.session.defaults.DefaultSqlSession@14d37fac]
19:18:40.383 [http-nio-8080-exec-1] DEBUG o.s.j.support.JdbcTransactionManager -- Initiating transaction rollback
19:18:40.383 [http-nio-8080-exec-1] DEBUG o.s.j.support.JdbcTransactionManager -- Rolling back JDBC transaction on Connection [HikariProxyConnection@280391528 wrapping oracle.jdbc.driver.T4CConnection@43798907]
19:18:40.405 [http-nio-8080-exec-1] DEBUG o.s.j.support.JdbcTransactionManager -- Releasing JDBC Connection [HikariProxyConnection@280391528 wrapping oracle.jdbc.driver.T4CConnection@43798907] after transaction
19:18:40.440 [http-nio-8080-exec-1] DEBUG o.s.w.s.m.m.a.ExceptionHandlerExceptionResolver -- Using @ExceptionHandler com.learn.exceptions.GlobalExceptionHandler#viewCrsInfDeleteExceptionPage(CrsInfDeleteException)
19:18:40.450 [http-nio-8080-exec-1] DEBUG o.s.w.s.m.m.a.ExceptionHandlerExceptionResolver -- Resolved [com.learn.exceptions.CrsInfDeleteException: DB 삭제(Soft delete)에 실패하였습니다.] to ModelAndView [view="error/404"; model={}]
19:18:40.450 [http-nio-8080-exec-1] DEBUG o.s.web.servlet.DispatcherServlet -- Using resolved error view: ModelAndView [view="error/404"; model={}]
19:18:40.484 [http-nio-8080-exec-1] DEBUG o.s.web.servlet.view.JstlView -- View name [error/404], model {}
19:18:40.485 [http-nio-8080-exec-1] DEBUG o.s.web.servlet.view.JstlView -- Forwarding to [/WEB-INF/views/error/404.jsp]
19:18:40.486 [http-nio-8080-exec-1] DEBUG o.s.web.servlet.DispatcherServlet -- Completed 404 NOT_FOUND
19:18:40.488 [http-nio-8080-exec-1] DEBUG o.s.web.servlet.DispatcherServlet -- "ERROR" dispatch for POST "/error", parameters={}
19:18:40.492 [http-nio-8080-exec-1] DEBUG o.s.w.s.m.m.a.RequestMappingHandlerMapping -- Mapped to org.springframework.boot.autoconfigure.web.servlet.error.BasicErrorController#error(HttpServletRequest)
19:18:40.525 [http-nio-8080-exec-1] DEBUG o.s.w.s.m.m.a.HttpEntityMethodProcessor -- Using 'application/json', given [*/*] and supported [application/json, application/*+json]
19:18:40.527 [http-nio-8080-exec-1] DEBUG o.s.w.s.m.m.a.HttpEntityMethodProcessor -- Writing [{timestamp=Fri Apr 18 19:18:40 KST 2025, status=404, error=Not Found, trace=com.learn.exceptions.Crs (truncated)...]
19:18:40.553 [http-nio-8080-exec-1] DEBUG o.s.web.servlet.DispatcherServlet -- Exiting from "ERROR" dispatch, status 404
19:18:54.236 [HikariPool-3 housekeeper] DEBUG com.zaxxer.hikari.pool.HikariPool -- HikariPool-3 - Pool stats (total=10, active=0, idle=10, waiting=0)
19:18:54.263 [HikariPool-3 housekeeper] DEBUG com.zaxxer.hikari.pool.HikariPool -- HikariPool-3 - Fill pool skipped, pool has sufficient level or currently being filled.
