19:53:07.860 [HikariPool-7 housekeeper] DEBUG com.zaxxer.hikari.pool.HikariPool -- HikariPool-7 - Pool stats (total=10, active=0, idle=10, waiting=0)
19:53:07.965 [HikariPool-7 housekeeper] DEBUG com.zaxxer.hikari.pool.HikariPool -- HikariPool-7 - Fill pool skipped, pool has sufficient level or currently being filled.
19:53:34.778 [http-nio-8080-exec-2] DEBUG o.s.web.servlet.DispatcherServlet -- GET "/insttn/course", parameters={}
19:53:34.801 [http-nio-8080-exec-2] DEBUG o.s.w.s.m.m.a.RequestMappingHandlerMapping -- Mapped to com.learn.main.web.LearnualMainController#goMainInsttnCourse()
19:53:34.847 [http-nio-8080-exec-2] DEBUG o.s.web.servlet.view.JstlView -- View name [insttn/coursemanage], model {}
19:53:34.855 [http-nio-8080-exec-2] DEBUG o.s.web.servlet.view.JstlView -- Forwarding to [/WEB-INF/views/insttn/coursemanage.jsp]
19:53:35.486 [http-nio-8080-exec-2] DEBUG o.s.web.servlet.DispatcherServlet -- Completed 200 OK
19:53:37.978 [HikariPool-7 housekeeper] DEBUG com.zaxxer.hikari.pool.HikariPool -- HikariPool-7 - Pool stats (total=10, active=0, idle=10, waiting=0)
19:53:38.019 [HikariPool-7 housekeeper] DEBUG com.zaxxer.hikari.pool.HikariPool -- HikariPool-7 - Fill pool skipped, pool has sufficient level or currently being filled.
19:53:44.363 [http-nio-8080-exec-8] DEBUG o.s.web.servlet.DispatcherServlet -- POST "/insttn/course/create", parameters={masked}
19:53:44.385 [http-nio-8080-exec-8] DEBUG o.s.w.s.m.m.a.RequestMappingHandlerMapping -- Mapped to com.learn.bbs.pltad.crsinf.web.CrsInfController#registerCourse(CrsInfRegistRequestVO)
19:53:44.432 [http-nio-8080-exec-8] DEBUG o.s.j.support.JdbcTransactionManager -- Creating new transaction with name [com.learn.bbs.pltad.crsinf.service.impl.CrsInfServiceImpl.insertOneCourse]: PROPAGATION_REQUIRED,ISOLATION_DEFAULT
19:53:44.494 [http-nio-8080-exec-8] DEBUG o.s.j.support.JdbcTransactionManager -- Acquired Connection [HikariProxyConnection@2098808368 wrapping oracle.jdbc.driver.T4CConnection@5470f4e6] for JDBC transaction
19:53:44.495 [http-nio-8080-exec-8] DEBUG o.s.j.support.JdbcTransactionManager -- Switching JDBC Connection [HikariProxyConnection@2098808368 wrapping oracle.jdbc.driver.T4CConnection@5470f4e6] to manual commit
19:53:44.498 [http-nio-8080-exec-8] DEBUG org.mybatis.spring.SqlSessionUtils -- Creating a new SqlSession
19:53:44.499 [http-nio-8080-exec-8] DEBUG org.mybatis.spring.SqlSessionUtils -- Registering transaction synchronization for SqlSession [org.apache.ibatis.session.defaults.DefaultSqlSession@73deb7e3]
19:53:44.500 [http-nio-8080-exec-8] DEBUG o.m.s.t.SpringManagedTransaction -- JDBC Connection [HikariProxyConnection@2098808368 wrapping oracle.jdbc.driver.T4CConnection@5470f4e6] will be managed by Spring
19:53:44.504 [http-nio-8080-exec-8] DEBUG c.l.b.p.c.d.i.C.insertOneCourse -- ==>  Preparing: INSERT INTO CRS_INF ( CRS_INF_ID, CRS_INF_ST_DT, CRS_INF_END_DT, CRS_INF_NM, CRS_INF_CRS_ROOM_NM, CRS_INF_PRS_CNT, CRS_INF_RGST_DT, CRS_INF_DEL_YN, CRS_INF_APP_DT, CRS_INF_DDLN_DT, CRS_INF_DDLN_YN ) VALUES ( 'CRS_INF-' || TO_CHAR(SYSDATE, 'YYYYMMDD') || '-' || LPAD(CRS_INF_SEQ.NEXTVAL, 6, '0'), TO_DATE(?, 'YYYY-MM-DD HH24:MI:SS'), TO_DATE(?, 'YYYY-MM-DD HH24:MI:SS'), ?, ?, ?, SYSDATE, 'N', TO_DATE(?, 'YYYY-MM-DD HH24:MI:SS'), TO_DATE(?, 'YYYY-MM-DD HH24:MI:SS'), 'N' )
19:53:44.520 [http-nio-8080-exec-8] DEBUG c.l.b.p.c.d.i.C.insertOneCourse -- ==> Parameters: 2025-04-16 07:53(String), 2025-04-16 07:53(String), ㄴㅇㄹㅁ(String), ㄴㅁㅇㄹ(String), 123(Integer), 2025-04-16 19:54(String), 2025-04-16 07:53(String)
19:53:44.558 [http-nio-8080-exec-8] DEBUG c.l.b.p.c.d.i.C.insertOneCourse -- <==    Updates: 1
19:53:44.559 [http-nio-8080-exec-8] DEBUG org.mybatis.spring.SqlSessionUtils -- Releasing transactional SqlSession [org.apache.ibatis.session.defaults.DefaultSqlSession@73deb7e3]
19:53:44.559 [http-nio-8080-exec-8] DEBUG org.mybatis.spring.SqlSessionUtils -- Transaction synchronization committing SqlSession [org.apache.ibatis.session.defaults.DefaultSqlSession@73deb7e3]
19:53:44.560 [http-nio-8080-exec-8] DEBUG org.mybatis.spring.SqlSessionUtils -- Transaction synchronization deregistering SqlSession [org.apache.ibatis.session.defaults.DefaultSqlSession@73deb7e3]
19:53:44.560 [http-nio-8080-exec-8] DEBUG org.mybatis.spring.SqlSessionUtils -- Transaction synchronization closing SqlSession [org.apache.ibatis.session.defaults.DefaultSqlSession@73deb7e3]
19:53:44.560 [http-nio-8080-exec-8] DEBUG o.s.j.support.JdbcTransactionManager -- Initiating transaction commit
19:53:44.560 [http-nio-8080-exec-8] DEBUG o.s.j.support.JdbcTransactionManager -- Committing JDBC transaction on Connection [HikariProxyConnection@2098808368 wrapping oracle.jdbc.driver.T4CConnection@5470f4e6]
19:53:44.586 [http-nio-8080-exec-8] DEBUG o.s.j.support.JdbcTransactionManager -- Releasing JDBC Connection [HikariProxyConnection@2098808368 wrapping oracle.jdbc.driver.T4CConnection@5470f4e6] after transaction
19:53:44.605 [http-nio-8080-exec-8] DEBUG o.s.web.servlet.view.RedirectView -- View name [redirect:], model {}
19:53:44.609 [http-nio-8080-exec-8] DEBUG o.s.web.servlet.DispatcherServlet -- Completed 302 FOUND
19:53:44.632 [http-nio-8080-exec-8] DEBUG o.s.web.servlet.DispatcherServlet -- GET "/insttn/course", parameters={}
19:53:44.635 [http-nio-8080-exec-8] DEBUG o.s.w.s.m.m.a.RequestMappingHandlerMapping -- Mapped to com.learn.main.web.LearnualMainController#goMainInsttnCourse()
19:53:44.642 [http-nio-8080-exec-8] DEBUG o.s.web.servlet.view.JstlView -- View name [insttn/coursemanage], model {}
19:53:44.647 [http-nio-8080-exec-8] DEBUG o.s.web.servlet.view.JstlView -- Forwarding to [/WEB-INF/views/insttn/coursemanage.jsp]
19:53:44.706 [http-nio-8080-exec-8] DEBUG o.s.web.servlet.DispatcherServlet -- Completed 200 OK
